E,I32,I12,Ibg,Itot
699.435000,0.012792,0.000000,0.000000,0.011000
699.602559,0.013191,0.000023,0.000000,0.011423
699.770117,0.013607,0.000047,0.000000,0.011864
699.937676,0.014041,0.000071,0.000000,0.012322
700.105234,0.014492,0.000096,0.000000,0.012799
700.272793,0.014963,0.000121,0.000000,0.013296
700.440351,0.015455,0.000146,0.000000,0.013814
700.607910,0.015969,0.000172,0.000000,0.014355
700.775468,0.016506,0.000199,0.000000,0.014919
700.943027,0.017067,0.000226,0.000000,0.015509
701.110585,0.017655,0.000253,0.000000,0.016125
701.278144,0.018271,0.000282,0.000000,0.016770
701.445702,0.018916,0.000310,0.000000,0.017446
701.613261,0.019594,0.000340,0.000000,0.018154
701.780819,0.020306,0.000369,0.000000,0.018897
701.948378,0.021054,0.000400,0.000000,0.019677
702.115936,0.021842,0.000431,0.000000,0.020497
702.283495,0.022671,0.000463,0.000000,0.021360
702.451054,0.023546,0.000495,0.000000,0.022269
702.618612,0.024470,0.000528,0.000000,0.023228
702.786171,0.025446,0.000562,0.000000,0.024240
702.953729,0.026479,0.000596,0.000000,0.025310
703.121288,0.027574,0.000632,0.000000,0.026442
703.288846,0.028736,0.000668,0.000000,0.027641
703.456405,0.029970,0.000704,0.000000,0.028914
703.623963,0.031282,0.000742,0.000000,0.030267
703.791522,0.032681,0.000780,0.000000,0.031707
703.959080,0.034174,0.000820,0.000000,0.033242
704.126639,0.035770,0.000860,0.000000,0.034881
704.294197,0.037479,0.000901,0.000000,0.036634
704.461756,0.039313,0.000943,0.000000,0.038513
704.629314,0.041284,0.000986,0.000000,0.040531
704.796873,0.043408,0.001029,0.000000,0.042702
704.964431,0.045700,0.001074,0.000000,0.045044
705.131990,0.048181,0.001120,0.000000,0.047575
705.299548,0.050872,0.001168,0.000000,0.050318
705.467107,0.053798,0.001216,0.000000,0.053298
705.634666,0.056990,0.001265,0.000000,0.056545
705.802224,0.060482,0.001316,0.000000,0.060094
705.969783,0.064314,0.001368,0.000000,0.063985
706.137341,0.068533,0.001421,0.000000,0.068265
706.304900,0.073196,0.001475,0.000000,0.072991
706.472458,0.078369,0.001531,0.000000,0.078230
706.640017,0.084133,0.001588,0.000000,0.084061
706.807575,0.090583,0.001647,0.000000,0.090582
706.975134,0.097837,0.001707,0.000000,0.097909
707.142692,0.106036,0.001769,0.000000,0.106185
707.310251,0.115353,0.001832,0.000000,0.115583
707.477809,0.126002,0.001898,0.000000,0.126317
707.645368,0.138246,0.001965,0.000000,0.138649
707.812926,0.152405,0.002033,0.000000,0.152903
707.980485,0.168874,0.002104,0.000000,0.169472
708.148043,0.188128,0.002176,0.000000,0.188834
708.315602,0.210734,0.002251,0.000000,0.211556
708.483161,0.237344,0.002328,0.000000,0.238292
708.650719,0.268684,0.002407,0.000000,0.269767
708.818278,0.305505,0.002488,0.000000,0.306737
708.985836,0.348513,0.002571,0.000000,0.349906
709.153395,0.398247,0.002658,0.000000,0.399817
709.320953,0.454930,0.002746,0.000000,0.456691
709.488512,0.518273,0.002837,0.000000,0.520241
709.656070,0.587300,0.002931,0.000000,0.589487
709.823629,0.660196,0.003028,0.000000,0.662613
709.991187,0.734263,0.003128,0.000000,0.736915
710.158746,0.806007,0.003232,0.000000,0.808892
710.326304,0.871405,0.003338,0.000000,0.874516
710.493863,0.926323,0.003448,0.000000,0.929643
710.661421,0.967042,0.003561,0.000000,0.970550
710.828980,0.990795,0.003679,0.000000,0.994464
710.996538,0.996200,0.003800,0.000000,1.000000
711.164097,0.983488,0.003925,0.000000,0.987390
711.331656,0.954478,0.004055,0.000000,0.958458
711.499214,0.912299,0.004189,0.000000,0.916337
711.666773,0.860911,0.004328,0.000000,0.864994
711.834331,0.804548,0.004472,0.000000,0.808673
712.001890,0.747185,0.004621,0.000000,0.751355
712.169448,0.692112,0.004775,0.000000,0.696336
712.337007,0.641689,0.004935,0.000000,0.645983
712.504565,0.597274,0.005102,0.000000,0.601653
712.672124,0.559297,0.005274,0.000000,0.563781
712.839682,0.527450,0.005453,0.000000,0.532055
713.007241,0.500918,0.005640,0.000000,0.505662
713.174799,0.478629,0.005834,0.000000,0.483527
713.342358,0.459469,0.006035,0.000000,0.464534
713.509916,0.442454,0.006245,0.000000,0.447698
713.677475,0.426846,0.006464,0.000000,0.432282
713.845033,0.412206,0.006692,0.000000,0.417843
714.012592,0.398392,0.006930,0.000000,0.404243
714.180151,0.385522,0.007179,0.000000,0.391598
714.347709,0.373904,0.007438,0.000000,0.380219
714.515268,0.363955,0.007709,0.000000,0.370524
714.682826,0.356123,0.007993,0.000000,0.362962
714.850385,0.350823,0.008290,0.000000,0.357950
715.017943,0.348384,0.008602,0.000000,0.355818
715.185502,0.349017,0.008928,0.000000,0.356779
715.353060,0.352796,0.009271,0.000000,0.360909
715.520619,0.359648,0.009631,0.000000,0.368134
715.688177,0.369347,0.010010,0.000000,0.378230
715.855736,0.381511,0.010408,0.000000,0.390815
716.023294,0.395608,0.010828,0.000000,0.405359
716.190853,0.410963,0.011272,0.000000,0.421185
716.358411,0.426776,0.011740,0.000000,0.437496
716.525970,0.442158,0.012234,0.000000,0.453402
716.693528,0.456178,0.012758,0.000000,0.467971
716.861087,0.467920,0.013313,0.000000,0.480291
717.028645,0.476558,0.013902,0.000000,0.489535
717.196204,0.481422,0.014528,0.000000,0.495035
717.363763,0.482058,0.015194,0.000000,0.496339
717.531321,0.478265,0.015905,0.000000,0.493251
717.698880,0.470115,0.016663,0.000000,0.485846
717.866438,0.457935,0.017474,0.000000,0.474456
718.033997,0.442266,0.018343,0.000000,0.459629
718.201555,0.423803,0.019275,0.000000,0.442067
718.369114,0.403324,0.020278,0.000000,0.422556
718.536672,0.381616,0.021359,0.000000,0.401891
718.704231,0.359412,0.022527,0.000000,0.380817
718.871789,0.337346,0.023791,0.000000,0.359977
719.039348,0.315923,0.025163,0.000000,0.339889
719.206906,0.295506,0.026657,0.000000,0.320932
719.374465,0.276329,0.028287,0.000000,0.303353
719.542023,0.258506,0.030071,0.000000,0.287285
719.709582,0.242061,0.032030,0.000000,0.272773
719.877140,0.226948,0.034190,0.000000,0.259796
720.044699,0.213080,0.036579,0.000000,0.248297
720.212258,0.200347,0.039232,0.000000,0.238198
720.379816,0.188631,0.042190,0.000000,0.229425
720.547375,0.177816,0.045505,0.000000,0.221912
720.714933,0.167796,0.049237,0.000000,0.215612
720.882492,0.158474,0.053461,0.000000,0.210504
721.050050,0.149766,0.058268,0.000000,0.206596
721.217609,0.141601,0.063769,0.000000,0.203927
721.385167,0.133915,0.070102,0.000000,0.202572
721.552726,0.126655,0.077437,0.000000,0.202647
721.720284,0.119777,0.085979,0.000000,0.204314
721.887843,0.113245,0.095977,0.000000,0.207786
722.055401,0.107031,0.107724,0.000000,0.213329
722.222960,0.101114,0.121557,0.000000,0.221260
722.390518,0.095479,0.137844,0.000000,0.231931
722.558077,0.090118,0.156959,0.000000,0.245711
722.725635,0.085026,0.179242,0.000000,0.262932
722.893194,0.080199,0.204932,0.000000,0.283834
723.060753,0.075637,0.234089,0.000000,0.308472
723.228311,0.071335,0.266495,0.000000,0.336628
723.395870,0.067293,0.301566,0.000000,0.367713
723.563428,0.063503,0.338292,0.000000,0.400709
723.730987,0.059959,0.375220,0.000000,0.434154
723.898545,0.056652,0.410527,0.000000,0.466211
724.066104,0.053571,0.442165,0.000000,0.494820
724.233662,0.050703,0.468093,0.000000,0.517922
724.401221,0.048037,0.486540,0.000000,0.533732
724.568779,0.045558,0.496271,0.000000,0.540997
724.736338,0.043254,0.496780,0.000000,0.539199
724.903896,0.041111,0.488378,0.000000,0.528635
725.071455,0.039116,0.472148,0.000000,0.510377
725.239013,0.037258,0.449776,0.000000,0.486103
725.406572,0.035526,0.423300,0.000000,0.457843
725.574130,0.033909,0.394830,0.000000,0.427701
725.741689,0.032397,0.366287,0.000000,0.397592
725.909247,0.030982,0.339214,0.000000,0.369053
726.076806,0.029656,0.314674,0.000000,0.343139
726.244365,0.028411,0.293227,0.000000,0.320406
726.411923,0.027242,0.274992,0.000000,0.300967
726.579482,0.026141,0.259743,0.000000,0.284587
726.747040,0.025104,0.247032,0.000000,0.270814
726.914599,0.024125,0.236308,0.000000,0.259091
727.082157,0.023201,0.227024,0.000000,0.248863
727.249716,0.022327,0.218712,0.000000,0.239660
727.417274,0.021499,0.211037,0.000000,0.231142
727.584833,0.020714,0.203816,0.000000,0.223122
727.752391,0.019970,0.197011,0.000000,0.215559
727.919950,0.019262,0.190709,0.000000,0.208536
728.087508,0.018589,0.185078,0.000000,0.202221
728.255067,0.017949,0.180334,0.000000,0.196828
728.422625,0.017339,0.176702,0.000000,0.192577
728.590184,0.016757,0.174378,0.000000,0.189667
728.757742,0.016202,0.173516,0.000000,0.188247
728.925301,0.015671,0.174206,0.000000,0.188406
729.092860,0.015164,0.176467,0.000000,0.190163
729.260418,0.014679,0.180244,0.000000,0.193461
729.427977,0.014214,0.185406,0.000000,0.198167
729.595535,0.013769,0.191745,0.000000,0.204071
729.763094,0.013342,0.198976,0.000000,0.210888
729.930652,0.012932,0.206746,0.000000,0.218261
730.098211,0.012539,0.214643,0.000000,0.225779
730.265769,0.012161,0.222214,0.000000,0.232986
730.433328,0.011798,0.228994,0.000000,0.239413
730.600886,0.011448,0.234531,0.000000,0.244611
730.768445,0.011112,0.238429,0.000000,0.248179
730.936003,0.010788,0.240375,0.000000,0.249804
731.103562,0.010476,0.240171,0.000000,0.249287
731.271120,0.010175,0.237749,0.000000,0.246559
731.438679,0.009885,0.233176,0.000000,0.241687
731.606237,0.009605,0.226644,0.000000,0.234862
731.773796,0.009335,0.218444,0.000000,0.226377
731.941355,0.009074,0.208937,0.000000,0.216591
732.108913,0.008822,0.198516,0.000000,0.205899
732.276472,0.008578,0.187572,0.000000,0.194690
732.444030,0.008342,0.176460,0.000000,0.183322
732.611589,0.008114,0.165483,0.000000,0.172096
732.779147,0.007893,0.154877,0.000000,0.161249
732.946706,0.007679,0.144807,0.000000,0.150947
733.114264,0.007471,0.135376,0.000000,0.141292
733.281823,0.007270,0.126629,0.000000,0.132327
733.449381,0.007076,0.118568,0.000000,0.124056
733.616940,0.006887,0.111164,0.000000,0.116449
733.784498,0.006704,0.104370,0.000000,0.109460
733.952057,0.006526,0.098129,0.000000,0.103030
734.119615,0.006353,0.092384,0.000000,0.097101
734.287174,0.006186,0.087075,0.000000,0.091615
734.454732,0.006023,0.082152,0.000000,0.086519
734.622291,0.005865,0.077567,0.000000,0.081768
734.789849,0.005711,0.073281,0.000000,0.077320
734.957408,0.005562,0.069258,0.000000,0.073140
735.124967,0.005416,0.065468,0.000000,0.069197
735.292525,0.005275,0.061885,0.000000,0.065467
735.460084,0.005137,0.058489,0.000000,0.061926
735.627642,0.005003,0.055262,0.000000,0.058559
735.795201,0.004873,0.052191,0.000000,0.055352
735.962759,0.004746,0.049266,0.000000,0.052295
736.130318,0.004622,0.046482,0.000000,0.049381
736.297876,0.004501,0.043833,0.000000,0.046607
736.465435,0.004384,0.041319,0.000000,0.043970
736.632993,0.004269,0.038937,0.000000,0.041469
736.800552,0.004158,0.036687,0.000000,0.039103
736.968110,0.004049,0.034567,0.000000,0.036871
737.135669,0.003943,0.032576,0.000000,0.034769
737.303227,0.003839,0.030711,0.000000,0.032797
737.470786,0.003738,0.028967,0.000000,0.030949
737.638344,0.003639,0.027341,0.000000,0.029221
737.805903,0.003543,0.025826,0.000000,0.027607
737.973462,0.003449,0.024417,0.000000,0.026101
738.141020,0.003357,0.023107,0.000000,0.024696
738.308579,0.003267,0.021889,0.000000,0.023386
738.476137,0.003179,0.020757,0.000000,0.022163
738.643696,0.003093,0.019703,0.000000,0.021022
738.811254,0.003009,0.018723,0.000000,0.019956
738.978813,0.002927,0.017809,0.000000,0.018959
739.146371,0.002847,0.016957,0.000000,0.018025
739.313930,0.002769,0.016161,0.000000,0.017149
739.481488,0.002692,0.015417,0.000000,0.016327
739.649047,0.002617,0.014721,0.000000,0.015554
739.816605,0.002544,0.014068,0.000000,0.014826
739.984164,0.002472,0.013454,0.000000,0.014140
740.151722,0.002401,0.012878,0.000000,0.013492
740.319281,0.002333,0.012336,0.000000,0.012879
740.486839,0.002265,0.011824,0.000000,0.012299
740.654398,0.002199,0.011342,0.000000,0.011750
740.821957,0.002134,0.010886,0.000000,0.011228
740.989515,0.002071,0.010454,0.000000,0.010732
741.157074,0.002009,0.010045,0.000000,0.010261
741.324632,0.001948,0.009658,0.000000,0.009812
741.492191,0.001889,0.009290,0.000000,0.009384
741.659749,0.001830,0.008941,0.000000,0.008975
741.827308,0.001773,0.008608,0.000000,0.008584
741.994866,0.001717,0.008292,0.000000,0.008211
742.162425,0.001662,0.007990,0.000000,0.007854
742.329983,0.001608,0.007702,0.000000,0.007511
742.497542,0.001555,0.007428,0.000000,0.007183
742.665100,0.001503,0.007165,0.000000,0.006868
742.832659,0.001452,0.006914,0.000000,0.006566
743.000217,0.001402,0.006674,0.000000,0.006275
743.167776,0.001353,0.006444,0.000000,0.005996
743.335334,0.001304,0.006224,0.000000,0.005727
743.502893,0.001257,0.006013,0.000000,0.005467
743.670452,0.001211,0.005810,0.000000,0.005218
743.838010,0.001165,0.005615,0.000000,0.004977
744.005569,0.001120,0.005428,0.000000,0.004745
744.173127,0.001076,0.005248,0.000000,0.004520
744.340686,0.001033,0.005075,0.000000,0.004303
744.508244,0.000991,0.004908,0.000000,0.004094
744.675803,0.000949,0.004748,0.000000,0.003892
744.843361,0.000908,0.004593,0.000000,0.003696
745.010920,0.000868,0.004444,0.000000,0.003506
745.178478,0.000828,0.004300,0.000000,0.003322
745.346037,0.000789,0.004161,0.000000,0.003144
745.513595,0.000751,0.004027,0.000000,0.002972
745.681154,0.000714,0.003898,0.000000,0.002804
745.848712,0.000677,0.003773,0.000000,0.002642
746.016271,0.000641,0.003652,0.000000,0.002484
746.183829,0.000605,0.003535,0.000000,0.002331
746.351388,0.000570,0.003421,0.000000,0.002183
746.518946,0.000535,0.003312,0.000000,0.002038
746.686505,0.000501,0.003205,0.000000,0.001898
746.854064,0.000468,0.003103,0.000000,0.001762
747.021622,0.000435,0.003003,0.000000,0.001629
747.189181,0.000403,0.002906,0.000000,0.001500
747.356739,0.000371,0.002813,0.000000,0.001374
747.524298,0.000340,0.002722,0.000000,0.001251
747.691856,0.000309,0.002633,0.000000,0.001132
747.859415,0.000279,0.002548,0.000000,0.001016
748.026973,0.000249,0.002464,0.000000,0.000903
748.194532,0.000219,0.002384,0.000000,0.000792
748.362090,0.000190,0.002305,0.000000,0.000684
748.529649,0.000162,0.002229,0.000000,0.000579
748.697207,0.000134,0.002154,0.000000,0.000477
748.864766,0.000106,0.002082,0.000000,0.000377
749.032324,0.000079,0.002012,0.000000,0.000279
749.199883,0.000052,0.001944,0.000000,0.000184
749.367441,0.000026,0.001877,0.000000,0.000091
749.535000,0.000000,0.001812,0.000000,0.000000
