E,dup,ddn,pup,pdn,octup,octdn,totup,totdn
-12.000000,0.424073,-0.000000,0.013405,-0.009723,0.008376,-0.008376,0.445854,-0.018099
-11.919732,0.423317,-0.000042,0.014195,-0.010168,0.008630,-0.008630,0.446142,-0.018840
-11.839465,0.415925,-0.000087,0.014985,-0.010643,0.008894,-0.008894,0.439803,-0.019623
-11.759197,0.403246,-0.000134,0.015803,-0.011151,0.009168,-0.009168,0.428217,-0.020454
-11.678930,0.387135,-0.000184,0.016686,-0.011696,0.009455,-0.009455,0.413276,-0.021334
-11.598662,0.369701,-0.000237,0.017680,-0.012280,0.009753,-0.009753,0.397135,-0.022270
-11.518395,0.353077,-0.000292,0.018834,-0.012908,0.010064,-0.010064,0.381975,-0.023265
-11.438127,0.339209,-0.000351,0.020200,-0.013585,0.010389,-0.010389,0.369797,-0.024326
-11.357860,0.329716,-0.000414,0.021831,-0.014316,0.010728,-0.010728,0.362275,-0.025459
-11.277592,0.325792,-0.000481,0.023780,-0.015107,0.011083,-0.011083,0.360655,-0.026671
-11.197324,0.328145,-0.000553,0.026083,-0.015965,0.011454,-0.011454,0.365682,-0.027972
-11.117057,0.336947,-0.000630,0.028755,-0.016897,0.011843,-0.011843,0.377545,-0.029370
-11.036789,0.351794,-0.000712,0.031776,-0.017914,0.012250,-0.012250,0.395819,-0.030876
-10.956522,0.371679,-0.000801,0.035072,-0.019026,0.012677,-0.012677,0.419428,-0.032504
-10.876254,0.395000,-0.000897,0.038515,-0.020245,0.013126,-0.013126,0.446641,-0.034268
-10.795987,0.419630,-0.001001,0.041923,-0.021587,0.013598,-0.013598,0.475151,-0.036186
-10.715719,0.443081,-0.001114,0.045068,-0.023071,0.014095,-0.014095,0.502244,-0.038279
-10.635452,0.462754,-0.001238,0.047708,-0.024716,0.014618,-0.014618,0.525079,-0.040573
-10.555184,0.476251,-0.001375,0.049612,-0.026551,0.015170,-0.015170,0.541033,-0.043096
-10.474916,0.481714,-0.001527,0.050601,-0.028607,0.015754,-0.015754,0.548070,-0.045887
-10.394649,0.478113,-0.001695,0.050574,-0.030925,0.016372,-0.016372,0.545059,-0.048993
-10.314381,0.465429,-0.001885,0.049528,-0.033559,0.017027,-0.017027,0.531984,-0.052471
-10.234114,0.444697,-0.002100,0.047566,-0.036577,0.017723,-0.017723,0.509985,-0.056400
-10.153846,0.417892,-0.002346,0.044879,-0.040073,0.018464,-0.018464,0.481234,-0.060883
-10.073579,0.387678,-0.002632,0.041726,-0.044176,0.019254,-0.019254,0.448658,-0.066062
-9.993311,0.357074,-0.002970,0.038397,-0.049068,0.020100,-0.020100,0.415572,-0.072139
-9.913043,0.329079,-0.003375,0.035180,-0.055017,0.021009,-0.021009,0.385268,-0.079400
-9.832776,0.306328,-0.003870,0.032324,-0.062408,0.021989,-0.021989,0.360641,-0.088267
-9.752508,0.290813,-0.004489,0.030023,-0.071814,0.023050,-0.023050,0.343886,-0.099352
-9.672241,0.283687,-0.005276,0.028396,-0.084065,0.024205,-0.024205,0.336289,-0.113547
-9.591973,0.285181,-0.006296,0.027488,-0.100359,0.025472,-0.025472,0.338142,-0.132128
-9.511706,0.294606,-0.007634,0.027276,-0.122380,0.026872,-0.026872,0.348754,-0.156886
-9.431438,0.310458,-0.009401,0.027680,-0.152430,0.028431,-0.028431,0.366569,-0.190262
-9.351171,0.330602,-0.011738,0.028583,-0.193541,0.030185,-0.030185,0.389371,-0.235465
-9.270903,0.352528,-0.014811,0.029849,-0.249545,0.032180,-0.032180,0.414557,-0.296536
-9.190635,0.373654,-0.018808,0.031347,-0.325032,0.034472,-0.034472,0.439473,-0.378312
-9.110368,0.391657,-0.023924,0.032965,-0.425164,0.037137,-0.037137,0.461759,-0.486225
-9.030100,0.404769,-0.030338,0.034633,-0.555286,0.040269,-0.040269,0.479670,-0.625892
-8.949833,0.412024,-0.038180,0.036327,-0.720306,0.043984,-0.043984,0.492335,-0.802470
-8.869565,0.413379,-0.047502,0.038076,-0.923859,0.048430,-0.048430,0.499885,-1.019791
-8.789298,0.409719,-0.058235,0.039954,-1.167324,0.053786,-0.053786,0.503459,-1.279345
-8.709030,0.402706,-0.070161,0.042066,-1.448830,0.060269,-0.060269,0.505041,-1.579260
-8.628763,0.394521,-0.082896,0.044526,-1.762418,0.068138,-0.068138,0.507186,-1.913452
-8.548495,0.387529,-0.095896,0.047435,-2.097587,0.077697,-0.077697,0.512661,-2.271180
-8.468227,0.383909,-0.108484,0.050857,-2.439407,0.089295,-0.089295,0.524060,-2.637186
-8.387960,0.385330,-0.119909,0.054801,-2.769314,0.103327,-0.103327,0.543458,-2.992550
-8.307692,0.392700,-0.129414,0.059215,-3.066620,0.120233,-0.120233,0.572149,-3.316268
-8.227425,0.406032,-0.136328,0.063984,-3.310582,0.140489,-0.140489,0.610505,-3.587399
-8.147157,0.424434,-0.140140,0.068946,-3.482778,0.164602,-0.164602,0.657981,-3.787520
-8.066890,0.446236,-0.140568,0.073914,-3.569416,0.193096,-0.193096,0.713247,-3.903080
-7.986622,0.469226,-0.137592,0.078711,-3.563177,0.226502,-0.226502,0.774439,-3.927271
-7.906355,0.490967,-0.131455,0.083200,-3.464257,0.265335,-0.265335,0.839501,-3.861047
-7.826087,0.509158,-0.122631,0.087319,-3.280392,0.310082,-0.310082,0.906559,-3.713104
-7.745819,0.521990,-0.111763,0.091115,-3.025855,0.361179,-0.361179,0.974284,-3.498796
-7.665552,0.528445,-0.099585,0.094756,-2.719605,0.418989,-0.418989,1.042190,-3.238179
-7.585284,0.528488,-0.086840,0.098539,-2.382913,0.483788,-0.483788,1.110815,-2.953541
-7.505017,0.523127,-0.074209,0.102886,-2.036892,0.555737,-0.555737,1.181751,-2.666838
-7.424749,0.514322,-0.062250,0.108316,-1.700319,0.634874,-0.634874,1.257513,-2.397443
-7.344482,0.504747,-0.051374,0.115413,-1.388071,0.721093,-0.721093,1.341253,-2.160538
-7.264214,0.497446,-0.041831,0.124782,-1.110315,0.814135,-0.814135,1.436363,-1.966280
-7.183946,0.495421,-0.033723,0.137006,-0.872451,0.913579,-0.913579,1.546005,-1.819753
-7.103679,0.501217,-0.027034,0.152600,-0.675669,1.018841,-1.018841,1.672658,-1.721543
-7.023411,0.516554,-0.021657,0.171976,-0.517889,1.129178,-1.129178,1.817708,-1.668723
-6.943144,0.542054,-0.017432,0.195413,-0.394865,1.243703,-1.243703,1.981170,-1.656000
-6.862876,0.577105,-0.014177,0.223032,-0.301229,1.361406,-1.361406,2.161544,-1.676813
-6.782609,0.619876,-0.011708,0.254781,-0.231355,1.481194,-1.481194,2.355851,-1.724257
-6.702341,0.667479,-0.009855,0.290412,-0.179964,1.601938,-1.601938,2.559830,-1.791757
-6.622074,0.716275,-0.008475,0.329459,-0.142482,1.722536,-1.722536,2.768270,-1.873494
-6.541806,0.762261,-0.007449,0.371204,-0.115184,1.841992,-1.841992,2.975457,-1.964625
-6.461538,0.801516,-0.006685,0.414648,-0.095182,1.959495,-1.959495,3.175659,-2.061362
-6.381271,0.830617,-0.006113,0.458485,-0.080333,2.074505,-2.074505,3.363608,-2.160951
-6.301003,0.846984,-0.005682,0.501104,-0.069097,2.186833,-2.186833,3.534921,-2.261612
-6.220736,0.849097,-0.005355,0.540632,-0.060397,2.296702,-2.296702,3.686431,-2.362454
-6.140468,0.836573,-0.005105,0.575046,-0.053497,2.404780,-2.404780,3.816400,-2.463382
-6.060201,0.810100,-0.004915,0.602341,-0.047893,2.512178,-2.512178,3.924619,-2.564986
-5.979933,0.771254,-0.004771,0.620756,-0.043246,2.620400,-2.620400,4.012409,-2.668417
-5.899666,0.722260,-0.004664,0.629034,-0.039324,2.731240,-2.731240,4.082534,-2.775227
-5.819398,0.665720,-0.004586,0.626665,-0.035964,2.846638,-2.846638,4.139022,-2.887188
-5.739130,0.604370,-0.004534,0.614066,-0.033051,2.968479,-2.968479,4.186915,-3.006064
-5.658863,0.540880,-0.004503,0.592677,-0.030501,3.098371,-3.098371,4.231928,-3.133375
-5.578595,0.477697,-0.004491,0.564936,-0.028251,3.237405,-3.237405,4.280038,-3.270148
-5.498328,0.416955,-0.004495,0.534146,-0.026253,3.385927,-3.385927,4.337029,-3.416676
-5.418060,0.360414,-0.004514,0.504275,-0.024467,3.543339,-3.543339,4.408028,-3.572320
-5.337793,0.309438,-0.004546,0.479702,-0.022864,3.707958,-3.707958,4.497098,-3.735367
-5.257525,0.264996,-0.004590,0.464970,-0.021417,3.876954,-3.876954,4.606920,-3.902962
-5.177258,0.227683,-0.004646,0.464555,-0.020108,4.046380,-4.046380,4.738618,-4.071134
-5.096990,0.197765,-0.004713,0.482641,-0.018917,4.211294,-4.211294,4.891700,-4.234924
-5.016722,0.175216,-0.004789,0.522887,-0.017831,4.365982,-4.365982,5.064086,-4.388602
-4.936455,0.159778,-0.004876,0.588143,-0.016838,4.504257,-4.504257,5.252178,-4.525970
-4.856187,0.150995,-0.004972,0.680087,-0.015927,4.619820,-4.619820,5.450902,-4.640719
-4.775920,0.148252,-0.005077,0.798799,-0.015089,4.706660,-4.706660,5.653711,-4.726826
-4.695652,0.150797,-0.005192,0.942324,-0.014317,4.759436,-4.759436,5.852557,-4.778945
-4.615385,0.157756,-0.005316,1.106317,-0.013603,4.773849,-4.773849,6.037922,-4.792767
-4.535117,0.168158,-0.005449,1.283910,-0.012942,4.746930,-4.746930,6.198997,-4.765321
-4.454849,0.180970,-0.005591,1.465919,-0.012329,4.677255,-4.677255,6.324144,-4.695175
-4.374582,0.195165,-0.005743,1.641474,-0.011759,4.565051,-4.565051,6.401689,-4.582553
-4.294314,0.209804,-0.005904,1.799060,-0.011229,4.412186,-4.412186,6.421050,-4.429319
-4.214047,0.224146,-0.006075,1.927868,-0.010734,4.222064,-4.222064,6.374078,-4.238873
-4.133779,0.237746,-0.006256,2.019225,-0.010272,3.999411,-3.999411,6.256381,-4.015939
-4.053512,0.250526,-0.006447,2.067854,-0.009840,3.749997,-3.749997,6.068377,-3.766284
-3.973244,0.262800,-0.006650,2.072684,-0.009435,3.480300,-3.480300,5.815785,-3.496385
-3.892977,0.275214,-0.006863,2.037010,-0.009056,3.197154,-3.197154,5.509378,-3.213073
-3.812709,0.288618,-0.007089,1.967946,-0.008699,2.907395,-2.907395,5.163959,-2.923183
-3.732441,0.303866,-0.007327,1.875257,-0.008364,2.617540,-2.617540,4.796664,-2.633231
-3.652174,0.321590,-0.007577,1.769773,-0.008049,2.333517,-2.333517,4.424880,-2.349144
-3.571906,0.341972,-0.007841,1.661712,-0.007753,2.060454,-2.060454,4.064138,-2.076048
-3.491639,0.364586,-0.008120,1.559219,-0.007473,1.802539,-1.802539,3.726344,-1.818132
-3.411371,0.388331,-0.008414,1.467397,-0.007210,1.562950,-1.562950,3.418678,-1.578573
-3.331104,0.411494,-0.008724,1.387956,-0.006961,1.343856,-1.343856,3.143306,-1.359540
-3.250836,0.431940,-0.009050,1.319511,-0.006726,1.146464,-1.146464,2.897915,-1.162241
-3.170569,0.447396,-0.009395,1.258394,-0.006504,0.971123,-0.971123,2.676914,-0.987022
-3.090301,0.455791,-0.009760,1.199778,-0.006294,0.817444,-0.817444,2.473014,-0.833499
-3.010033,0.455575,-0.010145,1.138848,-0.006096,0.684455,-0.684455,2.278878,-0.700696
-2.929766,0.445966,-0.010552,1.071810,-0.005908,0.570740,-0.570740,2.088516,-0.587201
-2.849498,0.427073,-0.010984,0.996543,-0.005731,0.474591,-0.474591,1.898207,-0.491306
-2.769231,0.399873,-0.011440,0.912844,-0.005563,0.394135,-0.394135,1.706852,-0.411138
-2.688963,0.366059,-0.011924,0.822271,-0.005404,0.327443,-0.327443,1.515773,-0.344771
-2.608696,0.327787,-0.012438,0.727684,-0.005254,0.272623,-0.272623,1.328095,-0.290316
-2.528428,0.287380,-0.012984,0.632627,-0.005112,0.227886,-0.227886,1.147894,-0.245982
-2.448161,0.247045,-0.013565,0.540698,-0.004978,0.191589,-0.191589,0.979332,-0.210132
-2.367893,0.208647,-0.014183,0.455018,-0.004852,0.162267,-0.162267,0.825932,-0.181301
-2.287625,0.173573,-0.014842,0.377892,-0.004733,0.138637,-0.138637,0.690102,-0.158212
-2.207358,0.142678,-0.015546,0.310662,-0.004620,0.119608,-0.119608,0.572947,-0.139774
-2.127090,0.116323,-0.016299,0.253739,-0.004515,0.104259,-0.104259,0.474320,-0.125073
-2.046823,0.094460,-0.017106,0.206766,-0.004416,0.091834,-0.091834,0.393059,-0.113356
-1.966555,0.076747,-0.017971,0.168840,-0.004324,0.081717,-0.081717,0.327304,-0.104013
-1.886288,0.062671,-0.018902,0.138746,-0.004238,0.073415,-0.073415,0.274832,-0.096555
-1.806020,0.051642,-0.019904,0.115161,-0.004159,0.066538,-0.066538,0.233340,-0.090600
-1.725753,0.043078,-0.020985,0.096804,-0.004086,0.060779,-0.060779,0.200661,-0.085849
-1.645485,0.036449,-0.022155,0.082533,-0.004019,0.055901,-0.055901,0.174883,-0.082074
-1.565217,0.031306,-0.023423,0.071389,-0.003958,0.051719,-0.051719,0.154414,-0.079100
-1.484950,0.027285,-0.024802,0.062601,-0.003904,0.048094,-0.048094,0.137979,-0.076799
-1.404682,0.024103,-0.026305,0.055577,-0.003856,0.044915,-0.044915,0.124596,-0.075077
-1.324415,0.021548,-0.027948,0.049872,-0.003816,0.042102,-0.042102,0.113522,-0.073866
-1.244147,0.019461,-0.029752,0.045159,-0.003782,0.039588,-0.039588,0.104208,-0.073122
-1.163880,0.017728,-0.031738,0.041201,-0.003757,0.037325,-0.037325,0.096254,-0.072819
-1.083612,0.016266,-0.033933,0.037826,-0.003739,0.035274,-0.035274,0.089366,-0.072946
-1.003344,0.015014,-0.036371,0.034909,-0.003730,0.033404,-0.033404,0.083328,-0.073505
-0.923077,0.013930,-0.039091,0.032360,-0.003732,0.031691,-0.031691,0.077981,-0.074514
-0.842809,0.012980,-0.042144,0.030111,-0.003744,0.030114,-0.030114,0.073205,-0.076002
-0.762542,0.012140,-0.045593,0.028110,-0.003768,0.028658,-0.028658,0.068908,-0.078019
-0.682274,0.011391,-0.049517,0.026318,-0.003807,0.027309,-0.027309,0.065018,-0.080633
-0.602007,0.010720,-0.054020,0.024703,-0.003862,0.026056,-0.026056,0.061478,-0.083937
-0.521739,0.010114,-0.059239,0.023241,-0.003938,0.024888,-0.024888,0.058242,-0.088065
-0.441472,0.009564,-0.065358,0.021911,-0.004039,0.023798,-0.023798,0.055273,-0.093194
-0.361204,0.009063,-0.072626,0.020696,-0.004172,0.022777,-0.022777,0.052537,-0.099576
-0.280936,0.008605,-0.081387,0.019583,-0.004346,0.021821,-0.021821,0.050009,-0.107554
-0.200669,0.008184,-0.092109,0.018559,-0.004574,0.020923,-0.020923,0.047667,-0.117607
-0.120401,0.007796,-0.105438,0.017616,-0.004876,0.020079,-0.020079,0.045490,-0.130392
-0.040134,0.007437,-0.122244,0.016743,-0.005277,0.019283,-0.019283,0.043463,-0.146804
0.040134,0.007105,-0.143684,0.015934,-0.005813,0.018533,-0.018533,0.041571,-0.168030
0.120401,0.006795,-0.171254,0.015182,-0.006533,0.017824,-0.017824,0.039802,-0.195611
0.200669,0.006507,-0.206819,0.014482,-0.007497,0.017154,-0.017154,0.038143,-0.231470
0.280936,0.006238,-0.252603,0.013829,-0.008782,0.016519,-0.016519,0.036586,-0.277904
0.361204,0.005986,-0.311102,0.013219,-0.010473,0.015917,-0.015917,0.035122,-0.337492
0.441472,0.005749,-0.384901,0.012647,-0.012664,0.015346,-0.015346,0.033743,-0.412911
0.521739,0.005527,-0.476375,0.012111,-0.015444,0.014803,-0.014803,0.032442,-0.506622
0.602007,0.005318,-0.587267,0.011607,-0.018886,0.014287,-0.014287,0.031213,-0.620440
0.682274,0.005121,-0.718186,0.011134,-0.023023,0.013796,-0.013796,0.030050,-0.755005
0.762542,0.004935,-0.868072,0.010687,-0.027836,0.013328,-0.013328,0.028950,-0.909236
0.842809,0.004758,-1.033753,0.010266,-0.033229,0.012882,-0.012882,0.027906,-1.079864
0.923077,0.004592,-1.209684,0.009868,-0.039024,0.012456,-0.012456,0.026915,-1.261164
1.003344,0.004433,-1.388012,0.009491,-0.044960,0.012049,-0.012049,0.025974,-1.445021
1.083612,0.004283,-1.559021,0.009135,-0.050704,0.011660,-0.011660,0.025078,-1.621385
1.163880,0.004140,-1.711976,0.008797,-0.055884,0.011288,-0.011288,0.024225,-1.779148
1.244147,0.004004,-1.836287,0.008476,-0.060132,0.010932,-0.010932,0.023412,-1.907350
1.324415,0.003875,-1.922823,0.008172,-0.063126,0.010591,-0.010591,0.022637,-1.996540
1.404682,0.003751,-1.965162,0.007882,-0.064645,0.010264,-0.010264,0.021897,-2.040071
1.484950,0.003633,-1.960537,0.007607,-0.064598,0.009950,-0.009950,0.021190,-2.035085
1.565217,0.003520,-1.910307,0.007344,-0.063043,0.009649,-0.009649,0.020513,-1.982999
1.645485,0.003412,-1.819852,0.007094,-0.060190,0.009360,-0.009360,0.019866,-1.889402
1.725753,0.003309,-1.697923,0.006855,-0.056372,0.009082,-0.009082,0.019246,-1.763377
1.806020,0.003210,-1.555575,0.006627,-0.052011,0.008815,-0.008815,0.018651,-1.616400
1.886288,0.003115,-1.404891,0.006409,-0.047573,0.008558,-0.008558,0.018081,-1.461022
1.966555,0.003024,-1.257719,0.006200,-0.043520,0.008310,-0.008310,0.017534,-1.309550
2.046823,0.002936,-1.124591,0.006001,-0.040276,0.008072,-0.008072,0.017009,-1.172939
2.127090,0.002852,-1.013956,0.005810,-0.038191,0.007842,-0.007842,0.016504,-1.059989
2.207358,0.002771,-0.931732,0.005627,-0.037525,0.007621,-0.007621,0.016019,-0.976878
2.287625,0.002693,-0.881154,0.005451,-0.038433,0.007407,-0.007407,0.015552,-0.926994
2.367893,0.002618,-0.862821,0.005283,-0.040954,0.007201,-0.007201,0.015102,-0.910977
2.448161,0.002546,-0.874873,0.005121,-0.045005,0.007002,-0.007002,0.014669,-0.926880
2.528428,0.002477,-0.913235,0.004965,-0.050374,0.006810,-0.006810,0.014252,-0.970419
2.608696,0.002409,-0.971934,0.004816,-0.056727,0.006625,-0.006625,0.013850,-1.035286
2.688963,0.002345,-1.043492,0.004672,-0.063615,0.006445,-0.006445,0.013462,-1.113552
2.769231,0.002282,-1.119435,0.004534,-0.070503,0.006272,-0.006272,0.013088,-1.196211
2.849498,0.002221,-1.190950,0.004400,-0.076813,0.006104,-0.006104,0.012726,-1.273866
2.929766,0.002163,-1.249631,0.004272,-0.081976,0.005942,-0.005942,0.012377,-1.337548
3.010033,0.002106,-1.288285,0.004148,-0.085500,0.005785,-0.005785,0.012039,-1.379569
3.090301,0.002052,-1.301651,0.004029,-0.087026,0.005632,-0.005632,0.011713,-1.394310
3.170569,0.001999,-1.286934,0.003914,-0.086374,0.005485,-0.005485,0.011397,-1.378793
3.250836,0.001947,-1.244036,0.003803,-0.083563,0.005342,-0.005342,0.011092,-1.332941
3.331104,0.001897,-1.175443,0.003696,-0.078806,0.005203,-0.005203,0.010797,-1.259452
3.411371,0.001849,-1.085776,0.003592,-0.072472,0.005069,-0.005069,0.010510,-1.163317
3.491639,0.001802,-0.981090,0.003492,-0.065037,0.004938,-0.004938,0.010233,-1.051065
3.571906,0.001757,-0.868053,0.003395,-0.057016,0.004812,-0.004812,0.009964,-0.929881
3.652174,0.001713,-0.753145,0.003302,-0.048902,0.004689,-0.004689,0.009704,-0.806736
3.732441,0.001670,-0.641995,0.003211,-0.041114,0.004570,-0.004570,0.009451,-0.687678
3.812709,0.001629,-0.538946,0.003123,-0.033969,0.004454,-0.004454,0.009206,-0.577369
3.892977,0.001588,-0.446874,0.003039,-0.027667,0.004341,-0.004341,0.008968,-0.478882
3.973244,0.001549,-0.367225,0.002956,-0.022298,0.004232,-0.004232,0.008738,-0.393754
4.053512,0.001511,-0.300229,0.002877,-0.017860,0.004126,-0.004126,0.008513,-0.322215
4.133779,0.001474,-0.245203,0.002799,-0.014288,0.004022,-0.004022,0.008296,-0.263512
4.214047,0.001438,-0.200876,0.002725,-0.011473,0.003921,-0.003921,0.008084,-0.216270
4.294314,0.001403,-0.165689,0.002652,-0.009291,0.003824,-0.003824,0.007878,-0.178804
4.374582,0.001369,-0.138026,0.002581,-0.007619,0.003728,-0.003728,0.007678,-0.149373
4.454849,0.001336,-0.116373,0.002513,-0.006345,0.003636,-0.003636,0.007484,-0.126353
4.535117,0.001303,-0.099410,0.002447,-0.005373,0.003545,-0.003545,0.007295,-0.108328
4.615385,0.001272,-0.086044,0.002382,-0.004626,0.003457,-0.003457,0.007111,-0.094127
4.695652,0.001241,-0.075409,0.002319,-0.004045,0.003372,-0.003372,0.006932,-0.082826
4.775920,0.001211,-0.066837,0.002258,-0.003585,0.003288,-0.003288,0.006757,-0.073711
4.856187,0.001182,-0.059827,0.002199,-0.003216,0.003207,-0.003207,0.006588,-0.066249
4.936455,0.001153,-0.054007,0.002142,-0.002912,0.003127,-0.003127,0.006422,-0.060046
5.016722,0.001125,-0.049103,0.002086,-0.002659,0.003050,-0.003050,0.006261,-0.054813
5.096990,0.001098,-0.044918,0.002031,-0.002444,0.002975,-0.002975,0.006104,-0.050337
5.177258,0.001072,-0.041302,0.001978,-0.002260,0.002901,-0.002901,0.005951,-0.046463
5.257525,0.001046,-0.038146,0.001927,-0.002098,0.002829,-0.002829,0.005802,-0.043074
5.337793,0.001021,-0.035367,0.001876,-0.001956,0.002759,-0.002759,0.005656,-0.040083
5.418060,0.000996,-0.032901,0.001828,-0.001830,0.002691,-0.002691,0.005514,-0.037422
5.498328,0.000972,-0.030699,0.001780,-0.001717,0.002624,-0.002624,0.005376,-0.035040
5.578595,0.000948,-0.028720,0.001734,-0.001616,0.002559,-0.002559,0.005241,-0.032894
5.658863,0.000925,-0.026933,0.001688,-0.001524,0.002495,-0.002495,0.005109,-0.030952
5.739130,0.000903,-0.025312,0.001644,-0.001440,0.002433,-0.002433,0.004980,-0.029185
5.819398,0.000881,-0.023836,0.001601,-0.001363,0.002372,-0.002372,0.004854,-0.027571
5.899666,0.000859,-0.022486,0.001559,-0.001293,0.002313,-0.002313,0.004731,-0.026092
5.979933,0.000838,-0.021249,0.001518,-0.001228,0.002255,-0.002255,0.004611,-0.024731
6.060201,0.000818,-0.020110,0.001479,-0.001168,0.002198,-0.002198,0.004494,-0.023476
6.140468,0.000798,-0.019060,0.001440,-0.001112,0.002142,-0.002142,0.004380,-0.022315
6.220736,0.000778,-0.018089,0.001402,-0.001060,0.002088,-0.002088,0.004268,-0.021237
6.301003,0.000759,-0.017189,0.001365,-0.001012,0.002035,-0.002035,0.004158,-0.020235
6.381271,0.000740,-0.016352,0.001328,-0.000966,0.001983,-0.001983,0.004051,-0.019301
6.461538,0.000721,-0.015573,0.001293,-0.000924,0.001932,-0.001932,0.003947,-0.018429
6.541806,0.000703,-0.014846,0.001258,-0.000884,0.001883,-0.001883,0.003844,-0.017613
6.622074,0.000685,-0.014167,0.001225,-0.000846,0.001834,-0.001834,0.003744,-0.016847
6.702341,0.000668,-0.013532,0.001192,-0.000810,0.001786,-0.001786,0.003646,-0.016128
6.782609,0.000651,-0.012936,0.001160,-0.000777,0.001740,-0.001740,0.003550,-0.015452
6.862876,0.000634,-0.012376,0.001128,-0.000745,0.001694,-0.001694,0.003456,-0.014815
6.943144,0.000618,-0.011850,0.001097,-0.000715,0.001649,-0.001649,0.003364,-0.014214
7.023411,0.000602,-0.011354,0.001067,-0.000686,0.001606,-0.001606,0.003275,-0.013646
7.103679,0.000586,-0.010887,0.001038,-0.000659,0.001563,-0.001563,0.003186,-0.013108
7.183946,0.000571,-0.010446,0.001009,-0.000633,0.001521,-0.001521,0.003100,-0.012599
7.264214,0.000556,-0.010030,0.000981,-0.000608,0.001479,-0.001479,0.003016,-0.012117
7.344482,0.000541,-0.009636,0.000953,-0.000584,0.001439,-0.001439,0.002933,-0.011659
7.424749,0.000526,-0.009263,0.000926,-0.000561,0.001399,-0.001399,0.002852,-0.011223
7.505017,0.000512,-0.008909,0.000900,-0.000539,0.001361,-0.001361,0.002772,-0.010809
7.585284,0.000498,-0.008574,0.000874,-0.000518,0.001323,-0.001323,0.002694,-0.010415
7.665552,0.000484,-0.008256,0.000849,-0.000498,0.001285,-0.001285,0.002618,-0.010039
7.745819,0.000471,-0.007953,0.000824,-0.000479,0.001249,-0.001249,0.002543,-0.009681
7.826087,0.000457,-0.007666,0.000800,-0.000461,0.001213,-0.001213,0.002470,-0.009339
7.906355,0.000444,-0.007393,0.000776,-0.000443,0.001178,-0.001178,0.002398,-0.009013
7.986622,0.000432,-0.007133,0.000752,-0.000426,0.001143,-0.001143,0.002327,-0.008701
8.066890,0.000419,-0.006885,0.000730,-0.000409,0.001109,-0.001109,0.002258,-0.008403
8.147157,0.000407,-0.006649,0.000707,-0.000393,0.001076,-0.001076,0.002190,-0.008118
8.227425,0.000395,-0.006424,0.000685,-0.000378,0.001043,-0.001043,0.002123,-0.007845
8.307692,0.000383,-0.006210,0.000664,-0.000363,0.001011,-0.001011,0.002058,-0.007584
8.387960,0.000371,-0.006005,0.000643,-0.000348,0.000980,-0.000980,0.001994,-0.007334
8.468227,0.000360,-0.005810,0.000622,-0.000334,0.000949,-0.000949,0.001931,-0.007094
8.548495,0.000348,-0.005624,0.000602,-0.000321,0.000919,-0.000919,0.001869,-0.006864
8.628763,0.000337,-0.005447,0.000582,-0.000308,0.000889,-0.000889,0.001808,-0.006644
8.709030,0.000326,-0.005278,0.000562,-0.000295,0.000860,-0.000860,0.001749,-0.006433
8.789298,0.000316,-0.005116,0.000543,-0.000283,0.000831,-0.000831,0.001690,-0.006230
8.869565,0.000305,-0.004962,0.000525,-0.000271,0.000803,-0.000803,0.001633,-0.006036
8.949833,0.000295,-0.004816,0.000506,-0.000259,0.000775,-0.000775,0.001576,-0.005850
9.030100,0.000285,-0.004676,0.000488,-0.000248,0.000748,-0.000748,0.001521,-0.005672
9.110368,0.000274,-0.004542,0.000470,-0.000237,0.000721,-0.000721,0.001466,-0.005501
9.190635,0.000265,-0.004416,0.000453,-0.000226,0.000695,-0.000695,0.001413,-0.005337
9.270903,0.000255,-0.004295,0.000436,-0.000216,0.000669,-0.000669,0.001360,-0.005180
9.351171,0.000245,-0.004181,0.000419,-0.000206,0.000644,-0.000644,0.001308,-0.005031
9.431438,0.000236,-0.004073,0.000403,-0.000196,0.000619,-0.000619,0.001257,-0.004888
9.511706,0.000227,-0.003971,0.000386,-0.000186,0.000594,-0.000594,0.001208,-0.004751
9.591973,0.000218,-0.003874,0.000371,-0.000177,0.000570,-0.000570,0.001158,-0.004621
9.672241,0.000209,-0.003783,0.000355,-0.000168,0.000547,-0.000547,0.001110,-0.004498
9.752508,0.000200,-0.003698,0.000340,-0.000159,0.000523,-0.000523,0.001063,-0.004380
9.832776,0.000191,-0.003619,0.000324,-0.000150,0.000500,-0.000500,0.001016,-0.004269
9.913043,0.000183,-0.003545,0.000310,-0.000142,0.000478,-0.000478,0.000970,-0.004165
9.993311,0.000174,-0.003478,0.000295,-0.000134,0.000455,-0.000455,0.000925,-0.004067
10.073579,0.000166,-0.003416,0.000281,-0.000126,0.000434,-0.000434,0.000881,-0.003975
10.153846,0.000158,-0.003361,0.000267,-0.000118,0.000412,-0.000412,0.000837,-0.003891
10.234114,0.000150,-0.003312,0.000253,-0.000110,0.000391,-0.000391,0.000794,-0.003813
10.314381,0.000142,-0.003269,0.000239,-0.000103,0.000370,-0.000370,0.000752,-0.003743
10.394649,0.000134,-0.003235,0.000226,-0.000096,0.000350,-0.000350,0.000710,-0.003680
10.474916,0.000126,-0.003207,0.000213,-0.000089,0.000330,-0.000330,0.000669,-0.003626
10.555184,0.000119,-0.003189,0.000200,-0.000082,0.000310,-0.000310,0.000629,-0.003580
10.635452,0.000111,-0.003179,0.000187,-0.000075,0.000290,-0.000290,0.000589,-0.003544
10.715719,0.000104,-0.003180,0.000175,-0.000068,0.000271,-0.000271,0.000550,-0.003520
10.795987,0.000097,-0.003193,0.000163,-0.000062,0.000252,-0.000252,0.000512,-0.003507
10.876254,0.000090,-0.003219,0.000150,-0.000056,0.000233,-0.000233,0.000474,-0.003509
10.956522,0.000083,-0.003262,0.000139,-0.000050,0.000215,-0.000215,0.000436,-0.003527
11.036789,0.000076,-0.003324,0.000127,-0.000044,0.000197,-0.000197,0.000400,-0.003565
11.117057,0.000069,-0.003409,0.000115,-0.000038,0.000179,-0.000179,0.000364,-0.003627
11.197324,0.000062,-0.003524,0.000104,-0.000033,0.000162,-0.000162,0.000328,-0.003718
11.277592,0.000056,-0.003675,0.000093,-0.000028,0.000144,-0.000144,0.000293,-0.003847
11.357860,0.000049,-0.003872,0.000082,-0.000023,0.000127,-0.000127,0.000258,-0.004022
11.438127,0.000043,-0.004128,0.000071,-0.000018,0.000111,-0.000111,0.000224,-0.004256
11.518395,0.000036,-0.004458,0.000060,-0.000014,0.000094,-0.000094,0.000191,-0.004566
11.598662,0.000030,-0.004881,0.000050,-0.000010,0.000078,-0.000078,0.000158,-0.004969
11.678930,0.000024,-0.005420,0.000040,-0.000007,0.000062,-0.000062,0.000125,-0.005488
11.759197,0.000018,-0.006098,0.000030,-0.000004,0.000046,-0.000046,0.000093,-0.006148
11.839465,0.000012,-0.006941,0.000020,-0.000002,0.000030,-0.000030,0.000062,-0.006973
11.919732,0.000006,-0.007969,0.000010,-0.000000,0.000015,-0.000015,0.000031,-0.007985
12.000000,0.000000,-0.009200,0.000000,-0.000000,0.000000,-0.000000,0.000000,-0.009200
