E,I32,I12,Ibg,Itot
629.697000,0.008928,0.000000,0.000000,0.006640
629.864559,0.009226,0.000022,0.000000,0.006962
630.032117,0.009537,0.000045,0.000000,0.007295
630.199676,0.009860,0.000068,0.000000,0.007643
630.367234,0.010197,0.000092,0.000000,0.008004
630.534793,0.010548,0.000116,0.000000,0.008380
630.702351,0.010914,0.000140,0.000000,0.008772
630.869910,0.011297,0.000165,0.000000,0.009180
631.037468,0.011697,0.000191,0.000000,0.009606
631.205027,0.012114,0.000217,0.000000,0.010051
631.372585,0.012552,0.000244,0.000000,0.010516
631.540144,0.013009,0.000271,0.000000,0.011002
631.707702,0.013489,0.000299,0.000000,0.011511
631.875261,0.013992,0.000327,0.000000,0.012044
632.042819,0.014521,0.000356,0.000000,0.012603
632.210378,0.015076,0.000386,0.000000,0.013189
632.377936,0.015659,0.000416,0.000000,0.013804
632.545495,0.016274,0.000447,0.000000,0.014451
632.713054,0.016921,0.000479,0.000000,0.015132
632.880612,0.017604,0.000511,0.000000,0.015849
633.048171,0.018325,0.000544,0.000000,0.016605
633.215729,0.019088,0.000578,0.000000,0.017403
633.383288,0.019894,0.000613,0.000000,0.018246
633.550846,0.020749,0.000648,0.000000,0.019139
633.718405,0.021656,0.000685,0.000000,0.020084
633.885963,0.022620,0.000722,0.000000,0.021088
634.053522,0.023645,0.000760,0.000000,0.022153
634.221080,0.024737,0.000799,0.000000,0.023287
634.388639,0.025903,0.000839,0.000000,0.024496
634.556197,0.027148,0.000880,0.000000,0.025785
634.723756,0.028482,0.000922,0.000000,0.027164
634.891314,0.029912,0.000965,0.000000,0.028640
635.058873,0.031448,0.001010,0.000000,0.030224
635.226431,0.033101,0.001055,0.000000,0.031927
635.393990,0.034885,0.001101,0.000000,0.033761
635.561548,0.036812,0.001149,0.000000,0.035741
635.729107,0.038901,0.001198,0.000000,0.037883
635.896666,0.041168,0.001248,0.000000,0.040206
636.064224,0.043637,0.001300,0.000000,0.042733
636.231783,0.046333,0.001353,0.000000,0.045487
636.399341,0.049283,0.001408,0.000000,0.048500
636.566900,0.052523,0.001464,0.000000,0.051803
636.734458,0.056093,0.001521,0.000000,0.055438
636.902017,0.060038,0.001581,0.000000,0.059452
637.069575,0.064416,0.001641,0.000000,0.063901
637.237134,0.069292,0.001704,0.000000,0.068852
637.404692,0.074746,0.001769,0.000000,0.074383
637.572251,0.080875,0.001835,0.000000,0.080593
637.739809,0.087794,0.001903,0.000000,0.087596
637.907368,0.095646,0.001974,0.000000,0.095537
638.074926,0.104604,0.002047,0.000000,0.104588
638.242485,0.114882,0.002122,0.000000,0.114965
638.410043,0.126743,0.002199,0.000000,0.126931
638.577602,0.140511,0.002278,0.000000,0.140811
638.745161,0.156585,0.002361,0.000000,0.157004
638.912719,0.175446,0.002446,0.000000,0.175994
639.080278,0.197671,0.002533,0.000000,0.198358
639.247836,0.223930,0.002624,0.000000,0.224768
639.415395,0.254973,0.002718,0.000000,0.255977
639.582953,0.291592,0.002814,0.000000,0.292777
639.750512,0.334544,0.002915,0.000000,0.335929
639.918070,0.384439,0.003018,0.000000,0.386044
640.085629,0.441579,0.003126,0.000000,0.443423
640.253187,0.505761,0.003237,0.000000,0.507865
640.420746,0.576077,0.003352,0.000000,0.578458
640.588304,0.650743,0.003472,0.000000,0.653417
640.755863,0.727020,0.003596,0.000000,0.729994
640.923421,0.801274,0.003724,0.000000,0.804549
641.090980,0.869220,0.003858,0.000000,0.872785
641.258538,0.926335,0.003997,0.000000,0.930171
641.426097,0.968409,0.004141,0.000000,0.972487
641.593656,0.992124,0.004291,0.000000,0.996407
641.761214,0.995552,0.004448,0.000000,1.000000
641.928773,0.978460,0.004611,0.000000,0.983032
642.096331,0.942349,0.004780,0.000000,0.947007
642.263890,0.890214,0.004957,0.000000,0.894929
642.431448,0.826092,0.005142,0.000000,0.830844
642.599007,0.754488,0.005334,0.000000,0.759268
642.766565,0.679811,0.005536,0.000000,0.684621
642.934124,0.605914,0.005746,0.000000,0.610764
643.101682,0.535803,0.005967,0.000000,0.540712
643.269241,0.471530,0.006197,0.000000,0.476522
643.436799,0.414240,0.006439,0.000000,0.419342
643.604358,0.364322,0.006693,0.000000,0.369563
643.771916,0.321603,0.006959,0.000000,0.327013
643.939475,0.285556,0.007239,0.000000,0.291163
644.107033,0.255461,0.007534,0.000000,0.261293
644.274592,0.230535,0.007844,0.000000,0.236621
644.442151,0.210019,0.008170,0.000000,0.216385
644.609709,0.193218,0.008515,0.000000,0.199890
644.777268,0.179521,0.008879,0.000000,0.186526
644.944826,0.168405,0.009264,0.000000,0.175771
645.112385,0.159428,0.009671,0.000000,0.167181
645.279943,0.152213,0.010103,0.000000,0.160383
645.447502,0.146442,0.010561,0.000000,0.155057
645.615060,0.141841,0.011048,0.000000,0.150934
645.782619,0.138177,0.011567,0.000000,0.147781
645.950177,0.135253,0.012119,0.000000,0.145403
646.117736,0.132900,0.012708,0.000000,0.143636
646.285294,0.130983,0.013338,0.000000,0.142346
646.452853,0.129397,0.014013,0.000000,0.141433
646.620411,0.128069,0.014737,0.000000,0.140828
646.787970,0.126958,0.015515,0.000000,0.140493
646.955528,0.126051,0.016352,0.000000,0.140423
647.123087,0.125363,0.017256,0.000000,0.140639
647.290645,0.124931,0.018233,0.000000,0.141186
647.458204,0.124812,0.019292,0.000000,0.142129
647.625763,0.125073,0.020443,0.000000,0.143543
647.793321,0.125787,0.021696,0.000000,0.145515
647.960880,0.127031,0.023065,0.000000,0.148134
648.128438,0.128879,0.024564,0.000000,0.151488
648.295997,0.131396,0.026211,0.000000,0.155662
648.463555,0.134640,0.028026,0.000000,0.160733
648.631114,0.138655,0.030035,0.000000,0.166771
648.798672,0.143468,0.032264,0.000000,0.173829
648.966231,0.149084,0.034749,0.000000,0.181950
649.133789,0.155484,0.037531,0.000000,0.191152
649.301348,0.162615,0.040660,0.000000,0.201436
649.468906,0.170389,0.044195,0.000000,0.212771
649.636465,0.178680,0.048210,0.000000,0.225106
649.804023,0.187319,0.052795,0.000000,0.238360
649.971582,0.196095,0.058061,0.000000,0.252435
650.139140,0.204766,0.064145,0.000000,0.267224
650.306699,0.213062,0.071214,0.000000,0.282624
650.474258,0.220699,0.079474,0.000000,0.298558
650.641816,0.227396,0.089175,0.000000,0.314994
650.809375,0.232895,0.100612,0.000000,0.331969
650.976933,0.236973,0.114129,0.000000,0.349605
651.144492,0.239466,0.130107,0.000000,0.368117
651.312050,0.240272,0.148940,0.000000,0.387802
651.479609,0.239366,0.171000,0.000000,0.409005
651.647167,0.236794,0.196572,0.000000,0.432058
651.814726,0.232672,0.225769,0.000000,0.457191
651.982284,0.227173,0.258437,0.000000,0.484422
652.149843,0.220512,0.294050,0.000000,0.513441
652.317401,0.212930,0.331634,0.000000,0.543513
652.484960,0.204677,0.369739,0.000000,0.573433
652.652518,0.195996,0.406478,0.000000,0.601557
652.820077,0.187110,0.439672,0.000000,0.625920
652.987635,0.178211,0.467066,0.000000,0.644458
653.155194,0.169458,0.486611,0.000000,0.655276
653.322753,0.160973,0.496754,0.000000,0.656937
653.490311,0.152841,0.496670,0.000000,0.648701
653.657870,0.145116,0.486395,0.000000,0.630661
653.825428,0.137828,0.466823,0.000000,0.603738
653.992987,0.130983,0.439559,0.000000,0.569551
654.160545,0.124576,0.406685,0.000000,0.530179
654.328104,0.118591,0.370463,0.000000,0.487875
654.495662,0.113008,0.333065,0.000000,0.444794
654.663221,0.107806,0.296350,0.000000,0.402781
654.830779,0.102966,0.261742,0.000000,0.363241
654.998338,0.098468,0.230182,0.000000,0.327100
655.165896,0.094298,0.202173,0.000000,0.294846
655.333455,0.090442,0.177851,0.000000,0.266603
655.501013,0.086888,0.157094,0.000000,0.242236
655.668572,0.083626,0.139614,0.000000,0.221447
655.836130,0.080644,0.125043,0.000000,0.203854
656.003689,0.077930,0.112990,0.000000,0.189052
656.171247,0.075469,0.103078,0.000000,0.176652
656.338806,0.073246,0.094968,0.000000,0.166293
656.506365,0.071238,0.088361,0.000000,0.157660
656.673923,0.069425,0.083004,0.000000,0.150472
656.841482,0.067779,0.078681,0.000000,0.144489
657.009040,0.066271,0.075210,0.000000,0.139499
657.176599,0.064871,0.072435,0.000000,0.135314
657.344157,0.063547,0.070223,0.000000,0.131771
657.511716,0.062268,0.068463,0.000000,0.128724
657.679274,0.061003,0.067055,0.000000,0.126045
657.846833,0.059724,0.065921,0.000000,0.123627
658.014391,0.058408,0.064995,0.000000,0.121379
658.181950,0.057035,0.064226,0.000000,0.119233
658.349508,0.055593,0.063583,0.000000,0.117142
658.517067,0.054073,0.063045,0.000000,0.115080
658.684625,0.052474,0.062609,0.000000,0.113040
658.852184,0.050800,0.062286,0.000000,0.111038
659.019742,0.049059,0.062095,0.000000,0.109102
659.187301,0.047265,0.062066,0.000000,0.107274
659.354860,0.045431,0.062233,0.000000,0.105604
659.522418,0.043576,0.062633,0.000000,0.104146
659.689977,0.041715,0.063305,0.000000,0.102954
659.857535,0.039866,0.064285,0.000000,0.102083
660.025094,0.038044,0.065605,0.000000,0.101579
660.192652,0.036262,0.067292,0.000000,0.101484
660.360211,0.034531,0.069368,0.000000,0.101831
660.527769,0.032861,0.071845,0.000000,0.102639
660.695328,0.031258,0.074722,0.000000,0.103916
660.862886,0.029726,0.077988,0.000000,0.105654
661.030445,0.028269,0.081613,0.000000,0.107827
661.198003,0.026886,0.085550,0.000000,0.110387
661.365562,0.025578,0.089732,0.000000,0.113268
661.533120,0.024343,0.094071,0.000000,0.116379
661.700679,0.023178,0.098460,0.000000,0.119611
661.868237,0.022082,0.102773,0.000000,0.122834
662.035796,0.021050,0.106874,0.000000,0.125910
662.203355,0.020079,0.110620,0.000000,0.128692
662.370913,0.019166,0.113874,0.000000,0.131038
662.538472,0.018306,0.116507,0.000000,0.132816
662.706030,0.017498,0.118414,0.000000,0.133917
662.873589,0.016736,0.119516,0.000000,0.134258
663.041147,0.016019,0.119770,0.000000,0.133794
663.208706,0.015342,0.119170,0.000000,0.132514
663.376264,0.014704,0.117744,0.000000,0.130446
663.543823,0.014101,0.115557,0.000000,0.127649
663.711381,0.013531,0.112698,0.000000,0.124212
663.878940,0.012992,0.109279,0.000000,0.120244
664.046498,0.012481,0.105421,0.000000,0.115865
664.214057,0.011997,0.101249,0.000000,0.111198
664.381615,0.011537,0.096883,0.000000,0.106362
664.549174,0.011101,0.092432,0.000000,0.101463
664.716732,0.010686,0.087990,0.000000,0.096596
664.884291,0.010291,0.083633,0.000000,0.091833
665.051849,0.009915,0.079419,0.000000,0.087232
665.219408,0.009557,0.075386,0.000000,0.082831
665.386967,0.009215,0.071561,0.000000,0.078654
665.554525,0.008889,0.067955,0.000000,0.074713
665.722084,0.008576,0.064571,0.000000,0.071008
665.889642,0.008278,0.061405,0.000000,0.067536
666.057201,0.007992,0.058448,0.000000,0.064286
666.224759,0.007719,0.055691,0.000000,0.061247
666.392318,0.007456,0.053122,0.000000,0.058410
666.559876,0.007205,0.050732,0.000000,0.055762
666.727435,0.006963,0.048512,0.000000,0.053295
666.894993,0.006731,0.046455,0.000000,0.051000
667.062552,0.006508,0.044553,0.000000,0.048871
667.230110,0.006293,0.042802,0.000000,0.046900
667.397669,0.006087,0.041196,0.000000,0.045083
667.565227,0.005888,0.039729,0.000000,0.043413
667.732786,0.005696,0.038394,0.000000,0.041884
667.900344,0.005511,0.037185,0.000000,0.040487
668.067903,0.005333,0.036093,0.000000,0.039213
668.235462,0.005161,0.035107,0.000000,0.038052
668.403020,0.004995,0.034216,0.000000,0.036992
668.570579,0.004834,0.033406,0.000000,0.036020
668.738137,0.004679,0.032662,0.000000,0.035119
668.905696,0.004529,0.031970,0.000000,0.034275
669.073254,0.004383,0.031313,0.000000,0.033471
669.240813,0.004243,0.030676,0.000000,0.032691
669.408371,0.004107,0.030043,0.000000,0.031920
669.575930,0.003975,0.029401,0.000000,0.031145
669.743488,0.003847,0.028739,0.000000,0.030352
669.911047,0.003723,0.028047,0.000000,0.029535
670.078605,0.003603,0.027319,0.000000,0.028685
670.246164,0.003486,0.026552,0.000000,0.027799
670.413722,0.003373,0.025746,0.000000,0.026877
670.581281,0.003263,0.024903,0.000000,0.025922
670.748839,0.003156,0.024027,0.000000,0.024937
670.916398,0.003052,0.023126,0.000000,0.023930
671.083957,0.002951,0.022207,0.000000,0.022907
671.251515,0.002853,0.021278,0.000000,0.021878
671.419074,0.002757,0.020348,0.000000,0.020850
671.586632,0.002664,0.019425,0.000000,0.019832
671.754191,0.002574,0.018517,0.000000,0.018831
671.921749,0.002486,0.017630,0.000000,0.017854
672.089308,0.002400,0.016770,0.000000,0.016906
672.256866,0.002317,0.015941,0.000000,0.015991
672.424425,0.002235,0.015145,0.000000,0.015112
672.591983,0.002156,0.014386,0.000000,0.014271
672.759542,0.002078,0.013663,0.000000,0.013470
672.927100,0.002003,0.012979,0.000000,0.012708
673.094659,0.001929,0.012331,0.000000,0.011985
673.262217,0.001858,0.011720,0.000000,0.011300
673.429776,0.001788,0.011143,0.000000,0.010652
673.597334,0.001719,0.010601,0.000000,0.010040
673.764893,0.001652,0.010090,0.000000,0.009461
673.932452,0.001587,0.009610,0.000000,0.008915
674.100010,0.001524,0.009158,0.000000,0.008398
674.267569,0.001461,0.008733,0.000000,0.007909
674.435127,0.001401,0.008333,0.000000,0.007447
674.602686,0.001341,0.007956,0.000000,0.007010
674.770244,0.001283,0.007601,0.000000,0.006596
674.937803,0.001226,0.007266,0.000000,0.006203
675.105361,0.001171,0.006950,0.000000,0.005831
675.272920,0.001116,0.006652,0.000000,0.005477
675.440478,0.001063,0.006369,0.000000,0.005141
675.608037,0.001011,0.006102,0.000000,0.004821
675.775595,0.000960,0.005849,0.000000,0.004517
675.943154,0.000910,0.005609,0.000000,0.004226
676.110712,0.000861,0.005382,0.000000,0.003949
676.278271,0.000814,0.005165,0.000000,0.003684
676.445829,0.000767,0.004960,0.000000,0.003431
676.613388,0.000721,0.004764,0.000000,0.003189
676.780946,0.000676,0.004578,0.000000,0.002957
676.948505,0.000632,0.004400,0.000000,0.002735
677.116064,0.000589,0.004230,0.000000,0.002522
677.283622,0.000546,0.004068,0.000000,0.002317
677.451181,0.000505,0.003914,0.000000,0.002120
677.618739,0.000464,0.003766,0.000000,0.001931
677.786298,0.000424,0.003624,0.000000,0.001749
677.953856,0.000385,0.003488,0.000000,0.001574
678.121415,0.000347,0.003358,0.000000,0.001405
678.288973,0.000309,0.003233,0.000000,0.001242
678.456532,0.000272,0.003113,0.000000,0.001084
678.624090,0.000236,0.002998,0.000000,0.000933
678.791649,0.000200,0.002887,0.000000,0.000786
678.959207,0.000165,0.002780,0.000000,0.000644
679.126766,0.000131,0.002678,0.000000,0.000507
679.294324,0.000097,0.002579,0.000000,0.000374
679.461883,0.000064,0.002484,0.000000,0.000245
679.629441,0.000032,0.002392,0.000000,0.000121
679.797000,0.000000,0.002303,0.000000,0.000000
