E,dup,ddn,pup,pdn,octup,octdn,totup,totdn
-12.000000,0.159798,-0.000000,0.015837,-0.000000,0.011687,-0.011687,0.187321,-0.011687
-11.919732,0.149457,-0.000005,0.015713,-0.000000,0.012041,-0.012041,0.177211,-0.012047
-11.839465,0.138986,-0.000011,0.015398,-0.000001,0.012410,-0.012410,0.166794,-0.012421
-11.759197,0.128447,-0.000016,0.014938,-0.000001,0.012793,-0.012793,0.156179,-0.012810
-11.678930,0.118119,-0.000022,0.014404,-0.000001,0.013193,-0.013193,0.145716,-0.013216
-11.598662,0.108440,-0.000027,0.013878,-0.000001,0.013610,-0.013610,0.135928,-0.013639
-11.518395,0.099914,-0.000033,0.013445,-0.000002,0.014045,-0.014045,0.127404,-0.014079
-11.438127,0.093016,-0.000039,0.013181,-0.000002,0.014498,-0.014498,0.120695,-0.014539
-11.357860,0.088107,-0.000045,0.013139,-0.000002,0.014972,-0.014972,0.116218,-0.015019
-11.277592,0.085362,-0.000051,0.013346,-0.000002,0.015467,-0.015467,0.114176,-0.015520
-11.197324,0.084746,-0.000057,0.013797,-0.000003,0.015985,-0.015985,0.114529,-0.016045
-11.117057,0.086006,-0.000063,0.014454,-0.000003,0.016528,-0.016528,0.116989,-0.016594
-11.036789,0.088702,-0.000069,0.015254,-0.000003,0.017097,-0.017097,0.121052,-0.017169
-10.956522,0.092261,-0.000076,0.016110,-0.000004,0.017693,-0.017693,0.126064,-0.017772
-10.876254,0.096047,-0.000082,0.016931,-0.000004,0.018319,-0.018319,0.131297,-0.018405
-10.795987,0.099441,-0.000089,0.017625,-0.000004,0.018977,-0.018977,0.136043,-0.019070
-10.715719,0.101909,-0.000095,0.018115,-0.000005,0.019670,-0.019670,0.139695,-0.019770
-10.635452,0.103065,-0.000102,0.018350,-0.000005,0.020400,-0.020400,0.141815,-0.020507
-10.555184,0.102697,-0.000109,0.018305,-0.000005,0.021169,-0.021169,0.142171,-0.021284
-10.474916,0.100776,-0.000116,0.017988,-0.000006,0.021982,-0.021982,0.140746,-0.022104
-10.394649,0.097435,-0.000123,0.017434,-0.000006,0.022842,-0.022842,0.137711,-0.022971
-10.314381,0.092926,-0.000130,0.016699,-0.000006,0.023753,-0.023753,0.133377,-0.023889
-10.234114,0.087568,-0.000137,0.015850,-0.000007,0.024719,-0.024719,0.128136,-0.024864
-10.153846,0.081700,-0.000145,0.014955,-0.000007,0.025747,-0.025747,0.122402,-0.025899
-10.073579,0.075641,-0.000152,0.014079,-0.000008,0.026842,-0.026842,0.116562,-0.027002
-9.993311,0.069667,-0.000160,0.013273,-0.000008,0.028013,-0.028013,0.110952,-0.028181
-9.913043,0.063999,-0.000168,0.012578,-0.000008,0.029266,-0.029266,0.105844,-0.029442
-9.832776,0.058817,-0.000176,0.012018,-0.000009,0.030614,-0.030614,0.101449,-0.030799
-9.752508,0.054260,-0.000184,0.011606,-0.000009,0.032068,-0.032068,0.097935,-0.032262
-9.672241,0.050443,-0.000192,0.011349,-0.000009,0.033646,-0.033646,0.095438,-0.033847
-9.591973,0.047457,-0.000201,0.011243,-0.000010,0.035365,-0.035365,0.094065,-0.035576
-9.511706,0.045369,-0.000209,0.011284,-0.000010,0.037252,-0.037252,0.093905,-0.037471
-9.431438,0.044212,-0.000218,0.011463,-0.000011,0.039337,-0.039337,0.095012,-0.039566
-9.351171,0.043974,-0.000227,0.011769,-0.000011,0.041661,-0.041661,0.097404,-0.041899
-9.270903,0.044589,-0.000236,0.012190,-0.000012,0.044275,-0.044275,0.101053,-0.044522
-9.190635,0.045936,-0.000245,0.012710,-0.000012,0.047244,-0.047244,0.105889,-0.047501
-9.110368,0.047842,-0.000254,0.013312,-0.000013,0.050651,-0.050651,0.111805,-0.050918
-9.030100,0.050101,-0.000264,0.013981,-0.000013,0.054602,-0.054602,0.118684,-0.054879
-8.949833,0.052499,-0.000273,0.014701,-0.000013,0.059230,-0.059230,0.126429,-0.059517
-8.869565,0.054839,-0.000283,0.015460,-0.000014,0.064699,-0.064699,0.134998,-0.064996
-8.789298,0.056974,-0.000293,0.016253,-0.000014,0.071214,-0.071214,0.144442,-0.071522
-8.709030,0.058822,-0.000303,0.017083,-0.000015,0.079024,-0.079024,0.154929,-0.079342
-8.628763,0.060374,-0.000314,0.017958,-0.000015,0.088431,-0.088431,0.166762,-0.088760
-8.548495,0.061691,-0.000324,0.018892,-0.000016,0.099794,-0.099794,0.180377,-0.100134
-8.468227,0.062880,-0.000335,0.019906,-0.000017,0.113536,-0.113536,0.196323,-0.113888
-8.387960,0.064068,-0.000346,0.021020,-0.000017,0.130151,-0.130151,0.215239,-0.130514
-8.307692,0.065366,-0.000357,0.022252,-0.000018,0.150203,-0.150203,0.237821,-0.150577
-8.227425,0.066847,-0.000369,0.023617,-0.000018,0.174332,-0.174332,0.264796,-0.174718
-8.147157,0.068528,-0.000380,0.025124,-0.000019,0.203251,-0.203251,0.296904,-0.203650
-8.066890,0.070369,-0.000392,0.026778,-0.000019,0.237747,-0.237747,0.334895,-0.238159
-7.986622,0.072285,-0.000404,0.028582,-0.000020,0.278672,-0.278672,0.379539,-0.279096
-7.906355,0.074169,-0.000416,0.030540,-0.000021,0.326935,-0.326935,0.431643,-0.327372
-7.826087,0.075915,-0.000429,0.032659,-0.000021,0.383491,-0.383491,0.492065,-0.383941
-7.745819,0.077446,-0.000442,0.034955,-0.000022,0.449323,-0.449323,0.561724,-0.449787
-7.665552,0.078720,-0.000455,0.037452,-0.000022,0.525422,-0.525422,0.641594,-0.525899
-7.585284,0.079740,-0.000468,0.040182,-0.000023,0.612754,-0.612754,0.732676,-0.613245
-7.505017,0.080543,-0.000482,0.043192,-0.000024,0.712229,-0.712229,0.835964,-0.712734
-7.424749,0.081191,-0.000496,0.046544,-0.000024,0.824654,-0.824654,0.952389,-0.825174
-7.344482,0.081765,-0.000510,0.050319,-0.000025,0.950687,-0.950687,1.082771,-0.951222
-7.264214,0.082354,-0.000524,0.054636,-0.000026,1.090771,-1.090771,1.227761,-1.091321
-7.183946,0.083069,-0.000539,0.059658,-0.000027,1.245076,-1.245076,1.387803,-1.245641
-7.103679,0.084052,-0.000554,0.065623,-0.000027,1.413429,-1.413429,1.563104,-1.414010
-7.023411,0.085502,-0.000569,0.072861,-0.000028,1.595254,-1.595254,1.753617,-1.595851
-6.943144,0.087696,-0.000585,0.081822,-0.000029,1.789518,-1.789518,1.959036,-1.790132
-6.862876,0.091014,-0.000601,0.093100,-0.000030,1.994697,-1.994697,2.178811,-1.995327
-6.782609,0.095955,-0.000617,0.107448,-0.000031,2.208767,-2.208767,2.412170,-2.209415
-6.702341,0.103141,-0.000634,0.125789,-0.000031,2.429235,-2.429235,2.658165,-2.429900
-6.622074,0.113319,-0.000651,0.149206,-0.000032,2.653199,-2.653199,2.915724,-2.653882
-6.541806,0.127342,-0.000669,0.178915,-0.000033,2.877466,-2.877466,3.183723,-2.878168
-6.461538,0.146140,-0.000687,0.216210,-0.000034,3.098702,-3.098702,3.461052,-3.099423
-6.381271,0.170674,-0.000705,0.262375,-0.000035,3.313621,-3.313621,3.746670,-3.314361
-6.301003,0.201862,-0.000724,0.318554,-0.000036,3.519195,-3.519195,4.039611,-3.519955
-6.220736,0.240477,-0.000743,0.385583,-0.000037,3.712869,-3.712869,4.338929,-3.713649
-6.140468,0.287014,-0.000762,0.463778,-0.000038,3.892760,-3.892760,4.643551,-3.893560
-6.060201,0.341524,-0.000783,0.552705,-0.000039,4.057818,-4.057818,4.952047,-4.058639
-5.979933,0.403448,-0.000803,0.650960,-0.000040,4.207925,-4.207925,5.262333,-4.208768
-5.899666,0.471456,-0.000824,0.755994,-0.000041,4.343918,-4.343918,5.571368,-4.344783
-5.819398,0.543355,-0.000846,0.864049,-0.000042,4.467517,-4.467517,5.874921,-4.468404
-5.739130,0.616085,-0.000868,0.970244,-0.000043,4.581170,-4.581170,6.167499,-4.582080
-5.658863,0.685855,-0.000890,1.068851,-0.000044,4.687806,-4.687806,6.442512,-4.688740
-5.578595,0.748423,-0.000913,1.153758,-0.000045,4.790528,-4.790528,6.692709,-4.791487
-5.498328,0.799503,-0.000937,1.219096,-0.000046,4.892266,-4.892266,6.910865,-4.893249
-5.418060,0.835261,-0.000961,1.259924,-0.000048,4.995418,-4.995418,7.090602,-4.996426
-5.337793,0.852802,-0.000986,1.272882,-0.000049,5.101526,-5.101526,7.227210,-5.102561
-5.257525,0.850583,-0.001011,1.256682,-0.000050,5.211014,-5.211014,7.318279,-5.212076
-5.177258,0.828651,-0.001038,1.212331,-0.000051,5.323012,-5.323012,7.363994,-5.324101
-5.096990,0.788662,-0.001064,1.143055,-0.000053,5.435297,-5.435297,7.367015,-5.436414
-5.016722,0.733679,-0.001092,1.053903,-0.000054,5.544358,-5.544358,7.331940,-5.545504
-4.936455,0.667775,-0.001120,0.951133,-0.000055,5.645574,-5.645574,7.264482,-5.646750
-4.856187,0.595530,-0.001149,0.841469,-0.000057,5.733505,-5.733505,7.170504,-5.734711
-4.775920,0.521506,-0.001179,0.731378,-0.000058,5.802258,-5.802258,7.055142,-5.803496
-4.695652,0.449795,-0.001210,0.626481,-0.000060,5.845905,-5.845905,6.922182,-5.847175
-4.615385,0.383709,-0.001241,0.531165,-0.000061,5.858914,-5.858914,6.773788,-5.860216
-4.535117,0.325626,-0.001273,0.448446,-0.000063,5.836555,-5.836555,6.610627,-5.837891
-4.454849,0.277006,-0.001306,0.380052,-0.000065,5.775252,-5.775252,6.432310,-5.776623
-4.374582,0.238538,-0.001340,0.326664,-0.000066,5.672846,-5.672846,6.238048,-5.674253
-4.294314,0.210354,-0.001375,0.288259,-0.000068,5.528763,-5.528763,6.027376,-5.530206
-4.214047,0.192275,-0.001412,0.264463,-0.000070,5.344061,-5.344061,5.800798,-5.345542
-4.133779,0.184025,-0.001449,0.254855,-0.000072,5.121379,-5.121379,5.560260,-5.122900
-4.053512,0.185393,-0.001487,0.259183,-0.000074,4.864776,-4.864776,5.309352,-4.866336
-3.973244,0.196303,-0.001526,0.277445,-0.000076,4.579489,-4.579489,5.053237,-4.581091
-3.892977,0.216795,-0.001567,0.309841,-0.000078,4.271639,-4.271639,4.798275,-4.273283
-3.812709,0.246924,-0.001608,0.356595,-0.000080,3.947892,-3.947892,4.551411,-3.949580
-3.732441,0.286578,-0.001651,0.417671,-0.000082,3.615119,-3.615119,4.319368,-3.616852
-3.652174,0.335260,-0.001695,0.492427,-0.000084,3.280065,-3.280065,4.107752,-3.281844
-3.571906,0.391869,-0.001741,0.579265,-0.000086,2.949064,-2.949064,3.920198,-2.950891
-3.491639,0.454524,-0.001788,0.675362,-0.000088,2.627791,-2.627791,3.757677,-2.629668
-3.411371,0.520489,-0.001837,0.776550,-0.000091,2.321089,-2.321089,3.618128,-2.323017
-3.331104,0.586240,-0.001887,0.877412,-0.000093,2.032850,-2.032850,3.496503,-2.034831
-3.250836,0.647692,-0.001939,0.971634,-0.000096,1.765970,-1.765970,3.385295,-1.768004
-3.170569,0.700566,-0.001992,1.052583,-0.000099,1.522350,-1.522350,3.275499,-1.524441
-3.090301,0.740871,-0.002047,1.114049,-0.000101,1.302965,-1.302965,3.157885,-1.305113
-3.010033,0.765401,-0.002104,1.151027,-0.000104,1.107953,-1.107953,3.024381,-1.110162
-2.929766,0.772171,-0.002163,1.160396,-0.000107,0.936746,-0.936746,2.869312,-0.939016
-2.849498,0.760708,-0.002224,1.141368,-0.000110,0.788205,-0.788205,2.690280,-0.790539
-2.769231,0.732129,-0.002287,1.095610,-0.000113,0.660766,-0.660766,2.488505,-0.663167
-2.688963,0.689003,-0.002353,1.027017,-0.000116,0.552579,-0.552579,2.268598,-0.555048
-2.608696,0.635011,-0.002421,0.941180,-0.000120,0.461632,-0.461632,2.037824,-0.464172
-2.528428,0.574494,-0.002491,0.844665,-0.000123,0.385862,-0.385862,1.805021,-0.388476
-2.448161,0.511946,-0.002563,0.744224,-0.000127,0.323240,-0.323240,1.579410,-0.325930
-2.367893,0.451560,-0.002639,0.646088,-0.000131,0.271842,-0.271842,1.369489,-0.274611
-2.287625,0.396879,-0.002717,0.555431,-0.000134,0.229894,-0.229894,1.182204,-0.232746
-2.207358,0.350584,-0.002798,0.476062,-0.000138,0.195804,-0.195804,1.022449,-0.198740
-2.127090,0.314407,-0.002882,0.410337,-0.000143,0.168169,-0.168169,0.892913,-0.171194
-2.046823,0.289163,-0.002970,0.359246,-0.000147,0.145785,-0.145785,0.794194,-0.148902
-1.966555,0.274832,-0.003061,0.322615,-0.000151,0.127631,-0.127631,0.725078,-0.130844
-1.886288,0.270681,-0.003156,0.299345,-0.000156,0.112860,-0.112860,0.682886,-0.116172
-1.806020,0.275382,-0.003254,0.287660,-0.000161,0.100777,-0.100777,0.663820,-0.104192
-1.725753,0.287128,-0.003357,0.285315,-0.000166,0.090820,-0.090820,0.663263,-0.094343
-1.645485,0.303747,-0.003464,0.289779,-0.000171,0.082542,-0.082542,0.676068,-0.086177
-1.565217,0.322843,-0.003576,0.298393,-0.000177,0.075588,-0.075588,0.696825,-0.079340
-1.484950,0.341949,-0.003692,0.308536,-0.000182,0.069682,-0.069682,0.720167,-0.073556
-1.404682,0.358720,-0.003813,0.317779,-0.000188,0.064608,-0.064608,0.741106,-0.068610
-1.324415,0.371139,-0.003940,0.324054,-0.000195,0.060200,-0.060200,0.755393,-0.064334
-1.244147,0.377714,-0.004073,0.325808,-0.000201,0.056328,-0.056328,0.759851,-0.060602
-1.163880,0.377633,-0.004211,0.322111,-0.000208,0.052895,-0.052895,0.752639,-0.057314
-1.083612,0.370855,-0.004356,0.312713,-0.000215,0.049823,-0.049823,0.733391,-0.054394
-1.003344,0.358106,-0.004508,0.298028,-0.000223,0.047052,-0.047052,0.703187,-0.051783
-0.923077,0.340794,-0.004668,0.279036,-0.000231,0.044537,-0.044537,0.664367,-0.049435
-0.842809,0.320838,-0.004835,0.257132,-0.000239,0.042240,-0.042240,0.620210,-0.047314
-0.762542,0.300462,-0.005010,0.233935,-0.000247,0.040132,-0.040132,0.574529,-0.045390
-0.682274,0.281964,-0.005195,0.211096,-0.000256,0.038190,-0.038190,0.531249,-0.043641
-0.602007,0.267499,-0.005389,0.190124,-0.000266,0.036392,-0.036392,0.494015,-0.042047
-0.521739,0.258897,-0.005593,0.172256,-0.000276,0.034724,-0.034724,0.465877,-0.040593
-0.441472,0.257515,-0.005808,0.158372,-0.000287,0.033171,-0.033171,0.449059,-0.039266
-0.361204,0.264129,-0.006035,0.148960,-0.000298,0.031722,-0.031722,0.444811,-0.038055
-0.280936,0.278855,-0.006275,0.144112,-0.000309,0.030367,-0.030367,0.453334,-0.036952
-0.200669,0.301113,-0.006528,0.143547,-0.000322,0.029098,-0.029098,0.473758,-0.035948
-0.120401,0.329615,-0.006797,0.146661,-0.000335,0.027906,-0.027906,0.504181,-0.035037
-0.040134,0.362415,-0.007081,0.152571,-0.000349,0.026785,-0.026785,0.541771,-0.034215
0.040134,0.397016,-0.007382,0.160199,-0.000364,0.025729,-0.025729,0.582944,-0.033475
0.120401,0.430559,-0.007702,0.168348,-0.000379,0.024733,-0.024733,0.623639,-0.032815
0.200669,0.460069,-0.008043,0.175807,-0.000396,0.023792,-0.023792,0.659668,-0.032231
0.280936,0.482761,-0.008406,0.181460,-0.000414,0.022902,-0.022902,0.687124,-0.031722
0.361204,0.496343,-0.008793,0.184394,-0.000433,0.022059,-0.022059,0.702797,-0.031285
0.441472,0.499284,-0.009206,0.183985,-0.000453,0.021260,-0.021260,0.704530,-0.030919
0.521739,0.490993,-0.009648,0.179957,-0.000475,0.020502,-0.020502,0.691452,-0.030625
0.602007,0.471869,-0.010123,0.172396,-0.000498,0.019781,-0.019781,0.664046,-0.030401
0.682274,0.443225,-0.010632,0.161716,-0.000523,0.019095,-0.019095,0.624036,-0.030250
0.762542,0.407086,-0.011180,0.148587,-0.000549,0.018443,-0.018443,0.574115,-0.030172
0.842809,0.365906,-0.011771,0.133835,-0.000578,0.017821,-0.017821,0.517562,-0.030170
0.923077,0.322261,-0.012409,0.118331,-0.000609,0.017228,-0.017228,0.457819,-0.030246
1.003344,0.278556,-0.013101,0.102889,-0.000643,0.016661,-0.016661,0.398106,-0.030405
1.083612,0.236808,-0.013852,0.088190,-0.000680,0.016120,-0.016120,0.341118,-0.030652
1.163880,0.198511,-0.014670,0.074735,-0.000719,0.015603,-0.015603,0.288848,-0.030992
1.244147,0.164593,-0.015563,0.062831,-0.000763,0.015108,-0.015108,0.242532,-0.031433
1.324415,0.135463,-0.016541,0.052609,-0.000810,0.014634,-0.014634,0.202706,-0.031985
1.404682,0.111097,-0.017615,0.044049,-0.000863,0.014180,-0.014180,0.169326,-0.032658
1.484950,0.091163,-0.018801,0.037029,-0.000920,0.013744,-0.013744,0.141936,-0.033466
1.565217,0.075141,-0.020114,0.031363,-0.000984,0.013326,-0.013326,0.119831,-0.034425
1.645485,0.062428,-0.021576,0.026842,-0.001055,0.012925,-0.012925,0.102195,-0.035556
1.725753,0.052421,-0.023210,0.023252,-0.001134,0.012540,-0.012540,0.088213,-0.036885
1.806020,0.044564,-0.025049,0.020404,-0.001224,0.012170,-0.012170,0.077137,-0.038443
1.886288,0.038381,-0.027132,0.018131,-0.001325,0.011813,-0.011813,0.068326,-0.040270
1.966555,0.033482,-0.029511,0.016301,-0.001441,0.011471,-0.011471,0.061254,-0.042422
2.046823,0.029558,-0.032254,0.014808,-0.001574,0.011141,-0.011141,0.055507,-0.044969
2.127090,0.026375,-0.035457,0.013572,-0.001731,0.010823,-0.010823,0.050769,-0.048010
2.207358,0.023753,-0.039252,0.012531,-0.001916,0.010516,-0.010516,0.046801,-0.051684
2.287625,0.021563,-0.043831,0.011643,-0.002141,0.010221,-0.010221,0.043427,-0.056193
2.367893,0.019708,-0.049479,0.010872,-0.002419,0.009936,-0.009936,0.040516,-0.061834
2.448161,0.018116,-0.056613,0.010197,-0.002772,0.009660,-0.009660,0.037973,-0.069046
2.528428,0.016734,-0.065857,0.009598,-0.003232,0.009395,-0.009395,0.035726,-0.078484
2.608696,0.015522,-0.078124,0.009061,-0.003844,0.009138,-0.009138,0.033722,-0.091107
2.688963,0.014451,-0.094730,0.008577,-0.004675,0.008890,-0.008890,0.031919,-0.108295
2.769231,0.013497,-0.117518,0.008138,-0.005817,0.008650,-0.008650,0.030286,-0.131985
2.849498,0.012642,-0.148981,0.007736,-0.007391,0.008418,-0.008418,0.028797,-0.164791
2.929766,0.011871,-0.192346,0.007368,-0.009555,0.008194,-0.008194,0.027433,-0.210095
3.010033,0.011172,-0.251566,0.007028,-0.012496,0.007977,-0.007977,0.026177,-0.272039
3.090301,0.010536,-0.331176,0.006713,-0.016426,0.007766,-0.007766,0.025016,-0.355368
3.170569,0.009955,-0.435930,0.006421,-0.021560,0.007563,-0.007563,0.023939,-0.465052
3.250836,0.009422,-0.570204,0.006149,-0.028086,0.007365,-0.007365,0.022936,-0.605655
3.331104,0.008931,-0.737157,0.005894,-0.036124,0.007174,-0.007174,0.021999,-0.780455
3.411371,0.008478,-0.937725,0.005656,-0.045682,0.006988,-0.006988,0.021122,-0.990396
3.491639,0.008058,-1.169614,0.005432,-0.056609,0.006808,-0.006808,0.020298,-1.233031
3.571906,0.007668,-1.426493,0.005221,-0.068563,0.006633,-0.006633,0.019523,-1.501690
3.652174,0.007306,-1.697655,0.005023,-0.081006,0.006464,-0.006464,0.018792,-1.785125
3.732441,0.006967,-1.968356,0.004835,-0.093227,0.006299,-0.006299,0.018101,-2.067882
3.812709,0.006651,-2.220946,0.004657,-0.104405,0.006139,-0.006139,0.017448,-2.331489
3.892977,0.006355,-2.436737,0.004489,-0.113699,0.005984,-0.005984,0.016828,-2.556420
3.973244,0.006077,-2.598378,0.004329,-0.120364,0.005833,-0.005833,0.016239,-2.724575
4.053512,0.005816,-2.692320,0.004177,-0.123858,0.005686,-0.005686,0.015679,-2.821864
4.133779,0.005570,-2.710913,0.004032,-0.123930,0.005543,-0.005543,0.015145,-2.840386
4.214047,0.005338,-2.653690,0.003894,-0.120668,0.005405,-0.005405,0.014637,-2.779763
4.294314,0.005119,-2.527558,0.003763,-0.114494,0.005269,-0.005269,0.014151,-2.647322
4.374582,0.004911,-2.345844,0.003637,-0.106105,0.005138,-0.005138,0.013687,-2.457088
4.454849,0.004715,-2.126387,0.003517,-0.096381,0.005010,-0.005010,0.013242,-2.227778
4.535117,0.004529,-1.889052,0.003402,-0.086262,0.004886,-0.004886,0.012817,-1.980199
4.615385,0.004352,-1.653134,0.003292,-0.076631,0.004764,-0.004764,0.012408,-1.734530
4.695652,0.004184,-1.435103,0.003186,-0.068212,0.004646,-0.004646,0.012017,-1.507961
4.775920,0.004025,-1.246983,0.003085,-0.061499,0.004531,-0.004531,0.011640,-1.313013
4.856187,0.003872,-1.095564,0.002988,-0.056720,0.004419,-0.004419,0.011279,-1.156703
4.936455,0.003727,-0.982393,0.002894,-0.053841,0.004309,-0.004309,0.010930,-1.040544
5.016722,0.003589,-0.904448,0.002804,-0.052603,0.004203,-0.004203,0.010595,-0.961254
5.096990,0.003456,-0.855263,0.002717,-0.052575,0.004099,-0.004099,0.010272,-0.911937
5.177258,0.003330,-0.826307,0.002634,-0.053227,0.003997,-0.003997,0.009961,-0.883530
5.257525,0.003209,-0.808380,0.002553,-0.054006,0.003898,-0.003898,0.009660,-0.866284
5.337793,0.003093,-0.792886,0.002476,-0.054410,0.003802,-0.003802,0.009370,-0.851097
5.418060,0.002982,-0.772822,0.002401,-0.054044,0.003707,-0.003707,0.009090,-0.830573
5.498328,0.002875,-0.743417,0.002329,-0.052661,0.003615,-0.003615,0.008819,-0.799693
5.578595,0.002773,-0.702383,0.002259,-0.050177,0.003525,-0.003525,0.008557,-0.756085
5.658863,0.002675,-0.649779,0.002191,-0.046664,0.003438,-0.003438,0.008304,-0.699881
5.739130,0.002581,-0.587584,0.002126,-0.042320,0.003352,-0.003352,0.008059,-0.633256
5.819398,0.002490,-0.519056,0.002063,-0.037422,0.003268,-0.003268,0.007821,-0.559747
5.899666,0.002402,-0.448033,0.002002,-0.032283,0.003186,-0.003186,0.007591,-0.483502
5.979933,0.002318,-0.378274,0.001943,-0.027201,0.003106,-0.003106,0.007368,-0.408580
6.060201,0.002237,-0.312960,0.001886,-0.022423,0.003028,-0.003028,0.007151,-0.338412
6.140468,0.002159,-0.254387,0.001830,-0.018131,0.002952,-0.002952,0.006941,-0.275470
6.220736,0.002084,-0.203864,0.001776,-0.014427,0.002877,-0.002877,0.006737,-0.221168
6.301003,0.002012,-0.161785,0.001724,-0.011344,0.002804,-0.002804,0.006539,-0.175933
6.381271,0.001942,-0.127813,0.001673,-0.008860,0.002732,-0.002732,0.006347,-0.139405
6.461538,0.001874,-0.101113,0.001624,-0.006913,0.002662,-0.002662,0.006160,-0.110687
6.541806,0.001808,-0.080586,0.001576,-0.005422,0.002594,-0.002594,0.005978,-0.088602
6.622074,0.001745,-0.065065,0.001530,-0.004301,0.002526,-0.002526,0.005801,-0.071893
6.702341,0.001684,-0.053445,0.001485,-0.003469,0.002461,-0.002461,0.005630,-0.059375
6.782609,0.001625,-0.044771,0.001441,-0.002853,0.002397,-0.002397,0.005462,-0.050021
6.862876,0.001568,-0.038264,0.001398,-0.002396,0.002334,-0.002334,0.005299,-0.042993
6.943144,0.001512,-0.033321,0.001356,-0.002054,0.002272,-0.002272,0.005141,-0.037647
7.023411,0.001459,-0.029498,0.001316,-0.001793,0.002212,-0.002212,0.004987,-0.033502
7.103679,0.001407,-0.026473,0.001277,-0.001589,0.002153,-0.002153,0.004836,-0.030215
7.183946,0.001356,-0.024022,0.001239,-0.001427,0.002095,-0.002095,0.004690,-0.027543
7.264214,0.001308,-0.021990,0.001201,-0.001294,0.002038,-0.002038,0.004547,-0.025321
7.344482,0.001260,-0.020270,0.001165,-0.001183,0.001982,-0.001982,0.004408,-0.023435
7.424749,0.001214,-0.018789,0.001130,-0.001088,0.001928,-0.001928,0.004272,-0.021805
7.505017,0.001170,-0.017496,0.001095,-0.001006,0.001874,-0.001874,0.004139,-0.020377
7.585284,0.001127,-0.016355,0.001061,-0.000935,0.001822,-0.001822,0.004010,-0.019111
7.665552,0.001085,-0.015338,0.001029,-0.000871,0.001771,-0.001771,0.003884,-0.017980
7.745819,0.001044,-0.014425,0.000997,-0.000815,0.001720,-0.001720,0.003761,-0.016960
7.826087,0.001004,-0.013600,0.000965,-0.000764,0.001671,-0.001671,0.003641,-0.016035
7.906355,0.000966,-0.012852,0.000935,-0.000719,0.001622,-0.001622,0.003523,-0.015193
7.986622,0.000929,-0.012170,0.000905,-0.000677,0.001575,-0.001575,0.003409,-0.014422
8.066890,0.000892,-0.011546,0.000876,-0.000639,0.001528,-0.001528,0.003297,-0.013714
8.147157,0.000857,-0.010974,0.000848,-0.000605,0.001482,-0.001482,0.003187,-0.013061
8.227425,0.000823,-0.010446,0.000820,-0.000573,0.001437,-0.001437,0.003080,-0.012457
8.307692,0.000789,-0.009959,0.000793,-0.000544,0.001393,-0.001393,0.002976,-0.011896
8.387960,0.000757,-0.009509,0.000767,-0.000517,0.001350,-0.001350,0.002874,-0.011375
8.468227,0.000725,-0.009091,0.000741,-0.000492,0.001307,-0.001307,0.002774,-0.010890
8.548495,0.000695,-0.008702,0.000716,-0.000469,0.001266,-0.001266,0.002676,-0.010437
8.628763,0.000665,-0.008341,0.000691,-0.000447,0.001225,-0.001225,0.002581,-0.010012
8.709030,0.000636,-0.008003,0.000667,-0.000427,0.001185,-0.001185,0.002487,-0.009615
8.789298,0.000608,-0.007688,0.000643,-0.000408,0.001145,-0.001145,0.002396,-0.009241
8.869565,0.000580,-0.007393,0.000620,-0.000391,0.001106,-0.001106,0.002306,-0.008890
8.949833,0.000554,-0.007117,0.000597,-0.000374,0.001068,-0.001068,0.002219,-0.008559
9.030100,0.000528,-0.006858,0.000575,-0.000359,0.001031,-0.001031,0.002133,-0.008248
9.110368,0.000502,-0.006615,0.000554,-0.000344,0.000994,-0.000994,0.002050,-0.007953
9.190635,0.000478,-0.006387,0.000532,-0.000331,0.000957,-0.000957,0.001968,-0.007675
9.270903,0.000454,-0.006172,0.000512,-0.000318,0.000922,-0.000922,0.001887,-0.007412
9.351171,0.000431,-0.005970,0.000491,-0.000306,0.000887,-0.000887,0.001809,-0.007163
9.431438,0.000408,-0.005779,0.000471,-0.000294,0.000853,-0.000853,0.001732,-0.006926
9.511706,0.000386,-0.005600,0.000452,-0.000284,0.000819,-0.000819,0.001657,-0.006702
9.591973,0.000365,-0.005431,0.000433,-0.000273,0.000785,-0.000785,0.001583,-0.006490
9.672241,0.000344,-0.005272,0.000414,-0.000264,0.000753,-0.000753,0.001511,-0.006288
9.752508,0.000324,-0.005121,0.000396,-0.000254,0.000721,-0.000721,0.001440,-0.006096
9.832776,0.000304,-0.004980,0.000378,-0.000246,0.000689,-0.000689,0.001371,-0.005914
9.913043,0.000286,-0.004846,0.000360,-0.000237,0.000658,-0.000658,0.001303,-0.005741
9.993311,0.000267,-0.004720,0.000343,-0.000230,0.000627,-0.000627,0.001237,-0.005577
10.073579,0.000249,-0.004601,0.000326,-0.000222,0.000597,-0.000597,0.001172,-0.005420
10.153846,0.000232,-0.004489,0.000309,-0.000215,0.000568,-0.000568,0.001109,-0.005272
10.234114,0.000215,-0.004384,0.000293,-0.000208,0.000539,-0.000539,0.001047,-0.005131
10.314381,0.000199,-0.004285,0.000277,-0.000202,0.000510,-0.000510,0.000986,-0.004996
10.394649,0.000184,-0.004192,0.000261,-0.000195,0.000482,-0.000482,0.000926,-0.004869
10.474916,0.000169,-0.004105,0.000246,-0.000189,0.000454,-0.000454,0.000868,-0.004748
10.555184,0.000154,-0.004023,0.000230,-0.000184,0.000427,-0.000427,0.000811,-0.004634
10.635452,0.000140,-0.003947,0.000216,-0.000178,0.000400,-0.000400,0.000756,-0.004525
10.715719,0.000127,-0.003876,0.000201,-0.000173,0.000373,-0.000373,0.000701,-0.004423
10.795987,0.000114,-0.003810,0.000187,-0.000168,0.000347,-0.000347,0.000648,-0.004326
10.876254,0.000102,-0.003749,0.000173,-0.000164,0.000322,-0.000322,0.000596,-0.004235
10.956522,0.000090,-0.003694,0.000159,-0.000159,0.000296,-0.000296,0.000545,-0.004149
11.036789,0.000079,-0.003643,0.000145,-0.000155,0.000271,-0.000271,0.000496,-0.004069
11.117057,0.000069,-0.003596,0.000132,-0.000151,0.000247,-0.000247,0.000447,-0.003994
11.197324,0.000059,-0.003555,0.000119,-0.000147,0.000223,-0.000223,0.000400,-0.003925
11.277592,0.000050,-0.003518,0.000106,-0.000143,0.000199,-0.000199,0.000354,-0.003860
11.357860,0.000041,-0.003487,0.000093,-0.000139,0.000175,-0.000175,0.000310,-0.003801
11.438127,0.000033,-0.003460,0.000081,-0.000136,0.000152,-0.000152,0.000267,-0.003748
11.518395,0.000026,-0.003438,0.000069,-0.000133,0.000130,-0.000130,0.000224,-0.003700
11.598662,0.000019,-0.003421,0.000057,-0.000130,0.000107,-0.000107,0.000184,-0.003657
11.678930,0.000014,-0.003409,0.000045,-0.000127,0.000085,-0.000085,0.000144,-0.003621
11.759197,0.000009,-0.003402,0.000034,-0.000124,0.000063,-0.000063,0.000106,-0.003590
11.839465,0.000005,-0.003402,0.000022,-0.000121,0.000042,-0.000042,0.000069,-0.003565
11.919732,0.000002,-0.003407,0.000011,-0.000118,0.000021,-0.000021,0.000034,-0.003546
12.000000,0.000000,-0.003418,0.000000,-0.000116,0.000000,-0.000000,0.000000,-0.003534
