630.000000 0.013523
630.100000 0.013727
630.200000 0.013935
630.300000 0.014149
630.400000 0.014367
630.500000 0.014591
630.600000 0.014820
630.700000 0.015055
630.800000 0.015296
630.900000 0.015543
631.000000 0.015797
631.100000 0.016056
631.200000 0.016323
631.300000 0.016597
631.400000 0.016878
631.500000 0.017166
631.600000 0.017463
631.700000 0.017767
631.800000 0.018081
631.900000 0.018402
632.000000 0.018734
632.100000 0.019074
632.200000 0.019425
632.300000 0.019786
632.400000 0.020158
632.500000 0.020541
632.600000 0.020935
632.700000 0.021342
632.800000 0.021762
632.900000 0.022195
633.000000 0.022642
633.100000 0.023103
633.200000 0.023580
633.300000 0.024072
633.400000 0.024582
633.500000 0.025108
633.600000 0.025653
633.700000 0.026218
633.800000 0.026802
633.900000 0.027408
634.000000 0.028035
634.100000 0.028687
634.200000 0.029363
634.300000 0.030065
634.400000 0.030794
634.500000 0.031552
634.600000 0.032341
634.700000 0.033162
634.800000 0.034017
634.900000 0.034908
635.000000 0.035837
635.100000 0.036807
635.200000 0.037820
635.300000 0.038879
635.400000 0.039986
635.500000 0.041144
635.600000 0.042358
635.700000 0.043631
635.800000 0.044967
635.900000 0.046369
636.000000 0.047844
636.100000 0.049395
636.200000 0.051029
636.300000 0.052752
636.400000 0.054571
636.500000 0.056492
636.600000 0.058525
636.700000 0.060678
636.800000 0.062961
636.900000 0.065385
637.000000 0.067962
637.100000 0.070706
637.200000 0.073632
637.300000 0.076756
637.400000 0.080097
637.500000 0.083677
637.600000 0.087518
637.700000 0.091647
637.800000 0.096093
637.900000 0.100891
638.000000 0.106078
638.100000 0.111697
638.200000 0.117795
638.300000 0.124429
638.400000 0.131661
638.500000 0.139560
638.600000 0.148206
638.700000 0.157689
638.800000 0.168110
638.900000 0.179580
639.000000 0.192225
639.100000 0.206180
639.200000 0.221594
639.300000 0.238625
639.400000 0.257438
639.500000 0.278203
639.600000 0.301084
639.700000 0.326239
639.800000 0.353803
639.900000 0.383881
640.000000 0.416532
640.100000 0.451754
640.200000 0.489469
640.300000 0.529509
640.400000 0.571597
640.500000 0.615342
640.600000 0.660232
640.700000 0.705632
640.800000 0.750791
640.900000 0.794864
641.000000 0.836931
641.100000 0.876032
641.200000 0.911207
641.300000 0.941537
641.400000 0.966192
641.500000 0.984474
641.600000 0.995854
641.700000 1.000000
641.800000 0.996802
641.900000 0.986374
642.000000 0.969047
642.100000 0.945353
642.200000 0.915993
642.300000 0.881799
642.400000 0.843692
642.500000 0.802635
642.600000 0.759589
642.700000 0.715478
642.800000 0.671150
642.900000 0.627357
643.000000 0.584738
643.100000 0.543808
643.200000 0.504963
643.300000 0.468479
643.400000 0.434531
643.500000 0.403200
643.600000 0.374489
643.700000 0.348345
643.800000 0.324665
643.900000 0.303318
644.000000 0.284149
644.100000 0.266994
644.200000 0.251689
644.300000 0.238068
644.400000 0.225975
644.500000 0.215261
644.600000 0.205791
644.700000 0.197437
644.800000 0.190085
644.900000 0.183631
645.000000 0.177980
645.100000 0.173047
645.200000 0.168756
645.300000 0.165035
645.400000 0.161822
645.500000 0.159059
645.600000 0.156693
645.700000 0.154677
645.800000 0.152966
645.900000 0.151522
646.000000 0.150309
646.100000 0.149297
646.200000 0.148457
646.300000 0.147766
646.400000 0.147205
646.500000 0.146759
646.600000 0.146417
646.700000 0.146171
646.800000 0.146017
646.900000 0.145957
647.000000 0.145994
647.100000 0.146135
647.200000 0.146389
647.300000 0.146771
647.400000 0.147293
647.500000 0.147972
647.600000 0.148825
647.700000 0.149870
647.800000 0.151127
647.900000 0.152613
648.000000 0.154348
648.100000 0.156350
648.200000 0.158637
648.300000 0.161226
648.400000 0.164134
648.500000 0.167374
648.600000 0.170960
648.700000 0.174905
648.800000 0.179217
648.900000 0.183905
649.000000 0.188975
649.100000 0.194428
649.200000 0.200264
649.300000 0.206479
649.400000 0.213068
649.500000 0.220019
649.600000 0.227318
649.700000 0.234950
649.800000 0.242895
649.900000 0.251132
650.000000 0.259637
650.100000 0.268387
650.200000 0.277361
650.300000 0.286540
650.400000 0.295907
650.500000 0.305452
650.600000 0.315174
650.700000 0.325080
650.800000 0.335185
650.900000 0.345519
651.000000 0.356122
651.100000 0.367046
651.200000 0.378354
651.300000 0.390114
651.400000 0.402402
651.500000 0.415292
651.600000 0.428851
651.700000 0.443131
651.800000 0.458163
651.900000 0.473946
652.000000 0.490439
652.100000 0.507552
652.200000 0.525141
652.300000 0.543002
652.400000 0.560870
652.500000 0.578422
652.600000 0.595287
652.700000 0.611052
652.800000 0.625281
652.900000 0.637535
653.000000 0.647391
653.100000 0.654464
653.200000 0.658432
653.300000 0.659053
653.400000 0.656178
653.500000 0.649766
653.600000 0.639883
653.700000 0.626702
653.800000 0.610493
653.900000 0.591606
654.000000 0.570459
654.100000 0.547508
654.200000 0.523233
654.300000 0.498110
654.400000 0.472597
654.500000 0.447113
654.600000 0.422030
654.700000 0.397662
654.800000 0.374264
654.900000 0.352028
655.000000 0.331091
655.100000 0.311536
655.200000 0.293399
655.300000 0.276682
655.400000 0.261353
655.500000 0.247360
655.600000 0.234633
655.700000 0.223095
655.800000 0.212660
655.900000 0.203242
656.000000 0.194757
656.100000 0.187123
656.200000 0.180262
656.300000 0.174102
656.400000 0.168575
656.500000 0.163620
656.600000 0.159179
656.700000 0.155199
656.800000 0.151633
656.900000 0.148434
657.000000 0.145562
657.100000 0.142977
657.200000 0.140645
657.300000 0.138531
657.400000 0.136605
657.500000 0.134839
657.600000 0.133205
657.700000 0.131680
657.800000 0.130243
657.900000 0.128874
658.000000 0.127556
658.100000 0.126275
658.200000 0.125021
658.300000 0.123784
658.400000 0.122559
658.500000 0.121343
658.600000 0.120134
658.700000 0.118935
658.800000 0.117749
658.900000 0.116583
659.000000 0.115444
659.100000 0.114340
659.200000 0.113284
659.300000 0.112284
659.400000 0.111352
659.500000 0.110501
659.600000 0.109742
659.700000 0.109086
659.800000 0.108544
659.900000 0.108127
660.000000 0.107844
660.100000 0.107704
660.200000 0.107714
660.300000 0.107880
660.400000 0.108208
660.500000 0.108701
660.600000 0.109359
660.700000 0.110184
660.800000 0.111171
660.900000 0.112316
661.000000 0.113613
661.100000 0.115050
661.200000 0.116617
661.300000 0.118296
661.400000 0.120071
661.500000 0.121920
661.600000 0.123820
661.700000 0.125746
661.800000 0.127669
661.900000 0.129561
662.000000 0.131391
662.100000 0.133128
662.200000 0.134742
662.300000 0.136202
662.400000 0.137480
662.500000 0.138550
662.600000 0.139388
662.700000 0.139974
662.800000 0.140292
662.900000 0.140330
663.000000 0.140081
663.100000 0.139543
663.200000 0.138718
663.300000 0.137612
663.400000 0.136237
663.500000 0.134609
663.600000 0.132745
663.700000 0.130666
663.800000 0.128397
663.900000 0.125962
664.000000 0.123388
664.100000 0.120699
664.200000 0.117923
664.300000 0.115083
664.400000 0.112204
664.500000 0.109308
664.600000 0.106413
664.700000 0.103539
664.800000 0.100699
664.900000 0.097908
665.000000 0.095176
665.100000 0.092511
665.200000 0.089921
665.300000 0.087409
665.400000 0.084979
665.500000 0.082632
665.600000 0.080370
665.700000 0.078191
665.800000 0.076095
665.900000 0.074079
666.000000 0.072141
666.100000 0.070281
666.200000 0.068493
666.300000 0.066778
666.400000 0.065131
666.500000 0.063552
666.600000 0.062038
666.700000 0.060586
666.800000 0.059196
666.900000 0.057866
667.000000 0.056594
667.100000 0.055380
667.200000 0.054221
667.300000 0.053117
667.400000 0.052066
667.500000 0.051067
667.600000 0.050118
667.700000 0.049219
667.800000 0.048367
667.900000 0.047561
668.000000 0.046799
668.100000 0.046078
668.200000 0.045397
668.300000 0.044752
668.400000 0.044141
668.500000 0.043561
668.600000 0.043009
668.700000 0.042481
668.800000 0.041975
668.900000 0.041486
669.000000 0.041012
669.100000 0.040549
669.200000 0.040094
669.300000 0.039643
669.400000 0.039194
669.500000 0.038743
669.600000 0.038288
669.700000 0.037827
669.800000 0.037357
669.900000 0.036878
670.000000 0.036387
670.100000 0.035884
670.200000 0.035368
670.300000 0.034839
670.400000 0.034298
670.500000 0.033745
670.600000 0.033181
670.700000 0.032606
670.800000 0.032023
670.900000 0.031433
671.000000 0.030837
671.100000 0.030237
671.200000 0.029635
671.300000 0.029033
671.400000 0.028432
671.500000 0.027835
671.600000 0.027242
671.700000 0.026656
671.800000 0.026077
671.900000 0.025507
672.000000 0.024948
672.100000 0.024399
672.200000 0.023863
672.300000 0.023339
672.400000 0.022828
672.500000 0.022330
672.600000 0.021846
672.700000 0.021377
672.800000 0.020921
672.900000 0.020479
673.000000 0.020051
673.100000 0.019637
673.200000 0.019237
673.300000 0.018850
673.400000 0.018476
673.500000 0.018114
673.600000 0.017765
673.700000 0.017428
673.800000 0.017102
673.900000 0.016788
674.000000 0.016484
674.100000 0.016191
674.200000 0.015908
674.300000 0.015635
674.400000 0.015371
674.500000 0.015115
674.600000 0.014869
674.700000 0.014631
674.800000 0.014400
674.900000 0.014177
675.000000 0.013962
675.100000 0.013753
675.200000 0.013552
675.300000 0.013356
675.400000 0.013167
675.500000 0.012984
675.600000 0.012806
675.700000 0.012634
675.800000 0.012468
675.900000 0.012306
676.000000 0.012149
676.100000 0.011997
676.200000 0.011849
676.300000 0.011706
676.400000 0.011567
676.500000 0.011432
676.600000 0.011301
676.700000 0.011173
676.800000 0.011049
676.900000 0.010929
677.000000 0.010812
677.100000 0.010698
677.200000 0.010587
677.300000 0.010479
677.400000 0.010374
677.500000 0.010272
677.600000 0.010173
677.700000 0.010076
677.800000 0.009982
677.900000 0.009890
678.000000 0.009801
678.100000 0.009714
678.200000 0.009629
678.300000 0.009546
678.400000 0.009466
678.500000 0.009387
678.600000 0.009311
678.700000 0.009237
678.800000 0.009164
678.900000 0.009093
679.000000 0.009024
679.100000 0.008957
679.200000 0.008891
679.300000 0.008827
679.400000 0.008765
679.500000 0.008704
679.600000 0.008645
679.700000 0.008587
679.800000 0.008531
679.900000 0.008476
680.000000 0.008423
680.100000 0.008370
680.200000 0.008320
680.300000 0.008270
680.400000 0.008222
680.500000 0.008175
680.600000 0.008129
680.700000 0.008084
680.800000 0.008041
680.900000 0.007998
681.000000 0.007957
681.100000 0.007917
681.200000 0.007878
681.300000 0.007839
681.400000 0.007802
681.500000 0.007766
681.600000 0.007731
681.700000 0.007697
681.800000 0.007664
681.900000 0.007632
682.000000 0.007601
682.100000 0.007570
682.200000 0.007541
682.300000 0.007512
682.400000 0.007484
682.500000 0.007457
682.600000 0.007431
682.700000 0.007406
682.800000 0.007382
682.900000 0.007358
683.000000 0.007335
683.100000 0.007313
683.200000 0.007292
683.300000 0.007272
683.400000 0.007252
683.500000 0.007233
683.600000 0.007215
683.700000 0.007197
683.800000 0.007180
683.900000 0.007164
684.000000 0.007149
684.100000 0.007134
684.200000 0.007120
684.300000 0.007107
684.400000 0.007094
684.500000 0.007083
684.600000 0.007071
684.700000 0.007061
684.800000 0.007051
684.900000 0.007041
685.000000 0.007033
685.100000 0.007025
685.200000 0.007018
685.300000 0.007011
685.400000 0.007005
685.500000 0.006999
685.600000 0.006995
685.700000 0.006990
685.800000 0.006987
685.900000 0.006984
686.000000 0.006982
686.100000 0.006980
686.200000 0.006979
686.300000 0.006979
686.400000 0.006979
686.500000 0.006980
686.600000 0.006981
686.700000 0.006983
686.800000 0.006986
686.900000 0.006989
687.000000 0.006993
687.100000 0.006997
687.200000 0.007002
687.300000 0.007008
687.400000 0.007014
687.500000 0.007021
687.600000 0.007029
687.700000 0.007037
687.800000 0.007046
687.900000 0.007055
688.000000 0.007065
688.100000 0.007076
688.200000 0.007087
688.300000 0.007099
688.400000 0.007111
688.500000 0.007125
688.600000 0.007138
688.700000 0.007153
688.800000 0.007168
688.900000 0.007184
689.000000 0.007200
689.100000 0.007217
689.200000 0.007235
689.300000 0.007253
689.400000 0.007272
689.500000 0.007292
689.600000 0.007312
689.700000 0.007333
689.800000 0.007355
689.900000 0.007378
690.000000 0.007401
690.100000 0.007425
690.200000 0.007449
690.300000 0.007475
690.400000 0.007501
690.500000 0.007527
690.600000 0.007555
690.700000 0.007583
690.800000 0.007612
690.900000 0.007642
691.000000 0.007673
691.100000 0.007704
691.200000 0.007736
691.300000 0.007769
691.400000 0.007803
691.500000 0.007838
691.600000 0.007873
691.700000 0.007909
691.800000 0.007947
691.900000 0.007985
692.000000 0.008024
692.100000 0.008063
692.200000 0.008104
692.300000 0.008146
692.400000 0.008188
692.500000 0.008232
692.600000 0.008276
692.700000 0.008322
692.800000 0.008368
692.900000 0.008416
693.000000 0.008465
693.100000 0.008514
693.200000 0.008565
693.300000 0.008616
693.400000 0.008669
693.500000 0.008723
693.600000 0.008778
693.700000 0.008835
693.800000 0.008892
693.900000 0.008951
694.000000 0.009010
694.100000 0.009071
694.200000 0.009134
694.300000 0.009197
694.400000 0.009262
694.500000 0.009329
694.600000 0.009396
694.700000 0.009465
694.800000 0.009536
694.900000 0.009608
695.000000 0.009681
695.100000 0.009756
695.200000 0.009832
695.300000 0.009910
695.400000 0.009990
695.500000 0.010071
695.600000 0.010154
695.700000 0.010239
695.800000 0.010325
695.900000 0.010414
696.000000 0.010504
696.100000 0.010596
696.200000 0.010689
696.300000 0.010785
696.400000 0.010883
696.500000 0.010983
696.600000 0.011085
696.700000 0.011189
696.800000 0.011295
696.900000 0.011404
697.000000 0.011515
697.100000 0.011628
697.200000 0.011744
697.300000 0.011862
697.400000 0.011983
697.500000 0.012106
697.600000 0.012232
697.700000 0.012361
697.800000 0.012493
697.900000 0.012628
698.000000 0.012765
698.100000 0.012906
698.200000 0.013050
698.300000 0.013197
698.400000 0.013348
698.500000 0.013502
698.600000 0.013660
698.700000 0.013821
698.800000 0.013986
698.900000 0.014155
699.000000 0.014328
699.100000 0.014505
699.200000 0.014686
699.300000 0.014872
699.400000 0.015062
699.500000 0.015257
699.600000 0.015456
699.700000 0.015661
699.800000 0.015870
699.900000 0.016085
700.000000 0.016306
700.100000 0.016532
700.200000 0.016764
700.300000 0.017002
700.400000 0.017246
700.500000 0.017497
700.600000 0.017754
700.700000 0.018019
700.800000 0.018290
700.900000 0.018569
701.000000 0.018856
701.100000 0.019151
701.200000 0.019454
701.300000 0.019766
701.400000 0.020087
701.500000 0.020417
701.600000 0.020757
701.700000 0.021107
701.800000 0.021468
701.900000 0.021840
702.000000 0.022223
702.100000 0.022618
702.200000 0.023025
702.300000 0.023445
702.400000 0.023879
702.500000 0.024327
702.600000 0.024790
702.700000 0.025268
702.800000 0.025762
702.900000 0.026274
703.000000 0.026803
703.100000 0.027350
703.200000 0.027917
703.300000 0.028505
703.400000 0.029114
703.500000 0.029746
703.600000 0.030401
703.700000 0.031082
703.800000 0.031789
703.900000 0.032523
704.000000 0.033288
704.100000 0.034083
704.200000 0.034911
704.300000 0.035773
704.400000 0.036673
704.500000 0.037611
704.600000 0.038590
704.700000 0.039614
704.800000 0.040684
704.900000 0.041804
705.000000 0.042976
705.100000 0.044205
705.200000 0.045495
705.300000 0.046849
705.400000 0.048272
705.500000 0.049769
705.600000 0.051345
705.700000 0.053007
705.800000 0.054761
705.900000 0.056615
706.000000 0.058575
706.100000 0.060652
706.200000 0.062854
706.300000 0.065192
706.400000 0.067679
706.500000 0.070328
706.600000 0.073154
706.700000 0.076172
706.800000 0.079402
706.900000 0.082865
707.000000 0.086584
707.100000 0.090585
707.200000 0.094899
707.300000 0.099558
707.400000 0.104601
707.500000 0.110071
707.600000 0.116017
707.700000 0.122493
707.800000 0.129562
707.900000 0.137294
708.000000 0.145768
708.100000 0.155071
708.200000 0.165300
708.300000 0.176562
708.400000 0.188972
708.500000 0.202654
708.600000 0.217736
708.700000 0.234352
708.800000 0.252630
708.900000 0.272694
709.000000 0.294652
709.100000 0.318586
709.200000 0.344547
709.300000 0.372536
709.400000 0.402500
709.500000 0.434311
709.600000 0.467766
709.700000 0.502570
709.800000 0.538335
709.900000 0.574581
710.000000 0.610742
710.100000 0.646176
710.200000 0.680187
710.300000 0.712051
710.400000 0.741039
710.500000 0.766463
710.600000 0.787697
710.700000 0.804221
710.800000 0.815644
710.900000 0.821731
711.000000 0.822413
711.100000 0.817796
711.200000 0.808153
711.300000 0.793907
711.400000 0.775613
711.500000 0.753922
711.600000 0.729548
711.700000 0.703237
711.800000 0.675722
711.900000 0.647703
712.000000 0.619811
712.100000 0.592594
712.200000 0.566501
712.300000 0.541875
712.400000 0.518954
712.500000 0.497876
712.600000 0.478690
712.700000 0.461362
712.800000 0.445800
712.900000 0.431860
713.000000 0.419366
713.100000 0.408127
713.200000 0.397944
713.300000 0.388626
713.400000 0.380000
713.500000 0.371914
713.600000 0.364246
713.700000 0.356907
713.800000 0.349836
713.900000 0.343009
714.000000 0.336425
714.100000 0.330111
714.200000 0.324115
714.300000 0.318499
714.400000 0.313336
714.500000 0.308703
714.600000 0.304680
714.700000 0.301342
714.800000 0.298759
714.900000 0.296990
715.000000 0.296084
715.100000 0.296075
715.200000 0.296984
715.300000 0.298818
715.400000 0.301566
715.500000 0.305204
715.600000 0.309690
715.700000 0.314967
715.800000 0.320961
715.900000 0.327584
716.000000 0.334731
716.100000 0.342283
716.200000 0.350107
716.300000 0.358060
716.400000 0.365989
716.500000 0.373734
716.600000 0.381132
716.700000 0.388021
716.800000 0.394244
716.900000 0.399653
717.000000 0.404115
717.100000 0.407513
717.200000 0.409753
717.300000 0.410766
717.400000 0.410509
717.500000 0.408968
717.600000 0.406156
717.700000 0.402115
717.800000 0.396913
717.900000 0.390637
718.000000 0.383397
718.100000 0.375316
718.200000 0.366526
718.300000 0.357166
718.400000 0.347377
718.500000 0.337295
718.600000 0.327049
718.700000 0.316761
718.800000 0.306539
718.900000 0.296479
719.000000 0.286660
719.100000 0.277151
719.200000 0.268003
719.300000 0.259255
719.400000 0.250935
719.500000 0.243060
719.600000 0.235638
719.700000 0.228668
719.800000 0.222147
719.900000 0.216065
720.000000 0.210410
720.100000 0.205170
720.200000 0.200329
720.300000 0.195875
720.400000 0.191797
720.500000 0.188082
720.600000 0.184724
720.700000 0.181715
720.800000 0.179053
720.900000 0.176738
721.000000 0.174772
721.100000 0.173162
721.200000 0.171917
721.300000 0.171051
721.400000 0.170581
721.500000 0.170531
721.600000 0.170927
721.700000 0.171801
721.800000 0.173192
721.900000 0.175141
722.000000 0.177699
722.100000 0.180919
722.200000 0.184860
722.300000 0.189584
722.400000 0.195154
722.500000 0.201636
722.600000 0.209089
722.700000 0.217566
722.800000 0.227108
722.900000 0.237741
723.000000 0.249464
723.100000 0.262251
723.200000 0.276037
723.300000 0.290721
723.400000 0.306153
723.500000 0.322139
723.600000 0.338437
723.700000 0.354764
723.800000 0.370797
723.900000 0.386185
724.000000 0.400565
724.100000 0.413571
724.200000 0.424855
724.300000 0.434103
724.400000 0.441053
724.500000 0.445507
724.600000 0.447344
724.700000 0.446529
724.800000 0.443111
724.900000 0.437225
725.000000 0.429080
725.100000 0.418952
725.200000 0.407164
725.300000 0.394071
725.400000 0.380044
725.500000 0.365449
725.600000 0.350632
725.700000 0.335909
725.800000 0.321551
725.900000 0.307781
726.000000 0.294770
726.100000 0.282636
726.200000 0.271446
726.300000 0.261223
726.400000 0.251950
726.500000 0.243578
726.600000 0.236036
726.700000 0.229235
726.800000 0.223076
726.900000 0.217462
727.000000 0.212295
727.100000 0.207488
727.200000 0.202964
727.300000 0.198661
727.400000 0.194535
727.500000 0.190555
727.600000 0.186706
727.700000 0.182990
727.800000 0.179419
727.900000 0.176015
728.000000 0.172809
728.100000 0.169839
728.200000 0.167141
728.300000 0.164755
728.400000 0.162719
728.500000 0.161066
728.600000 0.159826
728.700000 0.159024
728.800000 0.158675
728.900000 0.158790
729.000000 0.159372
729.100000 0.160415
729.200000 0.161907
729.300000 0.163826
729.400000 0.166144
729.500000 0.168823
729.600000 0.171820
729.700000 0.175080
729.800000 0.178544
729.900000 0.182147
730.000000 0.185815
730.100000 0.189472
730.200000 0.193037
730.300000 0.196429
730.400000 0.199566
730.500000 0.202369
730.600000 0.204766
730.700000 0.206687
730.800000 0.208074
730.900000 0.208881
731.000000 0.209071
731.100000 0.208624
731.200000 0.207532
731.300000 0.205800
731.400000 0.203450
731.500000 0.200514
731.600000 0.197037
731.700000 0.193071
731.800000 0.188679
731.900000 0.183925
732.000000 0.178879
732.100000 0.173609
732.200000 0.168184
732.300000 0.162668
732.400000 0.157119
732.500000 0.151591
732.600000 0.146132
732.700000 0.140779
732.800000 0.135566
732.900000 0.130518
733.000000 0.125651
733.100000 0.120980
733.200000 0.116509
733.300000 0.112242
733.400000 0.108177
733.500000 0.104308
733.600000 0.100630
733.700000 0.097133
733.800000 0.093807
733.900000 0.090643
734.000000 0.087630
734.100000 0.084757
734.200000 0.082015
734.300000 0.079395
734.400000 0.076887
734.500000 0.074484
734.600000 0.072177
734.700000 0.069959
734.800000 0.067825
734.900000 0.065769
735.000000 0.063784
735.100000 0.061866
735.200000 0.060011
735.300000 0.058214
735.400000 0.056473
735.500000 0.054783
735.600000 0.053143
735.700000 0.051550
735.800000 0.050002
735.900000 0.048498
736.000000 0.047036
736.100000 0.045615
736.200000 0.044235
736.300000 0.042896
736.400000 0.041596
736.500000 0.040336
736.600000 0.039116
736.700000 0.037935
736.800000 0.036793
736.900000 0.035689
737.000000 0.034625
737.100000 0.033598
737.200000 0.032609
737.300000 0.031657
737.400000 0.030742
737.500000 0.029862
737.600000 0.029016
737.700000 0.028205
737.800000 0.027425
737.900000 0.026678
738.000000 0.025960
738.100000 0.025272
738.200000 0.024612
738.300000 0.023978
738.400000 0.023371
738.500000 0.022787
738.600000 0.022227
738.700000 0.021690
738.800000 0.021173
738.900000 0.020677
739.000000 0.020200
739.100000 0.019741
739.200000 0.019300
739.300000 0.018875
739.400000 0.018466
739.500000 0.018071
739.600000 0.017691
739.700000 0.017324
739.800000 0.016971
739.900000 0.016629
740.000000 0.016299
740.100000 0.015980
740.200000 0.015671
740.300000 0.015373
740.400000 0.015084
740.500000 0.014805
740.600000 0.014534
740.700000 0.014271
740.800000 0.014017
740.900000 0.013770
741.000000 0.013530
741.100000 0.013297
741.200000 0.013071
741.300000 0.012852
741.400000 0.012639
741.500000 0.012431
741.600000 0.012229
741.700000 0.012033
741.800000 0.011842
741.900000 0.011656
742.000000 0.011474
742.100000 0.011298
742.200000 0.011126
742.300000 0.010958
742.400000 0.010794
742.500000 0.010634
742.600000 0.010479
742.700000 0.010326
742.800000 0.010178
742.900000 0.010033
743.000000 0.009891
743.100000 0.009753
743.200000 0.009617
743.300000 0.009485
743.400000 0.009356
743.500000 0.009229
743.600000 0.009105
743.700000 0.008984
743.800000 0.008866
743.900000 0.008750
744.000000 0.008636
744.100000 0.008525
744.200000 0.008416
744.300000 0.008309
744.400000 0.008204
744.500000 0.008102
744.600000 0.008001
744.700000 0.007902
744.800000 0.007806
744.900000 0.007711
745.000000 0.007618
745.100000 0.007526
745.200000 0.007437
745.300000 0.007349
745.400000 0.007262
745.500000 0.007178
745.600000 0.007094
745.700000 0.007012
745.800000 0.006932
745.900000 0.006853
746.000000 0.006776
746.100000 0.006699
746.200000 0.006624
746.300000 0.006551
746.400000 0.006478
746.500000 0.006407
746.600000 0.006337
746.700000 0.006268
746.800000 0.006201
746.900000 0.006134
747.000000 0.006069
747.100000 0.006004
747.200000 0.005941
747.300000 0.005878
747.400000 0.005817
747.500000 0.005756
747.600000 0.005696
747.700000 0.005638
747.800000 0.005580
747.900000 0.005523
748.000000 0.005467
748.100000 0.005412
748.200000 0.005357
748.300000 0.005304
748.400000 0.005251
748.500000 0.005199
748.600000 0.005147
748.700000 0.005097
748.800000 0.005047
748.900000 0.004998
749.000000 0.004949
749.100000 0.004902
749.200000 0.004854
749.300000 0.004808
749.400000 0.004762
749.500000 0.004717
749.600000 0.004672
749.700000 0.004628
749.800000 0.004585
749.900000 0.004542
750.000000 0.004500
