E,Id,Ip,Ioct,Itot,Ibg
-0.590000,0.017801,0.001294,0.000004,0.017540,nan
-0.546555,0.021667,0.001575,0.000005,0.021695,nan
-0.503110,0.026185,0.001903,0.000006,0.026550,nan
-0.459666,0.031418,0.002283,0.000008,0.032174,nan
-0.416221,0.037431,0.002719,0.000010,0.038634,nan
-0.372776,0.044280,0.003215,0.000012,0.045993,nan
-0.329331,0.052015,0.003775,0.000015,0.054304,nan
-0.285886,0.060678,0.004400,0.000019,0.063611,nan
-0.242441,0.070297,0.005094,0.000023,0.073945,nan
-0.198997,0.080887,0.005855,0.000029,0.085320,nan
-0.155552,0.092448,0.006684,0.000035,0.097735,nan
-0.112107,0.104961,0.007578,0.000043,0.111171,nan
-0.068662,0.118392,0.008534,0.000052,0.125591,nan
-0.025217,0.132691,0.009546,0.000064,0.140937,nan
0.018227,0.147791,0.010608,0.000077,0.157138,nan
0.061672,0.163614,0.011712,0.000093,0.174108,nan
0.105117,0.180072,0.012849,0.000112,0.191751,nan
0.148562,0.197072,0.014011,0.000135,0.209964,nan
0.192007,0.214523,0.015186,0.000162,0.228647,nan
0.235452,0.232338,0.016366,0.000194,0.247704,nan
0.278896,0.250443,0.017540,0.000232,0.267051,nan
0.322341,0.268780,0.018700,0.000276,0.286624,nan
0.365786,0.287318,0.019839,0.000328,0.306384,nan
0.409231,0.306049,0.020952,0.000388,0.326320,nan
0.452676,0.324998,0.022035,0.000459,0.346454,nan
0.496120,0.344222,0.023087,0.000541,0.366845,nan
0.539565,0.363808,0.024108,0.000636,0.387580,nan
0.583010,0.383872,0.025104,0.000746,0.408783,nan
0.626455,0.404551,0.026078,0.000873,0.430598,nan
0.669900,0.426000,0.027038,0.001018,0.453188,nan
0.713344,0.448374,0.027994,0.001186,0.476723,nan
0.756789,0.471826,0.028954,0.001377,0.501366,nan
0.800234,0.496487,0.029928,0.001595,0.527259,nan
0.843679,0.522451,0.030924,0.001843,0.554511,nan
0.887124,0.549769,0.031950,0.002124,0.583182,nan
0.930569,0.578429,0.033010,0.002442,0.613268,nan
0.974013,0.608349,0.034107,0.002801,0.644692,nan
1.017458,0.639363,0.035237,0.003204,0.677293,nan
1.060903,0.671226,0.036396,0.003657,0.710819,nan
1.104348,0.703600,0.037573,0.004163,0.744931,nan
1.147793,0.736068,0.038753,0.004727,0.779198,nan
1.191237,0.768134,0.039919,0.005355,0.813111,nan
1.234682,0.799237,0.041048,0.006050,0.846092,nan
1.278127,0.828769,0.042116,0.006820,0.877510,nan
1.321572,0.856090,0.043094,0.007668,0.906704,nan
1.365017,0.880552,0.043956,0.008601,0.933003,nan
1.408462,0.901523,0.044673,0.009623,0.955749,nan
1.451906,0.918410,0.045218,0.010741,0.974328,nan
1.495351,0.930681,0.045566,0.011959,0.988187,nan
1.538796,0.937888,0.045698,0.013283,0.996864,nan
1.582241,0.939688,0.045595,0.014717,1.000000,nan
1.625686,0.935852,0.045246,0.016267,0.997361,nan
1.669130,0.926280,0.044647,0.017936,0.988845,nan
1.712575,0.911004,0.043796,0.019729,0.974488,nan
1.756020,0.890188,0.042701,0.021649,0.954465,nan
1.799465,0.864125,0.041373,0.023698,0.929084,nan
1.842910,0.833222,0.039832,0.025880,0.898773,nan
1.886355,0.797991,0.038099,0.028194,0.864069,nan
1.929799,0.759026,0.036202,0.030643,0.825595,nan
1.973244,0.716987,0.034171,0.033225,0.784041,nan
2.016689,0.672574,0.032039,0.035940,0.740141,nan
2.060134,0.626507,0.029840,0.038785,0.694647,nan
2.103579,0.579502,0.027607,0.041757,0.648308,nan
2.147023,0.532255,0.025375,0.044851,0.601849,nan
2.190468,0.485418,0.023175,0.048064,0.555951,nan
2.233913,0.439586,0.021038,0.051387,0.511235,nan
2.277358,0.395289,0.018992,0.054813,0.468251,nan
2.320803,0.352979,0.017062,0.058334,0.427467,nan
2.364247,0.313025,0.015270,0.061941,0.389267,nan
2.407692,0.275716,0.013637,0.065621,0.353949,nan
2.451137,0.241260,0.012180,0.069365,0.321728,nan
2.494582,0.209789,0.010914,0.073158,0.292738,nan
2.538027,0.181366,0.009854,0.076987,0.267044,nan
2.581472,0.155994,0.009012,0.080840,0.244647,nan
2.624916,0.133623,0.008402,0.084699,0.225496,nan
2.668361,0.114165,0.008037,0.088552,0.209500,nan
2.711806,0.097499,0.007931,0.092381,0.196535,nan
2.755251,0.083482,0.008097,0.096171,0.186459,nan
2.798696,0.071959,0.008554,0.099906,0.179116,nan
2.842140,0.062768,0.009317,0.103571,0.174346,nan
2.885585,0.055750,0.010408,0.107149,0.171992,nan
2.929030,0.050750,0.011845,0.110624,0.171905,nan
2.972475,0.047622,0.013650,0.113983,0.173945,nan
3.015920,0.046232,0.015844,0.117211,0.177982,nan
3.059365,0.046456,0.018445,0.120293,0.183899,nan
3.102809,0.048181,0.021473,0.123218,0.191589,nan
3.146254,0.051306,0.024940,0.125972,0.200950,nan
3.189699,0.055734,0.028856,0.128546,0.211886,nan
3.233144,0.061375,0.033225,0.130929,0.224298,nan
3.276589,0.068137,0.038042,0.133112,0.238083,nan
3.320033,0.075930,0.043294,0.135089,0.253128,nan
3.363478,0.084656,0.048958,0.136851,0.269306,nan
3.406923,0.094211,0.055001,0.138396,0.286475,nan
3.450368,0.104479,0.061377,0.139717,0.304469,nan
3.493813,0.115334,0.068030,0.140813,0.323103,nan
3.537258,0.126637,0.074893,0.141683,0.342168,nan
3.580702,0.138237,0.081888,0.142325,0.361436,nan
3.624147,0.149972,0.088927,0.142741,0.380657,nan
3.667592,0.161671,0.095916,0.142932,0.399565,nan
3.711037,0.173155,0.102754,0.142901,0.417886,nan
3.754482,0.184243,0.109338,0.142651,0.435336,nan
3.797926,0.194755,0.115564,0.142187,0.451635,nan
3.841371,0.204514,0.121328,0.141515,0.466511,nan
3.884816,0.213355,0.126536,0.140639,0.479705,nan
3.928261,0.221125,0.131097,0.139567,0.490981,nan
3.971706,0.227690,0.134933,0.138305,0.500135,nan
4.015151,0.232936,0.137979,0.136861,0.506994,nan
4.058595,0.236776,0.140184,0.135242,0.511427,nan
4.102040,0.239150,0.141513,0.133457,0.513347,nan
4.145485,0.240024,0.141949,0.131513,0.512712,nan
4.188930,0.239396,0.141490,0.129420,0.509528,nan
4.232375,0.237291,0.140155,0.127185,0.503844,nan
4.275819,0.233762,0.137976,0.124818,0.495756,nan
4.319264,0.228887,0.135000,0.122328,0.485399,nan
4.362709,0.222766,0.131290,0.119724,0.472943,nan
4.406154,0.215518,0.126917,0.117014,0.458589,nan
4.449599,0.207278,0.121962,0.114207,0.442562,nan
4.493043,0.198189,0.116512,0.111313,0.425102,nan
4.536488,0.188404,0.110660,0.108341,0.406463,nan
4.579933,0.178078,0.104496,0.105300,0.386901,nan
4.623378,0.167363,0.098114,0.102198,0.366670,nan
4.666823,0.156410,0.091601,0.099045,0.346017,nan
4.710268,0.145358,0.085041,0.095849,0.325177,nan
4.753712,0.134339,0.078513,0.092620,0.304368,nan
4.797157,0.123474,0.072086,0.089366,0.283788,nan
4.840602,0.112866,0.065822,0.086095,0.263614,nan
4.884047,0.102608,0.059774,0.082817,0.244000,nan
4.927492,0.092776,0.053987,0.079540,0.225074,nan
4.970936,0.083432,0.048496,0.076273,0.206942,nan
5.014381,0.074622,0.043328,0.073022,0.189686,nan
5.057826,0.066382,0.038502,0.069796,0.173368,nan
5.101271,0.058730,0.034028,0.066603,0.158025,nan
5.144716,0.051678,0.029910,0.063450,0.143680,nan
5.188161,0.045224,0.026148,0.060344,0.130336,nan
5.231605,0.039359,0.022734,0.057292,0.117985,nan
5.275050,0.034064,0.019657,0.054299,0.106603,nan
5.318495,0.029317,0.016903,0.051373,0.096158,nan
5.361940,0.025090,0.014453,0.048517,0.086611,nan
5.405385,0.021350,0.012289,0.045738,0.077914,nan
5.448829,0.018063,0.010390,0.043039,0.070016,nan
5.492274,0.015193,0.008734,0.040425,0.062865,nan
5.535719,0.012704,0.007299,0.037899,0.056405,nan
5.579164,0.010559,0.006065,0.035464,0.050581,nan
5.622609,0.008723,0.005009,0.033123,0.045340,nan
5.666054,0.007162,0.004112,0.030877,0.040629,nan
5.709498,0.005843,0.003356,0.028727,0.036397,nan
5.752943,0.004737,0.002722,0.026676,0.032599,nan
5.796388,0.003815,0.002194,0.024722,0.029190,nan
5.839833,0.003052,0.001757,0.022866,0.026129,nan
5.883278,0.002424,0.001398,0.021107,0.023379,nan
5.926722,0.001912,0.001106,0.019444,0.020908,nan
5.970167,0.001496,0.000868,0.017877,0.018684,nan
6.013612,0.001162,0.000678,0.016402,0.016681,nan
6.057057,0.000894,0.000525,0.015018,0.014874,nan
6.100502,0.000681,0.000404,0.013723,0.013243,nan
6.143946,0.000514,0.000309,0.012514,0.011768,nan
6.187391,0.000383,0.000234,0.011388,0.010434,nan
6.230836,0.000281,0.000176,0.010341,0.009226,nan
6.274281,0.000202,0.000131,0.009371,0.008131,nan
6.317726,0.000142,0.000097,0.008475,0.007138,nan
6.361171,0.000097,0.000071,0.007648,0.006238,nan
6.404615,0.000063,0.000051,0.006887,0.005422,nan
6.448060,0.000038,0.000036,0.006188,0.004683,nan
6.491505,0.000021,0.000025,0.005549,0.004014,nan
6.534950,0.000009,0.000017,0.004965,0.003410,nan
6.578395,0.000002,0.000011,0.004433,0.002864,nan
6.621839,0.000000,0.000007,0.003950,0.002373,nan
6.665284,0.000002,0.000004,0.003511,0.001934,nan
6.708729,0.000009,0.000002,0.003115,0.001542,nan
6.752174,0.000022,0.000001,0.002757,0.001195,nan
6.795619,0.000041,0.000000,0.002436,0.000891,nan
6.839064,0.000069,0.000000,0.002147,0.000630,nan
6.882508,0.000109,0.000000,0.001888,0.000410,nan
6.925953,0.000164,0.000001,0.001657,0.000235,nan
6.969398,0.000239,0.000002,0.001450,0.000105,nan
7.012843,0.000340,0.000004,0.001267,0.000024,nan
7.056288,0.000476,0.000007,0.001105,0.000000,nan
7.099732,0.000656,0.000010,0.000961,0.000040,nan
7.143177,0.000893,0.000015,0.000834,0.000155,nan
7.186622,0.001203,0.000021,0.000722,0.000359,nan
7.230067,0.001606,0.000028,0.000624,0.000672,nan
7.273512,0.002124,0.000038,0.000538,0.001115,nan
7.316957,0.002788,0.000050,0.000463,0.001716,nan
7.360401,0.003631,0.000066,0.000397,0.002510,nan
7.403846,0.004693,0.000085,0.000340,0.003537,nan
7.447291,0.006023,0.000109,0.000291,0.004843,nan
7.490736,0.007675,0.000139,0.000248,0.006485,nan
7.534181,0.009714,0.000175,0.000211,0.008525,nan
7.577625,0.012209,0.000218,0.000179,0.011037,nan
7.621070,0.015243,0.000270,0.000151,0.014100,nan
7.664515,0.018904,0.000332,0.000128,0.017805,nan
7.707960,0.023289,0.000406,0.000108,0.022250,nan
7.751405,0.028502,0.000491,0.000091,0.027541,nan
7.794849,0.034655,0.000590,0.000076,0.033788,nan
7.838294,0.041862,0.000705,0.000064,0.041108,nan
7.881739,0.050240,0.000835,0.000053,0.049619,nan
7.925184,0.059906,0.000982,0.000044,0.059440,nan
7.968629,0.070973,0.001148,0.000037,0.070682,nan
8.012074,0.083545,0.001332,0.000031,0.083453,nan
8.055518,0.097717,0.001535,0.000025,0.097844,nan
8.098963,0.113564,0.001756,0.000021,0.113934,nan
8.142408,0.131142,0.001996,0.000017,0.131776,nan
8.185853,0.150479,0.002252,0.000014,0.151399,nan
8.229298,0.171574,0.002525,0.000012,0.172798,nan
8.272742,0.194389,0.002812,0.000009,0.195934,nan
8.316187,0.218845,0.003110,0.000008,0.220725,nan
8.359632,0.244821,0.003416,0.000006,0.247048,nan
8.403077,0.272152,0.003727,0.000005,0.274733,nan
8.446522,0.300623,0.004040,0.000004,0.303562,nan
8.489967,0.329977,0.004350,0.000003,0.333272,nan
8.533411,0.359908,0.004653,0.000003,0.363553,nan
8.576856,0.390073,0.004944,0.000002,0.394057,nan
8.620301,0.420090,0.005218,0.000002,0.424397,nan
8.663746,0.449551,0.005472,0.000001,0.454158,nan
8.707191,0.478026,0.005701,0.000001,0.482907,nan
8.750635,0.505072,0.005900,0.000001,0.510196,nan
8.794080,0.530250,0.006067,0.000001,0.535581,nan
8.837525,0.553130,0.006198,0.000001,0.558629,nan
8.880970,0.573306,0.006292,0.000000,0.578930,nan
8.924415,0.590406,0.006345,0.000000,0.596110,nan
8.967860,0.604105,0.006358,0.000000,0.609845,nan
9.011304,0.614136,0.006331,0.000000,0.619863,nan
9.054749,0.620294,0.006263,0.000000,0.625964,nan
9.098194,0.622450,0.006156,0.000000,0.628016,nan
9.141639,0.620547,0.006013,0.000000,0.625967,nan
9.185084,0.614612,0.005836,0.000000,0.619845,nan
9.228528,0.604746,0.005628,0.000000,0.609755,nan
9.271973,0.591129,0.005394,0.000000,0.595881,nan
9.315418,0.574010,0.005136,0.000000,0.578477,nan
9.358863,0.553701,0.004860,0.000000,0.557860,nan
9.402308,0.530570,0.004569,0.000000,0.534400,nan
9.445753,0.505023,0.004269,0.000000,0.508513,nan
9.489197,0.477502,0.003964,0.000000,0.480641,nan
9.532642,0.448462,0.003657,0.000000,0.451248,nan
9.576087,0.418368,0.003352,0.000000,0.420801,nan
9.619532,0.387675,0.003054,0.000000,0.389760,nan
9.662977,0.356822,0.002764,0.000000,0.358569,nan
9.706421,0.326220,0.002486,0.000000,0.327639,nan
9.749866,0.296242,0.002222,0.000000,0.297349,nan
9.793311,0.267220,0.001974,0.000000,0.268032,nan
9.836756,0.239437,0.001742,0.000000,0.239973,nan
9.880201,0.213127,0.001528,0.000000,0.213407,nan
9.923645,0.188472,0.001332,0.000000,0.188515,nan
9.967090,0.165601,0.001153,0.000000,0.165430,nan
10.010535,0.144599,0.000993,0.000000,0.144233,nan
10.053980,0.125502,0.000850,0.000000,0.124963,nan
10.097425,0.108309,0.000723,0.000000,0.107616,nan
10.140870,0.092983,0.000612,0.000000,0.092154,nan
10.184314,0.079455,0.000516,0.000000,0.078508,nan
10.227759,0.067636,0.000432,0.000000,0.066587,nan
10.271204,0.057417,0.000361,0.000000,0.056280,nan
10.314649,0.048675,0.000301,0.000000,0.047464,nan
10.358094,0.041280,0.000250,0.000000,0.040006,nan
10.401538,0.035099,0.000208,0.000000,0.033773,nan
10.444983,0.029997,0.000174,0.000000,0.028628,nan
10.488428,0.025843,0.000146,0.000000,0.024440,nan
10.531873,0.022512,0.000123,0.000000,0.021081,nan
10.575318,0.019884,0.000105,0.000000,0.018432,nan
10.618763,0.017851,0.000091,0.000000,0.016380,nan
10.662207,0.016309,0.000080,0.000000,0.014826,nan
10.705652,0.015169,0.000072,0.000000,0.013675,nan
10.749097,0.014347,0.000066,0.000000,0.012846,nan
10.792542,0.013773,0.000061,0.000000,0.012266,nan
10.835987,0.013382,0.000058,0.000000,0.011872,nan
10.879431,0.013121,0.000055,0.000000,0.011608,nan
10.922876,0.012945,0.000053,0.000000,0.011429,nan
10.966321,0.012815,0.000052,0.000000,0.011297,nan
11.009766,0.012699,0.000051,0.000000,0.011181,nan
11.053211,0.012575,0.000050,0.000000,0.011055,nan
11.096656,0.012422,0.000049,0.000000,0.010901,nan
11.140100,0.012229,0.000047,0.000000,0.010706,nan
11.183545,0.011988,0.000046,0.000000,0.010463,nan
11.226990,0.011694,0.000044,0.000000,0.010167,nan
11.270435,0.011347,0.000043,0.000000,0.009818,nan
11.313880,0.010951,0.000041,0.000000,0.009420,nan
11.357324,0.010513,0.000039,0.000000,0.008978,nan
11.400769,0.010040,0.000036,0.000000,0.008503,nan
11.444214,0.009545,0.000034,0.000000,0.008005,nan
11.487659,0.009039,0.000032,0.000000,0.007496,nan
11.531104,0.008537,0.000029,0.000000,0.006991,nan
11.574548,0.008054,0.000027,0.000000,0.006504,nan
11.617993,0.007607,0.000025,0.000000,0.006054,nan
11.661438,0.007212,0.000023,0.000000,0.005656,nan
11.704883,0.006887,0.000021,0.000000,0.005329,nan
11.748328,0.006652,0.000019,0.000000,0.005092,nan
11.791773,0.006526,0.000018,0.000000,0.004964,nan
11.835217,0.006528,0.000017,0.000000,0.004965,nan
11.878662,0.006680,0.000016,0.000000,0.005117,nan
11.922107,0.007004,0.000015,0.000000,0.005440,nan
11.965552,0.007520,0.000016,0.000000,0.005957,nan
12.008997,0.008250,0.000016,0.000000,0.006690,nan
12.052441,0.009218,0.000017,0.000000,0.007661,nan
12.095886,0.010445,0.000019,0.000000,0.008891,nan
12.139331,0.011951,0.000022,0.000000,0.010403,nan
12.182776,0.013757,0.000025,0.000000,0.012214,nan
12.226221,0.015880,0.000029,0.000000,0.014344,nan
12.269666,0.018334,0.000033,0.000000,0.016807,nan
12.313110,0.021130,0.000039,0.000000,0.019612,nan
12.356555,0.024274,0.000045,0.000000,0.022767,nan
12.400000,0.027766,0.000052,0.000000,0.026272,nan
