E,dup,ddn,pup,pdn,octup,octdn,totup,totdn
-12.000000,0.011853,-0.010983,0.000324,-0.000237,0.000000,-0.000000,0.012177,-0.011220
-11.919732,0.010376,-0.009368,0.000325,-0.000218,0.000000,-0.000000,0.010701,-0.009586
-11.839465,0.009864,-0.008628,0.000353,-0.000217,0.000000,-0.000000,0.010216,-0.008846
-11.759197,0.010119,-0.008579,0.000402,-0.000231,0.000000,-0.000000,0.010520,-0.008810
-11.678930,0.010952,-0.009046,0.000468,-0.000255,0.000000,-0.000000,0.011420,-0.009301
-11.598662,0.012185,-0.009864,0.000547,-0.000286,0.000000,-0.000000,0.012731,-0.010151
-11.518395,0.013649,-0.010884,0.000632,-0.000321,0.000000,-0.000000,0.014281,-0.011205
-11.438127,0.015188,-0.011968,0.000719,-0.000357,0.000000,-0.000000,0.015907,-0.012325
-11.357860,0.016663,-0.013003,0.000802,-0.000391,0.000000,-0.000000,0.017465,-0.013393
-11.277592,0.017957,-0.013896,0.000877,-0.000420,0.000000,-0.000000,0.018835,-0.014316
-11.197324,0.018991,-0.014593,0.000941,-0.000445,0.000000,-0.000000,0.019932,-0.015038
-11.117057,0.019734,-0.015081,0.000991,-0.000466,0.000000,-0.000000,0.020725,-0.015547
-11.036789,0.020217,-0.015404,0.001032,-0.000486,0.000000,-0.000000,0.021249,-0.015890
-10.956522,0.020555,-0.015678,0.001069,-0.000511,0.000000,-0.000000,0.021625,-0.016189
-10.876254,0.020963,-0.016102,0.001117,-0.000551,0.000000,-0.000000,0.022081,-0.016653
-10.795987,0.021776,-0.016973,0.001198,-0.000622,0.000000,-0.000000,0.022973,-0.017596
-10.715719,0.023466,-0.018707,0.001343,-0.000744,0.000000,-0.000000,0.024809,-0.019450
-10.635452,0.026670,-0.021841,0.001599,-0.000943,0.000000,-0.000000,0.028270,-0.022784
-10.555184,0.032199,-0.027051,0.002029,-0.001255,0.000000,-0.000000,0.034227,-0.028306
-10.474916,0.041046,-0.035139,0.002712,-0.001720,0.000000,-0.000000,0.043759,-0.036859
-10.394649,0.054387,-0.047016,0.003753,-0.002385,0.000000,-0.000000,0.058140,-0.049401
-10.314381,0.073542,-0.063654,0.005278,-0.003303,0.000000,-0.000000,0.078820,-0.066958
-10.234114,0.099918,-0.086013,0.007435,-0.004524,0.000000,-0.000000,0.107352,-0.090537
-10.153846,0.134908,-0.114929,0.010391,-0.006092,0.000000,-0.000000,0.145299,-0.121021
-10.073579,0.179757,-0.150986,0.014324,-0.008039,0.000000,-0.000000,0.194081,-0.159025
-9.993311,0.235385,-0.194362,0.019408,-0.010374,0.000000,-0.000000,0.254793,-0.204736
-9.913043,0.302198,-0.244682,0.025797,-0.013078,0.000000,-0.000000,0.327995,-0.257760
-9.832776,0.379896,-0.300906,0.033602,-0.016096,0.000000,-0.000000,0.413498,-0.317002
-9.752508,0.467318,-0.361265,0.042864,-0.019333,0.000000,-0.000000,0.510182,-0.380598
-9.672241,0.562343,-0.423288,0.053529,-0.022657,0.000000,-0.000000,0.615873,-0.445945
-9.591973,0.661886,-0.483924,0.065428,-0.025906,0.000000,-0.000000,0.727314,-0.509831
-9.511706,0.762000,-0.539762,0.078261,-0.028898,0.000001,-0.000001,0.840262,-0.568660
-9.431438,0.858106,-0.587334,0.091594,-0.031446,0.000001,-0.000001,0.949701,-0.618781
-9.351171,0.945310,-0.623464,0.104877,-0.033381,0.000001,-0.000001,1.050188,-0.656846
-9.270903,1.018807,-0.645613,0.117472,-0.034567,0.000002,-0.000002,1.136281,-0.680183
-9.190635,1.074314,-0.652175,0.128697,-0.034919,0.000004,-0.000004,1.203015,-0.687098
-9.110368,1.108471,-0.642664,0.137890,-0.034410,0.000006,-0.000006,1.246366,-0.677080
-9.030100,1.119175,-0.617776,0.144464,-0.033077,0.000009,-0.000009,1.263648,-0.650862
-8.949833,1.105786,-0.579300,0.147978,-0.031017,0.000014,-0.000014,1.253778,-0.610331
-8.869565,1.069192,-0.529910,0.148176,-0.028373,0.000022,-0.000022,1.217391,-0.558304
-8.789298,1.011707,-0.472852,0.145026,-0.025318,0.000034,-0.000034,1.156766,-0.498204
-8.709030,0.936831,-0.411599,0.138720,-0.022038,0.000052,-0.000052,1.075603,-0.433688
-8.628763,0.848910,-0.349500,0.129659,-0.018713,0.000078,-0.000078,0.978646,-0.368292
-8.548495,0.752718,-0.289499,0.118406,-0.015501,0.000117,-0.000117,0.871241,-0.305116
-8.468227,0.653045,-0.233922,0.105635,-0.012525,0.000174,-0.000174,0.758854,-0.246621
-8.387960,0.554314,-0.184382,0.092054,-0.009872,0.000257,-0.000257,0.646626,-0.194512
-8.307692,0.460286,-0.141773,0.078350,-0.007591,0.000377,-0.000377,0.539012,-0.149740
-8.227425,0.373860,-0.106339,0.065124,-0.005694,0.000547,-0.000547,0.439531,-0.112580
-8.147157,0.296992,-0.077806,0.052859,-0.004166,0.000788,-0.000788,0.350640,-0.082761
-8.066890,0.230718,-0.055535,0.041891,-0.002973,0.001127,-0.001127,0.273736,-0.059635
-7.986622,0.175250,-0.038667,0.032413,-0.002070,0.001598,-0.001598,0.209261,-0.042336
-7.906355,0.130142,-0.026263,0.024483,-0.001406,0.002249,-0.002249,0.156874,-0.029918
-7.826087,0.094470,-0.017400,0.018053,-0.000932,0.003139,-0.003139,0.115662,-0.021471
-7.745819,0.067024,-0.011246,0.012993,-0.000602,0.004347,-0.004347,0.084365,-0.016196
-7.665552,0.046470,-0.007091,0.009128,-0.000380,0.005974,-0.005974,0.061571,-0.013444
-7.585284,0.031482,-0.004361,0.006258,-0.000233,0.008144,-0.008144,0.045884,-0.012739
-7.505017,0.020837,-0.002616,0.004188,-0.000140,0.011018,-0.011018,0.036042,-0.013774
-7.424749,0.013472,-0.001531,0.002735,-0.000082,0.014791,-0.014791,0.030998,-0.016404
-7.344482,0.008508,-0.000874,0.001743,-0.000047,0.019703,-0.019703,0.029954,-0.020624
-7.264214,0.005248,-0.000487,0.001085,-0.000026,0.026046,-0.026046,0.032378,-0.026559
-7.183946,0.003161,-0.000265,0.000659,-0.000014,0.034170,-0.034170,0.037990,-0.034448
-7.103679,0.001860,-0.000140,0.000394,-0.000008,0.044488,-0.044488,0.046741,-0.044636
-7.023411,0.001069,-0.000072,0.000234,-0.000004,0.057486,-0.057486,0.058789,-0.057562
-6.943144,0.000602,-0.000037,0.000146,-0.000002,0.073724,-0.073724,0.074472,-0.073763
-6.862876,0.000334,-0.000018,0.000109,-0.000001,0.093844,-0.093844,0.094287,-0.093864
-6.782609,0.000189,-0.000009,0.000116,-0.000002,0.118567,-0.118567,0.118872,-0.118577
-6.702341,0.000118,-0.000004,0.000173,-0.000003,0.148695,-0.148695,0.148986,-0.148702
-6.622074,0.000098,-0.000003,0.000303,-0.000006,0.185105,-0.185105,0.185507,-0.185114
-6.541806,0.000120,-0.000003,0.000552,-0.000013,0.228745,-0.228745,0.229416,-0.228761
-6.461538,0.000187,-0.000005,0.000997,-0.000027,0.280613,-0.280613,0.281796,-0.280645
-6.381271,0.000317,-0.000010,0.001766,-0.000056,0.341749,-0.341749,0.343832,-0.341815
-6.301003,0.000542,-0.000019,0.003059,-0.000114,0.413209,-0.413209,0.416810,-0.413342
-6.220736,0.000914,-0.000038,0.005175,-0.000224,0.496037,-0.496037,0.502126,-0.496299
-6.140468,0.001508,-0.000072,0.008551,-0.000431,0.591242,-0.591242,0.601301,-0.591746
-6.060201,0.002433,-0.000136,0.013798,-0.000809,0.699756,-0.699756,0.715987,-0.700701
-5.979933,0.003833,-0.000248,0.021752,-0.001480,0.822405,-0.822405,0.847990,-0.824133
-5.899666,0.005900,-0.000443,0.033504,-0.002640,0.959871,-0.959871,0.999275,-0.962954
-5.819398,0.008875,-0.000771,0.050433,-0.004597,1.112654,-1.112654,1.171962,-1.118021
-5.739130,0.013050,-0.001309,0.074211,-0.007806,1.281042,-1.281042,1.368303,-1.290157
-5.658863,0.018762,-0.002169,0.106776,-0.012931,1.465084,-1.465084,1.590621,-1.480184
-5.578595,0.026380,-0.003505,0.150271,-0.020897,1.664561,-1.664561,1.841211,-1.688962
-5.498328,0.036287,-0.005525,0.206925,-0.032941,1.878978,-1.878978,2.122190,-1.917444
-5.418060,0.048852,-0.008496,0.278898,-0.050656,2.107551,-2.107551,2.435301,-2.166702
-5.337793,0.064388,-0.012744,0.368072,-0.075987,2.349212,-2.349212,2.781673,-2.437943
-5.257525,0.083119,-0.018648,0.475818,-0.111192,2.602618,-2.602618,3.161555,-2.732459
-5.177258,0.105129,-0.026620,0.602749,-0.158721,2.866169,-2.866169,3.574046,-3.051509
-5.096990,0.130330,-0.037067,0.748484,-0.221015,3.138031,-3.138031,4.016845,-3.396112
-5.016722,0.158424,-0.050350,0.911452,-0.300215,3.416169,-3.416169,4.486045,-3.766733
-4.936455,0.188885,-0.066717,1.088754,-0.397803,3.698375,-3.698375,4.976015,-4.162895
-4.856187,0.220954,-0.086237,1.276118,-0.514197,3.982305,-3.982305,5.479377,-4.582739
-4.775920,0.253652,-0.108738,1.467950,-0.648359,4.265503,-4.265503,5.987105,-5.022600
-4.695652,0.285812,-0.133749,1.657515,-0.797493,4.545436,-4.545436,6.488763,-5.476678
-4.615385,0.316137,-0.160483,1.837225,-0.956892,4.819511,-4.819511,6.972873,-5.936886
-4.535117,0.343266,-0.187840,1.999057,-1.120016,5.085097,-5.085097,7.427421,-6.392953
-4.454849,0.365869,-0.214474,2.135065,-1.278822,5.339539,-5.339539,7.840473,-6.832836
-4.374582,0.382738,-0.238884,2.237962,-1.424365,5.580167,-5.580167,8.200868,-7.243416
-4.294314,0.392892,-0.259552,2.301727,-1.547596,5.804311,-5.804311,8.498930,-7.611459
-4.214047,0.395664,-0.275098,2.322166,-1.640283,6.009314,-6.009314,8.727144,-7.924696
-4.133779,0.390776,-0.284433,2.297366,-1.695920,6.192550,-6.192550,8.880693,-8.172903
-4.053512,0.378382,-0.286881,2.227976,-1.710478,6.351451,-6.351451,8.957810,-8.348810
-3.973244,0.359069,-0.282269,2.117246,-1.682889,6.483546,-6.483546,8.959861,-8.448704
-3.892977,0.333824,-0.270942,1.970818,-1.615179,6.586507,-6.586507,8.891148,-8.472628
-3.812709,0.303955,-0.253731,1.796274,-1.512222,6.658209,-6.658209,8.758437,-8.424162
-3.732441,0.270989,-0.231858,1.602479,-1.381165,6.696801,-6.696801,8.570270,-8.309824
-3.652174,0.236547,-0.206806,1.398822,-1.230614,6.700781,-6.700781,8.336150,-8.138201
-3.571906,0.202227,-0.180176,1.194428,-1.069716,6.669072,-6.669072,8.065726,-7.918963
-3.491639,0.169500,-0.153552,0.997467,-0.907269,6.601102,-6.601102,7.768070,-7.661923
-3.411371,0.139653,-0.128401,0.814627,-0.750990,6.496867,-6.496867,7.451147,-7.376258
-3.331104,0.113754,-0.106010,0.650803,-0.607005,6.356990,-6.356990,7.121546,-7.070005
-3.250836,0.092686,-0.087486,0.509026,-0.479621,6.182746,-6.182746,6.784459,-6.749854
-3.170569,0.077203,-0.073796,0.390602,-0.371343,5.976082,-5.976082,6.443886,-6.421220
-3.090301,0.068018,-0.065837,0.295406,-0.283099,5.739589,-5.739589,6.103012,-6.088525
-3.010033,0.065903,-0.064537,0.222275,-0.214600,5.476464,-5.476464,5.764642,-5.755601
-2.929766,0.071775,-0.070929,0.169421,-0.164743,5.190433,-5.190433,5.431629,-5.426106
-2.849498,0.086741,-0.086208,0.134801,-0.132004,4.885658,-4.885658,5.107200,-5.103870
-2.769231,0.112094,-0.111723,0.116412,-0.114748,4.566611,-4.566611,4.795117,-4.793082
-2.688963,0.149233,-0.148902,0.112462,-0.111435,4.237953,-4.237953,4.499647,-4.498289
-2.608696,0.199507,-0.199096,0.121439,-0.120707,3.904386,-3.904386,4.225332,-4.224189
-2.528428,0.263989,-0.263349,0.142067,-0.141368,3.570517,-3.570517,3.976573,-3.975234
-2.448161,0.343199,-0.342111,0.173183,-0.172269,3.240730,-3.240730,3.757112,-3.755109
-2.367893,0.436812,-0.434940,0.213581,-0.212154,2.919059,-2.919059,3.569453,-3.566153
-2.287625,0.543410,-0.540231,0.261841,-0.259494,2.609098,-2.609098,3.414349,-3.408822
-2.207358,0.660321,-0.655039,0.316211,-0.312346,2.313915,-2.313915,3.290447,-3.281300
-2.127090,0.783616,-0.775045,0.374547,-0.368293,2.036009,-2.036009,3.194172,-3.179347
-2.046823,0.908277,-0.894707,0.434356,-0.424462,1.777281,-1.777281,3.119913,-3.096451
-1.966555,1.028569,-1.007610,0.492936,-0.477658,1.539034,-1.539034,3.060539,-3.024302
-1.886288,1.138572,-1.106990,0.547599,-0.524581,1.321995,-1.321995,3.008166,-2.953566
-1.806020,1.232811,-1.186390,0.595945,-0.562112,1.126363,-1.126363,2.955119,-2.874864
-1.725753,1.306898,-1.240337,0.636137,-0.587625,0.951857,-0.951857,2.894892,-2.779819
-1.645485,1.358065,-1.264965,0.667125,-0.599270,0.797795,-0.797795,2.822985,-2.662029
-1.565217,1.385501,-1.258470,0.688767,-0.596183,0.663162,-0.663162,2.737429,-2.517814
-1.484950,1.390409,-1.221329,0.701813,-0.578583,0.546689,-0.546689,2.638911,-2.346601
-1.404682,1.375771,-1.156239,0.707747,-0.547745,0.446931,-0.446931,2.530449,-2.150915
-1.324415,1.345849,-1.067794,0.708501,-0.505846,0.362331,-0.362331,2.416681,-1.935970
-1.244147,1.305498,-0.961950,0.706092,-0.455704,0.291289,-0.291289,2.302880,-1.708943
-1.163880,1.259428,-0.845362,0.702256,-0.400472,0.232213,-0.232213,2.193897,-1.478047
-1.083612,1.211528,-0.724699,0.698127,-0.343311,0.183561,-0.183561,2.093216,-1.251571
-1.003344,1.164387,-0.606035,0.694041,-0.287096,0.143880,-0.143880,2.002308,-1.037011
-0.923077,1.119073,-0.494382,0.689497,-0.234203,0.111824,-0.111824,1.920394,-0.840409
-0.842809,1.075201,-0.393417,0.683278,-0.186373,0.086175,-0.086175,1.844654,-0.665964
-0.762542,1.031261,-0.305399,0.673707,-0.144676,0.065845,-0.065845,1.770813,-0.515921
-0.682274,0.985115,-0.231264,0.658987,-0.109556,0.049884,-0.049884,1.693987,-0.390705
-0.602007,0.934568,-0.170834,0.637563,-0.080929,0.037471,-0.037471,1.609602,-0.289233
-0.521739,0.877889,-0.123102,0.608429,-0.058317,0.027907,-0.027907,1.514224,-0.209326
-0.441472,0.814197,-0.086534,0.571338,-0.040993,0.020606,-0.020606,1.406141,-0.148133
-0.361204,0.743662,-0.059340,0.526868,-0.028110,0.015085,-0.015085,1.285615,-0.102535
-0.280936,0.667488,-0.039699,0.476361,-0.018804,0.010949,-0.010949,1.154799,-0.069452
-0.200669,0.587725,-0.025917,0.421745,-0.012272,0.007879,-0.007879,1.017349,-0.046068
-0.120401,0.506951,-0.016523,0.365276,-0.007817,0.005621,-0.005621,0.877849,-0.029961
-0.040134,0.427913,-0.010314,0.309265,-0.004864,0.003976,-0.003976,0.741154,-0.019153
0.040134,0.353175,-0.006353,0.255823,-0.002966,0.002788,-0.002788,0.611786,-0.012108
0.120401,0.284840,-0.003959,0.206666,-0.001792,0.001938,-0.001938,0.493444,-0.007689
0.200669,0.224384,-0.002668,0.163000,-0.001106,0.001336,-0.001336,0.388720,-0.005110
0.280936,0.172590,-0.002208,0.125486,-0.000756,0.000913,-0.000913,0.298989,-0.003877
0.361204,0.129587,-0.002477,0.094281,-0.000656,0.000618,-0.000618,0.224487,-0.003752
0.441472,0.094963,-0.003537,0.069123,-0.000771,0.000415,-0.000415,0.164501,-0.004723
0.521739,0.067909,-0.005611,0.049448,-0.001119,0.000276,-0.000276,0.117633,-0.007007
0.602007,0.047385,-0.009112,0.034512,-0.001759,0.000182,-0.000182,0.082080,-0.011054
0.682274,0.032261,-0.014663,0.023501,-0.002802,0.000119,-0.000119,0.055881,-0.017584
0.762542,0.021428,-0.023130,0.015612,-0.004405,0.000077,-0.000077,0.037118,-0.027612
0.842809,0.013886,-0.035644,0.010118,-0.006781,0.000050,-0.000050,0.024053,-0.042476
0.923077,0.008778,-0.053609,0.006397,-0.010196,0.000032,-0.000032,0.015207,-0.063837
1.003344,0.005414,-0.078663,0.003945,-0.014960,0.000020,-0.000020,0.009379,-0.093644
1.083612,0.003257,-0.112603,0.002374,-0.021414,0.000013,-0.000013,0.005643,-0.134030
1.163880,0.001912,-0.157239,0.001393,-0.029902,0.000008,-0.000008,0.003313,-0.187149
1.244147,0.001095,-0.214189,0.000798,-0.040732,0.000005,-0.000005,0.001897,-0.254926
1.324415,0.000611,-0.284615,0.000446,-0.054125,0.000003,-0.000003,0.001060,-0.338743
1.404682,0.000333,-0.368931,0.000243,-0.070160,0.000002,-0.000002,0.000578,-0.439092
1.484950,0.000177,-0.466505,0.000129,-0.088715,0.000001,-0.000001,0.000307,-0.555222
1.565217,0.000092,-0.575431,0.000067,-0.109430,0.000001,-0.000001,0.000159,-0.684861
1.645485,0.000046,-0.692396,0.000034,-0.131673,0.000000,-0.000000,0.000081,-0.824070
1.725753,0.000023,-0.812721,0.000017,-0.154556,0.000000,-0.000000,0.000040,-0.967277
1.806020,0.000011,-0.930579,0.000008,-0.176969,0.000000,-0.000000,0.000019,-1.107548
1.886288,0.000005,-1.039418,0.000004,-0.197667,0.000000,-0.000000,0.000009,-1.237084
1.966555,0.000002,-1.132536,0.000002,-0.215375,0.000000,-0.000000,0.000004,-1.347911
2.046823,0.000001,-1.203756,0.000001,-0.228919,0.000000,-0.000000,0.000002,-1.432675
2.127090,0.000000,-1.248103,0.000000,-0.237352,0.000000,-0.000000,0.000001,-1.485455
2.207358,0.000000,-1.262371,0.000000,-0.240066,0.000000,-0.000000,0.000000,-1.502437
2.287625,0.000000,-1.245515,0.000000,-0.236860,0.000000,-0.000000,0.000000,-1.482375
2.367893,0.000000,-1.198769,0.000000,-0.227971,0.000000,-0.000000,0.000000,-1.426740
2.448161,0.000000,-1.125505,0.000000,-0.214038,0.000000,-0.000000,0.000000,-1.339543
2.528428,0.000000,-1.030823,0.000000,-0.196032,0.000000,-0.000000,0.000000,-1.226855
2.608696,0.000000,-0.920971,0.000000,-0.175141,0.000000,-0.000000,0.000000,-1.096112
2.688963,0.000000,-0.802662,0.000000,-0.152643,0.000000,-0.000000,0.000000,-0.955304
2.769231,0.000000,-0.682408,0.000000,-0.129774,0.000000,-0.000000,0.000000,-0.812182
2.849498,0.000000,-0.565954,0.000000,-0.107628,0.000000,-0.000000,0.000000,-0.673582
2.929766,0.000000,-0.457871,0.000000,-0.087073,0.000000,-0.000000,0.000000,-0.544944
3.010033,0.000000,-0.361351,0.000000,-0.068718,0.000000,-0.000000,0.000000,-0.430069
3.090301,0.000000,-0.278190,0.000000,-0.052903,0.000000,-0.000000,0.000000,-0.331093
3.170569,0.000000,-0.208919,0.000000,-0.039730,0.000000,-0.000000,0.000000,-0.248649
3.250836,0.000000,-0.153052,0.000000,-0.029106,0.000000,-0.000000,0.000000,-0.182158
3.331104,0.000000,-0.109377,0.000000,-0.020800,0.000000,-0.000000,0.000000,-0.130177
3.411371,0.000000,-0.076250,0.000000,-0.014500,0.000000,-0.000000,0.000000,-0.090750
3.491639,0.000000,-0.051853,0.000000,-0.009861,0.000000,-0.000000,0.000000,-0.061714
3.571906,0.000000,-0.034398,0.000000,-0.006542,0.000000,-0.000000,0.000000,-0.040940
3.652174,0.000000,-0.022260,0.000000,-0.004233,0.000000,-0.000000,0.000000,-0.026493
3.732441,0.000000,-0.014052,0.000000,-0.002672,0.000000,-0.000000,0.000000,-0.016724
3.812709,0.000000,-0.008653,0.000000,-0.001646,0.000000,-0.000000,0.000000,-0.010299
3.892977,0.000000,-0.005198,0.000000,-0.000988,0.000000,-0.000000,0.000000,-0.006186
3.973244,0.000000,-0.003046,0.000000,-0.000579,0.000000,-0.000000,0.000000,-0.003625
4.053512,0.000000,-0.001741,0.000000,-0.000331,0.000000,-0.000000,0.000000,-0.002072
4.133779,0.000000,-0.000971,0.000000,-0.000185,0.000000,-0.000000,0.000000,-0.001156
4.214047,0.000000,-0.000528,0.000000,-0.000100,0.000000,-0.000000,0.000000,-0.000629
4.294314,0.000000,-0.000280,0.000000,-0.000053,0.000000,-0.000000,0.000000,-0.000334
4.374582,0.000000,-0.000145,0.000000,-0.000028,0.000000,-0.000000,0.000000,-0.000173
4.454849,0.000000,-0.000073,0.000000,-0.000014,0.000000,-0.000000,0.000000,-0.000087
4.535117,0.000000,-0.000036,0.000000,-0.000007,0.000000,-0.000000,0.000000,-0.000043
4.615385,0.000000,-0.000017,0.000000,-0.000003,0.000000,-0.000000,0.000000,-0.000021
4.695652,0.000000,-0.000008,0.000000,-0.000002,0.000000,-0.000000,0.000000,-0.000010
4.775920,0.000000,-0.000004,0.000000,-0.000001,0.000000,-0.000000,0.000000,-0.000004
4.856187,0.000000,-0.000002,0.000000,-0.000000,0.000000,-0.000000,0.000000,-0.000002
4.936455,0.000000,-0.000001,0.000000,-0.000000,0.000000,-0.000000,0.000000,-0.000001
5.016722,0.000000,-0.000000,0.000000,-0.000000,0.000000,-0.000000,0.000000,-0.000000
5.096990,0.000000,-0.000000,0.000000,-0.000000,0.000000,-0.000000,0.000000,-0.000000
5.177258,0.000000,-0.000000,0.000000,-0.000000,0.000000,-0.000000,0.000000,-0.000000
5.257525,0.000000,-0.000000,0.000000,-0.000000,0.000000,-0.000000,0.000000,-0.000000
5.337793,0.000000,-0.000000,0.000000,-0.000000,0.000000,-0.000000,0.000000,-0.000000
5.418060,0.000000,-0.000000,0.000000,-0.000000,0.000000,-0.000000,0.000000,-0.000000
5.498328,0.000000,-0.000000,0.000000,-0.000000,0.000000,-0.000000,0.000000,-0.000000
5.578595,0.000000,-0.000000,0.000000,-0.000000,0.000000,-0.000000,0.000000,-0.000000
5.658863,0.000000,-0.000000,0.000000,-0.000000,0.000000,-0.000000,0.000000,-0.000000
5.739130,0.000000,-0.000000,0.000000,-0.000000,0.000000,-0.000000,0.000000,-0.000000
5.819398,0.000000,-0.000000,0.000000,-0.000000,0.000000,-0.000000,0.000000,-0.000000
5.899666,0.000000,-0.000000,0.000000,-0.000000,0.000000,-0.000000,0.000000,-0.000000
5.979933,0.000000,-0.000000,0.000000,-0.000000,0.000000,-0.000000,0.000000,-0.000000
6.060201,0.000000,-0.000000,0.000000,-0.000000,0.000000,-0.000000,0.000000,-0.000000
6.140468,0.000000,-0.000000,0.000000,-0.000000,0.000000,-0.000000,0.000000,-0.000000
6.220736,0.000000,-0.000000,0.000000,-0.000000,0.000000,-0.000000,0.000000,-0.000000
6.301003,0.000000,-0.000000,0.000000,-0.000000,0.000000,-0.000000,0.000000,-0.000000
6.381271,0.000000,-0.000000,0.000000,-0.000000,0.000000,-0.000000,0.000000,-0.000000
6.461538,0.000000,-0.000000,0.000000,-0.000000,0.000000,-0.000000,0.000000,-0.000000
6.541806,0.000000,-0.000000,0.000000,-0.000000,0.000000,-0.000000,0.000000,-0.000000
6.622074,0.000000,-0.000000,0.000000,-0.000000,0.000000,-0.000000,0.000000,-0.000000
6.702341,0.000000,-0.000000,0.000000,-0.000000,0.000000,-0.000000,0.000000,-0.000000
6.782609,0.000000,-0.000000,0.000000,-0.000000,0.000000,-0.000000,0.000000,-0.000000
6.862876,0.000000,-0.000000,0.000000,-0.000000,0.000000,-0.000000,0.000000,-0.000000
6.943144,0.000000,-0.000000,0.000000,-0.000000,0.000000,-0.000000,0.000000,-0.000000
7.023411,0.000000,-0.000000,0.000000,-0.000000,0.000000,-0.000000,0.000000,-0.000000
7.103679,0.000000,-0.000000,0.000000,-0.000000,0.000000,-0.000000,0.000000,-0.000000
7.183946,0.000000,-0.000000,0.000000,-0.000000,0.000000,-0.000000,0.000000,-0.000000
7.264214,0.000000,-0.000000,0.000000,-0.000000,0.000000,-0.000000,0.000000,-0.000000
7.344482,0.000000,-0.000000,0.000000,-0.000000,0.000000,-0.000000,0.000000,-0.000000
7.424749,0.000000,-0.000000,0.000000,-0.000000,0.000000,-0.000000,0.000000,-0.000000
7.505017,0.000000,-0.000000,0.000000,-0.000000,0.000000,-0.000000,0.000000,-0.000000
7.585284,0.000000,-0.000000,0.000000,-0.000000,0.000000,-0.000000,0.000000,-0.000000
7.665552,0.000000,-0.000000,0.000000,-0.000000,0.000000,-0.000000,0.000000,-0.000000
7.745819,0.000000,-0.000000,0.000000,-0.000000,0.000000,-0.000000,0.000000,-0.000000
7.826087,0.000000,-0.000000,0.000000,-0.000000,0.000000,-0.000000,0.000000,-0.000000
7.906355,0.000000,-0.000000,0.000000,-0.000000,0.000000,-0.000000,0.000000,-0.000000
7.986622,0.000000,-0.000000,0.000000,-0.000000,0.000000,-0.000000,0.000000,-0.000000
8.066890,0.000000,-0.000000,0.000000,-0.000000,0.000000,-0.000000,0.000000,-0.000000
8.147157,0.000000,-0.000000,0.000000,-0.000000,0.000000,-0.000000,0.000000,-0.000000
8.227425,0.000000,-0.000000,0.000000,-0.000000,0.000000,-0.000000,0.000000,-0.000000
8.307692,0.000000,-0.000000,0.000000,-0.000000,0.000000,-0.000000,0.000000,-0.000000
8.387960,0.000000,-0.000000,0.000000,-0.000000,0.000000,-0.000000,0.000000,-0.000000
8.468227,0.000000,-0.000000,0.000000,-0.000000,0.000000,-0.000000,0.000000,-0.000000
8.548495,0.000000,-0.000000,0.000000,-0.000000,0.000000,-0.000000,0.000000,-0.000000
8.628763,0.000000,-0.000000,0.000000,-0.000000,0.000000,-0.000000,0.000000,-0.000000
8.709030,0.000000,-0.000000,0.000000,-0.000000,0.000000,-0.000000,0.000000,-0.000000
8.789298,0.000000,-0.000000,0.000000,-0.000000,0.000000,-0.000000,0.000000,-0.000000
8.869565,0.000000,-0.000000,0.000000,-0.000000,0.000000,-0.000000,0.000000,-0.000000
8.949833,0.000000,-0.000000,0.000000,-0.000000,0.000000,-0.000000,0.000000,-0.000000
9.030100,0.000000,-0.000000,0.000000,-0.000000,0.000000,-0.000000,0.000000,-0.000000
9.110368,0.000000,-0.000000,0.000000,-0.000000,0.000000,-0.000000,0.000000,-0.000000
9.190635,0.000000,-0.000000,0.000000,-0.000000,0.000000,-0.000000,0.000000,-0.000000
9.270903,0.000000,-0.000000,0.000000,-0.000000,0.000000,-0.000000,0.000000,-0.000000
9.351171,0.000000,-0.000000,0.000000,-0.000000,0.000000,-0.000000,0.000000,-0.000000
9.431438,0.000000,-0.000000,0.000000,-0.000000,0.000000,-0.000000,0.000000,-0.000000
9.511706,0.000000,-0.000000,0.000000,-0.000000,0.000000,-0.000000,0.000000,-0.000000
9.591973,0.000000,-0.000000,0.000000,-0.000000,0.000000,-0.000000,0.000000,-0.000000
9.672241,0.000000,-0.000000,0.000000,-0.000000,0.000000,-0.000000,0.000000,-0.000000
9.752508,0.000000,-0.000000,0.000000,-0.000000,0.000000,-0.000000,0.000000,-0.000000
9.832776,0.000000,-0.000000,0.000000,-0.000000,0.000000,-0.000000,0.000000,-0.000000
9.913043,0.000000,-0.000000,0.000000,-0.000000,0.000000,-0.000000,0.000000,-0.000000
9.993311,0.000000,-0.000000,0.000000,-0.000000,0.000000,-0.000000,0.000000,-0.000000
10.073579,0.000000,-0.000000,0.000000,-0.000000,0.000000,-0.000000,0.000000,-0.000000
10.153846,0.000000,-0.000000,0.000000,-0.000000,0.000000,-0.000000,0.000000,-0.000000
10.234114,0.000000,-0.000000,0.000000,-0.000000,0.000000,-0.000000,0.000000,-0.000000
10.314381,0.000000,-0.000000,0.000000,-0.000000,0.000000,-0.000000,0.000000,-0.000000
10.394649,0.000000,-0.000000,0.000000,-0.000000,0.000000,-0.000000,0.000000,-0.000000
10.474916,0.000000,-0.000000,0.000000,-0.000000,0.000000,-0.000000,0.000000,-0.000000
10.555184,0.000000,-0.000000,0.000000,-0.000000,0.000000,-0.000000,0.000000,-0.000000
10.635452,0.000000,-0.000000,0.000000,-0.000000,0.000000,-0.000000,0.000000,-0.000000
10.715719,0.000000,-0.000000,0.000000,-0.000000,0.000000,-0.000000,0.000000,-0.000000
10.795987,0.000000,-0.000000,0.000000,-0.000000,0.000000,-0.000000,0.000000,-0.000000
10.876254,0.000000,-0.000000,0.000000,-0.000000,0.000000,-0.000000,0.000000,-0.000000
10.956522,0.000000,-0.000000,0.000000,-0.000000,0.000000,-0.000000,0.000000,-0.000000
11.036789,0.000000,-0.000000,0.000000,-0.000000,0.000000,-0.000000,0.000000,-0.000000
11.117057,0.000000,-0.000000,0.000000,-0.000000,0.000000,-0.000000,0.000000,-0.000000
11.197324,0.000000,-0.000000,0.000000,-0.000000,0.000000,-0.000000,0.000000,-0.000000
11.277592,0.000000,-0.000000,0.000000,-0.000000,0.000000,-0.000000,0.000000,-0.000000
11.357860,0.000000,-0.000000,0.000000,-0.000000,0.000000,-0.000000,0.000000,-0.000000
11.438127,0.000000,-0.000000,0.000000,-0.000000,0.000000,-0.000000,0.000000,-0.000000
11.518395,0.000000,-0.000000,0.000000,-0.000000,0.000000,-0.000000,0.000000,-0.000000
11.598662,0.000000,-0.000000,0.000000,-0.000000,0.000000,-0.000000,0.000000,-0.000000
11.678930,0.000000,-0.000000,0.000000,-0.000000,0.000000,-0.000000,0.000000,-0.000000
11.759197,0.000000,-0.000000,0.000000,-0.000000,0.000000,-0.000000,0.000000,-0.000000
11.839465,0.000000,-0.000000,0.000000,-0.000000,0.000000,-0.000000,0.000000,-0.000000
11.919732,0.000000,-0.000000,0.000000,-0.000000,0.000000,-0.000000,0.000000,-0.000000
12.000000,0.000000,-0.000000,0.000000,-0.000000,0.000000,-0.000000,0.000000,-0.000000
