E,I
525.053481,0.000364
525.103137,0.000376
525.152792,0.000388
525.202448,0.000401
525.252104,0.000414
525.301759,0.000427
525.351415,0.000441
525.401070,0.000455
525.450726,0.000469
525.500382,0.000484
525.550037,0.000500
525.599693,0.000516
525.649349,0.000532
525.699004,0.000549
525.748660,0.000567
525.798315,0.000585
525.847971,0.000603
525.897627,0.000623
525.947282,0.000642
525.996938,0.000663
526.046594,0.000684
526.096249,0.000706
526.145905,0.000729
526.195560,0.000753
526.245216,0.000777
526.294872,0.000802
526.344527,0.000828
526.394183,0.000856
526.443838,0.000884
526.493494,0.000913
526.543150,0.000943
526.592805,0.000975
526.642461,0.001008
526.692117,0.001042
526.741772,0.001077
526.791428,0.001114
526.841083,0.001153
526.890739,0.001193
526.940395,0.001235
526.990050,0.001279
527.039706,0.001325
527.089362,0.001372
527.139017,0.001423
527.188673,0.001475
527.238328,0.001530
527.287984,0.001587
527.337640,0.001648
527.387295,0.001711
527.436951,0.001778
527.486606,0.001848
527.536262,0.001922
527.585918,0.001999
527.635573,0.002082
527.685229,0.002168
527.734885,0.002260
527.784540,0.002357
527.834196,0.002460
527.883851,0.002570
527.933507,0.002686
527.983163,0.002810
528.032818,0.002942
528.082474,0.003083
528.132130,0.003234
528.181785,0.003396
528.231441,0.003570
528.281096,0.003757
528.330752,0.003959
528.380408,0.004178
528.430063,0.004415
528.479719,0.004673
528.529375,0.004955
528.579030,0.005263
528.628686,0.005603
528.678341,0.005977
528.727997,0.006394
528.777653,0.006857
528.827308,0.007377
528.876964,0.007963
528.926619,0.008627
528.976275,0.009384
529.025931,0.010251
529.075586,0.011249
529.125242,0.012404
529.174898,0.013746
529.224553,0.015309
529.274209,0.017133
529.323864,0.019265
529.373520,0.021756
529.423176,0.024662
529.472831,0.028043
529.522487,0.031963
529.572143,0.036483
529.621798,0.041665
529.671454,0.047562
529.721109,0.054217
529.770765,0.061659
529.820421,0.069896
529.870076,0.078909
529.919732,0.088651
529.969388,0.099043
530.019043,0.109966
530.068699,0.121269
530.118354,0.132761
530.168010,0.144224
530.217666,0.155412
530.267321,0.166061
530.316977,0.175901
530.366632,0.184667
530.416288,0.192108
530.465944,0.198004
530.515599,0.202176
530.565255,0.204493
530.614911,0.204881
530.664566,0.203329
530.714222,0.199886
530.763877,0.194659
530.813533,0.187811
530.863189,0.179546
530.912844,0.170104
530.962500,0.159746
531.012156,0.148741
531.061811,0.137358
531.111467,0.125849
531.161122,0.114446
531.210778,0.103351
531.260434,0.092731
531.310089,0.082718
531.359745,0.073406
531.409401,0.064856
531.459056,0.057096
531.508712,0.050129
531.558367,0.043933
531.608023,0.038472
531.657679,0.033694
531.707334,0.029542
531.756990,0.025953
531.806645,0.022865
531.856301,0.020216
531.905957,0.017947
531.955612,0.016005
532.005268,0.014343
532.054924,0.012918
532.104579,0.011692
532.154235,0.010635
532.203890,0.009718
532.253546,0.008920
532.303202,0.008221
532.352857,0.007605
532.402513,0.007060
532.452169,0.006575
532.501824,0.006141
532.551480,0.005751
532.601135,0.005398
532.650791,0.005077
532.700447,0.004785
532.750102,0.004518
532.799758,0.004273
532.849414,0.004048
532.899069,0.003839
532.948725,0.003647
532.998380,0.003468
533.048036,0.003301
533.097692,0.003146
533.147347,0.003001
533.197003,0.002866
533.246658,0.002739
533.296314,0.002619
533.345970,0.002507
533.395625,0.002402
533.445281,0.002303
533.494937,0.002209
533.544592,0.002120
533.594248,0.002036
533.643903,0.001957
533.693559,0.001882
533.743215,0.001810
533.792870,0.001742
533.842526,0.001678
533.892182,0.001616
533.941837,0.001558
533.991493,0.001502
534.041148,0.001449
534.090804,0.001398
534.140460,0.001349
534.190115,0.001303
534.239771,0.001258
534.289426,0.001216
534.339082,0.001175
534.388738,0.001136
534.438393,0.001098
534.488049,0.001062
534.537705,0.001028
534.587360,0.000995
534.637016,0.000963
534.686671,0.000932
534.736327,0.000902
534.785983,0.000874
534.835638,0.000846
534.885294,0.000820
534.934950,0.000794
534.984605,0.000770
535.034261,0.000746
535.083916,0.000723
535.133572,0.000701
535.183228,0.000680
535.232883,0.000659
535.282539,0.000639
535.332195,0.000620
535.381850,0.000601
535.431506,0.000583
535.481161,0.000565
535.530817,0.000548
535.580473,0.000532
535.630128,0.000516
535.679784,0.000500
535.729439,0.000485
535.779095,0.000471
535.828751,0.000457
535.878406,0.000443
535.928062,0.000430
535.977718,0.000417
536.027373,0.000404
536.077029,0.000392
536.126684,0.000380
536.176340,0.000369
536.225996,0.000357
536.275651,0.000346
536.325307,0.000336
536.374963,0.000326
536.424618,0.000315
536.474274,0.000306
536.523929,0.000296
536.573585,0.000287
536.623241,0.000278
536.672896,0.000269
536.722552,0.000261
536.772208,0.000252
536.821863,0.000244
536.871519,0.000236
536.921174,0.000228
536.970830,0.000221
537.020486,0.000214
537.070141,0.000207
537.119797,0.000200
537.169452,0.000193
537.219108,0.000186
537.268764,0.000180
537.318419,0.000173
537.368075,0.000167
537.417731,0.000161
537.467386,0.000155
537.517042,0.000150
537.566697,0.000144
537.616353,0.000139
537.666009,0.000133
537.715664,0.000128
537.765320,0.000123
537.814976,0.000118
537.864631,0.000113
537.914287,0.000109
537.963942,0.000104
538.013598,0.000100
538.063254,0.000095
538.112909,0.000091
538.162565,0.000087
538.212221,0.000083
538.261876,0.000079
538.311532,0.000075
538.361187,0.000072
538.410843,0.000068
538.460499,0.000064
538.510154,0.000061
538.559810,0.000058
538.609465,0.000054
538.659121,0.000051
538.708777,0.000048
538.758432,0.000045
538.808088,0.000042
538.857744,0.000039
538.907399,0.000037
538.957055,0.000034
539.006710,0.000032
539.056366,0.000029
539.106022,0.000027
539.155677,0.000024
539.205333,0.000022
539.254989,0.000020
539.304644,0.000018
539.354300,0.000016
539.403955,0.000014
539.453611,0.000012
539.503267,0.000011
539.552922,0.000009
539.602578,0.000007
539.652233,0.000006
539.701889,0.000005
539.751545,0.000003
539.801200,0.000002
539.850856,0.000001
539.900512,0.000000
