E,I32,I12,Ibg,Itot
480.000000,0.001986,0.000000,0.000000,0.000869
480.234114,0.002048,0.000002,0.000000,0.000933
480.468227,0.002112,0.000005,0.000000,0.001000
480.702341,0.002179,0.000008,0.000000,0.001070
480.936455,0.002249,0.000010,0.000000,0.001142
481.170569,0.002321,0.000013,0.000000,0.001217
481.404682,0.002397,0.000015,0.000000,0.001296
481.638796,0.002476,0.000018,0.000000,0.001378
481.872910,0.002558,0.000021,0.000000,0.001463
482.107023,0.002644,0.000024,0.000000,0.001552
482.341137,0.002734,0.000027,0.000000,0.001644
482.575251,0.002828,0.000030,0.000000,0.001741
482.809365,0.002926,0.000033,0.000000,0.001843
483.043478,0.003029,0.000036,0.000000,0.001949
483.277592,0.003137,0.000039,0.000000,0.002060
483.511706,0.003250,0.000042,0.000000,0.002176
483.745819,0.003369,0.000045,0.000000,0.002299
483.979933,0.003494,0.000048,0.000000,0.002427
484.214047,0.003626,0.000051,0.000000,0.002562
484.448161,0.003764,0.000055,0.000000,0.002704
484.682274,0.003910,0.000058,0.000000,0.002853
484.916388,0.004064,0.000062,0.000000,0.003011
485.150502,0.004227,0.000065,0.000000,0.003178
485.384615,0.004399,0.000069,0.000000,0.003354
485.618729,0.004582,0.000072,0.000000,0.003540
485.852843,0.004775,0.000076,0.000000,0.003737
486.086957,0.004981,0.000080,0.000000,0.003947
486.321070,0.005200,0.000084,0.000000,0.004170
486.555184,0.005433,0.000088,0.000000,0.004407
486.789298,0.005681,0.000092,0.000000,0.004660
487.023411,0.005947,0.000096,0.000000,0.004930
487.257525,0.006231,0.000100,0.000000,0.005219
487.491639,0.006537,0.000104,0.000000,0.005529
487.725753,0.006865,0.000108,0.000000,0.005862
487.959866,0.007219,0.000113,0.000000,0.006220
488.193980,0.007601,0.000117,0.000000,0.006607
488.428094,0.008015,0.000122,0.000000,0.007026
488.662207,0.008464,0.000126,0.000000,0.007481
488.896321,0.008954,0.000131,0.000000,0.007976
489.130435,0.009489,0.000136,0.000000,0.008516
489.364548,0.010076,0.000141,0.000000,0.009109
489.598662,0.010722,0.000146,0.000000,0.009761
489.832776,0.011438,0.000151,0.000000,0.010483
490.066890,0.012234,0.000156,0.000000,0.011285
490.301003,0.013126,0.000162,0.000000,0.012183
490.535117,0.014132,0.000167,0.000000,0.013196
490.769231,0.015277,0.000173,0.000000,0.014347
491.003344,0.016592,0.000178,0.000000,0.015670
491.237458,0.018123,0.000184,0.000000,0.017208
491.471572,0.019927,0.000190,0.000000,0.019020
491.705686,0.022085,0.000196,0.000000,0.021186
491.939799,0.024707,0.000202,0.000000,0.023817
492.173913,0.027942,0.000209,0.000000,0.027063
492.408027,0.031993,0.000215,0.000000,0.031125
492.642140,0.037128,0.000222,0.000000,0.036272
492.876254,0.043699,0.000228,0.000000,0.042857
493.110368,0.052156,0.000235,0.000000,0.051330
493.344482,0.063057,0.000242,0.000000,0.062251
493.578595,0.077079,0.000250,0.000000,0.076296
493.812709,0.095007,0.000257,0.000000,0.094251
494.046823,0.117713,0.000264,0.000000,0.116990
494.280936,0.146112,0.000272,0.000000,0.145429
494.515050,0.181091,0.000280,0.000000,0.180454
494.749164,0.223416,0.000288,0.000000,0.222835
494.983278,0.273615,0.000297,0.000000,0.273099
495.217391,0.331850,0.000305,0.000000,0.331407
495.451505,0.397782,0.000314,0.000000,0.397422
495.685619,0.470468,0.000323,0.000000,0.470198
495.919732,0.548287,0.000332,0.000000,0.548114
496.153846,0.628933,0.000341,0.000000,0.628860
496.387960,0.709479,0.000351,0.000000,0.709505
496.622074,0.786527,0.000361,0.000000,0.786650
496.856187,0.856434,0.000371,0.000000,0.856645
497.090301,0.915595,0.000381,0.000000,0.915882
497.324415,0.960754,0.000392,0.000000,0.961102
497.558528,0.989314,0.000403,0.000000,0.989705
497.792642,0.999586,0.000414,0.000000,1.000000
498.026756,0.990965,0.000426,0.000000,0.991381
498.260870,0.963989,0.000437,0.000000,0.964387
498.494983,0.920287,0.000450,0.000000,0.920648
498.729097,0.862411,0.000462,0.000000,0.862720
498.963211,0.793589,0.000475,0.000000,0.793834
499.197324,0.717418,0.000488,0.000000,0.717590
499.431438,0.637554,0.000502,0.000000,0.637651
499.665552,0.557426,0.000516,0.000000,0.557447
499.899666,0.480002,0.000530,0.000000,0.479951
500.133779,0.407642,0.000545,0.000000,0.407525
500.367893,0.342023,0.000561,0.000000,0.341848
500.602007,0.284144,0.000576,0.000000,0.283920
500.836120,0.234398,0.000593,0.000000,0.234134
501.070234,0.192675,0.000610,0.000000,0.192381
501.304348,0.158498,0.000627,0.000000,0.158183
501.538462,0.131150,0.000645,0.000000,0.130822
501.772575,0.109798,0.000663,0.000000,0.109465
502.006689,0.093588,0.000682,0.000000,0.093257
502.240803,0.081723,0.000702,0.000000,0.081397
502.474916,0.073504,0.000722,0.000000,0.073190
502.709030,0.068364,0.000743,0.000000,0.068065
502.943144,0.065869,0.000765,0.000000,0.065589
503.177258,0.065716,0.000787,0.000000,0.065458
503.411371,0.067714,0.000811,0.000000,0.067482
503.645485,0.071766,0.000835,0.000000,0.071563
503.879599,0.077839,0.000860,0.000000,0.077668
504.113712,0.085934,0.000886,0.000000,0.085798
504.347826,0.096054,0.000912,0.000000,0.095956
504.581940,0.108174,0.000940,0.000000,0.108117
504.816054,0.122204,0.000969,0.000000,0.122192
505.050167,0.137967,0.000999,0.000000,0.138002
505.284281,0.155172,0.001030,0.000000,0.155258
505.518395,0.173406,0.001063,0.000000,0.173545
505.752508,0.192130,0.001097,0.000000,0.192323
505.986622,0.210694,0.001132,0.000000,0.210944
506.220736,0.228370,0.001168,0.000000,0.228676
506.454849,0.244388,0.001207,0.000000,0.244750
506.688963,0.257993,0.001246,0.000000,0.258410
506.923077,0.268502,0.001288,0.000000,0.268973
507.157191,0.275362,0.001331,0.000000,0.275883
507.391304,0.278192,0.001377,0.000000,0.278762
507.625418,0.276827,0.001424,0.000000,0.277443
507.859532,0.271323,0.001474,0.000000,0.271982
508.093645,0.261959,0.001526,0.000000,0.262660
508.327759,0.249207,0.001580,0.000000,0.249949
508.561873,0.233694,0.001637,0.000000,0.234476
508.795987,0.216144,0.001697,0.000000,0.216966
509.030100,0.197322,0.001761,0.000000,0.198186
509.264214,0.177979,0.001827,0.000000,0.178888
509.498328,0.158800,0.001897,0.000000,0.159757
509.732441,0.140371,0.001971,0.000000,0.141382
509.966555,0.123157,0.002049,0.000000,0.124227
510.200669,0.107489,0.002131,0.000000,0.108624
510.434783,0.093572,0.002218,0.000000,0.094779
510.668896,0.081497,0.002311,0.000000,0.082783
510.903010,0.071260,0.002409,0.000000,0.072632
511.137124,0.062786,0.002513,0.000000,0.064252
511.371237,0.055947,0.002624,0.000000,0.057517
511.605351,0.050586,0.002742,0.000000,0.052268
511.839465,0.046528,0.002868,0.000000,0.048332
512.073579,0.043596,0.003003,0.000000,0.045532
512.307692,0.041612,0.003147,0.000000,0.043690
512.541806,0.040407,0.003302,0.000000,0.042639
512.775920,0.039817,0.003469,0.000000,0.042215
513.010033,0.039689,0.003649,0.000000,0.042267
513.244147,0.039878,0.003843,0.000000,0.042650
513.478261,0.040245,0.004054,0.000000,0.043229
513.712375,0.040667,0.004283,0.000000,0.043880
513.946488,0.041028,0.004532,0.000000,0.044491
514.180602,0.041230,0.004805,0.000000,0.044967
514.414716,0.041193,0.005104,0.000000,0.045230
514.648829,0.040858,0.005434,0.000000,0.045225
514.882943,0.040187,0.005800,0.000000,0.044920
515.117057,0.039169,0.006208,0.000000,0.044308
515.351171,0.037811,0.006665,0.000000,0.043407
515.585284,0.036146,0.007182,0.000000,0.042257
515.819398,0.034218,0.007771,0.000000,0.040917
516.053512,0.032087,0.008450,0.000000,0.039463
516.287625,0.029819,0.009242,0.000000,0.037985
516.521739,0.027481,0.010178,0.000000,0.036581
516.755853,0.025136,0.011301,0.000000,0.035359
516.989967,0.022842,0.012671,0.000000,0.034434
517.224080,0.020648,0.014366,0.000000,0.033934
517.458194,0.018588,0.016496,0.000000,0.034003
517.692308,0.016689,0.019201,0.000000,0.034810
517.926421,0.014964,0.022667,0.000000,0.036555
518.160535,0.013419,0.027132,0.000000,0.039477
518.394649,0.012050,0.032887,0.000000,0.043867
518.628763,0.010848,0.040281,0.000000,0.050067
518.862876,0.009799,0.049720,0.000000,0.058466
519.096990,0.008890,0.061644,0.000000,0.069493
519.331104,0.008102,0.076512,0.000000,0.083590
519.565217,0.007421,0.094759,0.000000,0.101176
519.799331,0.006831,0.116749,0.000000,0.122599
520.033445,0.006319,0.142710,0.000000,0.148076
520.267559,0.005872,0.172676,0.000000,0.177628
520.501672,0.005480,0.206417,0.000000,0.211014
520.735786,0.005134,0.243390,0.000000,0.247682
520.969900,0.004826,0.282711,0.000000,0.286739
521.204013,0.004552,0.323155,0.000000,0.326954
521.438127,0.004304,0.363203,0.000000,0.366799
521.672241,0.004081,0.401117,0.000000,0.404532
521.906355,0.003877,0.435067,0.000000,0.438316
522.140468,0.003691,0.463275,0.000000,0.466370
522.374582,0.003520,0.484172,0.000000,0.487118
522.608696,0.003362,0.496546,0.000000,0.499348
522.842809,0.003216,0.499664,0.000000,0.502323
523.076923,0.003080,0.493345,0.000000,0.495860
523.311037,0.002953,0.477979,0.000000,0.480350
523.545151,0.002834,0.454488,0.000000,0.456714
523.779264,0.002722,0.424233,0.000000,0.426314
524.013378,0.002618,0.388879,0.000000,0.390816
524.247492,0.002519,0.350246,0.000000,0.352041
524.481605,0.002426,0.310148,0.000000,0.311804
524.715719,0.002338,0.270258,0.000000,0.271782
524.949833,0.002254,0.232001,0.000000,0.233398
525.183946,0.002175,0.196484,0.000000,0.197763
525.418060,0.002100,0.164473,0.000000,0.165640
525.652174,0.002028,0.136398,0.000000,0.137462
525.886288,0.001960,0.112396,0.000000,0.113365
526.120401,0.001895,0.092369,0.000000,0.093250
526.354515,0.001833,0.076045,0.000000,0.076845
526.588629,0.001773,0.063049,0.000000,0.063776
526.822742,0.001717,0.052960,0.000000,0.053618
527.056856,0.001662,0.045352,0.000000,0.045948
527.290970,0.001610,0.039838,0.000000,0.040375
527.525084,0.001560,0.036080,0.000000,0.036562
527.759197,0.001512,0.033809,0.000000,0.034241
527.993311,0.001465,0.032823,0.000000,0.033208
528.227425,0.001421,0.032983,0.000000,0.033323
528.461538,0.001378,0.034205,0.000000,0.034504
528.695652,0.001337,0.036449,0.000000,0.036708
528.929766,0.001297,0.039701,0.000000,0.039925
529.163880,0.001259,0.043966,0.000000,0.044156
529.397993,0.001222,0.049242,0.000000,0.049401
529.632107,0.001186,0.055512,0.000000,0.055642
529.866221,0.001152,0.062722,0.000000,0.062825
530.100334,0.001118,0.070772,0.000000,0.070851
530.334448,0.001086,0.079504,0.000000,0.079561
530.568562,0.001055,0.088698,0.000000,0.088734
530.802676,0.001025,0.098072,0.000000,0.098088
531.036789,0.000995,0.107291,0.000000,0.107288
531.270903,0.000967,0.115984,0.000000,0.115962
531.505017,0.000939,0.123765,0.000000,0.123725
531.739130,0.000913,0.130263,0.000000,0.130203
531.973244,0.000887,0.135147,0.000000,0.135067
532.207358,0.000862,0.138158,0.000000,0.138056
532.441472,0.000838,0.139127,0.000000,0.139002
532.675585,0.000814,0.137994,0.000000,0.137844
532.909699,0.000791,0.134813,0.000000,0.134637
533.143813,0.000769,0.129746,0.000000,0.129541
533.377926,0.000747,0.123046,0.000000,0.122812
533.612040,0.000726,0.115039,0.000000,0.114775
533.846154,0.000705,0.106096,0.000000,0.105801
534.080268,0.000685,0.096598,0.000000,0.096273
534.314381,0.000666,0.086916,0.000000,0.086561
534.548495,0.000647,0.077385,0.000000,0.076999
534.782609,0.000628,0.068283,0.000000,0.067869
535.016722,0.000610,0.059830,0.000000,0.059389
535.250836,0.000593,0.052177,0.000000,0.051710
535.484950,0.000576,0.045414,0.000000,0.044922
535.719064,0.000559,0.039575,0.000000,0.039060
535.953177,0.000543,0.034650,0.000000,0.034112
536.187291,0.000527,0.030593,0.000000,0.030036
536.421405,0.000511,0.027339,0.000000,0.026763
536.655518,0.000496,0.024806,0.000000,0.024211
536.889632,0.000482,0.022905,0.000000,0.022294
537.123746,0.000467,0.021548,0.000000,0.020921
537.357860,0.000453,0.020647,0.000000,0.020004
537.591973,0.000439,0.020117,0.000000,0.019460
537.826087,0.000426,0.019878,0.000000,0.019207
538.060201,0.000413,0.019854,0.000000,0.019170
538.294314,0.000400,0.019973,0.000000,0.019276
538.528428,0.000388,0.020167,0.000000,0.019458
538.762542,0.000375,0.020376,0.000000,0.019655
538.996656,0.000363,0.020544,0.000000,0.019811
539.230769,0.000352,0.020622,0.000000,0.019878
539.464883,0.000340,0.020574,0.000000,0.019818
539.698997,0.000329,0.020371,0.000000,0.019604
539.933110,0.000318,0.019999,0.000000,0.019220
540.167224,0.000307,0.019452,0.000000,0.018662
540.401338,0.000297,0.018739,0.000000,0.017938
540.635452,0.000286,0.017876,0.000000,0.017063
540.869565,0.000276,0.016888,0.000000,0.016064
541.103679,0.000266,0.015805,0.000000,0.014970
541.337793,0.000257,0.014661,0.000000,0.013814
541.571906,0.000247,0.013488,0.000000,0.012631
541.806020,0.000238,0.012319,0.000000,0.011451
542.040134,0.000229,0.011181,0.000000,0.010303
542.274247,0.000220,0.010097,0.000000,0.009208
542.508361,0.000211,0.009083,0.000000,0.008185
542.742475,0.000202,0.008152,0.000000,0.007244
542.976589,0.000194,0.007309,0.000000,0.006392
543.210702,0.000186,0.006555,0.000000,0.005629
543.444816,0.000177,0.005889,0.000000,0.004954
543.678930,0.000169,0.005305,0.000000,0.004361
543.913043,0.000162,0.004796,0.000000,0.003844
544.147157,0.000154,0.004355,0.000000,0.003395
544.381271,0.000146,0.003974,0.000000,0.003005
544.615385,0.000139,0.003644,0.000000,0.002667
544.849498,0.000132,0.003357,0.000000,0.002374
545.083612,0.000125,0.003109,0.000000,0.002117
545.317726,0.000118,0.002891,0.000000,0.001893
545.551839,0.000111,0.002701,0.000000,0.001695
545.785953,0.000104,0.002532,0.000000,0.001519
546.020067,0.000097,0.002382,0.000000,0.001363
546.254181,0.000091,0.002248,0.000000,0.001222
546.488294,0.000084,0.002127,0.000000,0.001094
546.722408,0.000078,0.002018,0.000000,0.000978
546.956522,0.000072,0.001918,0.000000,0.000872
547.190635,0.000066,0.001826,0.000000,0.000775
547.424749,0.000060,0.001742,0.000000,0.000685
547.658863,0.000054,0.001665,0.000000,0.000601
547.892977,0.000048,0.001593,0.000000,0.000523
548.127090,0.000042,0.001525,0.000000,0.000450
548.361204,0.000037,0.001463,0.000000,0.000382
548.595318,0.000031,0.001404,0.000000,0.000318
548.829431,0.000026,0.001349,0.000000,0.000257
549.063545,0.000020,0.001298,0.000000,0.000200
549.297659,0.000015,0.001249,0.000000,0.000146
549.531773,0.000010,0.001203,0.000000,0.000095
549.765886,0.000005,0.001159,0.000000,0.000046
550.000000,0.000000,0.001118,0.000000,0.000000
