E,Id,Ip,Ioct,Itot,Ibg
-3.000000,0.000000,0.000032,0.000000,0.000000,nan
-2.939799,0.000124,0.000034,0.000010,0.000136,nan
-2.879599,0.000252,0.000036,0.000021,0.000276,nan
-2.819398,0.000386,0.000038,0.000031,0.000422,nan
-2.759197,0.000524,0.000039,0.000042,0.000573,nan
-2.698997,0.000668,0.000041,0.000053,0.000730,nan
-2.638796,0.000818,0.000043,0.000064,0.000892,nan
-2.578595,0.000973,0.000045,0.000075,0.001061,nan
-2.518395,0.001135,0.000047,0.000087,0.001236,nan
-2.458194,0.001303,0.000049,0.000099,0.001419,nan
-2.397993,0.001479,0.000051,0.000111,0.001609,nan
-2.337793,0.001661,0.000054,0.000123,0.001806,nan
-2.277592,0.001852,0.000056,0.000136,0.002012,nan
-2.217391,0.002051,0.000058,0.000149,0.002226,nan
-2.157191,0.002260,0.000061,0.000162,0.002450,nan
-2.096990,0.002477,0.000063,0.000175,0.002683,nan
-2.036789,0.002705,0.000066,0.000189,0.002927,nan
-1.976589,0.002943,0.000069,0.000203,0.003183,nan
-1.916388,0.003193,0.000072,0.000217,0.003450,nan
-1.856187,0.003455,0.000075,0.000232,0.003729,nan
-1.795987,0.003730,0.000078,0.000247,0.004022,nan
-1.735786,0.004020,0.000081,0.000262,0.004330,nan
-1.675585,0.004324,0.000084,0.000277,0.004653,nan
-1.615385,0.004644,0.000088,0.000293,0.004993,nan
-1.555184,0.004982,0.000092,0.000309,0.005351,nan
-1.494983,0.005338,0.000095,0.000326,0.005727,nan
-1.434783,0.005715,0.000099,0.000343,0.006125,nan
-1.374582,0.006113,0.000104,0.000360,0.006545,nan
-1.314381,0.006535,0.000108,0.000378,0.006989,nan
-1.254181,0.006983,0.000113,0.000396,0.007460,nan
-1.193980,0.007459,0.000117,0.000415,0.007959,nan
-1.133779,0.007965,0.000122,0.000434,0.008489,nan
-1.073579,0.008505,0.000128,0.000453,0.009053,nan
-1.013378,0.009080,0.000133,0.000473,0.009655,nan
-0.953177,0.009696,0.000139,0.000494,0.010297,nan
-0.892977,0.010356,0.000146,0.000515,0.010984,nan
-0.832776,0.011065,0.000152,0.000536,0.011722,nan
-0.772575,0.011829,0.000159,0.000558,0.012514,nan
-0.712375,0.012652,0.000167,0.000580,0.013368,nan
-0.652174,0.013544,0.000175,0.000604,0.014290,nan
-0.591973,0.014511,0.000183,0.000627,0.015290,nan
-0.531773,0.015565,0.000193,0.000652,0.016378,nan
-0.471572,0.016717,0.000203,0.000676,0.017564,nan
-0.411371,0.017982,0.000213,0.000702,0.018865,nan
-0.351171,0.019375,0.000225,0.000728,0.020297,nan
-0.290970,0.020920,0.000238,0.000755,0.021881,nan
-0.230769,0.022639,0.000252,0.000783,0.023642,nan
-0.170569,0.024566,0.000267,0.000811,0.025613,nan
-0.110368,0.026739,0.000284,0.000841,0.027832,nan
-0.050167,0.029204,0.000303,0.000871,0.030346,nan
0.010033,0.032020,0.000325,0.000902,0.033215,nan
0.070234,0.035259,0.000349,0.000933,0.036510,nan
0.130435,0.039009,0.000377,0.000966,0.040320,nan
0.190635,0.043377,0.000408,0.001000,0.044754,nan
0.250836,0.048493,0.000445,0.001034,0.049942,nan
0.311037,0.054513,0.000488,0.001070,0.056040,nan
0.371237,0.061621,0.000538,0.001107,0.063235,nan
0.431438,0.070032,0.000596,0.001145,0.071743,nan
0.491639,0.079994,0.000665,0.001184,0.081814,nan
0.551839,0.091787,0.000746,0.001224,0.093728,nan
0.612040,0.105720,0.000840,0.001266,0.107797,nan
0.672241,0.122124,0.000951,0.001309,0.124356,nan
0.732441,0.141348,0.001080,0.001353,0.143754,nan
0.792642,0.163741,0.001230,0.001399,0.166343,nan
0.852843,0.189637,0.001403,0.001446,0.192460,nan
0.913043,0.219333,0.001600,0.001495,0.222403,nan
0.973244,0.253065,0.001824,0.001546,0.256410,nan
1.033445,0.290980,0.002074,0.001598,0.294630,nan
1.093645,0.333107,0.002353,0.001653,0.337090,nan
1.153846,0.379326,0.002658,0.001709,0.383673,nan
1.214047,0.429349,0.002988,0.001767,0.434086,nan
1.274247,0.482694,0.003339,0.001827,0.487844,nan
1.334448,0.538676,0.003708,0.001890,0.544259,nan
1.394649,0.596405,0.004089,0.001955,0.602436,nan
1.454849,0.654803,0.004474,0.002023,0.661289,nan
1.515050,0.712621,0.004856,0.002093,0.719562,nan
1.575251,0.768489,0.005227,0.002166,0.775875,nan
1.635452,0.820958,0.005575,0.002243,0.828770,nan
1.695652,0.868569,0.005893,0.002322,0.876780,nan
1.755853,0.909919,0.006171,0.002405,0.918492,nan
1.816054,0.943732,0.006401,0.002491,0.952623,nan
1.876254,0.968930,0.006577,0.002582,0.978088,nan
1.936455,0.984687,0.006692,0.002676,0.994055,nan
1.996656,0.990481,0.006744,0.002775,1.000000,nan
2.056856,0.986122,0.006731,0.002878,0.995732,nan
2.117057,0.971764,0.006655,0.002987,0.981405,nan
2.177258,0.947894,0.006518,0.003102,0.957512,nan
2.237458,0.915307,0.006327,0.003222,0.924853,nan
2.297659,0.875058,0.006087,0.003349,0.884491,nan
2.357860,0.828407,0.005808,0.003482,0.837692,nan
2.418060,0.776748,0.005497,0.003624,0.785862,nan
2.478261,0.721537,0.005166,0.003774,0.730468,nan
2.538462,0.664230,0.004823,0.003933,0.672976,nan
2.598662,0.606213,0.004477,0.004103,0.614780,nan
2.658863,0.548751,0.004137,0.004284,0.557157,nan
2.719064,0.492946,0.003810,0.004478,0.501218,nan
2.779264,0.439713,0.003503,0.004686,0.447884,nan
2.839465,0.389763,0.003220,0.004910,0.397874,nan
2.899666,0.343605,0.002966,0.005151,0.351700,nan
2.959866,0.301553,0.002741,0.005412,0.309684,nan
3.020067,0.263749,0.002549,0.005696,0.271971,nan
3.080268,0.230187,0.002390,0.006006,0.238558,nan
3.140468,0.200739,0.002264,0.006344,0.209321,nan
3.200669,0.175187,0.002169,0.006715,0.184045,nan
3.260870,0.153250,0.002107,0.007123,0.162452,nan
3.321070,0.134609,0.002075,0.007573,0.144229,nan
3.381271,0.118932,0.002073,0.008071,0.129048,nan
3.441472,0.105886,0.002101,0.008624,0.116583,nan
3.501672,0.095159,0.002160,0.009238,0.106528,nan
3.561873,0.086462,0.002249,0.009922,0.098604,nan
3.622074,0.079539,0.002370,0.010685,0.092565,nan
3.682274,0.074169,0.002525,0.011537,0.088202,nan
3.742475,0.070169,0.002716,0.012490,0.085345,nan
3.802676,0.067388,0.002945,0.013556,0.083859,nan
3.862876,0.065708,0.003218,0.014748,0.083644,nan
3.923077,0.065041,0.003537,0.016081,0.084630,nan
3.983278,0.065322,0.003907,0.017572,0.086771,nan
4.043478,0.066503,0.004332,0.019237,0.090043,nan
4.103679,0.068555,0.004817,0.021094,0.094436,nan
4.163880,0.071454,0.005364,0.023162,0.099950,nan
4.224080,0.075180,0.005978,0.025461,0.106589,nan
4.284281,0.079714,0.006659,0.028011,0.114355,nan
4.344482,0.085026,0.007409,0.030833,0.123239,nan
4.404682,0.091078,0.008224,0.033948,0.133222,nan
4.464883,0.097812,0.009102,0.037376,0.144263,nan
4.525084,0.105155,0.010036,0.041137,0.156301,nan
4.585284,0.113007,0.011016,0.045251,0.169247,nan
4.645485,0.121246,0.012030,0.049733,0.182983,nan
4.705686,0.129728,0.013063,0.054601,0.197366,nan
4.765886,0.138284,0.014098,0.059866,0.212222,nan
4.826087,0.146729,0.015113,0.065539,0.227356,nan
4.886288,0.154863,0.016088,0.071626,0.242552,nan
4.946488,0.162480,0.017000,0.078130,0.257585,nan
5.006689,0.169375,0.017827,0.085047,0.272224,nan
5.066890,0.175350,0.018547,0.092371,0.286244,nan
5.127090,0.180227,0.019141,0.100089,0.299433,nan
5.187291,0.183852,0.019592,0.108183,0.311604,nan
5.247492,0.186106,0.019886,0.116629,0.322600,nan
5.307692,0.186909,0.020017,0.125397,0.332300,nan
5.367893,0.186222,0.019978,0.134450,0.340629,nan
5.428094,0.184054,0.019772,0.143747,0.347552,nan
5.488294,0.180456,0.019404,0.153241,0.353080,nan
5.548495,0.175522,0.018885,0.162878,0.357264,nan
5.608696,0.169382,0.018230,0.172602,0.360194,nan
5.668896,0.162198,0.017456,0.182352,0.361985,nan
5.729097,0.154150,0.016585,0.192063,0.362778,nan
5.789298,0.145436,0.015637,0.201670,0.362723,nan
5.849498,0.136256,0.014636,0.211106,0.361978,nan
5.909699,0.126809,0.013604,0.220302,0.360694,nan
5.969900,0.117280,0.012561,0.229193,0.359014,nan
6.030100,0.107841,0.011527,0.237715,0.357062,nan
6.090301,0.098639,0.010518,0.245807,0.354944,nan
6.150502,0.089799,0.009548,0.253414,0.352740,nan
6.210702,0.081419,0.008629,0.260484,0.350510,nan
6.270903,0.073571,0.007767,0.266973,0.348290,nan
6.331104,0.066302,0.006969,0.272844,0.346094,nan
6.391304,0.059638,0.006237,0.278068,0.343921,nan
6.451505,0.053584,0.005572,0.282621,0.341756,nan
6.511706,0.048130,0.004972,0.286492,0.339573,nan
6.571906,0.043252,0.004436,0.289673,0.337340,nan
6.632107,0.038916,0.003960,0.292170,0.335024,nan
6.692308,0.035084,0.003539,0.293990,0.332591,nan
6.752508,0.031711,0.003168,0.295152,0.330010,nan
6.812709,0.028754,0.002842,0.295680,0.327255,nan
6.872910,0.026169,0.002557,0.295601,0.324306,nan
6.933110,0.023912,0.002308,0.294951,0.321149,nan
6.993311,0.021944,0.002090,0.293765,0.317777,nan
7.053512,0.020228,0.001900,0.292082,0.314188,nan
7.113712,0.018733,0.001733,0.289943,0.310386,nan
7.173913,0.017428,0.001586,0.287389,0.306380,nan
7.234114,0.016288,0.001457,0.284458,0.302180,nan
7.294314,0.015291,0.001344,0.281189,0.297800,nan
7.354515,0.014418,0.001243,0.277618,0.293255,nan
7.414716,0.013652,0.001153,0.273776,0.288558,nan
7.474916,0.012981,0.001073,0.269693,0.283723,nan
7.535117,0.012392,0.001001,0.265394,0.278763,nan
7.595318,0.011876,0.000936,0.260900,0.273688,nan
7.655518,0.011425,0.000877,0.256228,0.268506,nan
7.715719,0.011030,0.000824,0.251393,0.263224,nan
7.775920,0.010688,0.000776,0.246405,0.257845,nan
7.836120,0.010392,0.000732,0.241272,0.252372,nan
7.896321,0.010140,0.000691,0.235999,0.246805,nan
7.956522,0.009927,0.000654,0.230589,0.241146,nan
8.016722,0.009751,0.000620,0.225046,0.235392,nan
8.076923,0.009610,0.000588,0.219371,0.229544,nan
8.137124,0.009501,0.000559,0.213567,0.223601,nan
8.197324,0.009424,0.000531,0.207636,0.217566,nan
8.257525,0.009377,0.000506,0.201583,0.211440,nan
8.317726,0.009359,0.000482,0.195413,0.205229,nan
8.377926,0.009370,0.000460,0.189134,0.198938,nan
8.438127,0.009410,0.000440,0.182755,0.192578,nan
8.498328,0.009478,0.000420,0.176289,0.186160,nan
8.558528,0.009575,0.000402,0.169748,0.179698,nan
8.618729,0.009700,0.000385,0.163150,0.173209,nan
8.678930,0.009855,0.000369,0.156512,0.166710,nan
8.739130,0.010041,0.000354,0.149855,0.160222,nan
8.799331,0.010258,0.000340,0.143198,0.153768,nan
8.859532,0.010508,0.000327,0.136563,0.147370,nan
8.919732,0.010792,0.000314,0.129974,0.141052,nan
8.979933,0.011112,0.000302,0.123452,0.134838,nan
9.040134,0.011471,0.000291,0.117020,0.128754,nan
9.100334,0.011871,0.000280,0.110700,0.122822,nan
9.160535,0.012314,0.000270,0.104512,0.117068,nan
9.220736,0.012806,0.000261,0.098475,0.111513,nan
9.280936,0.013348,0.000252,0.092607,0.106178,nan
9.341137,0.013946,0.000244,0.086925,0.101085,nan
9.401338,0.014604,0.000236,0.081441,0.096251,nan
9.461538,0.015329,0.000228,0.076168,0.091695,nan
9.521739,0.016126,0.000221,0.071114,0.087432,nan
9.581940,0.017003,0.000214,0.066289,0.083476,nan
9.642140,0.017969,0.000208,0.061695,0.079842,nan
9.702341,0.019032,0.000202,0.057337,0.076541,nan
9.762542,0.020203,0.000196,0.053215,0.073585,nan
9.822742,0.021494,0.000191,0.049330,0.070984,nan
9.882943,0.022918,0.000187,0.045677,0.068751,nan
9.943144,0.024489,0.000182,0.042253,0.066894,nan
10.003344,0.026224,0.000178,0.039052,0.065424,nan
10.063545,0.028140,0.000175,0.036068,0.064353,nan
10.123746,0.030257,0.000171,0.033294,0.063691,nan
10.183946,0.032593,0.000168,0.030720,0.063451,nan
10.244147,0.035172,0.000166,0.028338,0.063646,nan
10.304348,0.038015,0.000164,0.026138,0.064286,nan
10.364548,0.041144,0.000162,0.024111,0.065386,nan
10.424749,0.044582,0.000161,0.022245,0.066958,nan
10.484950,0.048350,0.000160,0.020533,0.069013,nan
10.545151,0.052467,0.000160,0.018962,0.071559,nan
10.605351,0.056948,0.000160,0.017524,0.074602,nan
10.665552,0.061805,0.000161,0.016210,0.078145,nan
10.725753,0.067043,0.000162,0.015009,0.082184,nan
10.785953,0.072660,0.000163,0.013913,0.086707,nan
10.846154,0.078646,0.000165,0.012913,0.091695,nan
10.906355,0.084978,0.000168,0.012002,0.097119,nan
10.966555,0.091625,0.000171,0.011172,0.102939,nan
11.026756,0.098541,0.000174,0.010416,0.109101,nan
11.086957,0.105667,0.000177,0.009726,0.115542,nan
11.147157,0.112932,0.000181,0.009098,0.122183,nan
11.207358,0.120252,0.000185,0.008525,0.128933,nan
11.267559,0.127530,0.000188,0.008002,0.135692,nan
11.327759,0.134660,0.000192,0.007524,0.142348,nan
11.387960,0.141528,0.000196,0.007087,0.148783,nan
11.448161,0.148016,0.000199,0.006687,0.154875,nan
11.508361,0.154006,0.000202,0.006320,0.160500,nan
11.568562,0.159380,0.000205,0.005982,0.165539,nan
11.628763,0.164029,0.000206,0.005672,0.169880,nan
11.688963,0.167855,0.000208,0.005385,0.173422,nan
11.749164,0.170776,0.000208,0.005121,0.176078,nan
11.809365,0.172725,0.000208,0.004876,0.177782,nan
11.869565,0.173659,0.000207,0.004649,0.178488,nan
11.929766,0.173556,0.000205,0.004437,0.178171,nan
11.989967,0.172419,0.000202,0.004240,0.176834,nan
12.050167,0.170273,0.000198,0.004056,0.174501,nan
12.110368,0.167167,0.000193,0.003884,0.171218,nan
12.170569,0.163170,0.000188,0.003723,0.167054,nan
12.230769,0.158369,0.000182,0.003571,0.162095,nan
12.290970,0.152864,0.000176,0.003428,0.156440,nan
12.351171,0.146766,0.000168,0.003293,0.150200,nan
12.411371,0.140192,0.000161,0.003166,0.143491,nan
12.471572,0.133263,0.000153,0.003045,0.136433,nan
12.531773,0.126096,0.000145,0.002931,0.129144,nan
12.591973,0.118803,0.000137,0.002822,0.121734,nan
12.652174,0.111490,0.000129,0.002719,0.114310,nan
12.712375,0.104251,0.000122,0.002620,0.106964,nan
12.772575,0.097169,0.000114,0.002527,0.099780,nan
12.832776,0.090312,0.000106,0.002437,0.092826,nan
12.892977,0.083738,0.000099,0.002351,0.086159,nan
12.953177,0.077490,0.000092,0.002269,0.079822,nan
13.013378,0.071598,0.000086,0.002191,0.073845,nan
13.073579,0.066083,0.000080,0.002116,0.068248,nan
13.133779,0.060954,0.000074,0.002043,0.063041,nan
13.193980,0.056212,0.000068,0.001974,0.058224,nan
13.254181,0.051852,0.000063,0.001907,0.053792,nan
13.314381,0.047862,0.000059,0.001843,0.049733,nan
13.374582,0.044226,0.000054,0.001782,0.046031,nan
13.434783,0.040926,0.000050,0.001722,0.042667,nan
13.494983,0.037940,0.000046,0.001665,0.039620,nan
13.555184,0.035248,0.000043,0.001610,0.036869,nan
13.615385,0.032827,0.000039,0.001557,0.034392,nan
13.675585,0.030657,0.000036,0.001505,0.032167,nan
13.735786,0.028715,0.000033,0.001455,0.030172,nan
13.795987,0.026982,0.000031,0.001407,0.028389,nan
13.856187,0.025441,0.000028,0.001361,0.026798,nan
13.916388,0.024072,0.000026,0.001316,0.025382,nan
13.976589,0.022859,0.000024,0.001273,0.024124,nan
14.036789,0.021788,0.000022,0.001231,0.023009,nan
14.096990,0.020844,0.000020,0.001190,0.022022,nan
14.157191,0.020013,0.000018,0.001150,0.021150,nan
14.217391,0.019284,0.000016,0.001112,0.020380,nan
14.277592,0.018643,0.000015,0.001075,0.019701,nan
14.337793,0.018081,0.000013,0.001039,0.019101,nan
14.397993,0.017585,0.000012,0.001004,0.018569,nan
14.458194,0.017145,0.000010,0.000970,0.018094,nan
14.518395,0.016752,0.000009,0.000937,0.017666,nan
14.578595,0.016396,0.000008,0.000905,0.017276,nan
14.638796,0.016067,0.000006,0.000874,0.016915,nan
14.698997,0.015757,0.000005,0.000843,0.016573,nan
14.759197,0.015458,0.000004,0.000814,0.016244,nan
14.819398,0.015162,0.000003,0.000785,0.015919,nan
14.879599,0.014864,0.000002,0.000757,0.015591,nan
14.939799,0.014557,0.000001,0.000730,0.015256,nan
15.000000,0.014236,0.000000,0.000704,0.014908,nan
