E,dup,ddn,pup,pdn,octup,octdn,totup,totdn
-12.000000,0.217963,-0.217963,0.020377,-0.020377,0.078094,-0.078094,0.316434,-0.316434
-11.919732,0.220285,-0.220285,0.020807,-0.020807,0.082155,-0.082155,0.323246,-0.323246
-11.839465,0.219962,-0.219962,0.020985,-0.020985,0.086622,-0.086622,0.327569,-0.327569
-11.759197,0.217015,-0.217015,0.020915,-0.020915,0.091559,-0.091559,0.329489,-0.329489
-11.678930,0.211581,-0.211581,0.020615,-0.020615,0.097042,-0.097042,0.329238,-0.329238
-11.598662,0.203900,-0.203900,0.020117,-0.020117,0.103158,-0.103158,0.327176,-0.327176
-11.518395,0.194297,-0.194297,0.019464,-0.019464,0.110013,-0.110013,0.323775,-0.323775
-11.438127,0.183161,-0.183161,0.018703,-0.018703,0.117728,-0.117728,0.319591,-0.319591
-11.357860,0.170910,-0.170910,0.017884,-0.017884,0.126441,-0.126441,0.315235,-0.315235
-11.277592,0.157970,-0.157970,0.017057,-0.017057,0.136316,-0.136316,0.311343,-0.311343
-11.197324,0.144748,-0.144748,0.016263,-0.016263,0.147536,-0.147536,0.308547,-0.308547
-11.117057,0.131608,-0.131608,0.015539,-0.015539,0.160312,-0.160312,0.307459,-0.307459
-11.036789,0.118860,-0.118860,0.014911,-0.014911,0.174881,-0.174881,0.308652,-0.308652
-10.956522,0.106752,-0.106752,0.014396,-0.014396,0.191507,-0.191507,0.312654,-0.312654
-10.876254,0.095462,-0.095462,0.014002,-0.014002,0.210484,-0.210484,0.319947,-0.319947
-10.795987,0.085106,-0.085106,0.013731,-0.013731,0.232134,-0.232134,0.330971,-0.330971
-10.715719,0.075743,-0.075743,0.013579,-0.013579,0.256809,-0.256809,0.346131,-0.346131
-10.635452,0.067385,-0.067385,0.013538,-0.013538,0.284884,-0.284884,0.365807,-0.365807
-10.555184,0.060003,-0.060003,0.013599,-0.013599,0.316761,-0.316761,0.390363,-0.390363
-10.474916,0.053544,-0.053544,0.013751,-0.013751,0.352861,-0.352861,0.420156,-0.420156
-10.394649,0.047937,-0.047937,0.013982,-0.013982,0.393619,-0.393619,0.455538,-0.455538
-10.314381,0.043099,-0.043099,0.014285,-0.014285,0.439477,-0.439477,0.496861,-0.496861
-10.234114,0.038947,-0.038947,0.014650,-0.014650,0.490878,-0.490878,0.544475,-0.544475
-10.153846,0.035398,-0.035398,0.015072,-0.015072,0.548251,-0.548251,0.598721,-0.598721
-10.073579,0.032373,-0.032373,0.015546,-0.015546,0.612007,-0.612007,0.659926,-0.659926
-9.993311,0.029804,-0.029804,0.016067,-0.016067,0.682520,-0.682520,0.728391,-0.728391
-9.913043,0.027626,-0.027626,0.016636,-0.016636,0.760114,-0.760114,0.804376,-0.804376
-9.832776,0.025786,-0.025786,0.017249,-0.017249,0.845052,-0.845052,0.888087,-0.888087
-9.752508,0.024237,-0.024237,0.017908,-0.017908,0.937517,-0.937517,0.979663,-0.979663
-9.672241,0.022939,-0.022939,0.018614,-0.018614,1.037601,-1.037601,1.079154,-1.079154
-9.591973,0.021858,-0.021858,0.019369,-0.019369,1.145286,-1.145286,1.186513,-1.186513
-9.511706,0.020968,-0.020968,0.020174,-0.020174,1.260438,-1.260438,1.301580,-1.301580
-9.431438,0.020246,-0.020246,0.021032,-0.021032,1.382792,-1.382792,1.424070,-1.424070
-9.351171,0.019671,-0.019671,0.021948,-0.021948,1.511949,-1.511949,1.553569,-1.553569
-9.270903,0.019230,-0.019230,0.022926,-0.022926,1.647375,-1.647375,1.689531,-1.689531
-9.190635,0.018908,-0.018908,0.023970,-0.023970,1.788398,-1.788398,1.831277,-1.831277
-9.110368,0.018697,-0.018697,0.025086,-0.025086,1.934223,-1.934223,1.978006,-1.978006
-9.030100,0.018588,-0.018588,0.026281,-0.026281,2.083939,-2.083939,2.128808,-2.128808
-8.949833,0.018574,-0.018574,0.027560,-0.027560,2.236544,-2.236544,2.282679,-2.282679
-8.869565,0.018650,-0.018650,0.028934,-0.028934,2.390965,-2.390965,2.438549,-2.438549
-8.789298,0.018813,-0.018813,0.030410,-0.030410,2.546089,-2.546089,2.595311,-2.595311
-8.709030,0.019060,-0.019060,0.031998,-0.031998,2.700790,-2.700790,2.751849,-2.751849
-8.628763,0.019390,-0.019390,0.033712,-0.033712,2.853970,-2.853970,2.907072,-2.907072
-8.548495,0.019803,-0.019803,0.035565,-0.035565,3.004582,-3.004582,3.059950,-3.059950
-8.468227,0.020298,-0.020298,0.037572,-0.037572,3.151668,-3.151668,3.209538,-3.209538
-8.387960,0.020878,-0.020878,0.039751,-0.039751,3.294379,-3.294379,3.355008,-3.355008
-8.307692,0.021545,-0.021545,0.042123,-0.042123,3.432000,-3.432000,3.495668,-3.495668
-8.227425,0.022303,-0.022303,0.044712,-0.044712,3.563953,-3.563953,3.630968,-3.630968
-8.147157,0.023156,-0.023156,0.047547,-0.047547,3.689806,-3.689806,3.760508,-3.760508
-8.066890,0.024109,-0.024109,0.050660,-0.050660,3.809263,-3.809263,3.884032,-3.884032
-7.986622,0.025170,-0.025170,0.054091,-0.054091,3.922144,-3.922144,4.001405,-4.001405
-7.906355,0.026346,-0.026346,0.057887,-0.057887,4.028360,-4.028360,4.112593,-4.112593
-7.826087,0.027648,-0.027648,0.062102,-0.062102,4.127880,-4.127880,4.217629,-4.217629
-7.745819,0.029086,-0.029086,0.066802,-0.066802,4.220690,-4.220690,4.316577,-4.316577
-7.665552,0.030673,-0.030673,0.072067,-0.072067,4.306752,-4.306752,4.409491,-4.409491
-7.585284,0.032424,-0.032424,0.077992,-0.077992,4.385965,-4.385965,4.496381,-4.496381
-7.505017,0.034356,-0.034356,0.084691,-0.084691,4.458130,-4.458130,4.577177,-4.577177
-7.424749,0.036489,-0.036489,0.092304,-0.092304,4.522916,-4.522916,4.651709,-4.651709
-7.344482,0.038843,-0.038843,0.100996,-0.100996,4.579847,-4.579847,4.719685,-4.719685
-7.264214,0.041442,-0.041442,0.110964,-0.110964,4.628293,-4.628293,4.780699,-4.780699
-7.183946,0.044312,-0.044312,0.122443,-0.122443,4.667477,-4.667477,4.834231,-4.834231
-7.103679,0.047480,-0.047480,0.135706,-0.135706,4.696492,-4.696492,4.879679,-4.879679
-7.023411,0.050976,-0.050976,0.151070,-0.151070,4.714341,-4.714341,4.916387,-4.916387
-6.943144,0.054827,-0.054827,0.168890,-0.168890,4.719972,-4.719972,4.943689,-4.943689
-6.862876,0.059062,-0.059062,0.189557,-0.189557,4.712340,-4.712340,4.960959,-4.960959
-6.782609,0.063706,-0.063706,0.213488,-0.213488,4.690459,-4.690459,4.967653,-4.967653
-6.702341,0.068780,-0.068780,0.241105,-0.241105,4.653464,-4.653464,4.963349,-4.963349
-6.622074,0.074299,-0.074299,0.272812,-0.272812,4.600671,-4.600671,4.947781,-4.947781
-6.541806,0.080266,-0.080266,0.308959,-0.308959,4.531628,-4.531628,4.920852,-4.920852
-6.461538,0.086673,-0.086673,0.349796,-0.349796,4.446160,-4.446160,4.882629,-4.882629
-6.381271,0.093497,-0.093497,0.395428,-0.395428,4.344402,-4.344402,4.833328,-4.833328
-6.301003,0.100697,-0.100697,0.445759,-0.445759,4.226814,-4.226814,4.773270,-4.773270
-6.220736,0.108212,-0.108212,0.500438,-0.500438,4.094189,-4.094189,4.702839,-4.702839
-6.140468,0.115958,-0.115958,0.558821,-0.558821,3.947639,-3.947639,4.622418,-4.622418
-6.060201,0.123835,-0.123835,0.619937,-0.619937,3.788571,-3.788571,4.532343,-4.532343
-5.979933,0.131720,-0.131720,0.682488,-0.682488,3.618649,-3.618649,4.432858,-4.432858
-5.899666,0.139478,-0.139478,0.744870,-0.744870,3.439745,-3.439745,4.324093,-4.324093
-5.819398,0.146960,-0.146960,0.805227,-0.805227,3.253884,-3.253884,4.206072,-4.206072
-5.739130,0.154018,-0.154018,0.861540,-0.861540,3.063181,-3.063181,4.078739,-4.078739
-5.658863,0.160503,-0.160503,0.911741,-0.911741,2.869782,-2.869782,3.942027,-3.942027
-5.578595,0.166283,-0.166283,0.953849,-0.953849,2.675801,-2.675801,3.795933,-3.795933
-5.498328,0.171244,-0.171244,0.986107,-0.986107,2.483264,-2.483264,3.640615,-3.640615
-5.418060,0.175301,-0.175301,1.007121,-1.007121,2.294059,-2.294059,3.476481,-3.476481
-5.337793,0.178404,-0.178404,1.015966,-1.015966,2.109896,-2.109896,3.304266,-3.304266
-5.257525,0.180542,-0.180542,1.012265,-1.012265,1.932271,-1.932271,3.125078,-3.125078
-5.177258,0.181745,-0.181745,0.996220,-0.996220,1.762448,-1.762448,2.940413,-2.940413
-5.096990,0.182082,-0.182082,0.968597,-0.968597,1.601442,-1.601442,2.752121,-2.752121
-5.016722,0.181660,-0.181660,0.930662,-0.930662,1.450020,-1.450020,2.562342,-2.562342
-4.936455,0.180619,-0.180619,0.884077,-0.884077,1.308706,-1.308706,2.373402,-2.373402
-4.856187,0.179121,-0.179121,0.830780,-0.830780,1.177793,-1.177793,2.187694,-2.187694
-4.775920,0.177348,-0.177348,0.772837,-0.772837,1.057365,-1.057365,2.007551,-2.007551
-4.695652,0.175491,-0.175491,0.712310,-0.712310,0.947318,-0.947318,1.835119,-1.835119
-4.615385,0.173742,-0.173742,0.651131,-0.651131,0.847387,-0.847387,1.672260,-1.672260
-4.535117,0.172288,-0.172288,0.591009,-0.591009,0.757177,-0.757177,1.520473,-1.520473
-4.454849,0.171308,-0.171308,0.533362,-0.533362,0.676187,-0.676187,1.380857,-1.380857
-4.374582,0.170967,-0.170967,0.479288,-0.479288,0.603841,-0.603841,1.254096,-1.254096
-4.294314,0.171413,-0.171413,0.429557,-0.429557,0.539512,-0.539512,1.140483,-1.140483
-4.214047,0.172783,-0.172783,0.384638,-0.384638,0.482545,-0.482545,1.039966,-1.039966
-4.133779,0.175194,-0.175194,0.344737,-0.344737,0.432274,-0.432274,0.952205,-0.952205
-4.053512,0.178753,-0.178753,0.309845,-0.309845,0.388045,-0.388045,0.876644,-0.876644
-3.973244,0.183556,-0.183556,0.279796,-0.279796,0.349224,-0.349224,0.812576,-0.812576
-3.892977,0.189687,-0.189687,0.254318,-0.254318,0.315207,-0.315207,0.759213,-0.759213
-3.812709,0.197224,-0.197224,0.233075,-0.233075,0.285434,-0.285434,0.715733,-0.715733
-3.732441,0.206235,-0.206235,0.215710,-0.215710,0.259385,-0.259385,0.681329,-0.681329
-3.652174,0.216779,-0.216779,0.201870,-0.201870,0.236588,-0.236588,0.655237,-0.655237
-3.571906,0.228906,-0.228906,0.191226,-0.191226,0.216618,-0.216618,0.636750,-0.636750
-3.491639,0.242650,-0.242650,0.183482,-0.183482,0.199096,-0.199096,0.625228,-0.625228
-3.411371,0.258024,-0.258024,0.178379,-0.178379,0.183689,-0.183689,0.620092,-0.620092
-3.331104,0.275016,-0.275016,0.175694,-0.175694,0.170103,-0.170103,0.620813,-0.620813
-3.250836,0.293578,-0.293578,0.175228,-0.175228,0.158085,-0.158085,0.626891,-0.626891
-3.170569,0.313622,-0.313622,0.176801,-0.176801,0.147413,-0.147413,0.637837,-0.637837
-3.090301,0.335009,-0.335009,0.180236,-0.180236,0.137901,-0.137901,0.653146,-0.653146
-3.010033,0.357544,-0.357544,0.185348,-0.185348,0.129385,-0.129385,0.672277,-0.672277
-2.929766,0.380969,-0.380969,0.191930,-0.191930,0.121729,-0.121729,0.694628,-0.694628
-2.849498,0.404963,-0.404963,0.199745,-0.199745,0.114816,-0.114816,0.719524,-0.719524
-2.769231,0.429141,-0.429141,0.208517,-0.208517,0.108546,-0.108546,0.746204,-0.746204
-2.688963,0.453060,-0.453060,0.217928,-0.217928,0.102837,-0.102837,0.773825,-0.773825
-2.608696,0.476232,-0.476232,0.227619,-0.227619,0.097616,-0.097616,0.801468,-0.801468
-2.528428,0.498134,-0.498134,0.237201,-0.237201,0.092825,-0.092825,0.828160,-0.828160
-2.448161,0.518232,-0.518232,0.246261,-0.246261,0.088410,-0.088410,0.852903,-0.852903
-2.367893,0.535999,-0.535999,0.254384,-0.254384,0.084331,-0.084331,0.874713,-0.874713
-2.287625,0.550943,-0.550943,0.261172,-0.261172,0.080548,-0.080548,0.892662,-0.892662
-2.207358,0.562630,-0.562630,0.266266,-0.266266,0.077031,-0.077031,0.905926,-0.905926
-2.127090,0.570707,-0.570707,0.269368,-0.269368,0.073752,-0.073752,0.913827,-0.913827
-2.046823,0.574924,-0.574924,0.270260,-0.270260,0.070688,-0.070688,0.915872,-0.915872
-1.966555,0.575145,-0.575145,0.268818,-0.268818,0.067818,-0.067818,0.911780,-0.911780
-1.886288,0.571355,-0.571355,0.265020,-0.265020,0.065124,-0.065124,0.901499,-0.901499
-1.806020,0.563667,-0.563667,0.258944,-0.258944,0.062591,-0.062591,0.885201,-0.885201
-1.725753,0.552306,-0.552306,0.250765,-0.250765,0.060204,-0.060204,0.863276,-0.863276
-1.645485,0.537606,-0.537606,0.240739,-0.240739,0.057953,-0.057953,0.836298,-0.836298
-1.565217,0.519980,-0.519980,0.229182,-0.229182,0.055826,-0.055826,0.804988,-0.804988
-1.484950,0.499908,-0.499908,0.216451,-0.216451,0.053813,-0.053813,0.770172,-0.770172
-1.404682,0.477903,-0.477903,0.202921,-0.202921,0.051905,-0.051905,0.732728,-0.732728
-1.324415,0.454493,-0.454493,0.188957,-0.188957,0.050095,-0.050095,0.693546,-0.693546
-1.244147,0.430195,-0.430195,0.174905,-0.174905,0.048377,-0.048377,0.653477,-0.653477
-1.163880,0.405496,-0.405496,0.161066,-0.161066,0.046742,-0.046742,0.613304,-0.613304
-1.083612,0.380834,-0.380834,0.147693,-0.147693,0.045187,-0.045187,0.573714,-0.573714
-1.003344,0.356591,-0.356591,0.134986,-0.134986,0.043704,-0.043704,0.535282,-0.535282
-0.923077,0.333087,-0.333087,0.123085,-0.123085,0.042291,-0.042291,0.498463,-0.498463
-0.842809,0.310573,-0.310573,0.112082,-0.112082,0.040942,-0.040942,0.463597,-0.463597
-0.762542,0.289237,-0.289237,0.102019,-0.102019,0.039653,-0.039653,0.430909,-0.430909
-0.682274,0.269207,-0.269207,0.092901,-0.092901,0.038420,-0.038420,0.400529,-0.400529
-0.602007,0.250558,-0.250558,0.084704,-0.084704,0.037241,-0.037241,0.372503,-0.372503
-0.521739,0.233321,-0.233321,0.077379,-0.077379,0.036112,-0.036112,0.346811,-0.346811
-0.441472,0.217488,-0.217488,0.070864,-0.070864,0.035030,-0.035030,0.323382,-0.323382
-0.361204,0.203024,-0.203024,0.065090,-0.065090,0.033992,-0.033992,0.302106,-0.302106
-0.280936,0.189874,-0.189874,0.059982,-0.059982,0.032996,-0.032996,0.282853,-0.282853
-0.200669,0.177969,-0.177969,0.055470,-0.055470,0.032040,-0.032040,0.265478,-0.265478
-0.120401,0.167228,-0.167228,0.051483,-0.051483,0.031121,-0.031121,0.249833,-0.249833
-0.040134,0.157572,-0.157572,0.047958,-0.047958,0.030238,-0.030238,0.235768,-0.235768
0.040134,0.148917,-0.148917,0.044839,-0.044839,0.029389,-0.029389,0.223144,-0.223144
0.120401,0.141183,-0.141183,0.042074,-0.042074,0.028571,-0.028571,0.211828,-0.211828
0.200669,0.134295,-0.134295,0.039619,-0.039619,0.027784,-0.027784,0.201698,-0.201698
0.280936,0.128183,-0.128183,0.037435,-0.037435,0.027025,-0.027025,0.192643,-0.192643
0.361204,0.122782,-0.122782,0.035490,-0.035490,0.026293,-0.026293,0.184565,-0.184565
0.441472,0.118035,-0.118035,0.033754,-0.033754,0.025588,-0.025588,0.177377,-0.177377
0.521739,0.113889,-0.113889,0.032204,-0.032204,0.024907,-0.024907,0.171001,-0.171001
0.602007,0.110300,-0.110300,0.030820,-0.030820,0.024250,-0.024250,0.165371,-0.165371
0.682274,0.107229,-0.107229,0.029584,-0.029584,0.023615,-0.023615,0.160428,-0.160428
0.762542,0.104640,-0.104640,0.028482,-0.028482,0.023002,-0.023002,0.156124,-0.156124
0.842809,0.102505,-0.102505,0.027501,-0.027501,0.022409,-0.022409,0.152416,-0.152416
0.923077,0.100801,-0.100801,0.026632,-0.026632,0.021836,-0.021836,0.149270,-0.149270
1.003344,0.099508,-0.099508,0.025867,-0.025867,0.021281,-0.021281,0.146656,-0.146656
1.083612,0.098611,-0.098611,0.025197,-0.025197,0.020745,-0.020745,0.144553,-0.144553
1.163880,0.098099,-0.098099,0.024618,-0.024618,0.020225,-0.020225,0.142942,-0.142942
1.244147,0.097964,-0.097964,0.024125,-0.024125,0.019722,-0.019722,0.141811,-0.141811
1.324415,0.098202,-0.098202,0.023716,-0.023716,0.019234,-0.019234,0.141152,-0.141152
1.404682,0.098813,-0.098813,0.023387,-0.023387,0.018761,-0.018761,0.140961,-0.140961
1.484950,0.099799,-0.099799,0.023138,-0.023138,0.018303,-0.018303,0.141239,-0.141239
1.565217,0.101166,-0.101166,0.022968,-0.022968,0.017858,-0.017858,0.141992,-0.141992
1.645485,0.102924,-0.102924,0.022878,-0.022878,0.017426,-0.017426,0.143228,-0.143228
1.725753,0.105084,-0.105084,0.022869,-0.022869,0.017008,-0.017008,0.144961,-0.144961
1.806020,0.107662,-0.107662,0.022944,-0.022944,0.016601,-0.016601,0.147207,-0.147207
1.886288,0.110676,-0.110676,0.023106,-0.023106,0.016206,-0.016206,0.149988,-0.149988
1.966555,0.114147,-0.114147,0.023359,-0.023359,0.015823,-0.015823,0.153329,-0.153329
2.046823,0.118098,-0.118098,0.023710,-0.023710,0.015450,-0.015450,0.157258,-0.157258
2.127090,0.122556,-0.122556,0.024163,-0.024163,0.015088,-0.015088,0.161807,-0.161807
2.207358,0.127549,-0.127549,0.024728,-0.024728,0.014735,-0.014735,0.167012,-0.167012
2.287625,0.133105,-0.133105,0.025412,-0.025412,0.014393,-0.014393,0.172909,-0.172909
2.367893,0.139255,-0.139255,0.026225,-0.026225,0.014059,-0.014059,0.179539,-0.179539
2.448161,0.146029,-0.146029,0.027178,-0.027178,0.013735,-0.013735,0.186942,-0.186942
2.528428,0.153455,-0.153455,0.028282,-0.028282,0.013419,-0.013419,0.195156,-0.195156
2.608696,0.161557,-0.161557,0.029549,-0.029549,0.013112,-0.013112,0.204218,-0.204218
2.688963,0.170356,-0.170356,0.030992,-0.030992,0.012812,-0.012812,0.214161,-0.214161
2.769231,0.179865,-0.179865,0.032621,-0.032621,0.012521,-0.012521,0.225007,-0.225007
2.849498,0.190087,-0.190087,0.034446,-0.034446,0.012237,-0.012237,0.236770,-0.236770
2.929766,0.201012,-0.201012,0.036477,-0.036477,0.011960,-0.011960,0.249449,-0.249449
3.010033,0.212615,-0.212615,0.038718,-0.038718,0.011690,-0.011690,0.263023,-0.263023
3.090301,0.224853,-0.224853,0.041169,-0.041169,0.011426,-0.011426,0.277449,-0.277449
3.170569,0.237661,-0.237661,0.043826,-0.043826,0.011170,-0.011170,0.292658,-0.292658
3.250836,0.250952,-0.250952,0.046677,-0.046677,0.010919,-0.010919,0.308549,-0.308549
3.331104,0.264611,-0.264611,0.049702,-0.049702,0.010675,-0.010675,0.324988,-0.324988
3.411371,0.278498,-0.278498,0.052871,-0.052871,0.010437,-0.010437,0.341806,-0.341806
3.491639,0.292447,-0.292447,0.056145,-0.056145,0.010204,-0.010204,0.358797,-0.358797
3.571906,0.306269,-0.306269,0.059476,-0.059476,0.009977,-0.009977,0.375721,-0.375721
3.652174,0.319750,-0.319750,0.062803,-0.062803,0.009755,-0.009755,0.392308,-0.392308
3.732441,0.332663,-0.332663,0.066060,-0.066060,0.009538,-0.009538,0.408262,-0.408262
3.812709,0.344770,-0.344770,0.069173,-0.069173,0.009327,-0.009327,0.423270,-0.423270
3.892977,0.355827,-0.355827,0.072065,-0.072065,0.009120,-0.009120,0.437012,-0.437012
3.973244,0.365602,-0.365602,0.074656,-0.074656,0.008918,-0.008918,0.449176,-0.449176
4.053512,0.373872,-0.373872,0.076872,-0.076872,0.008720,-0.008720,0.459465,-0.459465
4.133779,0.380443,-0.380443,0.078644,-0.078644,0.008527,-0.008527,0.467614,-0.467614
4.214047,0.385150,-0.385150,0.079914,-0.079914,0.008338,-0.008338,0.473403,-0.473403
4.294314,0.387874,-0.387874,0.080638,-0.080638,0.008154,-0.008154,0.476665,-0.476665
4.374582,0.388536,-0.388536,0.080788,-0.080788,0.007973,-0.007973,0.477297,-0.477297
4.454849,0.387112,-0.387112,0.080354,-0.080354,0.007797,-0.007797,0.475263,-0.475263
4.535117,0.383626,-0.383626,0.079347,-0.079347,0.007624,-0.007624,0.470597,-0.470597
4.615385,0.378154,-0.378154,0.077793,-0.077793,0.007455,-0.007455,0.463402,-0.463402
4.695652,0.370818,-0.370818,0.075737,-0.075737,0.007289,-0.007289,0.453844,-0.453844
4.775920,0.361779,-0.361779,0.073236,-0.073236,0.007127,-0.007127,0.442143,-0.442143
4.856187,0.351232,-0.351232,0.070359,-0.070359,0.006969,-0.006969,0.428560,-0.428560
4.936455,0.339397,-0.339397,0.067180,-0.067180,0.006813,-0.006813,0.413390,-0.413390
5.016722,0.326507,-0.326507,0.063778,-0.063778,0.006661,-0.006661,0.396946,-0.396946
5.096990,0.312802,-0.312802,0.060229,-0.060229,0.006512,-0.006512,0.379544,-0.379544
5.177258,0.298520,-0.298520,0.056608,-0.056608,0.006366,-0.006366,0.361494,-0.361494
5.257525,0.283886,-0.283886,0.052980,-0.052980,0.006223,-0.006223,0.343089,-0.343089
5.337793,0.269110,-0.269110,0.049404,-0.049404,0.006083,-0.006083,0.324597,-0.324597
5.418060,0.254382,-0.254382,0.045929,-0.045929,0.005946,-0.005946,0.306256,-0.306256
5.498328,0.239864,-0.239864,0.042592,-0.042592,0.005811,-0.005811,0.288267,-0.288267
5.578595,0.225694,-0.225694,0.039423,-0.039423,0.005679,-0.005679,0.270796,-0.270796
5.658863,0.211984,-0.211984,0.036441,-0.036441,0.005550,-0.005550,0.253975,-0.253975
5.739130,0.198819,-0.198819,0.033657,-0.033657,0.005423,-0.005423,0.237899,-0.237899
5.819398,0.186260,-0.186260,0.031076,-0.031076,0.005298,-0.005298,0.222635,-0.222635
5.899666,0.174349,-0.174349,0.028695,-0.028695,0.005176,-0.005176,0.208221,-0.208221
5.979933,0.163108,-0.163108,0.026510,-0.026510,0.005056,-0.005056,0.194674,-0.194674
6.060201,0.152542,-0.152542,0.024510,-0.024510,0.004939,-0.004939,0.181991,-0.181991
6.140468,0.142646,-0.142646,0.022685,-0.022685,0.004824,-0.004824,0.170154,-0.170154
6.220736,0.133403,-0.133403,0.021022,-0.021022,0.004711,-0.004711,0.159135,-0.159135
6.301003,0.124789,-0.124789,0.019508,-0.019508,0.004600,-0.004600,0.148897,-0.148897
6.381271,0.116775,-0.116775,0.018131,-0.018131,0.004491,-0.004491,0.139397,-0.139397
6.461538,0.109329,-0.109329,0.016877,-0.016877,0.004384,-0.004384,0.130591,-0.130591
6.541806,0.102417,-0.102417,0.015735,-0.015735,0.004279,-0.004279,0.122431,-0.122431
6.622074,0.096002,-0.096002,0.014694,-0.014694,0.004175,-0.004175,0.114872,-0.114872
6.702341,0.090051,-0.090051,0.013743,-0.013743,0.004074,-0.004074,0.107868,-0.107868
6.782609,0.084529,-0.084529,0.012873,-0.012873,0.003975,-0.003975,0.101377,-0.101377
6.862876,0.079403,-0.079403,0.012076,-0.012076,0.003877,-0.003877,0.095356,-0.095356
6.943144,0.074643,-0.074643,0.011344,-0.011344,0.003781,-0.003781,0.089768,-0.089768
7.023411,0.070220,-0.070220,0.010670,-0.010670,0.003687,-0.003687,0.084576,-0.084576
7.103679,0.066105,-0.066105,0.010049,-0.010049,0.003594,-0.003594,0.079749,-0.079749
7.183946,0.062276,-0.062276,0.009475,-0.009475,0.003503,-0.003503,0.075254,-0.075254
7.264214,0.058707,-0.058707,0.008944,-0.008944,0.003414,-0.003414,0.071064,-0.071064
7.344482,0.055378,-0.055378,0.008451,-0.008451,0.003326,-0.003326,0.067155,-0.067155
7.424749,0.052270,-0.052270,0.007993,-0.007993,0.003239,-0.003239,0.063502,-0.063502
7.505017,0.049364,-0.049364,0.007567,-0.007567,0.003154,-0.003154,0.060085,-0.060085
7.585284,0.046645,-0.046645,0.007169,-0.007169,0.003071,-0.003071,0.056885,-0.056885
7.665552,0.044098,-0.044098,0.006797,-0.006797,0.002989,-0.002989,0.053883,-0.053883
7.745819,0.041709,-0.041709,0.006448,-0.006448,0.002908,-0.002908,0.051065,-0.051065
7.826087,0.039466,-0.039466,0.006122,-0.006122,0.002828,-0.002828,0.048416,-0.048416
7.906355,0.037357,-0.037357,0.005815,-0.005815,0.002750,-0.002750,0.045922,-0.045922
7.986622,0.035373,-0.035373,0.005526,-0.005526,0.002673,-0.002673,0.043572,-0.043572
8.066890,0.033504,-0.033504,0.005254,-0.005254,0.002598,-0.002598,0.041355,-0.041355
8.147157,0.031742,-0.031742,0.004997,-0.004997,0.002523,-0.002523,0.039262,-0.039262
8.227425,0.030079,-0.030079,0.004754,-0.004754,0.002450,-0.002450,0.037283,-0.037283
8.307692,0.028507,-0.028507,0.004524,-0.004524,0.002378,-0.002378,0.035410,-0.035410
8.387960,0.027021,-0.027021,0.004306,-0.004306,0.002307,-0.002307,0.033635,-0.033635
8.468227,0.025615,-0.025615,0.004100,-0.004100,0.002237,-0.002237,0.031952,-0.031952
8.548495,0.024282,-0.024282,0.003904,-0.003904,0.002169,-0.002169,0.030355,-0.030355
8.628763,0.023018,-0.023018,0.003717,-0.003717,0.002101,-0.002101,0.028837,-0.028837
8.709030,0.021819,-0.021819,0.003539,-0.003539,0.002035,-0.002035,0.027393,-0.027393
8.789298,0.020680,-0.020680,0.003370,-0.003370,0.001969,-0.001969,0.026019,-0.026019
8.869565,0.019597,-0.019597,0.003209,-0.003209,0.001905,-0.001905,0.024711,-0.024711
8.949833,0.018567,-0.018567,0.003054,-0.003054,0.001841,-0.001841,0.023463,-0.023463
9.030100,0.017587,-0.017587,0.002907,-0.002907,0.001779,-0.001779,0.022272,-0.022272
9.110368,0.016653,-0.016653,0.002766,-0.002766,0.001717,-0.001717,0.021136,-0.021136
9.190635,0.015762,-0.015762,0.002631,-0.002631,0.001656,-0.001656,0.020049,-0.020049
9.270903,0.014912,-0.014912,0.002502,-0.002502,0.001597,-0.001597,0.019011,-0.019011
9.351171,0.014102,-0.014102,0.002378,-0.002378,0.001538,-0.001538,0.018017,-0.018017
9.431438,0.013327,-0.013327,0.002258,-0.002258,0.001480,-0.001480,0.017065,-0.017065
9.511706,0.012587,-0.012587,0.002144,-0.002144,0.001423,-0.001423,0.016154,-0.016154
9.591973,0.011879,-0.011879,0.002034,-0.002034,0.001367,-0.001367,0.015280,-0.015280
9.672241,0.011202,-0.011202,0.001928,-0.001928,0.001311,-0.001311,0.014441,-0.014441
9.752508,0.010554,-0.010554,0.001826,-0.001826,0.001256,-0.001256,0.013637,-0.013637
9.832776,0.009933,-0.009933,0.001728,-0.001728,0.001203,-0.001203,0.012864,-0.012864
9.913043,0.009339,-0.009339,0.001634,-0.001634,0.001150,-0.001150,0.012122,-0.012122
9.993311,0.008769,-0.008769,0.001543,-0.001543,0.001097,-0.001097,0.011409,-0.011409
10.073579,0.008222,-0.008222,0.001455,-0.001455,0.001046,-0.001046,0.010723,-0.010723
10.153846,0.007698,-0.007698,0.001370,-0.001370,0.000995,-0.000995,0.010063,-0.010063
10.234114,0.007195,-0.007195,0.001288,-0.001288,0.000945,-0.000945,0.009427,-0.009427
10.314381,0.006712,-0.006712,0.001208,-0.001208,0.000895,-0.000895,0.008816,-0.008816
10.394649,0.006249,-0.006249,0.001131,-0.001131,0.000847,-0.000847,0.008227,-0.008227
10.474916,0.005804,-0.005804,0.001057,-0.001057,0.000799,-0.000799,0.007659,-0.007659
10.555184,0.005376,-0.005376,0.000985,-0.000985,0.000751,-0.000751,0.007113,-0.007113
10.635452,0.004965,-0.004965,0.000916,-0.000916,0.000705,-0.000705,0.006586,-0.006586
10.715719,0.004570,-0.004570,0.000848,-0.000848,0.000658,-0.000658,0.006077,-0.006077
10.795987,0.004191,-0.004191,0.000783,-0.000783,0.000613,-0.000613,0.005587,-0.005587
10.876254,0.003826,-0.003826,0.000720,-0.000720,0.000568,-0.000568,0.005114,-0.005114
10.956522,0.003476,-0.003476,0.000658,-0.000658,0.000524,-0.000524,0.004658,-0.004658
11.036789,0.003139,-0.003139,0.000598,-0.000598,0.000480,-0.000480,0.004218,-0.004218
11.117057,0.002815,-0.002815,0.000540,-0.000540,0.000437,-0.000437,0.003793,-0.003793
11.197324,0.002504,-0.002504,0.000484,-0.000484,0.000395,-0.000395,0.003383,-0.003383
11.277592,0.002205,-0.002205,0.000429,-0.000429,0.000353,-0.000353,0.002987,-0.002987
11.357860,0.001918,-0.001918,0.000376,-0.000376,0.000312,-0.000312,0.002606,-0.002606
11.438127,0.001642,-0.001642,0.000325,-0.000325,0.000271,-0.000271,0.002237,-0.002237
11.518395,0.001377,-0.001377,0.000274,-0.000274,0.000231,-0.000231,0.001882,-0.001882
11.598662,0.001122,-0.001122,0.000226,-0.000226,0.000191,-0.000191,0.001539,-0.001539
11.678930,0.000878,-0.000878,0.000178,-0.000178,0.000152,-0.000152,0.001208,-0.001208
11.759197,0.000644,-0.000644,0.000132,-0.000132,0.000113,-0.000113,0.000889,-0.000889
11.839465,0.000420,-0.000420,0.000087,-0.000087,0.000075,-0.000075,0.000582,-0.000582
11.919732,0.000205,-0.000205,0.000043,-0.000043,0.000037,-0.000037,0.000285,-0.000285
12.000000,0.000000,-0.000000,0.000000,-0.000000,0.000000,-0.000000,0.000000,-0.000000
