E,I32,I12,Ibg,Itot
450.000000,0.013579,0.000000,0.000000,0.008920
450.200669,0.014071,0.000012,0.000000,0.009426
450.401338,0.014588,0.000024,0.000000,0.009958
450.602007,0.015132,0.000037,0.000000,0.010517
450.802676,0.015705,0.000049,0.000000,0.011105
451.003344,0.016309,0.000062,0.000000,0.011725
451.204013,0.016947,0.000075,0.000000,0.012379
451.404682,0.017621,0.000088,0.000000,0.013070
451.605351,0.018334,0.000102,0.000000,0.013800
451.806020,0.019090,0.000116,0.000000,0.014573
452.006689,0.019892,0.000130,0.000000,0.015393
452.207358,0.020743,0.000144,0.000000,0.016263
452.408027,0.021649,0.000159,0.000000,0.017188
452.608696,0.022615,0.000173,0.000000,0.018173
452.809365,0.023646,0.000188,0.000000,0.019223
453.010033,0.024748,0.000204,0.000000,0.020346
453.210702,0.025928,0.000219,0.000000,0.021548
453.411371,0.027196,0.000235,0.000000,0.022837
453.612040,0.028559,0.000251,0.000000,0.024223
453.812709,0.030028,0.000268,0.000000,0.025716
454.013378,0.031616,0.000284,0.000000,0.027328
454.214047,0.033337,0.000302,0.000000,0.029074
454.414716,0.035207,0.000319,0.000000,0.030970
454.615385,0.037245,0.000337,0.000000,0.033035
454.816054,0.039473,0.000355,0.000000,0.035293
455.016722,0.041919,0.000373,0.000000,0.037768
455.217391,0.044613,0.000392,0.000000,0.040494
455.418060,0.047593,0.000411,0.000000,0.043507
455.618729,0.050904,0.000431,0.000000,0.046853
455.819398,0.054599,0.000451,0.000000,0.050587
456.020067,0.058745,0.000471,0.000000,0.054772
456.220736,0.063418,0.000492,0.000000,0.059488
456.421405,0.068713,0.000513,0.000000,0.064829
456.622074,0.074742,0.000534,0.000000,0.070908
456.822742,0.081638,0.000556,0.000000,0.077860
457.023411,0.089561,0.000579,0.000000,0.085842
457.224080,0.098695,0.000602,0.000000,0.095043
457.424749,0.109257,0.000625,0.000000,0.105678
457.625418,0.121490,0.000649,0.000000,0.117993
457.826087,0.135669,0.000674,0.000000,0.132263
458.026756,0.152095,0.000699,0.000000,0.148792
458.227425,0.171088,0.000724,0.000000,0.167901
458.428094,0.192979,0.000750,0.000000,0.189921
458.628763,0.218093,0.000777,0.000000,0.215180
458.829431,0.246731,0.000804,0.000000,0.243982
459.030100,0.279149,0.000832,0.000000,0.276581
459.230769,0.315527,0.000861,0.000000,0.313159
459.431438,0.355939,0.000890,0.000000,0.353791
459.632107,0.400327,0.000920,0.000000,0.398418
459.832776,0.448465,0.000950,0.000000,0.446814
460.033445,0.499938,0.000981,0.000000,0.498562
460.234114,0.554128,0.001013,0.000000,0.553040
460.434783,0.610200,0.001046,0.000000,0.609410
460.635452,0.667119,0.001080,0.000000,0.666631
460.836120,0.723665,0.001114,0.000000,0.723479
461.036789,0.778477,0.001149,0.000000,0.778585
461.237458,0.830105,0.001185,0.000000,0.830493
461.438127,0.877079,0.001222,0.000000,0.877726
461.638796,0.917979,0.001260,0.000000,0.918857
461.839465,0.951519,0.001299,0.000000,0.952595
462.040134,0.976618,0.001338,0.000000,0.977853
462.240803,0.992467,0.001379,0.000000,0.993817
462.441472,0.998579,0.001421,0.000000,1.000000
462.642140,0.994819,0.001464,0.000000,0.996265
462.842809,0.981414,0.001508,0.000000,0.982841
463.043478,0.958934,0.001553,0.000000,0.960301
463.244147,0.928258,0.001600,0.000000,0.929527
463.444816,0.890518,0.001648,0.000000,0.891656
463.645485,0.847024,0.001697,0.000000,0.848006
463.846154,0.799194,0.001747,0.000000,0.800001
464.046823,0.748474,0.001799,0.000000,0.749093
464.247492,0.696263,0.001852,0.000000,0.696689
464.448161,0.643852,0.001907,0.000000,0.644086
464.648829,0.592376,0.001964,0.000000,0.592423
464.849498,0.542779,0.002022,0.000000,0.542651
465.050167,0.495800,0.002081,0.000000,0.495510
465.250836,0.451967,0.002143,0.000000,0.451532
465.451505,0.411616,0.002206,0.000000,0.411053
465.652174,0.374903,0.002272,0.000000,0.374233
465.852843,0.341841,0.002339,0.000000,0.341083
466.053512,0.312328,0.002409,0.000000,0.311500
466.254181,0.286178,0.002481,0.000000,0.285299
466.454849,0.263153,0.002555,0.000000,0.262239
466.655518,0.242988,0.002631,0.000000,0.242056
466.856187,0.225413,0.002710,0.000000,0.224477
467.056856,0.210168,0.002791,0.000000,0.209242
467.257525,0.197017,0.002876,0.000000,0.196114
467.458194,0.185749,0.002963,0.000000,0.184880
467.658863,0.176185,0.003053,0.000000,0.175362
467.859532,0.168176,0.003146,0.000000,0.167408
468.060201,0.161597,0.003243,0.000000,0.160895
468.260870,0.156347,0.003343,0.000000,0.155721
468.461538,0.152343,0.003446,0.000000,0.151801
468.662207,0.149510,0.003554,0.000000,0.149063
468.862876,0.147783,0.003665,0.000000,0.147440
469.063545,0.147096,0.003781,0.000000,0.146866
469.264214,0.147382,0.003901,0.000000,0.147274
469.464883,0.148565,0.004026,0.000000,0.148589
469.665552,0.150564,0.004155,0.000000,0.150727
469.866221,0.153282,0.004290,0.000000,0.153593
470.066890,0.156612,0.004430,0.000000,0.157080
470.267559,0.160435,0.004576,0.000000,0.161067
470.468227,0.164617,0.004729,0.000000,0.165422
470.668896,0.169015,0.004887,0.000000,0.170001
470.869565,0.173479,0.005053,0.000000,0.174652
471.070234,0.177853,0.005226,0.000000,0.179220
471.270903,0.181979,0.005406,0.000000,0.183547
471.471572,0.185705,0.005595,0.000000,0.187480
471.672241,0.188887,0.005792,0.000000,0.190876
471.872910,0.191396,0.005999,0.000000,0.193604
472.073579,0.193119,0.006215,0.000000,0.195553
472.274247,0.193970,0.006443,0.000000,0.196635
472.474916,0.193884,0.006681,0.000000,0.196789
472.675585,0.192830,0.006931,0.000000,0.195981
472.876254,0.190801,0.007195,0.000000,0.194207
473.076923,0.187821,0.007472,0.000000,0.191492
473.277592,0.183940,0.007764,0.000000,0.187886
473.478261,0.179233,0.008073,0.000000,0.183467
473.678930,0.173793,0.008398,0.000000,0.178328
473.879599,0.167729,0.008742,0.000000,0.172581
474.080268,0.161159,0.009107,0.000000,0.166346
474.280936,0.154207,0.009493,0.000000,0.159749
474.481605,0.146995,0.009903,0.000000,0.152916
474.682274,0.139643,0.010338,0.000000,0.145967
474.882943,0.132260,0.010802,0.000000,0.139015
475.083612,0.124946,0.011297,0.000000,0.132163
475.284281,0.117787,0.011825,0.000000,0.125501
475.484950,0.110853,0.012390,0.000000,0.119103
475.685619,0.104204,0.012996,0.000000,0.113031
475.886288,0.097882,0.013647,0.000000,0.107333
476.086957,0.091918,0.014348,0.000000,0.102044
476.287625,0.086329,0.015104,0.000000,0.097189
476.488294,0.081125,0.015922,0.000000,0.092782
476.688963,0.076306,0.016809,0.000000,0.088832
476.889632,0.071864,0.017774,0.000000,0.085339
477.090301,0.067788,0.018827,0.000000,0.082302
477.290970,0.064062,0.019981,0.000000,0.079716
477.491639,0.060666,0.021248,0.000000,0.077578
477.692308,0.057581,0.022646,0.000000,0.075883
477.892977,0.054785,0.024195,0.000000,0.074630
478.093645,0.052256,0.025919,0.000000,0.073820
478.294314,0.049971,0.027846,0.000000,0.073462
478.494983,0.047910,0.030013,0.000000,0.073567
478.695652,0.046050,0.032459,0.000000,0.074157
478.896321,0.044371,0.035237,0.000000,0.075260
479.096990,0.042851,0.038405,0.000000,0.076916
479.297659,0.041472,0.042034,0.000000,0.079178
479.498328,0.040215,0.046210,0.000000,0.082110
479.698997,0.039061,0.051031,0.000000,0.085794
479.899666,0.037993,0.056608,0.000000,0.090324
480.100334,0.036995,0.063071,0.000000,0.095815
480.301003,0.036051,0.070562,0.000000,0.102393
480.501672,0.035149,0.079235,0.000000,0.110201
480.702341,0.034276,0.089253,0.000000,0.119390
480.903010,0.033422,0.100782,0.000000,0.130114
481.103679,0.032577,0.113980,0.000000,0.142526
481.304348,0.031734,0.128991,0.000000,0.156761
481.505017,0.030888,0.145931,0.000000,0.172931
481.705686,0.030035,0.164872,0.000000,0.191104
481.906355,0.029172,0.185828,0.000000,0.211292
482.107023,0.028298,0.208740,0.000000,0.233435
482.307692,0.027416,0.233461,0.000000,0.257386
482.508361,0.026525,0.259747,0.000000,0.282900
482.709030,0.025629,0.287247,0.000000,0.309631
482.909699,0.024731,0.315507,0.000000,0.337122
483.110368,0.023835,0.343973,0.000000,0.364822
483.311037,0.022946,0.372005,0.000000,0.392093
483.511706,0.022067,0.398902,0.000000,0.418234
483.712375,0.021203,0.423933,0.000000,0.442515
483.913043,0.020357,0.446367,0.000000,0.464204
484.113712,0.019533,0.465513,0.000000,0.482614
484.314381,0.018734,0.480764,0.000000,0.497134
484.515050,0.017963,0.491626,0.000000,0.507273
484.715719,0.017221,0.497753,0.000000,0.512682
484.916388,0.016510,0.498964,0.000000,0.513185
485.117057,0.015830,0.495261,0.000000,0.508781
485.317726,0.015183,0.486822,0.000000,0.499652
485.518395,0.014567,0.473993,0.000000,0.486145
485.719064,0.013982,0.457265,0.000000,0.468750
485.919732,0.013429,0.437240,0.000000,0.448074
486.120401,0.012904,0.414599,0.000000,0.424799
486.321070,0.012408,0.390061,0.000000,0.399646
486.521739,0.011938,0.364343,0.000000,0.373335
486.722408,0.011493,0.338128,0.000000,0.346549
486.923077,0.011071,0.312036,0.000000,0.319910
487.123746,0.010671,0.286599,0.000000,0.293951
487.324415,0.010292,0.262252,0.000000,0.269107
487.525084,0.009931,0.239324,0.000000,0.245708
487.725753,0.009587,0.218043,0.000000,0.223981
487.926421,0.009259,0.198541,0.000000,0.204058
488.127090,0.008945,0.180869,0.000000,0.185988
488.327759,0.008646,0.165009,0.000000,0.169752
488.528428,0.008358,0.150893,0.000000,0.155280
488.729097,0.008082,0.138416,0.000000,0.142467
488.929766,0.007817,0.127453,0.000000,0.131186
489.130435,0.007562,0.117870,0.000000,0.121301
489.331104,0.007316,0.109532,0.000000,0.112677
489.531773,0.007079,0.102314,0.000000,0.105186
489.732441,0.006851,0.096101,0.000000,0.098715
489.933110,0.006630,0.090795,0.000000,0.093162
490.133779,0.006418,0.086311,0.000000,0.088444
490.334448,0.006212,0.082580,0.000000,0.084489
490.535117,0.006014,0.079544,0.000000,0.081239
490.735786,0.005823,0.077156,0.000000,0.078648
490.936455,0.005638,0.075377,0.000000,0.076674
491.137124,0.005460,0.074171,0.000000,0.075284
491.337793,0.005288,0.073505,0.000000,0.074442
491.538462,0.005122,0.073347,0.000000,0.074117
491.739130,0.004963,0.073662,0.000000,0.074273
491.939799,0.004808,0.074412,0.000000,0.074871
492.140468,0.004659,0.075551,0.000000,0.075866
492.341137,0.004516,0.077031,0.000000,0.077209
492.541806,0.004378,0.078795,0.000000,0.078842
492.742475,0.004244,0.080782,0.000000,0.080704
492.943144,0.004115,0.082922,0.000000,0.082725
493.143813,0.003991,0.085142,0.000000,0.084831
493.344482,0.003871,0.087367,0.000000,0.086945
493.545151,0.003755,0.089516,0.000000,0.088989
493.745819,0.003643,0.091513,0.000000,0.090883
493.946488,0.003535,0.093283,0.000000,0.092552
494.147157,0.003431,0.094756,0.000000,0.093927
494.347826,0.003330,0.095869,0.000000,0.094944
494.548495,0.003232,0.096572,0.000000,0.095553
494.749164,0.003138,0.096826,0.000000,0.095713
494.949833,0.003047,0.096603,0.000000,0.095397
495.150502,0.002958,0.095894,0.000000,0.094595
495.351171,0.002872,0.094700,0.000000,0.093309
495.551839,0.002789,0.093038,0.000000,0.091556
495.752508,0.002708,0.090938,0.000000,0.089366
495.953177,0.002630,0.088442,0.000000,0.086779
496.153846,0.002554,0.085599,0.000000,0.083846
496.354515,0.002480,0.082465,0.000000,0.080623
496.555184,0.002409,0.079102,0.000000,0.077172
496.755853,0.002339,0.075570,0.000000,0.073554
496.956522,0.002271,0.071931,0.000000,0.069830
497.157191,0.002205,0.068243,0.000000,0.066058
497.357860,0.002141,0.064559,0.000000,0.062292
497.558528,0.002079,0.060927,0.000000,0.058580
497.759197,0.002018,0.057385,0.000000,0.054960
497.959866,0.001959,0.053969,0.000000,0.051468
498.160535,0.001901,0.050703,0.000000,0.048129
498.361204,0.001845,0.047607,0.000000,0.044962
498.561873,0.001790,0.044694,0.000000,0.041981
498.762542,0.001737,0.041972,0.000000,0.039192
498.963211,0.001685,0.039442,0.000000,0.036597
499.163880,0.001634,0.037103,0.000000,0.034196
499.364548,0.001584,0.034951,0.000000,0.031985
499.565217,0.001536,0.032980,0.000000,0.029955
499.765886,0.001488,0.031179,0.000000,0.028098
499.966555,0.001442,0.029541,0.000000,0.026406
500.167224,0.001397,0.028053,0.000000,0.024866
500.367893,0.001353,0.026706,0.000000,0.023468
500.568562,0.001309,0.025489,0.000000,0.022201
500.769231,0.001267,0.024389,0.000000,0.021054
500.969900,0.001226,0.023398,0.000000,0.020016
501.170569,0.001185,0.022503,0.000000,0.019076
501.371237,0.001146,0.021694,0.000000,0.018224
501.571906,0.001107,0.020962,0.000000,0.017449
501.772575,0.001069,0.020296,0.000000,0.016742
501.973244,0.001032,0.019688,0.000000,0.016094
502.173913,0.000995,0.019128,0.000000,0.015495
502.374582,0.000960,0.018607,0.000000,0.014936
502.575251,0.000925,0.018119,0.000000,0.014411
502.775920,0.000891,0.017656,0.000000,0.013911
502.976589,0.000857,0.017211,0.000000,0.013431
503.177258,0.000824,0.016779,0.000000,0.012963
503.377926,0.000792,0.016354,0.000000,0.012504
503.578595,0.000761,0.015932,0.000000,0.012048
503.779264,0.000730,0.015511,0.000000,0.011593
503.979933,0.000699,0.015086,0.000000,0.011137
504.180602,0.000669,0.014658,0.000000,0.010676
504.381271,0.000640,0.014224,0.000000,0.010211
504.581940,0.000611,0.013786,0.000000,0.009742
504.782609,0.000583,0.013343,0.000000,0.009269
504.983278,0.000556,0.012896,0.000000,0.008792
505.183946,0.000528,0.012448,0.000000,0.008314
505.384615,0.000502,0.011999,0.000000,0.007837
505.585284,0.000476,0.011552,0.000000,0.007361
505.785953,0.000450,0.011109,0.000000,0.006890
505.986622,0.000425,0.010672,0.000000,0.006426
506.187291,0.000400,0.010243,0.000000,0.005970
506.387960,0.000375,0.009824,0.000000,0.005524
506.588629,0.000352,0.009417,0.000000,0.005091
506.789298,0.000328,0.009022,0.000000,0.004671
506.989967,0.000305,0.008642,0.000000,0.004266
507.190635,0.000282,0.008277,0.000000,0.003876
507.391304,0.000260,0.007927,0.000000,0.003502
507.591973,0.000238,0.007593,0.000000,0.003145
507.792642,0.000216,0.007276,0.000000,0.002804
507.993311,0.000195,0.006974,0.000000,0.002479
508.193980,0.000174,0.006687,0.000000,0.002170
508.394649,0.000153,0.006416,0.000000,0.001877
508.595318,0.000133,0.006159,0.000000,0.001598
508.795987,0.000113,0.005916,0.000000,0.001334
508.996656,0.000093,0.005685,0.000000,0.001083
509.197324,0.000074,0.005467,0.000000,0.000844
509.397993,0.000055,0.005261,0.000000,0.000618
509.598662,0.000037,0.005065,0.000000,0.000402
509.799331,0.000018,0.004878,0.000000,0.000196
510.000000,0.000000,0.004701,0.000000,0.000000
