E,dup,ddn,pup,pdn,octup,octdn,totup,totdn
-12.000000,0.076390,-0.001839,0.004510,-0.000000,0.033661,-0.033661,0.114561,-0.035500
-11.919732,0.085426,-0.003200,0.005357,-0.000084,0.035265,-0.035265,0.126047,-0.038549
-11.839465,0.094656,-0.004831,0.006279,-0.000188,0.037023,-0.037023,0.137958,-0.042041
-11.759197,0.103856,-0.006777,0.007254,-0.000315,0.038962,-0.038962,0.150072,-0.046055
-11.678930,0.112765,-0.009083,0.008252,-0.000473,0.041118,-0.041118,0.162134,-0.050674
-11.598662,0.121099,-0.011789,0.009235,-0.000665,0.043529,-0.043529,0.173863,-0.055983
-11.518395,0.128566,-0.014922,0.010161,-0.000896,0.046248,-0.046248,0.184974,-0.062065
-11.438127,0.134881,-0.018492,0.010987,-0.001169,0.049333,-0.049333,0.195201,-0.068995
-11.357860,0.139789,-0.022484,0.011671,-0.001487,0.052861,-0.052861,0.204321,-0.076831
-11.277592,0.143082,-0.026853,0.012180,-0.001846,0.056918,-0.056918,0.212180,-0.085617
-11.197324,0.144615,-0.031519,0.012487,-0.002243,0.061612,-0.061612,0.218713,-0.095374
-11.117057,0.144316,-0.036367,0.012579,-0.002668,0.067069,-0.067069,0.223964,-0.106105
-11.036789,0.142197,-0.041248,0.012457,-0.003108,0.073439,-0.073439,0.228093,-0.117796
-10.956522,0.138350,-0.045985,0.012135,-0.003548,0.080897,-0.080897,0.231381,-0.130430
-10.876254,0.132939,-0.050384,0.011639,-0.003967,0.089645,-0.089645,0.234223,-0.143996
-10.795987,0.126191,-0.054246,0.011006,-0.004346,0.099920,-0.099920,0.237117,-0.158512
-10.715719,0.118377,-0.057383,0.010277,-0.004665,0.111989,-0.111989,0.240644,-0.174037
-10.635452,0.109793,-0.059636,0.009496,-0.004907,0.126157,-0.126157,0.245447,-0.190700
-10.555184,0.100740,-0.060884,0.008706,-0.005059,0.142765,-0.142765,0.252211,-0.208708
-10.474916,0.091506,-0.061061,0.007943,-0.005115,0.162192,-0.162192,0.261640,-0.228368
-10.394649,0.082351,-0.060161,0.007239,-0.005073,0.184854,-0.184854,0.274444,-0.250088
-10.314381,0.073497,-0.058236,0.006615,-0.004939,0.211204,-0.211204,0.291316,-0.274380
-10.234114,0.065118,-0.055393,0.006086,-0.004726,0.241730,-0.241730,0.312934,-0.301848
-10.153846,0.057343,-0.051782,0.005658,-0.004449,0.276945,-0.276945,0.339947,-0.333177
-10.073579,0.050252,-0.047587,0.005330,-0.004128,0.317391,-0.317391,0.372973,-0.369106
-9.993311,0.043885,-0.043004,0.005097,-0.003783,0.363620,-0.363620,0.412602,-0.410408
-9.913043,0.038246,-0.038231,0.004950,-0.003435,0.416192,-0.416192,0.459388,-0.457857
-9.832776,0.033311,-0.033449,0.004879,-0.003099,0.475660,-0.475660,0.513850,-0.512207
-9.752508,0.029037,-0.028814,0.004874,-0.002790,0.542557,-0.542557,0.576467,-0.574161
-9.672241,0.025367,-0.024452,0.004924,-0.002519,0.617377,-0.617377,0.647669,-0.644348
-9.591973,0.022240,-0.020452,0.005020,-0.002291,0.700564,-0.700564,0.727824,-0.723307
-9.511706,0.019590,-0.016869,0.005154,-0.002109,0.792488,-0.792488,0.817232,-0.811465
-9.431438,0.017355,-0.013726,0.005321,-0.001972,0.893425,-0.893425,0.916101,-0.909123
-9.351171,0.015477,-0.011021,0.005514,-0.001877,1.003544,-1.003544,1.024536,-1.016443
-9.270903,0.013904,-0.008734,0.005732,-0.001822,1.122885,-1.122885,1.142521,-1.133441
-9.190635,0.012591,-0.006829,0.005972,-0.001799,1.251342,-1.251342,1.269904,-1.259971
-9.110368,0.011499,-0.005265,0.006231,-0.001806,1.388653,-1.388653,1.406383,-1.395724
-9.030100,0.010597,-0.003996,0.006510,-0.001837,1.534391,-1.534391,1.551498,-1.540224
-8.949833,0.009857,-0.002978,0.006809,-0.001889,1.687960,-1.687960,1.704627,-1.692826
-8.869565,0.009260,-0.002170,0.007128,-0.001957,1.848598,-1.848598,1.864986,-1.852725
-8.789298,0.008788,-0.001537,0.007467,-0.002040,2.015388,-2.015388,2.031643,-2.018965
-8.709030,0.008429,-0.001047,0.007828,-0.002136,2.187271,-2.187271,2.203528,-2.190454
-8.628763,0.008173,-0.000675,0.008213,-0.002243,2.363075,-2.363075,2.379460,-2.365992
-8.548495,0.008013,-0.000400,0.008622,-0.002361,2.541539,-2.541539,2.558174,-2.544300
-8.468227,0.007945,-0.000206,0.009058,-0.002489,2.721351,-2.721351,2.738354,-2.724046
-8.387960,0.007965,-0.000080,0.009523,-0.002629,2.901184,-2.901184,2.918672,-2.903893
-8.307692,0.008072,-0.000014,0.010019,-0.002779,3.079734,-3.079734,3.097825,-3.082527
-8.227425,0.008265,-0.000000,0.010550,-0.002942,3.255757,-3.255757,3.274572,-3.258699
-8.147157,0.008545,-0.000035,0.011118,-0.003119,3.428105,-3.428105,3.447768,-3.431258
-8.066890,0.008913,-0.000115,0.011728,-0.003310,3.595746,-3.595746,3.616388,-3.599171
-7.986622,0.009373,-0.000240,0.012385,-0.003518,3.757791,-3.757791,3.779548,-3.761549
-7.906355,0.009926,-0.000408,0.013092,-0.003745,3.913492,-3.913492,3.936510,-3.917645
-7.826087,0.010579,-0.000620,0.013856,-0.003994,4.062244,-4.062244,4.086679,-4.066859
-7.745819,0.011336,-0.000877,0.014684,-0.004267,4.203571,-4.203571,4.229591,-4.208715
-7.665552,0.012205,-0.001179,0.015584,-0.004567,4.337095,-4.337095,4.364883,-4.342841
-7.585284,0.013194,-0.001526,0.016566,-0.004897,4.462505,-4.462505,4.492265,-4.468928
-7.505017,0.014315,-0.001918,0.017641,-0.005259,4.579520,-4.579520,4.611476,-4.586697
-7.424749,0.015580,-0.002353,0.018825,-0.005657,4.687840,-4.687840,4.722244,-4.695850
-7.344482,0.017004,-0.002828,0.020135,-0.006092,4.787109,-4.787109,4.824248,-4.796029
-7.264214,0.018607,-0.003338,0.021592,-0.006566,4.876879,-4.876879,4.917078,-4.886782
-7.183946,0.020411,-0.003877,0.023226,-0.007081,4.956578,-4.956578,5.000215,-4.967535
-7.103679,0.022441,-0.004438,0.025071,-0.007636,5.025499,-5.025499,5.073011,-5.037573
-7.023411,0.024729,-0.005013,0.027171,-0.008234,5.082794,-5.082794,5.134694,-5.096041
-6.943144,0.027308,-0.005593,0.029584,-0.008875,5.127491,-5.127491,5.184383,-5.141958
-6.862876,0.030219,-0.006170,0.032381,-0.009561,5.158518,-5.158518,5.221117,-5.174249
-6.782609,0.033505,-0.006737,0.035652,-0.010298,5.174750,-5.174750,5.243907,-5.191785
-6.702341,0.037216,-0.007290,0.039508,-0.011093,5.175059,-5.175059,5.251782,-5.193442
-6.622074,0.041403,-0.007828,0.044084,-0.011957,5.158379,-5.158379,5.243865,-5.178163
-6.541806,0.046118,-0.008352,0.049543,-0.012908,5.123769,-5.123769,5.219431,-5.145029
-6.461538,0.051416,-0.008872,0.056074,-0.013970,5.070483,-5.070483,5.177973,-5.093325
-6.381271,0.057344,-0.009398,0.063892,-0.015178,4.998026,-4.998026,5.119262,-5.022602
-6.301003,0.063944,-0.009950,0.073232,-0.016575,4.906210,-4.906210,5.043386,-4.932735
-6.220736,0.071245,-0.010548,0.084345,-0.018219,4.795192,-4.795192,4.950781,-4.823959
-6.140468,0.079260,-0.011221,0.097485,-0.020185,4.665497,-4.665497,4.842242,-4.696903
-6.060201,0.087981,-0.011997,0.112899,-0.022564,4.518030,-4.518030,4.718909,-4.552591
-5.979933,0.097372,-0.012912,0.130814,-0.025468,4.354061,-4.354061,4.582247,-4.392442
-5.899666,0.107370,-0.014001,0.151426,-0.029036,4.175203,-4.175203,4.433999,-4.218240
-5.819398,0.117881,-0.015300,0.174891,-0.033428,3.983369,-3.983369,4.276141,-4.032097
-5.739130,0.128780,-0.016844,0.201328,-0.038834,3.780720,-3.780720,4.110827,-3.836397
-5.658863,0.139917,-0.018666,0.230819,-0.045465,3.569597,-3.569597,3.940333,-3.633729
-5.578595,0.151116,-0.020796,0.263428,-0.053555,3.352462,-3.352462,3.767006,-3.426813
-5.498328,0.162191,-0.023255,0.299211,-0.063348,3.131814,-3.131814,3.593217,-3.218417
-5.418060,0.172949,-0.026056,0.338237,-0.075089,2.910130,-2.910130,3.421316,-3.011275
-5.337793,0.183203,-0.029199,0.380590,-0.089004,2.689795,-2.689795,3.253588,-2.807998
-5.257525,0.192778,-0.032671,0.426370,-0.105283,2.473040,-2.473040,3.092187,-2.610994
-5.177258,0.201526,-0.036443,0.475657,-0.124051,2.261898,-2.261898,2.939080,-2.422391
-5.096990,0.209325,-0.040464,0.528463,-0.145345,2.058162,-2.058162,2.795950,-2.243971
-5.016722,0.216088,-0.044669,0.584657,-0.169083,1.863357,-1.863357,2.664102,-2.077109
-4.936455,0.221757,-0.048973,0.643871,-0.195042,1.678727,-1.678727,2.544354,-1.922741
-4.856187,0.226304,-0.053278,0.705408,-0.222835,1.505222,-1.505222,2.436934,-1.781335
-4.775920,0.229725,-0.057472,0.768168,-0.251908,1.343513,-1.343513,2.341406,-1.652893
-4.695652,0.232033,-0.061440,0.830604,-0.281535,1.193994,-1.193994,2.256631,-1.536968
-4.615385,0.233251,-0.065064,0.890735,-0.310839,1.056811,-1.056811,2.180798,-1.432714
-4.535117,0.233411,-0.068234,0.946228,-0.338823,0.931885,-0.931885,2.111524,-1.338942
-4.454849,0.232545,-0.070854,0.994536,-0.364424,0.818940,-0.818940,2.046020,-1.254218
-4.374582,0.230691,-0.072848,1.033101,-0.386571,0.717535,-0.717535,1.981327,-1.176953
-4.294314,0.227892,-0.074161,1.059588,-0.404260,0.627099,-0.627099,1.914580,-1.105521
-4.214047,0.224200,-0.074770,1.072122,-0.416633,0.546962,-0.546962,1.843285,-1.038365
-4.133779,0.219683,-0.074678,1.069495,-0.423044,0.476384,-0.476384,1.765562,-0.974106
-4.053512,0.214427,-0.073920,1.051320,-0.423122,0.414582,-0.414582,1.680329,-0.911624
-3.973244,0.208542,-0.072555,1.018093,-0.416807,0.360757,-0.360757,1.587392,-0.850119
-3.892977,0.202162,-0.070668,0.971171,-0.404362,0.314113,-0.314113,1.487445,-0.789143
-3.812709,0.195445,-0.068359,0.912650,-0.386358,0.273875,-0.273875,1.381970,-0.728592
-3.732441,0.188567,-0.065743,0.845185,-0.363628,0.239304,-0.239304,1.273055,-0.668675
-3.652174,0.181720,-0.062938,0.771748,-0.337204,0.209704,-0.209704,1.163171,-0.609845
-3.571906,0.175102,-0.060063,0.695384,-0.308230,0.184432,-0.184432,1.054918,-0.552726
-3.491639,0.168911,-0.057232,0.618980,-0.277883,0.162902,-0.162902,0.950794,-0.498017
-3.411371,0.163338,-0.054546,0.545072,-0.247285,0.144586,-0.144586,0.852996,-0.446416
-3.331104,0.158560,-0.052095,0.475717,-0.217433,0.129010,-0.129010,0.763287,-0.398538
-3.250836,0.154737,-0.049952,0.412423,-0.189152,0.115762,-0.115762,0.682923,-0.354866
-3.170569,0.152011,-0.048174,0.356148,-0.163063,0.104480,-0.104480,0.612639,-0.315716
-3.090301,0.150504,-0.046803,0.307339,-0.139577,0.094849,-0.094849,0.552693,-0.281229
-3.010033,0.150321,-0.045865,0.266018,-0.118907,0.086604,-0.086604,0.502943,-0.251376
-2.929766,0.151554,-0.045378,0.231876,-0.101091,0.079515,-0.079515,0.462945,-0.225984
-2.849498,0.154285,-0.045345,0.204380,-0.086033,0.073392,-0.073392,0.432057,-0.204771
-2.769231,0.158591,-0.045767,0.182867,-0.073536,0.068074,-0.068074,0.409532,-0.187378
-2.688963,0.164550,-0.046640,0.166631,-0.063339,0.063427,-0.063427,0.394608,-0.173405
-2.608696,0.172241,-0.047958,0.154980,-0.055151,0.059339,-0.059339,0.386560,-0.162448
-2.528428,0.181747,-0.049716,0.147288,-0.048677,0.055720,-0.055720,0.384756,-0.154114
-2.448161,0.193158,-0.051915,0.143021,-0.043636,0.052495,-0.052495,0.388675,-0.148046
-2.367893,0.206565,-0.054561,0.141752,-0.039773,0.049601,-0.049601,0.397918,-0.143935
-2.287625,0.222056,-0.057668,0.143163,-0.036866,0.046989,-0.046989,0.412209,-0.141523
-2.207358,0.239709,-0.061261,0.147045,-0.034731,0.044617,-0.044617,0.431371,-0.140609
-2.127090,0.259580,-0.065379,0.153279,-0.033220,0.042450,-0.042450,0.455309,-0.141050
-2.046823,0.281689,-0.070074,0.161819,-0.032220,0.040462,-0.040462,0.483969,-0.142756
-1.966555,0.306003,-0.075416,0.172663,-0.031652,0.038629,-0.038629,0.517295,-0.145697
-1.886288,0.332422,-0.081492,0.185825,-0.031468,0.036931,-0.036931,0.555178,-0.149892
-1.806020,0.360755,-0.088406,0.201294,-0.031649,0.035355,-0.035355,0.597404,-0.155409
-1.725753,0.390713,-0.096278,0.218994,-0.032198,0.033885,-0.033885,0.643591,-0.162361
-1.645485,0.421887,-0.105242,0.238747,-0.033145,0.032510,-0.032510,0.693145,-0.170897
-1.565217,0.453753,-0.115438,0.260237,-0.034533,0.031222,-0.031222,0.745212,-0.181194
-1.484950,0.485668,-0.127008,0.282985,-0.036420,0.030012,-0.030012,0.798665,-0.193440
-1.404682,0.516888,-0.140081,0.306343,-0.038868,0.028873,-0.028873,0.852104,-0.207821
-1.324415,0.546590,-0.154765,0.329503,-0.041937,0.027799,-0.027799,0.903892,-0.224501
-1.244147,0.573907,-0.171134,0.351530,-0.045678,0.026783,-0.026783,0.952220,-0.243595
-1.163880,0.597969,-0.189208,0.371417,-0.050119,0.025823,-0.025823,0.995209,-0.265150
-1.083612,0.617956,-0.208951,0.388151,-0.055259,0.024913,-0.024913,1.031019,-0.289123
-1.003344,0.633144,-0.230253,0.400799,-0.061059,0.024049,-0.024049,1.057992,-0.315361
-0.923077,0.642954,-0.252928,0.408584,-0.067438,0.023228,-0.023228,1.074767,-0.343594
-0.842809,0.646994,-0.276720,0.410960,-0.074266,0.022448,-0.022448,1.080402,-0.373435
-0.762542,0.645082,-0.301310,0.407662,-0.081373,0.021705,-0.021705,1.074448,-0.404388
-0.682274,0.637265,-0.326335,0.398734,-0.088549,0.020997,-0.020997,1.056995,-0.435881
-0.602007,0.623814,-0.351416,0.384527,-0.095565,0.020322,-0.020322,1.028662,-0.467303
-0.521739,0.605204,-0.376190,0.365666,-0.102182,0.019677,-0.019677,0.990547,-0.498049
-0.441472,0.582086,-0.400342,0.342994,-0.108180,0.019060,-0.019060,0.944139,-0.527582
-0.361204,0.555238,-0.423642,0.317496,-0.113371,0.018471,-0.018471,0.891204,-0.555483
-0.280936,0.525521,-0.445966,0.290219,-0.117626,0.017906,-0.017906,0.833646,-0.581498
-0.200669,0.493826,-0.467318,0.262192,-0.120883,0.017366,-0.017366,0.773383,-0.605567
-0.120401,0.461025,-0.487825,0.234356,-0.123160,0.016847,-0.016847,0.712228,-0.627832
-0.040134,0.427931,-0.507722,0.207513,-0.124551,0.016350,-0.016350,0.651794,-0.648624
0.040134,0.395266,-0.527322,0.182291,-0.125218,0.015873,-0.015873,0.593430,-0.668413
0.120401,0.363636,-0.546962,0.159136,-0.125371,0.015415,-0.015415,0.538186,-0.687749
0.200669,0.333524,-0.566952,0.138312,-0.125244,0.014974,-0.014974,0.486810,-0.707170
0.280936,0.305287,-0.587507,0.119926,-0.125065,0.014551,-0.014551,0.439764,-0.727123
0.361204,0.279164,-0.608693,0.103953,-0.125031,0.014143,-0.014143,0.397260,-0.747867
0.441472,0.255284,-0.630382,0.090269,-0.125278,0.013751,-0.013751,0.359304,-0.769410
0.521739,0.233690,-0.652222,0.078685,-0.125867,0.013372,-0.013372,0.325747,-0.791462
0.602007,0.214352,-0.673639,0.068973,-0.126776,0.013008,-0.013008,0.296333,-0.813423
0.682274,0.197187,-0.693857,0.060892,-0.127897,0.012657,-0.012657,0.270736,-0.834411
0.762542,0.182075,-0.711949,0.054207,-0.129052,0.012318,-0.012318,0.248600,-0.853319
0.842809,0.168878,-0.726910,0.048698,-0.130013,0.011990,-0.011990,0.229567,-0.868913
0.923077,0.157444,-0.737738,0.044171,-0.130526,0.011674,-0.011674,0.213289,-0.879939
1.003344,0.147624,-0.743527,0.040457,-0.130345,0.011369,-0.011369,0.199450,-0.885241
1.083612,0.139276,-0.743551,0.037416,-0.129254,0.011074,-0.011074,0.187766,-0.883879
1.163880,0.132269,-0.737332,0.034933,-0.127099,0.010789,-0.010789,0.177991,-0.875220
1.244147,0.126487,-0.724693,0.032917,-0.123796,0.010513,-0.010513,0.169917,-0.859001
1.324415,0.121831,-0.705771,0.031296,-0.119345,0.010246,-0.010246,0.163373,-0.835362
1.404682,0.118218,-0.681015,0.030016,-0.113826,0.009987,-0.009987,0.158221,-0.804828
1.484950,0.115583,-0.651144,0.029036,-0.107391,0.009737,-0.009737,0.154356,-0.768272
1.565217,0.113879,-0.617096,0.028327,-0.100244,0.009494,-0.009494,0.151700,-0.726834
1.645485,0.113073,-0.579949,0.027872,-0.092624,0.009259,-0.009259,0.150204,-0.681833
1.725753,0.113149,-0.540850,0.027661,-0.084784,0.009031,-0.009031,0.149841,-0.634665
1.806020,0.114105,-0.500933,0.027695,-0.076966,0.008810,-0.008810,0.150610,-0.586709
1.886288,0.115954,-0.461257,0.027982,-0.069391,0.008595,-0.008595,0.152531,-0.539244
1.966555,0.118723,-0.422755,0.028537,-0.062239,0.008387,-0.008387,0.155647,-0.493381
2.046823,0.122451,-0.386195,0.029386,-0.055649,0.008185,-0.008185,0.160022,-0.450030
2.127090,0.127189,-0.352171,0.030563,-0.049716,0.007989,-0.007989,0.165741,-0.409876
2.207358,0.132998,-0.321098,0.032113,-0.044489,0.007798,-0.007798,0.172909,-0.373386
2.287625,0.139947,-0.293228,0.034091,-0.039986,0.007613,-0.007613,0.181651,-0.340826
2.367893,0.148109,-0.268669,0.036564,-0.036191,0.007433,-0.007433,0.192106,-0.312293
2.448161,0.157558,-0.247420,0.039608,-0.033072,0.007258,-0.007258,0.204424,-0.287750
2.528428,0.168362,-0.229397,0.043309,-0.030584,0.007088,-0.007088,0.218759,-0.267068
2.608696,0.180580,-0.214461,0.047758,-0.028677,0.006922,-0.006922,0.235261,-0.250060
2.688963,0.194249,-0.202450,0.053048,-0.027303,0.006761,-0.006761,0.254058,-0.236514
2.769231,0.209375,-0.193195,0.059267,-0.026422,0.006604,-0.006604,0.275246,-0.226221
2.849498,0.225929,-0.186541,0.066487,-0.026001,0.006451,-0.006451,0.298867,-0.218994
2.929766,0.243830,-0.182359,0.074756,-0.026022,0.006303,-0.006303,0.324888,-0.214684
3.010033,0.262938,-0.180553,0.084083,-0.026479,0.006158,-0.006158,0.353179,-0.213190
3.090301,0.283049,-0.181066,0.094428,-0.027380,0.006017,-0.006017,0.383494,-0.214463
3.170569,0.303886,-0.183876,0.105690,-0.028748,0.005879,-0.005879,0.415455,-0.218503
3.250836,0.325098,-0.188999,0.117696,-0.030619,0.005745,-0.005745,0.448539,-0.225363
3.331104,0.346268,-0.196478,0.130199,-0.033041,0.005614,-0.005614,0.482082,-0.235133
3.411371,0.366921,-0.206375,0.142879,-0.036071,0.005487,-0.005487,0.515286,-0.247933
3.491639,0.386535,-0.218759,0.155349,-0.039775,0.005362,-0.005362,0.547247,-0.263896
3.571906,0.404570,-0.233689,0.167180,-0.044215,0.005241,-0.005241,0.576991,-0.283145
3.652174,0.420486,-0.251193,0.177914,-0.049453,0.005123,-0.005123,0.603522,-0.305769
3.732441,0.433773,-0.271253,0.187101,-0.055533,0.005007,-0.005007,0.625881,-0.331793
3.812709,0.443982,-0.293776,0.194331,-0.062477,0.004894,-0.004894,0.643208,-0.361147
3.892977,0.450751,-0.318576,0.199262,-0.070273,0.004784,-0.004784,0.654797,-0.393634
3.973244,0.453823,-0.345355,0.201650,-0.078867,0.004677,-0.004677,0.660150,-0.428898
4.053512,0.453070,-0.373686,0.201372,-0.088149,0.004572,-0.004572,0.659013,-0.466407
4.133779,0.448495,-0.403012,0.198431,-0.097956,0.004469,-0.004469,0.651395,-0.505437
4.214047,0.440234,-0.432647,0.192963,-0.108060,0.004369,-0.004369,0.637566,-0.545076
4.294314,0.428549,-0.461792,0.185219,-0.118181,0.004271,-0.004271,0.618038,-0.584244
4.374582,0.413807,-0.489564,0.175545,-0.127991,0.004175,-0.004175,0.593527,-0.621730
4.454849,0.396459,-0.515037,0.164358,-0.137133,0.004081,-0.004081,0.564898,-0.656250
4.535117,0.377013,-0.537288,0.152107,-0.145240,0.003989,-0.003989,0.533110,-0.686518
4.615385,0.356006,-0.555457,0.139247,-0.151963,0.003900,-0.003900,0.499153,-0.711320
4.695652,0.333974,-0.568800,0.126205,-0.156993,0.003812,-0.003812,0.463992,-0.729605
4.775920,0.311429,-0.576739,0.113360,-0.160088,0.003726,-0.003726,0.428515,-0.740553
4.856187,0.288837,-0.578905,0.101025,-0.161093,0.003642,-0.003642,0.393504,-0.743640
4.936455,0.266603,-0.575166,0.089439,-0.159953,0.003560,-0.003560,0.359603,-0.738678
5.016722,0.245066,-0.565633,0.078768,-0.156717,0.003480,-0.003480,0.327314,-0.725829
5.096990,0.224489,-0.550655,0.069105,-0.151535,0.003401,-0.003401,0.296995,-0.705591
5.177258,0.205064,-0.530790,0.060485,-0.144644,0.003324,-0.003324,0.268873,-0.678758
5.257525,0.186916,-0.506765,0.052891,-0.136348,0.003248,-0.003248,0.243056,-0.646361
5.337793,0.170113,-0.479426,0.046272,-0.126994,0.003174,-0.003174,0.219559,-0.609594
5.418060,0.154671,-0.449676,0.040550,-0.116948,0.003102,-0.003102,0.198323,-0.569726
5.498328,0.140567,-0.418430,0.035634,-0.106565,0.003031,-0.003031,0.179232,-0.528027
5.578595,0.127750,-0.386555,0.031428,-0.096174,0.002962,-0.002962,0.162140,-0.485690
5.658863,0.116147,-0.354832,0.027838,-0.086055,0.002893,-0.002893,0.146879,-0.443781
5.739130,0.105672,-0.323931,0.024773,-0.076435,0.002827,-0.002827,0.133272,-0.403193
5.819398,0.096232,-0.294387,0.022154,-0.067479,0.002761,-0.002761,0.121147,-0.364627
5.899666,0.087733,-0.266599,0.019908,-0.059294,0.002697,-0.002697,0.110338,-0.328590
5.979933,0.080082,-0.240832,0.017975,-0.051933,0.002634,-0.002634,0.100691,-0.295400
6.060201,0.073193,-0.217233,0.016303,-0.045407,0.002572,-0.002572,0.092068,-0.265212
6.140468,0.066983,-0.195845,0.014849,-0.039687,0.002512,-0.002512,0.084344,-0.238044
6.220736,0.061378,-0.176630,0.013576,-0.034724,0.002452,-0.002452,0.077407,-0.213805
6.301003,0.056310,-0.159487,0.012457,-0.030449,0.002394,-0.002394,0.071161,-0.192330
6.381271,0.051719,-0.144276,0.011466,-0.026788,0.002337,-0.002337,0.065521,-0.173401
6.461538,0.047551,-0.130831,0.010584,-0.023664,0.002281,-0.002281,0.060415,-0.156776
6.541806,0.043759,-0.118975,0.009794,-0.021003,0.002225,-0.002225,0.055778,-0.142203
6.622074,0.040301,-0.108531,0.009084,-0.018736,0.002171,-0.002171,0.051557,-0.129438
6.702341,0.037141,-0.099333,0.008443,-0.016801,0.002118,-0.002118,0.047703,-0.118252
6.782609,0.034248,-0.091223,0.007862,-0.015146,0.002066,-0.002066,0.044176,-0.108435
6.862876,0.031592,-0.084062,0.007332,-0.013724,0.002015,-0.002015,0.040939,-0.099800
6.943144,0.029150,-0.077725,0.006848,-0.012497,0.001965,-0.001965,0.037963,-0.092187
7.023411,0.026901,-0.072106,0.006405,-0.011433,0.001915,-0.001915,0.035221,-0.085454
7.103679,0.024824,-0.067110,0.005997,-0.010506,0.001867,-0.001867,0.032688,-0.079483
7.183946,0.022905,-0.062659,0.005621,-0.009693,0.001819,-0.001819,0.030345,-0.074171
7.264214,0.021127,-0.058685,0.005274,-0.008976,0.001773,-0.001773,0.028174,-0.069433
7.344482,0.019480,-0.055128,0.004952,-0.008341,0.001727,-0.001727,0.026159,-0.065195
7.424749,0.017950,-0.051938,0.004654,-0.007774,0.001681,-0.001681,0.024286,-0.061394
7.505017,0.016529,-0.049072,0.004377,-0.007266,0.001637,-0.001637,0.022543,-0.057975
7.585284,0.015207,-0.046490,0.004120,-0.006807,0.001593,-0.001593,0.020921,-0.054891
7.665552,0.013977,-0.044158,0.003880,-0.006391,0.001551,-0.001551,0.019408,-0.052100
7.745819,0.012832,-0.042046,0.003657,-0.006010,0.001508,-0.001508,0.017998,-0.049565
7.826087,0.011765,-0.040125,0.003449,-0.005660,0.001467,-0.001467,0.016681,-0.047252
7.906355,0.010772,-0.038371,0.003255,-0.005336,0.001426,-0.001426,0.015453,-0.045133
7.986622,0.009846,-0.036760,0.003075,-0.005035,0.001386,-0.001386,0.014307,-0.043181
8.066890,0.008984,-0.035273,0.002907,-0.004753,0.001347,-0.001347,0.013238,-0.041372
8.147157,0.008182,-0.033890,0.002751,-0.004488,0.001308,-0.001308,0.012240,-0.039687
8.227425,0.007435,-0.032598,0.002605,-0.004238,0.001270,-0.001270,0.011310,-0.038106
8.307692,0.006741,-0.031382,0.002470,-0.004002,0.001232,-0.001232,0.010443,-0.036616
8.387960,0.006096,-0.030231,0.002344,-0.003778,0.001195,-0.001195,0.009635,-0.035204
8.468227,0.005497,-0.029138,0.002226,-0.003566,0.001159,-0.001159,0.008882,-0.033862
8.548495,0.004942,-0.028096,0.002117,-0.003364,0.001123,-0.001123,0.008182,-0.032583
8.628763,0.004427,-0.027102,0.002014,-0.003174,0.001088,-0.001088,0.007530,-0.031364
8.709030,0.003951,-0.026155,0.001918,-0.002993,0.001054,-0.001054,0.006923,-0.030202
8.789298,0.003511,-0.025256,0.001827,-0.002823,0.001020,-0.001020,0.006358,-0.029099
8.869565,0.003104,-0.024406,0.001741,-0.002664,0.000986,-0.000986,0.005831,-0.028056
8.949833,0.002729,-0.023611,0.001659,-0.002514,0.000953,-0.000953,0.005340,-0.027078
9.030100,0.002382,-0.022874,0.001580,-0.002374,0.000921,-0.000921,0.004883,-0.026169
9.110368,0.002064,-0.022201,0.001504,-0.002244,0.000889,-0.000889,0.004457,-0.025334
9.190635,0.001771,-0.021596,0.001431,-0.002124,0.000857,-0.000857,0.004059,-0.024577
9.270903,0.001502,-0.021064,0.001360,-0.002013,0.000826,-0.000826,0.003689,-0.023904
9.351171,0.001257,-0.020610,0.001293,-0.001912,0.000796,-0.000796,0.003345,-0.023317
9.431438,0.001034,-0.020235,0.001228,-0.001819,0.000765,-0.000765,0.003027,-0.022820
9.511706,0.000833,-0.019943,0.001166,-0.001735,0.000736,-0.000736,0.002734,-0.022414
9.591973,0.000652,-0.019733,0.001108,-0.001660,0.000707,-0.000707,0.002467,-0.022099
9.672241,0.000493,-0.019604,0.001053,-0.001592,0.000678,-0.000678,0.002225,-0.021875
9.752508,0.000355,-0.019556,0.001004,-0.001534,0.000650,-0.000650,0.002009,-0.021739
9.832776,0.000239,-0.019585,0.000959,-0.001482,0.000622,-0.000622,0.001819,-0.021689
9.913043,0.000145,-0.019688,0.000918,-0.001439,0.000594,-0.000594,0.001657,-0.021721
9.993311,0.000073,-0.019862,0.000882,-0.001403,0.000567,-0.000567,0.001523,-0.021832
10.073579,0.000025,-0.020105,0.000851,-0.001373,0.000540,-0.000540,0.001416,-0.022018
10.153846,0.000000,-0.020413,0.000823,-0.001350,0.000514,-0.000514,0.001337,-0.022277
10.234114,0.000000,-0.020785,0.000798,-0.001333,0.000488,-0.000488,0.001286,-0.022606
10.314381,0.000024,-0.021222,0.000776,-0.001321,0.000463,-0.000463,0.001263,-0.023005
10.394649,0.000074,-0.021725,0.000754,-0.001314,0.000437,-0.000437,0.001265,-0.023475
10.474916,0.000147,-0.022297,0.000734,-0.001310,0.000412,-0.000412,0.001293,-0.024019
10.555184,0.000245,-0.022945,0.000712,-0.001309,0.000388,-0.000388,0.001345,-0.024642
10.635452,0.000365,-0.023676,0.000690,-0.001310,0.000364,-0.000364,0.001419,-0.025349
10.715719,0.000506,-0.024498,0.000666,-0.001312,0.000340,-0.000340,0.001512,-0.026150
10.795987,0.000666,-0.025424,0.000640,-0.001314,0.000316,-0.000316,0.001623,-0.027054
10.876254,0.000842,-0.026463,0.000611,-0.001316,0.000293,-0.000293,0.001747,-0.028072
10.956522,0.001030,-0.027627,0.000580,-0.001316,0.000270,-0.000270,0.001881,-0.029214
11.036789,0.001226,-0.028924,0.000548,-0.001316,0.000248,-0.000248,0.002022,-0.030488
11.117057,0.001425,-0.030362,0.000512,-0.001313,0.000226,-0.000226,0.002163,-0.031901
11.197324,0.001622,-0.031943,0.000475,-0.001309,0.000204,-0.000204,0.002301,-0.033456
11.277592,0.001811,-0.033665,0.000436,-0.001304,0.000182,-0.000182,0.002429,-0.035151
11.357860,0.001986,-0.035517,0.000395,-0.001297,0.000161,-0.000161,0.002542,-0.036974
11.438127,0.002143,-0.037482,0.000353,-0.001288,0.000140,-0.000140,0.002635,-0.038910
11.518395,0.002276,-0.039534,0.000308,-0.001279,0.000119,-0.000119,0.002703,-0.040932
11.598662,0.002381,-0.041638,0.000262,-0.001269,0.000099,-0.000099,0.002741,-0.043005
11.678930,0.002455,-0.043749,0.000213,-0.001257,0.000078,-0.000078,0.002747,-0.045084
11.759197,0.002497,-0.045816,0.000163,-0.001244,0.000058,-0.000058,0.002718,-0.047119
11.839465,0.002506,-0.047782,0.000110,-0.001229,0.000039,-0.000039,0.002655,-0.049050
11.919732,0.002483,-0.049586,0.000056,-0.001212,0.000019,-0.000019,0.002558,-0.050817
12.000000,0.002431,-0.051169,0.000000,-0.001191,0.000000,-0.000000,0.002431,-0.052359
