E,I
520.000000,0.001059
520.100334,0.001097
520.200669,0.001135
520.301003,0.001175
520.401338,0.001215
520.501672,0.001257
520.602007,0.001300
520.702341,0.001344
520.802676,0.001389
520.903010,0.001436
521.003344,0.001484
521.103679,0.001533
521.204013,0.001584
521.304348,0.001637
521.404682,0.001691
521.505017,0.001746
521.605351,0.001804
521.705686,0.001863
521.806020,0.001924
521.906355,0.001987
522.006689,0.002053
522.107023,0.002120
522.207358,0.002190
522.307692,0.002262
522.408027,0.002336
522.508361,0.002413
522.608696,0.002493
522.709030,0.002576
522.809365,0.002662
522.909699,0.002751
523.010033,0.002843
523.110368,0.002939
523.210702,0.003038
523.311037,0.003141
523.411371,0.003249
523.511706,0.003361
523.612040,0.003477
523.712375,0.003599
523.812709,0.003725
523.913043,0.003857
524.013378,0.003995
524.113712,0.004140
524.214047,0.004291
524.314381,0.004449
524.414716,0.004614
524.515050,0.004788
524.615385,0.004971
524.715719,0.005163
524.816054,0.005365
524.916388,0.005578
525.016722,0.005803
525.117057,0.006040
525.217391,0.006292
525.317726,0.006559
525.418060,0.006843
525.518395,0.007145
525.618729,0.007468
525.719064,0.007812
525.819398,0.008182
525.919732,0.008579
526.020067,0.009008
526.120401,0.009471
526.220736,0.009975
526.321070,0.010524
526.421405,0.011126
526.521739,0.011789
526.622074,0.012524
526.722408,0.013344
526.822742,0.014267
526.923077,0.015315
527.023411,0.016517
527.123746,0.017914
527.224080,0.019562
527.324415,0.021539
527.424749,0.023955
527.525084,0.026966
527.625418,0.030789
527.725753,0.035710
527.826087,0.042087
527.926421,0.050316
528.026756,0.060764
528.127090,0.073638
528.227425,0.088823
528.327759,0.105722
528.428094,0.123169
528.528428,0.139503
528.628763,0.152820
528.729097,0.161391
528.829431,0.164099
528.929766,0.160748
529.030100,0.152128
529.130435,0.139795
529.230769,0.125665
529.331104,0.111572
529.431438,0.098941
529.531773,0.088637
529.632107,0.080997
529.732441,0.075971
529.832776,0.073286
529.933110,0.072600
530.033445,0.073587
530.133779,0.075988
530.234114,0.079613
530.334448,0.084338
530.434783,0.090078
530.535117,0.096770
530.635452,0.104350
530.735786,0.112738
530.836120,0.121818
530.936455,0.131429
531.036789,0.141354
531.137124,0.151325
531.237458,0.161029
531.337793,0.170127
531.438127,0.178280
531.538462,0.185180
531.638796,0.190575
531.739130,0.194295
531.839465,0.196258
531.939799,0.196474
532.040134,0.195027
532.140468,0.192059
532.240803,0.187746
532.341137,0.182278
532.441472,0.175844
532.541806,0.168627
532.642140,0.160798
532.742475,0.152521
532.842809,0.143951
532.943144,0.135236
533.043478,0.126515
533.143813,0.117916
533.244147,0.109553
533.344482,0.101518
533.444816,0.093886
533.545151,0.086706
533.645485,0.080011
533.745819,0.073812
533.846154,0.068105
533.946488,0.062877
534.046823,0.058104
534.147157,0.053758
534.247492,0.049806
534.347826,0.046216
534.448161,0.042955
534.548495,0.039993
534.648829,0.037300
534.749164,0.034850
534.849498,0.032617
534.949833,0.030580
535.050167,0.028719
535.150502,0.027016
535.250836,0.025454
535.351171,0.024019
535.451505,0.022700
535.551839,0.021484
535.652174,0.020362
535.752508,0.019324
535.852843,0.018363
535.953177,0.017472
536.053512,0.016643
536.153846,0.015873
536.254181,0.015156
536.354515,0.014486
536.454849,0.013861
536.555184,0.013277
536.655518,0.012730
536.755853,0.012217
536.856187,0.011736
536.956522,0.011284
537.056856,0.010859
537.157191,0.010459
537.257525,0.010082
537.357860,0.009727
537.458194,0.009391
537.558528,0.009074
537.658863,0.008775
537.759197,0.008491
537.859532,0.008221
537.959866,0.007966
538.060201,0.007723
538.160535,0.007492
538.260870,0.007272
538.361204,0.007062
538.461538,0.006861
538.561873,0.006669
538.662207,0.006486
538.762542,0.006309
538.862876,0.006140
538.963211,0.005977
539.063545,0.005820
539.163880,0.005669
539.264214,0.005523
539.364548,0.005382
539.464883,0.005246
539.565217,0.005114
539.665552,0.004987
539.765886,0.004863
539.866221,0.004743
539.966555,0.004627
540.066890,0.004514
540.167224,0.004404
540.267559,0.004298
540.367893,0.004194
540.468227,0.004094
540.568562,0.003996
540.668896,0.003901
540.769231,0.003809
540.869565,0.003719
540.969900,0.003632
541.070234,0.003547
541.170569,0.003464
541.270903,0.003384
541.371237,0.003306
541.471572,0.003230
541.571906,0.003155
541.672241,0.003083
541.772575,0.003013
541.872910,0.002944
541.973244,0.002876
542.073579,0.002811
542.173913,0.002746
542.274247,0.002683
542.374582,0.002621
542.474916,0.002561
542.575251,0.002501
542.675585,0.002442
542.775920,0.002384
542.876254,0.002327
542.976589,0.002271
543.076923,0.002216
543.177258,0.002161
543.277592,0.002107
543.377926,0.002054
543.478261,0.002001
543.578595,0.001949
543.678930,0.001898
543.779264,0.001847
543.879599,0.001797
543.979933,0.001747
544.080268,0.001698
544.180602,0.001650
544.280936,0.001602
544.381271,0.001555
544.481605,0.001508
544.581940,0.001463
544.682274,0.001418
544.782609,0.001374
544.882943,0.001330
544.983278,0.001287
545.083612,0.001245
545.183946,0.001204
545.284281,0.001164
545.384615,0.001124
545.484950,0.001085
545.585284,0.001047
545.685619,0.001010
545.785953,0.000973
545.886288,0.000937
545.986622,0.000902
546.086957,0.000868
546.187291,0.000835
546.287625,0.000802
546.387960,0.000770
546.488294,0.000739
546.588629,0.000709
546.688963,0.000679
546.789298,0.000650
546.889632,0.000621
546.989967,0.000594
547.090301,0.000566
547.190635,0.000540
547.290970,0.000514
547.391304,0.000489
547.491639,0.000464
547.591973,0.000440
547.692308,0.000417
547.792642,0.000394
547.892977,0.000371
547.993311,0.000349
548.093645,0.000328
548.193980,0.000307
548.294314,0.000287
548.394649,0.000267
548.494983,0.000247
548.595318,0.000228
548.695652,0.000209
548.795987,0.000191
548.896321,0.000173
548.996656,0.000156
549.096990,0.000139
549.197324,0.000122
549.297659,0.000105
549.397993,0.000089
549.498328,0.000074
549.598662,0.000058
549.698997,0.000043
549.799331,0.000029
549.899666,0.000014
550.000000,0.000000
