# E,dup,ddn,pup,pdn,oct,totup,totdn
-12.000000,0.278261,0.000000,0.055526,0.000000,0.553215,0.610394,0.276608
-11.919732,0.277284,0.000044,0.056259,0.000002,0.569171,0.618129,0.284632
-11.839465,0.276312,0.000089,0.056987,0.000005,0.585720,0.626159,0.292954
-11.759197,0.275395,0.000135,0.057727,0.000007,0.602889,0.634566,0.301586
-11.678930,0.274585,0.000181,0.058497,0.000010,0.620708,0.643436,0.310545
-11.598662,0.273933,0.000228,0.059317,0.000012,0.639208,0.652854,0.319845
-11.518395,0.273486,0.000277,0.060203,0.000015,0.658422,0.662901,0.329503
-11.438127,0.273285,0.000326,0.061174,0.000018,0.678384,0.673652,0.339535
-11.357860,0.273364,0.000375,0.062244,0.000020,0.699130,0.685173,0.349961
-11.277592,0.273747,0.000426,0.063425,0.000023,0.720699,0.697521,0.360799
-11.197324,0.274448,0.000478,0.064727,0.000026,0.743131,0.710741,0.372069
-11.117057,0.275474,0.000530,0.066159,0.000029,0.766467,0.724866,0.383793
-11.036789,0.276819,0.000584,0.067726,0.000031,0.790753,0.739921,0.395992
-10.956522,0.278470,0.000639,0.069431,0.000034,0.816034,0.755918,0.408690
-10.876254,0.280408,0.000694,0.071277,0.000037,0.842360,0.772865,0.421911
-10.795987,0.282608,0.000751,0.073265,0.000040,0.869782,0.790764,0.435682
-10.715719,0.285040,0.000808,0.075395,0.000043,0.898353,0.809611,0.450028
-10.635452,0.287674,0.000867,0.077667,0.000047,0.928129,0.829405,0.464978
-10.555184,0.290479,0.000927,0.080081,0.000050,0.959169,0.850144,0.480561
-10.474916,0.293426,0.000988,0.082638,0.000053,0.991533,0.871830,0.496808
-10.394649,0.296489,0.001050,0.085338,0.000056,1.025284,0.894469,0.513749
-10.314381,0.299644,0.001114,0.088182,0.000060,1.060488,0.918070,0.531417
-10.234114,0.302872,0.001178,0.091173,0.000063,1.097212,0.942651,0.549847
-10.153846,0.306156,0.001244,0.094314,0.000067,1.135524,0.968232,0.569073
-10.073579,0.309485,0.001311,0.097607,0.000070,1.175496,0.994840,0.589130
-9.993311,0.312846,0.001380,0.101056,0.000074,1.217200,1.022502,0.610054
-9.913043,0.316231,0.001450,0.104666,0.000078,1.260709,1.051252,0.631882
-9.832776,0.319633,0.001521,0.108441,0.000082,1.306095,1.081122,0.654650
-9.752508,0.323044,0.001594,0.112386,0.000085,1.353432,1.112146,0.678395
-9.672241,0.326456,0.001668,0.116508,0.000089,1.402791,1.144359,0.703153
-9.591973,0.329860,0.001744,0.120813,0.000093,1.454244,1.177794,0.728959
-9.511706,0.333247,0.001821,0.125310,0.000098,1.507856,1.212485,0.755847
-9.431438,0.336609,0.001900,0.130008,0.000102,1.563693,1.248464,0.783849
-9.351171,0.339938,0.001981,0.134921,0.000106,1.621811,1.285764,0.812993
-9.270903,0.343225,0.002063,0.140061,0.000110,1.682263,1.324418,0.843305
-9.190635,0.346466,0.002148,0.145446,0.000115,1.745092,1.364459,0.874808
-9.110368,0.349657,0.002233,0.151095,0.000119,1.810332,1.405918,0.907519
-9.030100,0.352798,0.002321,0.157028,0.000124,1.878006,1.448828,0.941448
-8.949833,0.355889,0.002411,0.163266,0.000129,1.948122,1.493216,0.976601
-8.869565,0.358934,0.002503,0.169832,0.000134,2.020675,1.539103,1.012974
-8.789298,0.361937,0.002596,0.176748,0.000139,2.095642,1.586505,1.050556
-8.709030,0.364902,0.002692,0.184032,0.000144,2.172979,1.635424,1.089326
-8.628763,0.367831,0.002790,0.191703,0.000149,2.252625,1.685846,1.129252
-8.548495,0.370722,0.002890,0.199769,0.000154,2.334493,1.737738,1.170291
-8.468227,0.373569,0.002993,0.208237,0.000160,2.418473,1.791042,1.212389
-8.387960,0.376357,0.003098,0.217100,0.000165,2.504429,1.845672,1.255478
-8.307692,0.379065,0.003205,0.226347,0.000171,2.592200,1.901512,1.299476
-8.227425,0.381661,0.003315,0.235950,0.000177,2.681596,1.958409,1.344290
-8.147157,0.384104,0.003427,0.245874,0.000183,2.772400,2.016178,1.389810
-8.066890,0.386346,0.003543,0.256068,0.000189,2.864370,2.074598,1.435916
-7.986622,0.388327,0.003660,0.266470,0.000195,2.957233,2.133414,1.482472
-7.906355,0.389983,0.003781,0.277009,0.000201,3.050696,2.192340,1.529330
-7.826087,0.391247,0.003905,0.287602,0.000208,3.144439,2.251068,1.576332
-7.745819,0.392049,0.004032,0.298159,0.000215,3.238125,2.309270,1.623308
-7.665552,0.392321,0.004161,0.308588,0.000221,3.331397,2.366607,1.670081
-7.585284,0.391999,0.004295,0.318798,0.000228,3.423885,2.422740,1.716465
-7.505017,0.391029,0.004431,0.328702,0.000235,3.515209,2.477336,1.762271
-7.424749,0.389368,0.004571,0.338222,0.000243,3.604985,2.530082,1.807306
-7.344482,0.386984,0.004715,0.347297,0.000250,3.692825,2.580693,1.851378
-7.264214,0.383863,0.004862,0.355883,0.000258,3.778347,2.628919,1.894294
-7.183946,0.380005,0.005013,0.363962,0.000266,3.861175,2.674554,1.935866
-7.103679,0.375429,0.005168,0.371539,0.000274,3.940943,2.717440,1.975914
-7.023411,0.370170,0.005328,0.378650,0.000282,4.017302,2.757471,2.014261
-6.943144,0.364277,0.005491,0.385358,0.000291,4.089917,2.794594,2.050741
-6.862876,0.357814,0.005659,0.391754,0.000300,4.158472,2.828804,2.085195
-6.782609,0.350856,0.005832,0.397952,0.000309,4.222671,2.860143,2.117476
-6.702341,0.343486,0.006009,0.404089,0.000318,4.282236,2.888693,2.147445
-6.622074,0.335795,0.006192,0.410319,0.000327,4.336907,2.914567,2.174973
-6.541806,0.327873,0.006379,0.416807,0.000337,4.386443,2.937902,2.199938
-6.461538,0.319815,0.006572,0.423721,0.000347,4.430618,2.958846,2.222229
-6.381271,0.311711,0.006771,0.431230,0.000358,4.469221,2.977552,2.241739
-6.301003,0.303647,0.006975,0.439496,0.000368,4.502052,2.994169,2.258369
-6.220736,0.295702,0.007185,0.448666,0.000379,4.528927,3.008831,2.272028
-6.140468,0.287948,0.007402,0.458871,0.000390,4.549671,3.021655,2.282628
-6.060201,0.280449,0.007625,0.470218,0.000402,4.564125,3.032730,2.290089
-5.979933,0.273256,0.007855,0.482787,0.000414,4.572145,3.042116,2.294341
-5.899666,0.266415,0.008092,0.496625,0.000426,4.573606,3.049843,2.295320
-5.819398,0.259959,0.008336,0.511744,0.000438,4.568403,3.055904,2.292976
-5.739130,0.253912,0.008588,0.528119,0.000451,4.556460,3.060261,2.287269
-5.658863,0.248289,0.008847,0.545684,0.000465,4.537733,3.062839,2.278179
-5.578595,0.243099,0.009116,0.564330,0.000478,4.512214,3.063536,2.265701
-5.498328,0.238339,0.009392,0.583907,0.000493,4.479938,3.062215,2.249854
-5.418060,0.234004,0.009678,0.604220,0.000507,4.440987,3.058717,2.230679
-5.337793,0.230079,0.009974,0.625036,0.000522,4.395492,3.052860,2.208242
-5.257525,0.226546,0.010279,0.646083,0.000538,4.343637,3.044448,2.182636
-5.177258,0.223383,0.010595,0.667061,0.000554,4.285658,3.033273,2.153978
-5.096990,0.220563,0.010921,0.687644,0.000571,4.221846,3.019130,2.122415
-5.016722,0.218057,0.011259,0.707493,0.000588,4.152540,3.001820,2.088117
-4.936455,0.215834,0.011609,0.726267,0.000606,4.078128,2.981164,2.051278
-4.856187,0.213861,0.011971,0.743631,0.000624,3.999036,2.957010,2.012113
-4.775920,0.212105,0.012347,0.759273,0.000643,3.915729,2.929243,1.970854
-4.695652,0.210532,0.012736,0.772914,0.000663,3.828697,2.897795,1.927747
-4.615385,0.209107,0.013139,0.784318,0.000683,3.738450,2.862651,1.883047
-4.535117,0.207798,0.013558,0.793299,0.000704,3.645511,2.823852,1.837017
-4.454849,0.206570,0.013992,0.799729,0.000726,3.550404,2.781501,1.789920
-4.374582,0.205391,0.014443,0.803539,0.000749,3.453648,2.735754,1.742016
-4.294314,0.204229,0.014912,0.804718,0.000772,3.355752,2.686823,1.693561
-4.214047,0.203054,0.015400,0.803307,0.000797,3.257203,2.634963,1.644798
-4.133779,0.201836,0.015907,0.799399,0.000822,3.158462,2.580466,1.595960
-4.053512,0.200547,0.016434,0.793119,0.000848,3.059964,2.523648,1.547265
-3.973244,0.199159,0.016984,0.784626,0.000876,2.962105,2.464838,1.498912
-3.892977,0.197647,0.017557,0.774095,0.000904,2.865248,2.404366,1.451085
-3.812709,0.195987,0.018154,0.761710,0.000934,2.769717,2.342555,1.403946
-3.732441,0.194158,0.018776,0.747658,0.000965,2.675795,2.279713,1.357639
-3.652174,0.192142,0.019427,0.732119,0.000997,2.583729,2.216125,1.312288
-3.571906,0.189922,0.020106,0.715267,0.001031,2.493728,2.152053,1.268000
-3.491639,0.187487,0.020816,0.697265,0.001066,2.405962,2.087733,1.224862
-3.411371,0.184827,0.021559,0.678266,0.001102,2.320569,2.023378,1.182945
-3.331104,0.181940,0.022337,0.658411,0.001140,2.237655,1.959180,1.142305
-3.250836,0.178826,0.023151,0.637839,0.001180,2.157298,1.895313,1.102981
-3.170569,0.175488,0.024006,0.616678,0.001222,2.079548,1.831939,1.065001
-3.090301,0.171936,0.024902,0.595058,0.001266,2.004431,1.769210,1.028383
-3.010033,0.168184,0.025844,0.573106,0.001311,1.931954,1.707267,0.993132
-2.929766,0.164248,0.026833,0.550949,0.001359,1.862106,1.646249,0.959246
-2.849498,0.160149,0.027875,0.528711,0.001410,1.794860,1.586290,0.926714
-2.769231,0.155910,0.028972,0.506517,0.001463,1.730176,1.527515,0.895522
-2.688963,0.151556,0.030128,0.484488,0.001518,1.668005,1.470046,0.865649
-2.608696,0.147113,0.031348,0.462738,0.001577,1.608287,1.413995,0.837068
-2.528428,0.142608,0.032637,0.441376,0.001638,1.550958,1.359463,0.809754
-2.448161,0.138069,0.034000,0.420500,0.001703,1.495945,1.306541,0.783676
-2.367893,0.133520,0.035444,0.400196,0.001772,1.443174,1.255302,0.758803
-2.287625,0.128986,0.036974,0.380537,0.001844,1.392569,1.205808,0.735103
-2.207358,0.124491,0.038599,0.361586,0.001921,1.344050,1.158101,0.712545
-2.127090,0.120054,0.040326,0.343387,0.002002,1.297538,1.112209,0.691097
-2.046823,0.115694,0.042164,0.325973,0.002089,1.252954,1.068144,0.670729
-1.966555,0.111427,0.044123,0.309365,0.002180,1.210218,1.025902,0.651412
-1.886288,0.107266,0.046214,0.293572,0.002278,1.169255,0.985466,0.633120
-1.806020,0.103222,0.048451,0.278591,0.002382,1.129987,0.946806,0.615826
-1.725753,0.099303,0.050847,0.264411,0.002492,1.092341,0.909884,0.599510
-1.645485,0.095515,0.053418,0.251014,0.002611,1.056246,0.874652,0.584152
-1.565217,0.091863,0.056182,0.238376,0.002737,1.021631,0.841054,0.569735
-1.484950,0.088348,0.059161,0.226469,0.002873,0.988429,0.809032,0.556249
-1.404682,0.084972,0.062376,0.215261,0.003020,0.956577,0.778521,0.543684
-1.324415,0.081734,0.065855,0.204717,0.003177,0.926012,0.749457,0.532038
-1.244147,0.078632,0.069628,0.194803,0.003347,0.896675,0.721772,0.521313
-1.163880,0.075664,0.073732,0.185484,0.003531,0.868509,0.695402,0.511517
-1.083612,0.072826,0.078207,0.176725,0.003731,0.841459,0.670280,0.502667
-1.003344,0.070115,0.083100,0.168491,0.003948,0.815474,0.646343,0.494786
-0.923077,0.067526,0.088469,0.160748,0.004185,0.790505,0.623527,0.487907
-0.842809,0.065055,0.094378,0.153466,0.004445,0.766505,0.601774,0.482075
-0.762542,0.062697,0.100905,0.146614,0.004730,0.743428,0.581025,0.477349
-0.682274,0.060447,0.108143,0.140163,0.005044,0.721231,0.561225,0.473803
-0.602007,0.058300,0.116201,0.134086,0.005392,0.699875,0.542323,0.471531
-0.521739,0.056252,0.125211,0.128357,0.005779,0.679321,0.524270,0.470651
-0.441472,0.054297,0.135332,0.122954,0.006211,0.659532,0.507017,0.471309
-0.361204,0.052431,0.146755,0.117854,0.006695,0.640474,0.490522,0.473687
-0.280936,0.050649,0.159708,0.113037,0.007241,0.622112,0.474742,0.478005
-0.200669,0.048948,0.174469,0.108483,0.007859,0.604417,0.459639,0.484537
-0.120401,0.047322,0.191367,0.104175,0.008562,0.587358,0.445176,0.493609
-0.040134,0.045768,0.210796,0.100097,0.009366,0.570906,0.431318,0.505615
0.040134,0.044283,0.233213,0.096233,0.010288,0.555035,0.418033,0.521019
0.120401,0.042861,0.259147,0.092569,0.011349,0.539719,0.405290,0.540356
0.200669,0.041501,0.289190,0.089092,0.012571,0.524935,0.393061,0.564228
0.280936,0.040199,0.323981,0.085790,0.013980,0.510658,0.381319,0.593290
0.361204,0.038952,0.364182,0.082653,0.015602,0.496868,0.370038,0.628217
0.441472,0.037756,0.410426,0.079669,0.017460,0.483542,0.359196,0.669658
0.521739,0.036610,0.463259,0.076829,0.019578,0.470662,0.348770,0.718169
0.602007,0.035510,0.523050,0.074124,0.021970,0.458209,0.338739,0.774125
0.682274,0.034455,0.589892,0.071546,0.024642,0.446165,0.329083,0.837616
0.762542,0.033441,0.663498,0.069088,0.027583,0.434512,0.319785,0.908338
0.842809,0.032467,0.743100,0.066741,0.030768,0.423235,0.310826,0.985486
0.923077,0.031530,0.827368,0.064500,0.034148,0.412318,0.302190,1.067676
1.003344,0.030630,0.914382,0.062359,0.037654,0.401747,0.293863,1.152909
1.083612,0.029763,1.001654,0.060311,0.041196,0.391508,0.285829,1.238603
1.163880,0.028929,1.086235,0.058352,0.044665,0.381586,0.278075,1.321693
1.244147,0.028126,1.164887,0.056476,0.047944,0.371971,0.270587,1.398816
1.324415,0.027351,1.234330,0.054679,0.050915,0.362649,0.263355,1.466570
1.404682,0.026605,1.291531,0.052957,0.053470,0.353610,0.256367,1.521807
1.484950,0.025885,1.333998,0.051305,0.055523,0.344841,0.249610,1.561941
1.565217,0.025190,1.360045,0.049720,0.057019,0.336334,0.243076,1.585231
1.645485,0.024519,1.368995,0.048198,0.057942,0.328077,0.236755,1.590976
1.725753,0.023871,1.361268,0.046736,0.058321,0.320061,0.230638,1.579619
1.806020,0.023245,1.338361,0.045330,0.058224,0.312278,0.224715,1.552723
1.886288,0.022640,1.302714,0.043979,0.057757,0.304718,0.218978,1.512830
1.966555,0.022055,1.257476,0.042679,0.057055,0.297374,0.213421,1.463218
2.046823,0.021489,1.206210,0.041428,0.056264,0.290237,0.208035,1.407593
2.127090,0.020941,1.152570,0.040222,0.055536,0.283300,0.202813,1.349756
2.207358,0.020410,1.099997,0.039061,0.055009,0.276555,0.197749,1.293284
2.287625,0.019896,1.051453,0.037942,0.054798,0.269996,0.192836,1.241250
2.367893,0.019398,1.009227,0.036863,0.054987,0.263616,0.188069,1.196022
2.448161,0.018916,0.974815,0.035822,0.055617,0.257409,0.183442,1.159136
2.528428,0.018448,0.948874,0.034817,0.056688,0.251369,0.178949,1.131247
2.608696,0.017994,0.931251,0.033847,0.058155,0.245489,0.174585,1.112151
2.688963,0.017553,0.921058,0.032909,0.059934,0.239764,0.170345,1.100875
2.769231,0.017126,0.916806,0.032004,0.061904,0.234190,0.166224,1.095805
2.849498,0.016710,0.916560,0.031128,0.063917,0.228761,0.162219,1.094858
2.929766,0.016307,0.918126,0.030282,0.065812,0.223471,0.158324,1.095673
3.010033,0.015915,0.919237,0.029463,0.067424,0.218317,0.154536,1.095819
3.090301,0.015535,0.917744,0.028670,0.068598,0.213293,0.150851,1.092989
3.170569,0.015164,0.911788,0.027903,0.069203,0.208396,0.147265,1.085189
3.250836,0.014804,0.899935,0.027160,0.069143,0.203622,0.143775,1.070888
3.331104,0.014454,0.881272,0.026440,0.068363,0.198965,0.140376,1.049118
3.411371,0.014113,0.855455,0.025742,0.066854,0.194424,0.137067,1.019522
3.491639,0.013781,0.822695,0.025066,0.064652,0.189993,0.133843,0.982344
3.571906,0.013458,0.783694,0.024410,0.061833,0.185669,0.130703,0.938361
3.652174,0.013144,0.739546,0.023774,0.058502,0.181449,0.127642,0.888772
3.732441,0.012837,0.691604,0.023156,0.054786,0.177330,0.124659,0.835055
3.812709,0.012539,0.641342,0.022557,0.050823,0.173309,0.121750,0.778820
3.892977,0.012248,0.590227,0.021975,0.046745,0.169382,0.118914,0.721663
3.973244,0.011964,0.539604,0.021410,0.042673,0.165546,0.116148,0.665051
4.053512,0.011687,0.490618,0.020862,0.038713,0.161800,0.113449,0.610231
4.133779,0.011417,0.444167,0.020328,0.034944,0.158139,0.110815,0.558181
4.214047,0.011154,0.400885,0.019810,0.031426,0.154562,0.108245,0.509593
4.294314,0.010897,0.361157,0.019306,0.028195,0.151067,0.105736,0.464885
4.374582,0.010646,0.325145,0.018816,0.025266,0.147649,0.103287,0.424236
4.454849,0.010401,0.292833,0.018339,0.022642,0.144308,0.100895,0.387628
4.535117,0.010162,0.264069,0.017875,0.020309,0.141042,0.098558,0.354899
4.615385,0.009929,0.238613,0.017423,0.018250,0.137847,0.096276,0.325786
4.695652,0.009701,0.216172,0.016984,0.016439,0.134722,0.094046,0.299972
4.775920,0.009478,0.196430,0.016556,0.014852,0.131665,0.091866,0.277114
4.856187,0.009260,0.179071,0.016139,0.013462,0.128674,0.089736,0.256870
4.936455,0.009047,0.163798,0.015733,0.012244,0.125746,0.087653,0.238915
5.016722,0.008839,0.150336,0.015337,0.011174,0.122882,0.085617,0.222951
5.096990,0.008635,0.138440,0.014951,0.010234,0.120077,0.083625,0.208712
5.177258,0.008436,0.127894,0.014575,0.009404,0.117332,0.081677,0.195964
5.257525,0.008241,0.118513,0.014209,0.008669,0.114644,0.079772,0.184504
5.337793,0.008051,0.110137,0.013851,0.008015,0.112011,0.077907,0.174158
5.418060,0.007864,0.102631,0.013503,0.007433,0.109433,0.076083,0.164780
5.498328,0.007681,0.095879,0.013162,0.006911,0.106907,0.074297,0.156244
5.578595,0.007503,0.089783,0.012830,0.006442,0.104432,0.072549,0.148442
5.658863,0.007328,0.084260,0.012506,0.006019,0.102008,0.070838,0.141284
5.739130,0.007156,0.079240,0.012190,0.005636,0.099632,0.069162,0.134692
5.819398,0.006988,0.074662,0.011881,0.005289,0.097303,0.067521,0.128602
5.899666,0.006824,0.070475,0.011579,0.004972,0.095021,0.065913,0.122957
5.979933,0.006663,0.066634,0.011284,0.004683,0.092783,0.064338,0.117708
6.060201,0.006505,0.063101,0.010996,0.004418,0.090589,0.062795,0.112814
6.140468,0.006350,0.059845,0.010715,0.004174,0.088438,0.061283,0.108238
6.220736,0.006198,0.056835,0.010440,0.003950,0.086328,0.059802,0.103949
6.301003,0.006049,0.054047,0.010171,0.003743,0.084258,0.058349,0.099919
6.381271,0.005904,0.051460,0.009908,0.003551,0.082228,0.056926,0.096125
6.461538,0.005760,0.049054,0.009651,0.003374,0.080237,0.055530,0.092546
6.541806,0.005620,0.046812,0.009400,0.003209,0.078282,0.054161,0.089162
6.622074,0.005483,0.044720,0.009154,0.003055,0.076365,0.052819,0.085957
6.702341,0.005348,0.042764,0.008913,0.002912,0.074483,0.051502,0.082917
6.782609,0.005215,0.040932,0.008678,0.002779,0.072636,0.050211,0.080029
6.862876,0.005085,0.039215,0.008447,0.002653,0.070823,0.048944,0.077280
6.943144,0.004957,0.037602,0.008222,0.002536,0.069043,0.047700,0.074660
7.023411,0.004832,0.036086,0.008001,0.002426,0.067295,0.046481,0.072159
7.103679,0.004709,0.034658,0.007785,0.002323,0.065579,0.045283,0.069770
7.183946,0.004588,0.033313,0.007573,0.002226,0.063893,0.044108,0.067485
7.264214,0.004470,0.032043,0.007366,0.002134,0.062238,0.042955,0.065296
7.344482,0.004353,0.030844,0.007163,0.002048,0.060612,0.041822,0.063197
7.424749,0.004239,0.029710,0.006964,0.001966,0.059014,0.040710,0.061183
7.505017,0.004126,0.028636,0.006769,0.001889,0.057445,0.039618,0.059248
7.585284,0.004016,0.027620,0.006578,0.001816,0.055903,0.038546,0.057387
7.665552,0.003908,0.026656,0.006391,0.001747,0.054388,0.037492,0.055597
7.745819,0.003801,0.025741,0.006207,0.001682,0.052898,0.036458,0.053872
7.826087,0.003696,0.024872,0.006027,0.001619,0.051435,0.035441,0.052209
7.906355,0.003593,0.024047,0.005851,0.001560,0.049996,0.034442,0.050605
7.986622,0.003492,0.023262,0.005678,0.001504,0.048582,0.033461,0.049057
8.066890,0.003392,0.022516,0.005509,0.001450,0.047191,0.032496,0.047562
8.147157,0.003294,0.021805,0.005342,0.001399,0.045824,0.031549,0.046117
8.227425,0.003198,0.021128,0.005179,0.001351,0.044480,0.030617,0.044719
8.307692,0.003103,0.020483,0.005019,0.001304,0.043158,0.029701,0.043366
8.387960,0.003010,0.019868,0.004862,0.001260,0.041858,0.028801,0.042057
8.468227,0.002919,0.019282,0.004707,0.001218,0.040579,0.027915,0.040789
8.548495,0.002829,0.018722,0.004556,0.001177,0.039321,0.027045,0.039560
8.628763,0.002740,0.018189,0.004408,0.001139,0.038083,0.026189,0.038369
8.709030,0.002653,0.017679,0.004262,0.001102,0.036865,0.025347,0.037214
8.789298,0.002567,0.017193,0.004119,0.001066,0.035667,0.024519,0.036093
8.869565,0.002482,0.016729,0.003978,0.001032,0.034488,0.023704,0.035005
8.949833,0.002399,0.016286,0.003840,0.001000,0.033328,0.022903,0.033950
9.030100,0.002317,0.015863,0.003704,0.000968,0.032186,0.022115,0.032925
9.110368,0.002237,0.015459,0.003571,0.000938,0.031062,0.021339,0.031929
9.190635,0.002157,0.015074,0.003440,0.000909,0.029956,0.020576,0.030962
9.270903,0.002079,0.014707,0.003312,0.000882,0.028867,0.019824,0.030022
9.351171,0.002002,0.014356,0.003185,0.000855,0.027795,0.019085,0.029109
9.431438,0.001927,0.014022,0.003061,0.000829,0.026739,0.018357,0.028221
9.511706,0.001852,0.013704,0.002939,0.000805,0.025699,0.017641,0.027359
9.591973,0.001779,0.013401,0.002820,0.000781,0.024676,0.016936,0.026520
9.672241,0.001706,0.013114,0.002702,0.000758,0.023667,0.016242,0.025706
9.752508,0.001635,0.012840,0.002586,0.000736,0.022675,0.015558,0.024914
9.832776,0.001565,0.012581,0.002472,0.000715,0.021697,0.014885,0.024144
9.913043,0.001495,0.012335,0.002360,0.000695,0.020733,0.014222,0.023396
9.993311,0.001427,0.012103,0.002250,0.000675,0.019784,0.013569,0.022670
10.073579,0.001360,0.011884,0.002142,0.000656,0.018849,0.012926,0.021964
10.153846,0.001294,0.011678,0.002035,0.000638,0.017928,0.012293,0.021280
10.234114,0.001228,0.011485,0.001930,0.000620,0.017020,0.011669,0.020615
10.314381,0.001164,0.011304,0.001827,0.000603,0.016126,0.011054,0.019970
10.394649,0.001101,0.011136,0.001726,0.000586,0.015245,0.010449,0.019345
10.474916,0.001038,0.010981,0.001626,0.000570,0.014376,0.009852,0.018740
10.555184,0.000976,0.010839,0.001528,0.000555,0.013520,0.009264,0.018153
10.635452,0.000916,0.010708,0.001431,0.000540,0.012676,0.008685,0.017587
10.715719,0.000856,0.010591,0.001336,0.000526,0.011844,0.008114,0.017039
10.795987,0.000797,0.010487,0.001243,0.000512,0.011024,0.007551,0.016511
10.876254,0.000738,0.010396,0.001151,0.000499,0.010215,0.006997,0.016002
10.956522,0.000681,0.010318,0.001060,0.000486,0.009418,0.006450,0.015513
11.036789,0.000624,0.010253,0.000971,0.000473,0.008632,0.005911,0.015043
11.117057,0.000568,0.010203,0.000883,0.000462,0.007857,0.005380,0.014594
11.197324,0.000513,0.010168,0.000797,0.000450,0.007093,0.004856,0.014164
11.277592,0.000459,0.010147,0.000711,0.000439,0.006339,0.004340,0.013756
11.357860,0.000405,0.010143,0.000627,0.000428,0.005596,0.003830,0.013369
11.438127,0.000352,0.010154,0.000545,0.000418,0.004863,0.003328,0.013003
11.518395,0.000300,0.010183,0.000463,0.000408,0.004139,0.002833,0.012661
11.598662,0.000248,0.010230,0.000383,0.000398,0.003426,0.002344,0.012341
11.678930,0.000197,0.010296,0.000304,0.000389,0.002722,0.001863,0.012046
11.759197,0.000147,0.010382,0.000227,0.000380,0.002028,0.001387,0.011776
11.839465,0.000097,0.010489,0.000150,0.000372,0.001343,0.000919,0.011533
11.919732,0.000048,0.010619,0.000074,0.000364,0.000667,0.000456,0.011316
12.000000,0.000000,0.010773,0.000000,0.000356,0.000000,0.000000,0.011129
