# E,I32,I12,Ibg,Itot
700.000000,0.006240,0.000000,0.000000,0.003831
700.167224,0.006437,0.000014,0.000051,0.004094
700.334448,0.006642,0.000028,0.000090,0.004352
700.501672,0.006855,0.000042,0.000144,0.004634
700.668896,0.007077,0.000056,0.000210,0.004936
700.836120,0.007307,0.000071,0.000248,0.005221
701.003344,0.007547,0.000086,0.000314,0.005542
701.170569,0.007797,0.000101,0.000370,0.005864
701.337793,0.008058,0.000117,0.000441,0.006211
701.505017,0.008330,0.000132,0.000515,0.006575
701.672241,0.008615,0.000148,0.000592,0.006953
701.839465,0.008912,0.000165,0.000644,0.007319
702.006689,0.009223,0.000181,0.000689,0.007693
702.173913,0.009549,0.000198,0.000746,0.008094
702.341137,0.009892,0.000216,0.000774,0.008482
702.508361,0.010251,0.000233,0.000800,0.008886
702.675585,0.010629,0.000251,0.000854,0.009336
702.842809,0.011026,0.000269,0.000904,0.009804
703.010033,0.011446,0.000288,0.000922,0.010261
703.177258,0.011888,0.000307,0.000939,0.010741
703.344482,0.012356,0.000326,0.000983,0.011273
703.511706,0.012852,0.000346,0.001066,0.011873
703.678930,0.013378,0.000366,0.001124,0.012478
703.846154,0.013937,0.000387,0.001163,0.013098
704.013378,0.014533,0.000408,0.001210,0.013763
704.180602,0.015169,0.000429,0.001293,0.014505
704.347826,0.015850,0.000451,0.001337,0.015254
704.515050,0.016580,0.000473,0.001410,0.016081
704.682274,0.017366,0.000496,0.001470,0.016952
704.849498,0.018215,0.000519,0.001521,0.017878
705.016722,0.019136,0.000543,0.001583,0.018886
705.183946,0.020138,0.000567,0.001641,0.019972
705.351171,0.021234,0.000592,0.001698,0.021153
705.518395,0.022440,0.000617,0.001745,0.022433
705.685619,0.023775,0.000643,0.001799,0.023852
705.852843,0.025266,0.000669,0.001893,0.025467
706.020067,0.026946,0.000696,0.001979,0.027264
706.187291,0.028860,0.000723,0.002085,0.029316
706.354515,0.031067,0.000751,0.002232,0.031704
706.521739,0.033650,0.000780,0.002403,0.034493
706.688963,0.036717,0.000810,0.002584,0.037778
706.856187,0.040416,0.000840,0.002797,0.041729
707.023411,0.044945,0.000870,0.003074,0.046577
707.190635,0.050564,0.000902,0.003360,0.052527
707.357860,0.057609,0.000934,0.003698,0.059960
707.525084,0.066509,0.000967,0.004105,0.069322
707.692308,0.077791,0.001001,0.004607,0.081167
707.859532,0.092087,0.001036,0.005230,0.096155
708.026756,0.110128,0.001071,0.005950,0.114995
708.193980,0.132720,0.001108,0.006758,0.138486
708.361204,0.160702,0.001145,0.007697,0.167512
708.528428,0.194886,0.001183,0.008729,0.202850
708.695652,0.235971,0.001222,0.009945,0.245289
708.862876,0.284436,0.001262,0.011230,0.295197
709.030100,0.340427,0.001304,0.012675,0.352811
709.197324,0.403641,0.001346,0.014266,0.417811
709.364548,0.473230,0.001390,0.016011,0.489357
709.531773,0.547734,0.001434,0.017954,0.566030
709.698997,0.625079,0.001480,0.020116,0.645770
709.866221,0.702625,0.001527,0.022413,0.725849
710.033445,0.777302,0.001576,0.024882,0.803224
710.200669,0.845802,0.001625,0.027548,0.874606
710.367893,0.904833,0.001677,0.030320,0.936603
710.535117,0.951393,0.001729,0.033138,0.986146
710.702341,0.983047,0.001783,0.036058,1.020852
710.869565,0.998161,0.001839,0.038978,1.038978
711.036789,0.996059,0.001897,0.041884,1.039835
711.204013,0.977102,0.001956,0.044798,1.023805
711.371237,0.942641,0.002017,0.047615,0.992138
711.538462,0.894894,0.002080,0.050375,0.947100
711.705686,0.836724,0.002145,0.053062,0.891541
711.872910,0.771375,0.002212,0.055663,0.828701
712.040134,0.702188,0.002281,0.058215,0.761968
712.207358,0.632337,0.002352,0.060633,0.694437
712.374582,0.564605,0.002426,0.062972,0.628954
712.541806,0.501232,0.002502,0.065206,0.567738
712.709030,0.443830,0.002581,0.067373,0.512442
712.876254,0.393375,0.002663,0.069452,0.464025
713.043478,0.350252,0.002747,0.071503,0.422934
713.210702,0.314351,0.002835,0.073456,0.388987
713.377926,0.285185,0.002925,0.075331,0.361715
713.545151,0.262008,0.003019,0.077179,0.340425
713.712375,0.243940,0.003117,0.078976,0.324208
713.879599,0.230063,0.003218,0.080713,0.312136
714.046823,0.219501,0.003323,0.082461,0.303402
714.214047,0.211470,0.003432,0.084100,0.297100
714.381271,0.205314,0.003546,0.085713,0.292656
714.548495,0.200512,0.003665,0.087277,0.289525
714.715719,0.196678,0.003788,0.088870,0.287398
714.882943,0.193546,0.003916,0.090381,0.285899
715.050167,0.190952,0.004051,0.091921,0.284973
715.217391,0.188810,0.004191,0.093379,0.284424
715.384615,0.187092,0.004337,0.094851,0.284320
715.551839,0.185804,0.004491,0.096265,0.284598
715.719064,0.184972,0.004651,0.097673,0.285332
715.886288,0.184624,0.004820,0.099053,0.286532
716.053512,0.184780,0.004996,0.100450,0.288262
716.220736,0.185445,0.005182,0.101803,0.290469
716.387960,0.186604,0.005378,0.103190,0.293213
716.555184,0.188219,0.005584,0.104544,0.296393
716.722408,0.190231,0.005801,0.105862,0.299946
716.889632,0.192560,0.006031,0.107191,0.303839
717.056856,0.195111,0.006274,0.108571,0.308020
717.224080,0.197773,0.006532,0.109920,0.312297
717.391304,0.200432,0.006806,0.111283,0.316599
717.558528,0.202965,0.007097,0.112618,0.320766
717.725753,0.205256,0.007409,0.113979,0.324736
717.892977,0.207193,0.007741,0.115348,0.328379
718.060201,0.208672,0.008098,0.116710,0.331582
718.227425,0.209606,0.008482,0.118080,0.334273
718.394649,0.209924,0.008896,0.119490,0.336417
718.561873,0.209574,0.009344,0.120848,0.337873
718.729097,0.208523,0.009831,0.122245,0.338705
718.896321,0.206760,0.010362,0.123666,0.338891
719.063545,0.204293,0.010946,0.125036,0.338374
719.230769,0.201149,0.011591,0.126486,0.337317
719.397993,0.197370,0.012310,0.127896,0.335661
719.565217,0.193016,0.013117,0.129393,0.333601
719.732441,0.188154,0.014032,0.130875,0.331127
719.899666,0.182860,0.015084,0.132315,0.328315
720.066890,0.177216,0.016308,0.133768,0.325337
720.234114,0.171303,0.017755,0.135224,0.322317
720.401338,0.165202,0.019492,0.136697,0.319415
720.568562,0.158989,0.021608,0.138197,0.316808
720.735786,0.152737,0.024222,0.139668,0.314632
720.903010,0.146507,0.027489,0.141177,0.313171
721.070234,0.140355,0.031608,0.142736,0.312693
721.237458,0.134328,0.036826,0.144275,0.313420
721.404682,0.128463,0.043442,0.145889,0.315787
721.571906,0.122788,0.051806,0.147521,0.320114
721.739130,0.117326,0.062309,0.149220,0.326867
721.906355,0.112089,0.075370,0.150927,0.336417
722.073579,0.107086,0.091403,0.152691,0.349237
722.240803,0.102319,0.110781,0.154514,0.365706
722.408027,0.097785,0.133785,0.156381,0.386089
722.575251,0.093481,0.160551,0.158314,0.410538
722.742475,0.089397,0.191006,0.160325,0.438984
722.909699,0.085525,0.224820,0.162418,0.471091
723.076923,0.081852,0.261366,0.164565,0.506192
723.244147,0.078370,0.299705,0.166741,0.543308
723.411371,0.075064,0.338606,0.168961,0.581209
723.578595,0.071925,0.376593,0.171245,0.618426
723.745819,0.068941,0.412041,0.173595,0.653319
723.913043,0.066101,0.443285,0.175962,0.684159
724.080268,0.063396,0.468761,0.178354,0.709377
724.247492,0.060817,0.487144,0.180732,0.727598
724.414716,0.058356,0.497475,0.183139,0.737893
724.581940,0.056004,0.499253,0.185542,0.739721
724.749164,0.053756,0.492488,0.187906,0.733049
724.916388,0.051604,0.477697,0.190234,0.718395
725.083612,0.049544,0.455858,0.192499,0.696703
725.250836,0.047571,0.428310,0.194734,0.669345
725.418060,0.045681,0.396628,0.196979,0.637936
725.585284,0.043869,0.362482,0.199163,0.604076
725.752508,0.042132,0.327501,0.201318,0.569424
725.919732,0.040468,0.293150,0.203453,0.535455
726.086957,0.038872,0.260644,0.205585,0.503403
726.254181,0.037342,0.230894,0.207637,0.474100
726.421405,0.035877,0.204493,0.209634,0.448163
726.588629,0.034473,0.181724,0.211570,0.425866
726.755853,0.033128,0.162608,0.213545,0.407332
726.923077,0.031841,0.146956,0.215457,0.392264
727.090301,0.030608,0.134432,0.217341,0.380358
727.257525,0.029429,0.124611,0.219169,0.371158
727.424749,0.028300,0.117035,0.220982,0.364246
727.591973,0.027221,0.111256,0.222780,0.359169
727.759197,0.026189,0.106865,0.224590,0.355543
727.926421,0.025202,0.103512,0.226354,0.352956
728.093645,0.024258,0.100913,0.228110,0.351161
728.260870,0.023356,0.098855,0.229792,0.349875
728.428094,0.022493,0.097185,0.231523,0.349068
728.595318,0.021669,0.095806,0.233258,0.348594
728.762542,0.020881,0.094664,0.234994,0.348395
728.929766,0.020127,0.093735,0.236677,0.348392
729.096990,0.019407,0.093020,0.238378,0.348653
729.264214,0.018717,0.092527,0.240059,0.349150
729.431438,0.018058,0.092272,0.241659,0.349833
729.598662,0.017428,0.092267,0.243270,0.350807
729.765886,0.016824,0.092517,0.244873,0.352055
729.933110,0.016247,0.093017,0.246490,0.353594
730.100334,0.015693,0.093752,0.248094,0.355381
730.267559,0.015164,0.094697,0.249711,0.357414
730.434783,0.014656,0.095814,0.251251,0.359565
730.602007,0.014169,0.097059,0.252845,0.361919
730.769231,0.013703,0.098378,0.254410,0.364339
730.936455,0.013255,0.099715,0.255929,0.366748
731.103679,0.012825,0.101008,0.257468,0.369154
731.270903,0.012413,0.102200,0.258982,0.371449
731.438127,0.012017,0.103232,0.260464,0.373568
731.605351,0.011636,0.104052,0.261963,0.375508
731.772575,0.011270,0.104613,0.263527,0.377268
731.939799,0.010919,0.104877,0.265027,0.378679
732.107023,0.010580,0.104813,0.266519,0.379769
732.274247,0.010255,0.104404,0.268059,0.380572
732.441472,0.009941,0.103639,0.269588,0.381021
732.608696,0.009639,0.102520,0.271073,0.381081
732.775920,0.009348,0.101057,0.272605,0.380854
732.943144,0.009068,0.099269,0.274104,0.380280
733.110368,0.008797,0.097183,0.275573,0.379386
733.277592,0.008536,0.094831,0.277064,0.378258
733.444816,0.008284,0.092250,0.278495,0.376850
733.612040,0.008041,0.089481,0.279968,0.375303
733.779264,0.007806,0.086564,0.281439,0.373615
733.946488,0.007579,0.083540,0.282896,0.371813
734.113712,0.007360,0.080448,0.284376,0.369974
734.280936,0.007148,0.077325,0.285826,0.368080
734.448161,0.006943,0.074203,0.287228,0.366147
734.615385,0.006744,0.071111,0.288616,0.364237
734.782609,0.006552,0.068075,0.290050,0.362435
734.949833,0.006366,0.065114,0.291450,0.360679
735.117057,0.006186,0.062244,0.292867,0.359040
735.284281,0.006011,0.059477,0.294260,0.357483
735.451505,0.005842,0.056822,0.295665,0.356057
735.618729,0.005678,0.054281,0.297074,0.354755
735.785953,0.005519,0.051859,0.298472,0.353566
735.953177,0.005365,0.049554,0.299838,0.352467
736.120401,0.005215,0.047365,0.301181,0.351464
736.287625,0.005069,0.045287,0.302561,0.350616
736.454849,0.004928,0.043317,0.303919,0.349858
736.622074,0.004791,0.041449,0.305210,0.349138
736.789298,0.004658,0.039677,0.306527,0.348545
736.956522,0.004528,0.037996,0.307836,0.348039
737.123746,0.004402,0.036399,0.309113,0.347590
737.290970,0.004280,0.034882,0.310427,0.347261
737.458194,0.004161,0.033439,0.311721,0.346989
737.625418,0.004045,0.032065,0.313002,0.346776
737.792642,0.003933,0.030756,0.314330,0.346679
737.959866,0.003823,0.029506,0.315647,0.346633
738.127090,0.003716,0.028313,0.316953,0.346635
738.294314,0.003612,0.027172,0.318272,0.346707
738.461538,0.003511,0.026081,0.319592,0.346831
738.628763,0.003412,0.025036,0.320914,0.347008
738.795987,0.003316,0.024035,0.322260,0.347254
738.963211,0.003222,0.023077,0.323601,0.347540
739.130435,0.003131,0.022158,0.324906,0.347833
739.297659,0.003042,0.021278,0.326244,0.348199
739.464883,0.002955,0.020434,0.327552,0.348573
739.632107,0.002870,0.019625,0.328855,0.348980
739.799331,0.002787,0.018849,0.330183,0.349449
739.966555,0.002707,0.018106,0.331491,0.349930
740.133779,0.002628,0.017394,0.332812,0.350459
740.301003,0.002551,0.016712,0.334191,0.351077
740.468227,0.002476,0.016059,0.335556,0.351712
740.635452,0.002402,0.015434,0.336902,0.352358
740.802676,0.002330,0.014836,0.338266,0.353050
740.969900,0.002260,0.014263,0.339629,0.353769
741.137124,0.002192,0.013716,0.341061,0.354583
741.304348,0.002125,0.013192,0.342461,0.355391
741.471572,0.002060,0.012691,0.343853,0.356216
741.638796,0.001996,0.012212,0.345238,0.357057
741.806020,0.001933,0.011754,0.346661,0.357957
741.973244,0.001872,0.011317,0.348042,0.358839
742.140468,0.001812,0.010898,0.349461,0.359779
742.307692,0.001753,0.010498,0.350854,0.360712
742.474916,0.001696,0.010116,0.352239,0.361656
742.642140,0.001640,0.009750,0.353702,0.362697
742.809365,0.001585,0.009401,0.355099,0.363688
742.976589,0.001531,0.009066,0.356502,0.364702
743.143813,0.001479,0.008747,0.357841,0.365668
743.311037,0.001427,0.008440,0.359212,0.366680
743.478261,0.001377,0.008147,0.360604,0.367727
743.645485,0.001327,0.007867,0.361975,0.368768
743.812709,0.001279,0.007598,0.363385,0.369860
743.979933,0.001231,0.007341,0.364804,0.370973
744.147157,0.001185,0.007094,0.366163,0.372038
744.314381,0.001139,0.006858,0.367484,0.373076
744.481605,0.001094,0.006631,0.368847,0.374167
744.648829,0.001050,0.006413,0.370127,0.375185
744.816054,0.001007,0.006204,0.371416,0.376222
744.983278,0.000965,0.006003,0.372687,0.377249
745.150502,0.000924,0.005811,0.373983,0.378310
745.317726,0.000883,0.005625,0.375274,0.379374
745.484950,0.000843,0.005447,0.376564,0.380446
745.652174,0.000804,0.005276,0.377857,0.381529
745.819398,0.000766,0.005111,0.379125,0.382593
745.986622,0.000728,0.004952,0.380405,0.383676
746.153846,0.000692,0.004799,0.381672,0.384753
746.321070,0.000655,0.004652,0.382929,0.385825
746.488294,0.000620,0.004510,0.384182,0.386901
746.655518,0.000585,0.004373,0.385429,0.387975
746.822742,0.000550,0.004241,0.386650,0.389030
746.989967,0.000517,0.004114,0.387881,0.390099
747.157191,0.000484,0.003991,0.389090,0.391152
747.324415,0.000451,0.003872,0.390327,0.392237
747.491639,0.000419,0.003757,0.391564,0.393327
747.658863,0.000388,0.003646,0.392750,0.394371
747.826087,0.000357,0.003539,0.393942,0.395423
747.993311,0.000327,0.003435,0.395143,0.396491
748.160535,0.000297,0.003335,0.396352,0.397569
748.327759,0.000267,0.003238,0.397594,0.398684
748.494983,0.000239,0.003144,0.398811,0.399778
748.662207,0.000210,0.003053,0.400032,0.400880
748.829431,0.000182,0.002965,0.401230,0.401961
748.996656,0.000155,0.002879,0.402427,0.403045
749.163880,0.000128,0.002796,0.403618,0.404126
749.331104,0.000102,0.002716,0.404827,0.405228
749.498328,0.000076,0.002638,0.406030,0.406327
749.665552,0.000050,0.002563,0.407214,0.407409
749.832776,0.000025,0.002489,0.408433,0.408529
750.000000,0.000000,0.002418,0.409639,0.409639
