# E,dup,ddn,pup,pdn,oct,totup,totdn
-12.000000,0.000000,0.003815,0.000000,0.006622,0.223293,0.111646,0.122084
-11.919732,0.000047,0.003845,0.000005,0.006844,0.231924,0.116013,0.126650
-11.839465,0.000094,0.003791,0.000010,0.007068,0.241073,0.120640,0.131395
-11.759197,0.000142,0.003663,0.000014,0.007295,0.250788,0.125551,0.136351
-11.678930,0.000191,0.003469,0.000019,0.007526,0.261123,0.130772,0.141557
-11.598662,0.000241,0.003222,0.000024,0.007763,0.272139,0.136335,0.147055
-11.518395,0.000292,0.002934,0.000030,0.008007,0.283906,0.142274,0.152894
-11.438127,0.000344,0.002617,0.000035,0.008259,0.296503,0.148630,0.159127
-11.357860,0.000396,0.002284,0.000040,0.008521,0.310021,0.155447,0.165816
-11.277592,0.000450,0.001946,0.000046,0.008795,0.324568,0.162779,0.173025
-11.197324,0.000505,0.001614,0.000051,0.009081,0.340265,0.170688,0.180828
-11.117057,0.000560,0.001298,0.000057,0.009381,0.357258,0.179246,0.189307
-11.036789,0.000617,0.001004,0.000063,0.009696,0.375714,0.188537,0.198557
-10.956522,0.000675,0.000741,0.000068,0.010027,0.395834,0.198660,0.208685
-10.876254,0.000734,0.000512,0.000074,0.010377,0.417850,0.209733,0.219814
-10.795987,0.000794,0.000323,0.000080,0.010744,0.442039,0.221894,0.232087
-10.715719,0.000855,0.000176,0.000087,0.011132,0.468728,0.235306,0.245671
-10.635452,0.000917,0.000072,0.000093,0.011540,0.498300,0.250160,0.260762
-10.555184,0.000981,0.000013,0.000099,0.011969,0.531202,0.266681,0.277584
-10.474916,0.001046,0.000000,0.000106,0.012422,0.567946,0.285125,0.296396
-10.394649,0.001112,0.000032,0.000113,0.012899,0.609119,0.305784,0.317491
-10.314381,0.001179,0.000109,0.000120,0.013402,0.655370,0.328984,0.341196
-10.234114,0.001248,0.000230,0.000127,0.013931,0.707401,0.355075,0.367862
-10.153846,0.001318,0.000395,0.000134,0.014489,0.765949,0.384426,0.397858
-10.073579,0.001390,0.000603,0.000141,0.015077,0.831747,0.417404,0.431553
-9.993311,0.001463,0.000853,0.000148,0.015696,0.905487,0.454355,0.469293
-9.913043,0.001537,0.001145,0.000156,0.016349,0.987764,0.495575,0.511376
-9.832776,0.001613,0.001479,0.000164,0.017037,1.079017,0.541286,0.558025
-9.752508,0.001691,0.001854,0.000171,0.017764,1.179478,0.591602,0.609356
-9.672241,0.001771,0.002270,0.000179,0.018530,1.289119,0.646510,0.665360
-9.591973,0.001852,0.002728,0.000188,0.019340,1.407630,0.705854,0.725883
-9.511706,0.001934,0.003227,0.000196,0.020195,1.534410,0.769336,0.790628
-9.431438,0.002019,0.003770,0.000205,0.021100,1.668594,0.836520,0.859166
-9.351171,0.002106,0.004355,0.000213,0.022057,1.809097,0.906867,0.930961
-9.270903,0.002194,0.004985,0.000222,0.023070,1.954686,0.979759,1.005398
-9.190635,0.002284,0.005661,0.000231,0.024143,2.104047,1.054539,1.081828
-9.110368,0.002377,0.006384,0.000241,0.025281,2.255851,1.130543,1.159590
-9.030100,0.002471,0.007155,0.000250,0.026487,2.408793,1.207118,1.238038
-8.949833,0.002568,0.007976,0.000260,0.027767,2.561607,1.283631,1.316546
-8.869565,0.002666,0.008849,0.000270,0.029125,2.713057,1.359465,1.394503
-8.789298,0.002768,0.009776,0.000280,0.030568,2.861912,1.434004,1.471300
-8.709030,0.002871,0.010757,0.000291,0.032100,3.006923,1.506623,1.546319
-8.628763,0.002977,0.011795,0.000301,0.033728,3.146822,1.576689,1.618934
-8.548495,0.003085,0.012890,0.000312,0.035457,3.280359,1.643577,1.688527
-8.468227,0.003196,0.014043,0.000324,0.037294,3.406384,1.706712,1.754529
-8.387960,0.003310,0.015254,0.000335,0.039245,3.523961,1.765626,1.816479
-8.307692,0.003426,0.016522,0.000347,0.041315,3.632507,1.820027,1.874091
-8.227425,0.003546,0.017847,0.000359,0.043511,3.731919,1.869864,1.927318
-8.147157,0.003668,0.019226,0.000371,0.045838,3.822671,1.915374,1.976399
-8.066890,0.003793,0.020656,0.000384,0.048300,3.905842,1.957098,2.021877
-7.986622,0.003922,0.022132,0.000397,0.050903,3.983080,1.995859,2.064575
-7.906355,0.004053,0.023649,0.000410,0.053651,4.056472,2.032700,2.105536
-7.826087,0.004188,0.025200,0.000424,0.056546,4.128359,2.068792,2.145925
-7.745819,0.004327,0.026777,0.000438,0.059591,4.201092,2.105311,2.186914
-7.665552,0.004469,0.028370,0.000452,0.062789,4.276787,2.143315,2.229552
-7.585284,0.004615,0.029970,0.000467,0.066139,4.357084,2.183624,2.274651
-7.505017,0.004765,0.031565,0.000482,0.069643,4.442975,2.226735,2.322696
-7.424749,0.004919,0.033145,0.000497,0.073301,4.534703,2.272768,2.373797
-7.344482,0.005078,0.034699,0.000513,0.077111,4.631779,2.321480,2.427700
-7.264214,0.005240,0.036216,0.000530,0.081074,4.733105,2.372322,2.483842
-7.183946,0.005407,0.037686,0.000547,0.085187,4.837208,2.424558,2.541477
-7.103679,0.005579,0.039101,0.000564,0.089450,4.942552,2.477419,2.599827
-7.023411,0.005756,0.040455,0.000582,0.093859,5.047893,2.530284,2.658261
-6.943144,0.005938,0.041743,0.000600,0.098410,5.152614,2.582845,2.716460
-6.862876,0.006125,0.042962,0.000619,0.103098,5.256991,2.635239,2.774556
-6.782609,0.006317,0.044113,0.000638,0.107916,5.362332,2.688121,2.833194
-6.702341,0.006515,0.045197,0.000658,0.112850,5.470944,2.742646,2.893519
-6.622074,0.006720,0.046217,0.000679,0.117885,5.585928,2.800362,2.957067
-6.541806,0.006930,0.047180,0.000700,0.123000,5.710792,2.863026,3.025576
-6.461538,0.007147,0.048093,0.000722,0.128166,5.848940,2.932338,3.100728
-6.381271,0.007370,0.048962,0.000744,0.133347,6.003092,3.009661,3.183855
-6.301003,0.007601,0.049796,0.000767,0.138498,6.174710,3.095723,3.275650
-6.220736,0.007839,0.050603,0.000791,0.143570,6.363506,3.190383,3.375926
-6.140468,0.008085,0.051391,0.000816,0.148501,6.567115,3.292458,3.483450
-6.060201,0.008338,0.052166,0.000841,0.153226,6.780975,3.399667,3.595880
-5.979933,0.008600,0.052936,0.000868,0.157673,6.998436,3.508686,3.709827
-5.899666,0.008871,0.053705,0.000895,0.161766,7.211117,3.615324,3.821030
-5.819398,0.009151,0.054478,0.000923,0.165432,7.409444,3.714796,3.924632
-5.739130,0.009440,0.055261,0.000952,0.168596,7.583348,3.802067,4.015531
-5.658863,0.009740,0.056056,0.000982,0.171191,7.723021,3.872232,4.088757
-5.578595,0.010050,0.056867,0.001013,0.173158,7.819659,3.920893,4.139855
-5.498328,0.010371,0.057699,0.001045,0.174449,7.866122,3.944478,4.165209
-5.418060,0.010704,0.058556,0.001079,0.175031,7.857430,3.940497,4.162302
-5.337793,0.011049,0.059442,0.001113,0.174886,7.791068,3.907696,4.129862
-5.257525,0.011407,0.060363,0.001149,0.174013,7.667081,3.846096,4.067916
-5.177258,0.011778,0.061326,0.001186,0.172427,7.487956,3.756942,3.977731
-5.096990,0.012163,0.062338,0.001225,0.170161,7.258340,3.642558,3.861670
-5.016722,0.012564,0.063409,0.001265,0.167263,6.984620,3.506139,3.722982
-4.936455,0.012980,0.064546,0.001307,0.163792,6.674439,3.351506,3.565557
-4.856187,0.013413,0.065760,0.001350,0.159818,6.336174,3.182849,3.393665
-4.775920,0.013863,0.067061,0.001395,0.155420,5.978443,3.004480,3.211703
-4.695652,0.014332,0.068461,0.001442,0.150679,5.609673,2.820611,3.023977
-4.615385,0.014820,0.069970,0.001491,0.145679,5.237733,2.635178,2.834516
-4.535117,0.015330,0.071600,0.001542,0.140502,4.869669,2.451706,2.646936
-4.454849,0.015861,0.073362,0.001595,0.135225,4.511526,2.273219,2.464350
-4.374582,0.016416,0.075267,0.001650,0.129921,4.168257,2.102195,2.289316
-4.294314,0.016996,0.077326,0.001708,0.124654,3.843703,1.940556,2.123831
-4.214047,0.017602,0.079550,0.001769,0.119483,3.540637,1.789690,1.969351
-4.133779,0.018237,0.081950,0.001832,0.114454,3.260854,1.650496,1.826831
-4.053512,0.018901,0.084536,0.001899,0.109608,3.005287,1.523443,1.696788
-3.973244,0.019598,0.087319,0.001968,0.104978,2.774144,1.408637,1.579369
-3.892977,0.020328,0.090310,0.002041,0.100586,2.567049,1.305894,1.474421
-3.812709,0.021095,0.093519,0.002118,0.096451,2.383182,1.214804,1.381561
-3.732441,0.021902,0.096957,0.002198,0.092584,2.221395,1.134797,1.300238
-3.652174,0.022750,0.100633,0.002283,0.088991,2.080322,1.065194,1.229785
-3.571906,0.023644,0.104560,0.002372,0.085674,1.958461,1.005246,1.169465
-3.491639,0.024586,0.108749,0.002466,0.082633,1.854233,0.954168,1.118498
-3.411371,0.025580,0.113210,0.002565,0.079863,1.766024,0.911157,1.076085
-3.331104,0.026631,0.117954,0.002669,0.077359,1.692203,0.875402,1.041415
-3.250836,0.027742,0.122993,0.002780,0.075115,1.631131,0.846088,1.013674
-3.170569,0.028920,0.128338,0.002898,0.073121,1.581159,0.822397,0.992039
-3.090301,0.030170,0.133999,0.003022,0.071370,1.540621,0.803502,0.975680
-3.010033,0.031497,0.139987,0.003154,0.069852,1.507834,0.788569,0.963756
-2.929766,0.032910,0.146310,0.003295,0.068558,1.481099,0.776754,0.955418
-2.849498,0.034415,0.152976,0.003445,0.067480,1.458718,0.767218,0.949816
-2.769231,0.036021,0.159992,0.003605,0.066609,1.439020,0.759136,0.946111
-2.688963,0.037739,0.167362,0.003776,0.065934,1.420401,0.751715,0.943496
-2.608696,0.039579,0.175087,0.003959,0.065447,1.401370,0.744223,0.941219
-2.528428,0.041554,0.183168,0.004156,0.065138,1.380606,0.736013,0.938609
-2.448161,0.043678,0.191598,0.004367,0.064998,1.357005,0.726548,0.935099
-2.367893,0.045968,0.200371,0.004596,0.065016,1.329730,0.715428,0.930252
-2.287625,0.048441,0.209472,0.004842,0.065182,1.298239,0.702403,0.923773
-2.207358,0.051121,0.218886,0.005109,0.065484,1.262295,0.687378,0.915518
-2.127090,0.054031,0.228590,0.005399,0.065910,1.221968,0.670414,0.905484
-2.046823,0.057200,0.238555,0.005715,0.066448,1.177596,0.651714,0.893801
-1.966555,0.060662,0.248750,0.006060,0.067084,1.129749,0.631597,0.880708
-1.886288,0.064457,0.259135,0.006439,0.067803,1.079164,0.610478,0.866521
-1.806020,0.068630,0.269669,0.006855,0.068591,1.026686,0.588828,0.851603
-1.725753,0.073236,0.280304,0.007315,0.069432,0.973198,0.567151,0.836334
-1.645485,0.078342,0.290986,0.007825,0.070309,0.919566,0.545950,0.821079
-1.565217,0.084024,0.301662,0.008393,0.071208,0.866586,0.525710,0.806163
-1.484950,0.090376,0.312271,0.009029,0.072111,0.814951,0.506881,0.791858
-1.404682,0.097512,0.322754,0.009743,0.073004,0.765226,0.489868,0.778371
-1.324415,0.105565,0.333047,0.010550,0.073870,0.717841,0.475036,0.765837
-1.244147,0.114700,0.343086,0.011466,0.074695,0.673092,0.462712,0.754327
-1.163880,0.125111,0.352808,0.012511,0.075467,0.631152,0.453198,0.743851
-1.083612,0.137030,0.362148,0.013708,0.076172,0.592089,0.446782,0.734364
-1.003344,0.150730,0.371043,0.015085,0.076799,0.555883,0.443756,0.725783
-0.923077,0.166526,0.379431,0.016674,0.077338,0.522450,0.444425,0.717993
-0.842809,0.184775,0.387249,0.018511,0.077781,0.491656,0.449115,0.710858
-0.762542,0.205869,0.394440,0.020637,0.078119,0.463340,0.458176,0.704229
-0.682274,0.230219,0.400945,0.023092,0.078348,0.437321,0.471971,0.697953
-0.602007,0.258232,0.406712,0.025917,0.078460,0.413413,0.490856,0.691879
-0.521739,0.290275,0.411691,0.029150,0.078452,0.391432,0.515141,0.685859
-0.441472,0.326626,0.415837,0.032819,0.078322,0.371202,0.545046,0.679760
-0.361204,0.367418,0.419113,0.036935,0.078065,0.352557,0.580631,0.673457
-0.280936,0.412572,0.421489,0.041489,0.077683,0.335343,0.621733,0.666844
-0.200669,0.461737,0.422944,0.046444,0.077175,0.319422,0.667893,0.659829
-0.120401,0.514236,0.423467,0.051729,0.076542,0.304667,0.718299,0.652342
-0.040134,0.569037,0.423060,0.057234,0.075788,0.290965,0.771754,0.644330
0.040134,0.624758,0.421737,0.062817,0.074918,0.278215,0.826682,0.635762
0.120401,0.679715,0.419525,0.068300,0.073938,0.266326,0.881178,0.626627
0.200669,0.732017,0.416467,0.073486,0.072856,0.255219,0.933113,0.616933
0.280936,0.779706,0.412615,0.078170,0.071682,0.244822,0.980287,0.606708
0.361204,0.820919,0.408036,0.082157,0.070428,0.235071,1.020611,0.595999
0.441472,0.854071,0.402807,0.085277,0.069105,0.225910,1.052304,0.584867
0.521739,0.878021,0.397015,0.087410,0.067728,0.217288,1.074075,0.573386
0.602007,0.892193,0.390753,0.088490,0.066310,0.209161,1.085263,0.561643
0.682274,0.896647,0.384120,0.088518,0.064867,0.201488,1.085909,0.549731
0.762542,0.892071,0.377217,0.087561,0.063414,0.194232,1.076748,0.537748
0.842809,0.879696,0.370146,0.085744,0.061966,0.187362,1.059121,0.525793
0.923077,0.861160,0.363006,0.083234,0.060537,0.180849,1.034818,0.513967
1.003344,0.838312,0.355894,0.080226,0.059140,0.174664,1.005870,0.502366
1.083612,0.813013,0.348898,0.076920,0.057788,0.168786,0.974326,0.491079
1.163880,0.786945,0.342103,0.073501,0.056493,0.163192,0.942042,0.480192
1.244147,0.761453,0.335583,0.070125,0.055264,0.157863,0.910510,0.469779
1.324415,0.737451,0.329405,0.066912,0.054111,0.152781,0.880754,0.459906
1.404682,0.715382,0.323627,0.063934,0.053040,0.147929,0.853280,0.450631
1.484950,0.695246,0.318296,0.061222,0.052058,0.143293,0.828115,0.442000
1.565217,0.676685,0.313452,0.058771,0.051168,0.138858,0.804885,0.434050
1.645485,0.659091,0.309125,0.056550,0.050375,0.134613,0.782948,0.426807
1.725753,0.641750,0.305336,0.054509,0.049680,0.130546,0.761532,0.420290
1.806020,0.623964,0.302098,0.052598,0.049085,0.126646,0.739886,0.414506
1.886288,0.605173,0.299416,0.050770,0.048588,0.122904,0.717396,0.409456
1.966555,0.585028,0.297288,0.048992,0.048188,0.119311,0.693676,0.405131
2.046823,0.563440,0.295702,0.047247,0.047884,0.115857,0.668615,0.401515
2.127090,0.540580,0.294643,0.045537,0.047672,0.112537,0.642385,0.398583
2.207358,0.516854,0.294086,0.043882,0.047547,0.109341,0.615407,0.396303
2.287625,0.492848,0.294001,0.042316,0.047504,0.106264,0.588297,0.394637
2.367893,0.469262,0.294351,0.040883,0.047536,0.103300,0.561795,0.393537
2.448161,0.446841,0.295093,0.039632,0.047637,0.100442,0.536695,0.392951
2.528428,0.426317,0.296177,0.038614,0.047799,0.097686,0.513773,0.392818
2.608696,0.408354,0.297548,0.037877,0.048011,0.095025,0.493744,0.393071
2.688963,0.393525,0.299145,0.037466,0.048263,0.092457,0.477219,0.393637
2.769231,0.382288,0.300903,0.037419,0.048546,0.089975,0.464694,0.394436
2.849498,0.374987,0.302752,0.037768,0.048846,0.087577,0.456543,0.395386
2.929766,0.371857,0.304619,0.038537,0.049151,0.085257,0.453022,0.396399
3.010033,0.373026,0.306428,0.039744,0.049449,0.083013,0.454277,0.397384
3.090301,0.378530,0.308104,0.041400,0.049727,0.080841,0.460350,0.398251
3.170569,0.388307,0.309569,0.043503,0.049970,0.078739,0.471179,0.398908
3.250836,0.402194,0.310750,0.046044,0.050167,0.076701,0.486589,0.399267
3.331104,0.419919,0.311575,0.048997,0.050304,0.074727,0.506280,0.399243
3.411371,0.441080,0.311980,0.052320,0.050371,0.072813,0.529807,0.398757
3.491639,0.465131,0.311905,0.055953,0.050356,0.070957,0.556562,0.397740
3.571906,0.491373,0.311300,0.059812,0.050252,0.069156,0.585763,0.396130
3.652174,0.518945,0.310124,0.063794,0.050051,0.067408,0.616444,0.393879
3.732441,0.546845,0.308346,0.067775,0.049748,0.065711,0.647475,0.390949
3.812709,0.573949,0.305947,0.071613,0.049338,0.064063,0.677593,0.387317
3.892977,0.599066,0.302920,0.075158,0.048822,0.062461,0.705455,0.382973
3.973244,0.620999,0.299269,0.078258,0.048201,0.060905,0.729709,0.377922
4.053512,0.638618,0.295008,0.080769,0.047476,0.059392,0.749082,0.372180
4.133779,0.650943,0.290165,0.082564,0.046653,0.057920,0.762467,0.365778
4.214047,0.657216,0.284774,0.083549,0.045738,0.056489,0.769010,0.358757
4.294314,0.656964,0.278880,0.083662,0.044739,0.055096,0.768174,0.351167
4.374582,0.650030,0.272532,0.082886,0.043666,0.053741,0.759786,0.343068
4.454849,0.636591,0.265786,0.081245,0.042528,0.052421,0.744046,0.334524
4.535117,0.617132,0.258701,0.078804,0.041335,0.051135,0.721504,0.325604
4.615385,0.592405,0.251337,0.075663,0.040099,0.049883,0.693009,0.316377
4.695652,0.563359,0.243755,0.071947,0.038829,0.048663,0.659638,0.306916
4.775920,0.531065,0.236016,0.067798,0.037537,0.047474,0.622600,0.297289
4.856187,0.496632,0.228175,0.063362,0.036231,0.046315,0.583152,0.287563
4.936455,0.461133,0.220287,0.058780,0.034922,0.045184,0.542505,0.277801
5.016722,0.425544,0.212403,0.054179,0.033617,0.044082,0.501764,0.268060
5.096990,0.390695,0.204566,0.049671,0.032323,0.043006,0.461869,0.258393
5.177258,0.357254,0.196819,0.045342,0.031048,0.041956,0.423573,0.248845
5.257525,0.325708,0.189195,0.041256,0.029797,0.040932,0.387431,0.239458
5.337793,0.296382,0.181724,0.037458,0.028575,0.039932,0.353806,0.230265
5.418060,0.269450,0.174433,0.033969,0.027384,0.038955,0.322897,0.221295
5.498328,0.244963,0.167340,0.030796,0.026229,0.038001,0.294760,0.212570
5.578595,0.222875,0.160462,0.027935,0.025112,0.037070,0.269345,0.204109
5.658863,0.203075,0.153812,0.025370,0.024033,0.036159,0.246524,0.195924
5.739130,0.185403,0.147396,0.023080,0.022995,0.035270,0.226118,0.188025
5.819398,0.169678,0.141220,0.021043,0.021996,0.034400,0.207921,0.180416
5.899666,0.155708,0.135287,0.019233,0.021038,0.033550,0.191716,0.173100
5.979933,0.143305,0.129596,0.017625,0.020120,0.032719,0.177289,0.166076
6.060201,0.132289,0.124146,0.016196,0.019242,0.031906,0.164437,0.159341
6.140468,0.122495,0.118933,0.014924,0.018402,0.031111,0.152975,0.152890
6.220736,0.113775,0.113951,0.013790,0.017599,0.030333,0.142732,0.146717
6.301003,0.105997,0.109196,0.012777,0.016833,0.029572,0.133560,0.140815
6.381271,0.099045,0.104660,0.011870,0.016101,0.028827,0.125328,0.135174
6.461538,0.092820,0.100335,0.011054,0.015403,0.028098,0.117923,0.129787
6.541806,0.087234,0.096215,0.010320,0.014738,0.027384,0.111245,0.124644
6.622074,0.082212,0.092291,0.009656,0.014103,0.026685,0.105211,0.119736
6.702341,0.077692,0.088554,0.009055,0.013497,0.026000,0.099747,0.115051
6.782609,0.073618,0.084997,0.008509,0.012919,0.025329,0.094792,0.110581
6.862876,0.069943,0.081612,0.008012,0.012368,0.024673,0.090291,0.106316
6.943144,0.066627,0.078389,0.007558,0.011842,0.024029,0.086199,0.102246
7.023411,0.063636,0.075323,0.007142,0.011340,0.023398,0.082477,0.098362
7.103679,0.060939,0.072404,0.006761,0.010861,0.022780,0.079090,0.094655
7.183946,0.058510,0.069626,0.006411,0.010403,0.022174,0.076009,0.091116
7.264214,0.056329,0.066981,0.006089,0.009966,0.021580,0.073208,0.087737
7.344482,0.054374,0.064463,0.005792,0.009548,0.020998,0.070665,0.084509
7.424749,0.052628,0.062064,0.005518,0.009148,0.020427,0.068359,0.081426
7.505017,0.051075,0.059780,0.005264,0.008766,0.019867,0.066273,0.078479
7.585284,0.049701,0.057603,0.005029,0.008400,0.019317,0.064389,0.075662
7.665552,0.048491,0.055529,0.004811,0.008050,0.018778,0.062691,0.072968
7.745819,0.047433,0.053551,0.004608,0.007715,0.018249,0.061166,0.070391
7.826087,0.046513,0.051665,0.004420,0.007394,0.017730,0.059798,0.067924
7.906355,0.045719,0.049866,0.004244,0.007086,0.017221,0.058574,0.065562
7.986622,0.045038,0.048150,0.004081,0.006790,0.016721,0.057480,0.063300
8.066890,0.044460,0.046511,0.003928,0.006507,0.016231,0.056503,0.061133
8.147157,0.043973,0.044946,0.003785,0.006234,0.015749,0.055632,0.059055
8.227425,0.043567,0.043451,0.003651,0.005973,0.015276,0.054856,0.057062
8.307692,0.043233,0.042023,0.003525,0.005722,0.014811,0.054163,0.055150
8.387960,0.042963,0.040657,0.003407,0.005480,0.014355,0.053547,0.053315
8.468227,0.042751,0.039351,0.003296,0.005248,0.013907,0.053000,0.051553
8.548495,0.042592,0.038101,0.003191,0.005025,0.013467,0.052517,0.049859
8.628763,0.042482,0.036905,0.003093,0.004810,0.013034,0.052092,0.048232
8.709030,0.042419,0.035759,0.003000,0.004603,0.012609,0.051723,0.046666
8.789298,0.042398,0.034660,0.002912,0.004403,0.012192,0.051405,0.045159
8.869565,0.042417,0.033607,0.002829,0.004211,0.011781,0.051136,0.043709
8.949833,0.042471,0.032597,0.002750,0.004026,0.011378,0.050910,0.042311
9.030100,0.042555,0.031627,0.002676,0.003847,0.010981,0.050722,0.040964
9.110368,0.042660,0.030695,0.002605,0.003674,0.010592,0.050561,0.039665
9.190635,0.042776,0.029799,0.002539,0.003508,0.010208,0.050419,0.038411
9.270903,0.042890,0.028937,0.002475,0.003347,0.009832,0.050281,0.037200
9.351171,0.042988,0.028108,0.002414,0.003192,0.009461,0.050132,0.036030
9.431438,0.043053,0.027309,0.002356,0.003042,0.009097,0.049957,0.034899
9.511706,0.043068,0.026539,0.002300,0.002897,0.008738,0.049737,0.033805
9.591973,0.043019,0.025797,0.002245,0.002756,0.008385,0.049457,0.032746
9.672241,0.042890,0.025081,0.002192,0.002620,0.008039,0.049101,0.031720
9.752508,0.042668,0.024390,0.002140,0.002489,0.007697,0.048657,0.030727
9.832776,0.042347,0.023723,0.002089,0.002362,0.007362,0.048117,0.029765
9.913043,0.041921,0.023078,0.002039,0.002239,0.007031,0.047476,0.028833
9.993311,0.041393,0.022456,0.001990,0.002119,0.006706,0.046735,0.027929
10.073579,0.040766,0.021856,0.001941,0.002004,0.006386,0.045900,0.027052
10.153846,0.040051,0.021276,0.001893,0.001891,0.006071,0.044979,0.026202
10.234114,0.039262,0.020716,0.001846,0.001783,0.005761,0.043989,0.025379
10.314381,0.038416,0.020175,0.001801,0.001677,0.005455,0.042945,0.024580
10.394649,0.037534,0.019653,0.001756,0.001575,0.005155,0.041868,0.023805
10.474916,0.036635,0.019149,0.001713,0.001475,0.004859,0.040778,0.023054
10.555184,0.035741,0.018663,0.001673,0.001379,0.004567,0.039697,0.022325
10.635452,0.034871,0.018194,0.001634,0.001285,0.004280,0.038645,0.021619
10.715719,0.034046,0.017741,0.001597,0.001193,0.003998,0.037642,0.020934
10.795987,0.033281,0.017304,0.001563,0.001105,0.003719,0.036704,0.020269
10.876254,0.032590,0.016883,0.001532,0.001018,0.003445,0.035845,0.019623
10.956522,0.031986,0.016475,0.001503,0.000934,0.003175,0.035077,0.018996
11.036789,0.031477,0.016080,0.001478,0.000852,0.002909,0.034409,0.018387
11.117057,0.031068,0.015698,0.001455,0.000772,0.002647,0.033846,0.017793
11.197324,0.030762,0.015328,0.001435,0.000694,0.002388,0.033391,0.017216
11.277592,0.030558,0.014967,0.001418,0.000618,0.002134,0.033043,0.016652
11.357860,0.030456,0.014616,0.001404,0.000543,0.001883,0.032801,0.016101
11.438127,0.030449,0.014273,0.001391,0.000470,0.001635,0.032658,0.015561
11.518395,0.030532,0.013937,0.001381,0.000399,0.001392,0.032609,0.015032
11.598662,0.030695,0.013607,0.001373,0.000329,0.001151,0.032643,0.014512
11.678930,0.030928,0.013281,0.001366,0.000261,0.000915,0.032751,0.013999
11.759197,0.031221,0.012958,0.001360,0.000194,0.000681,0.032921,0.013492
11.839465,0.031560,0.012637,0.001355,0.000128,0.000451,0.033140,0.012990
11.919732,0.031934,0.012316,0.001349,0.000064,0.000224,0.033395,0.012492
12.000000,0.032329,0.011995,0.001344,0.000000,0.000000,0.033673,0.011995
