# E,I
524.791000,0.000136
524.891334,0.000141
524.991669,0.000145
525.092003,0.000150
525.192338,0.000155
525.292672,0.000160
525.393007,0.000165
525.493341,0.000171
525.593676,0.000177
525.694010,0.000183
525.794344,0.000189
525.894679,0.000196
525.995013,0.000203
526.095348,0.000210
526.195682,0.000218
526.296017,0.000226
526.396351,0.000235
526.496686,0.000244
526.597020,0.000254
526.697355,0.000264
526.797689,0.000275
526.898023,0.000286
526.998358,0.000298
527.098692,0.000311
527.199027,0.000325
527.299361,0.000339
527.399696,0.000355
527.500030,0.000372
527.600365,0.000390
527.700699,0.000409
527.801033,0.000430
527.901368,0.000452
528.001702,0.000476
528.102037,0.000502
528.202371,0.000530
528.302706,0.000561
528.403040,0.000594
528.503375,0.000631
528.603709,0.000671
528.704043,0.000716
528.804378,0.000765
528.904712,0.000820
529.005047,0.000881
529.105381,0.000950
529.205716,0.001028
529.306050,0.001116
529.406385,0.001218
529.506719,0.001336
529.607054,0.001474
529.707388,0.001638
529.807722,0.001836
529.908057,0.002081
530.008391,0.002392
530.108726,0.002804
530.209060,0.003377
530.309395,0.004218
530.409729,0.005511
530.510064,0.007550
530.610398,0.010775
530.710732,0.015751
530.811067,0.023079
530.911401,0.033193
531.011736,0.046063
531.112070,0.060911
531.212405,0.076097
531.312739,0.089326
531.413074,0.098202
531.513408,0.100969
531.613742,0.097119
531.714077,0.087589
531.814411,0.074449
531.914746,0.060249
532.015080,0.047333
532.115415,0.037414
532.215749,0.031504
532.316084,0.030120
532.416418,0.033542
532.516753,0.041924
532.617087,0.055167
532.717421,0.072584
532.817756,0.092566
532.918090,0.112485
533.018425,0.129045
533.118759,0.139067
533.219094,0.140437
533.319428,0.132809
533.419763,0.117714
533.520097,0.098023
533.620431,0.077016
533.720766,0.057476
533.821100,0.041145
533.921435,0.028639
534.021769,0.019723
534.122104,0.013705
534.222438,0.009785
534.322773,0.007264
534.423107,0.005627
534.523441,0.004529
534.623776,0.003759
534.724110,0.003195
534.824445,0.002763
534.924779,0.002423
535.025114,0.002146
535.125448,0.001918
535.225783,0.001727
535.326117,0.001564
535.426452,0.001424
535.526786,0.001303
535.627120,0.001198
535.727455,0.001105
535.827789,0.001023
535.928124,0.000950
536.028458,0.000884
536.128793,0.000825
536.229127,0.000772
536.329462,0.000725
536.429796,0.000681
536.530130,0.000641
536.630465,0.000605
536.730799,0.000572
536.831134,0.000541
536.931468,0.000513
537.031803,0.000487
537.132137,0.000462
537.232472,0.000440
537.332806,0.000419
537.433140,0.000400
537.533475,0.000382
537.633809,0.000365
537.734144,0.000349
537.834478,0.000334
537.934813,0.000320
538.035147,0.000307
538.135482,0.000295
538.235816,0.000283
538.336151,0.000272
538.436485,0.000262
538.536819,0.000252
538.637154,0.000242
538.737488,0.000234
538.837823,0.000225
538.938157,0.000217
539.038492,0.000210
539.138826,0.000203
539.239161,0.000196
539.339495,0.000189
539.439829,0.000183
539.540164,0.000177
539.640498,0.000172
539.740833,0.000167
539.841167,0.000161
539.941502,0.000157
540.041836,0.000152
540.142171,0.000147
540.242505,0.000143
540.342839,0.000139
540.443174,0.000135
540.543508,0.000131
540.643843,0.000128
540.744177,0.000125
540.844512,0.000121
540.944846,0.000118
541.045181,0.000115
541.145515,0.000112
541.245849,0.000110
541.346184,0.000107
541.446518,0.000105
541.546853,0.000103
541.647187,0.000100
541.747522,0.000098
541.847856,0.000097
541.948191,0.000095
542.048525,0.000094
542.148860,0.000092
542.249194,0.000091
542.349528,0.000090
542.449863,0.000090
542.550197,0.000090
542.650532,0.000091
542.750866,0.000093
542.851201,0.000095
542.951535,0.000100
543.051870,0.000107
543.152204,0.000116
543.252538,0.000128
543.352873,0.000142
543.453207,0.000158
543.553542,0.000174
543.653876,0.000187
543.754211,0.000197
543.854545,0.000201
543.954880,0.000199
544.055214,0.000193
544.155548,0.000184
544.255883,0.000175
544.356217,0.000168
544.456552,0.000167
544.556886,0.000173
544.657221,0.000189
544.757555,0.000215
544.857890,0.000253
544.958224,0.000303
545.058559,0.000362
545.158893,0.000427
545.259227,0.000492
545.359562,0.000549
545.459896,0.000592
545.560231,0.000615
545.660565,0.000614
545.760900,0.000591
545.861234,0.000548
545.961569,0.000493
546.061903,0.000432
546.162237,0.000371
546.262572,0.000316
546.362906,0.000272
546.463241,0.000240
546.563575,0.000221
546.663910,0.000214
546.764244,0.000219
546.864579,0.000232
546.964913,0.000249
547.065247,0.000267
547.165582,0.000280
547.265916,0.000286
547.366251,0.000281
547.466585,0.000267
547.566920,0.000243
547.667254,0.000214
547.767589,0.000183
547.867923,0.000152
547.968258,0.000125
548.068592,0.000103
548.168926,0.000085
548.269261,0.000071
548.369595,0.000060
548.469930,0.000052
548.570264,0.000046
548.670599,0.000041
548.770933,0.000037
548.871268,0.000034
548.971602,0.000032
549.071936,0.000030
549.172271,0.000028
549.272605,0.000026
549.372940,0.000025
549.473274,0.000023
549.573609,0.000022
549.673943,0.000021
549.774278,0.000020
549.874612,0.000019
549.974946,0.000018
550.075281,0.000017
550.175615,0.000017
550.275950,0.000016
550.376284,0.000015
550.476619,0.000015
550.576953,0.000014
550.677288,0.000013
550.777622,0.000013
550.877957,0.000012
550.978291,0.000012
551.078625,0.000011
551.178960,0.000011
551.279294,0.000010
551.379629,0.000010
551.479963,0.000009
551.580298,0.000009
551.680632,0.000009
551.780967,0.000008
551.881301,0.000008
551.981635,0.000007
552.081970,0.000007
552.182304,0.000007
552.282639,0.000006
552.382973,0.000006
552.483308,0.000006
552.583642,0.000005
552.683977,0.000005
552.784311,0.000005
552.884645,0.000005
552.984980,0.000004
553.085314,0.000004
553.185649,0.000004
553.285983,0.000003
553.386318,0.000003
553.486652,0.000003
553.586987,0.000003
553.687321,0.000002
553.787656,0.000002
553.887990,0.000002
553.988324,0.000002
554.088659,0.000001
554.188993,0.000001
554.289328,0.000001
554.389662,0.000001
554.489997,0.000001
554.590331,0.000000
554.690666,0.000000
554.791000,0.000000
