# E,I32,I12,Ibg,Itot
380.000000,0.001487,0.000000,0.000000,0.001411
380.267559,0.001533,0.000004,0.000066,0.001526
380.535117,0.001581,0.000008,0.000101,0.001613
380.802676,0.001630,0.000012,0.000132,0.001698
381.070234,0.001682,0.000016,0.000203,0.001826
381.337793,0.001736,0.000020,0.000258,0.001939
381.605351,0.001793,0.000024,0.000315,0.002056
381.872910,0.001852,0.000029,0.000393,0.002198
382.140468,0.001913,0.000033,0.000488,0.002359
382.408027,0.001978,0.000038,0.000561,0.002501
382.675585,0.002045,0.000042,0.000637,0.002649
382.943144,0.002115,0.000047,0.000696,0.002783
383.210702,0.002189,0.000052,0.000742,0.002908
383.478261,0.002266,0.000057,0.000820,0.003068
383.745819,0.002348,0.000062,0.000898,0.003232
384.013378,0.002433,0.000067,0.000941,0.003366
384.280936,0.002523,0.000073,0.000983,0.003503
384.548495,0.002617,0.000078,0.001054,0.003673
384.816054,0.002717,0.000084,0.001137,0.003861
385.083612,0.002822,0.000090,0.001216,0.004051
385.351171,0.002932,0.000095,0.001304,0.004256
385.618729,0.003050,0.000101,0.001372,0.004447
385.886288,0.003174,0.000108,0.001468,0.004674
386.153846,0.003306,0.000114,0.001535,0.004878
386.421405,0.003446,0.000120,0.001613,0.005103
386.688963,0.003594,0.000127,0.001686,0.005332
386.956522,0.003753,0.000134,0.001793,0.005603
387.224080,0.003922,0.000141,0.001893,0.005879
387.491639,0.004103,0.000148,0.001987,0.006161
387.759197,0.004296,0.000155,0.002062,0.006437
388.026756,0.004504,0.000162,0.002186,0.006777
388.294314,0.004727,0.000170,0.002282,0.007103
388.561873,0.004968,0.000178,0.002389,0.007459
388.829431,0.005228,0.000186,0.002517,0.007855
389.096990,0.005509,0.000194,0.002653,0.008281
389.364548,0.005815,0.000203,0.002779,0.008722
389.632107,0.006148,0.000212,0.002875,0.009160
389.899666,0.006513,0.000221,0.002991,0.009649
390.167224,0.006912,0.000230,0.003113,0.010180
390.434783,0.007352,0.000240,0.003228,0.010744
390.702341,0.007838,0.000249,0.003345,0.011358
390.969900,0.008378,0.000260,0.003465,0.012028
391.237458,0.008981,0.000270,0.003573,0.012749
391.505017,0.009658,0.000281,0.003721,0.013585
391.772575,0.010423,0.000292,0.003871,0.014510
392.040134,0.011294,0.000303,0.004013,0.015535
392.307692,0.012293,0.000315,0.004173,0.016706
392.575251,0.013452,0.000327,0.004352,0.018056
392.842809,0.014811,0.000339,0.004533,0.019609
393.110368,0.016432,0.000352,0.004743,0.021452
393.377926,0.018401,0.000365,0.004928,0.023620
393.645485,0.020856,0.000379,0.005153,0.026313
393.913043,0.024012,0.000393,0.005415,0.029747
394.180602,0.028222,0.000408,0.005697,0.034253
394.448161,0.034056,0.000423,0.006054,0.040460
394.715719,0.042418,0.000438,0.006472,0.049256
394.983278,0.054695,0.000455,0.006932,0.062009
395.250836,0.072889,0.000471,0.007511,0.080801
395.518395,0.099699,0.000489,0.008136,0.108255
395.785953,0.138413,0.000507,0.008872,0.147726
396.053512,0.192533,0.000525,0.009708,0.202705
396.321070,0.265019,0.000545,0.010727,0.276235
396.588629,0.357211,0.000565,0.011875,0.369602
396.856187,0.467592,0.000585,0.013185,0.481322
397.123746,0.590804,0.000607,0.014719,0.606099
397.391304,0.717375,0.000629,0.016401,0.734384
397.658863,0.834535,0.000653,0.018292,0.853467
397.926421,0.928220,0.000677,0.020386,0.949277
398.193980,0.985867,0.000702,0.022579,1.009147
398.461538,0.999271,0.000729,0.024801,1.024801
398.729097,0.966583,0.000756,0.027004,0.994340
398.996656,0.892771,0.000785,0.029126,0.922673
399.264214,0.788399,0.000814,0.031084,0.820282
399.531773,0.667127,0.000846,0.032807,0.700755
399.799331,0.542771,0.000878,0.034350,0.577964
400.066890,0.426790,0.000913,0.035695,0.463354
400.334448,0.326818,0.000948,0.036890,0.364605
400.602007,0.246370,0.000986,0.037942,0.285240
400.869565,0.185503,0.001025,0.038873,0.225339
401.137124,0.141966,0.001066,0.039663,0.182630
401.404682,0.112399,0.001110,0.040344,0.153785
401.672241,0.093272,0.001155,0.040961,0.135320
401.939799,0.081465,0.001203,0.041547,0.124146
402.207358,0.074505,0.001254,0.042026,0.117715
402.474916,0.070577,0.001308,0.042491,0.114305
402.742475,0.068420,0.001364,0.042927,0.112641
403.010033,0.067191,0.001424,0.043365,0.111909
403.277592,0.066338,0.001487,0.043764,0.111519
403.545151,0.065514,0.001554,0.044157,0.111154
403.812709,0.064513,0.001626,0.044543,0.110610
404.080268,0.063234,0.001702,0.044931,0.109796
404.347826,0.061656,0.001783,0.045293,0.108660
404.615385,0.059811,0.001869,0.045651,0.107261
404.882943,0.057775,0.001962,0.045998,0.105664
405.150502,0.055643,0.002061,0.046341,0.103973
405.418060,0.053516,0.002167,0.046682,0.102294
405.685619,0.051488,0.002282,0.046997,0.100695
405.953177,0.049636,0.002405,0.047325,0.099295
406.220736,0.048014,0.002539,0.047688,0.098169
406.488294,0.046647,0.002684,0.048047,0.097305
406.755853,0.045540,0.002841,0.048419,0.096727
407.023411,0.044672,0.003013,0.048801,0.096413
407.290970,0.044007,0.003201,0.049236,0.096371
407.558528,0.043496,0.003407,0.049615,0.096446
407.826087,0.043085,0.003634,0.049990,0.096637
408.093645,0.042716,0.003886,0.050363,0.096893
408.361204,0.042334,0.004167,0.050711,0.097139
408.628763,0.041889,0.004480,0.051081,0.097377
408.896321,0.041340,0.004833,0.051444,0.097545
409.163880,0.040658,0.005232,0.051826,0.097643
409.431438,0.039823,0.005688,0.052183,0.097622
409.698997,0.038830,0.006213,0.052612,0.097581
409.966555,0.037680,0.006824,0.053002,0.097433
410.234114,0.036390,0.007544,0.053404,0.097265
410.501672,0.034978,0.008408,0.053815,0.097128
410.769231,0.033472,0.009466,0.054261,0.097127
411.036789,0.031901,0.010798,0.054733,0.097360
411.304348,0.030293,0.012532,0.055231,0.097984
411.571906,0.028678,0.014875,0.055793,0.099273
411.839465,0.027078,0.018162,0.056330,0.101497
412.107023,0.025517,0.022919,0.056911,0.105274
412.374582,0.024010,0.029937,0.057529,0.111404
412.642140,0.022570,0.040336,0.058177,0.121012
412.909699,0.021206,0.055576,0.058872,0.135583
413.177258,0.019922,0.077369,0.059605,0.156826
413.444816,0.018719,0.107424,0.060423,0.186500
413.712375,0.017598,0.147013,0.061302,0.225850
413.979933,0.016556,0.196386,0.062236,0.275119
414.247492,0.015590,0.254173,0.063230,0.332937
414.515050,0.014694,0.316982,0.064337,0.395962
414.782609,0.013864,0.379437,0.065557,0.458812
415.050167,0.013095,0.434796,0.066896,0.514745
415.317726,0.012383,0.476114,0.068279,0.556737
415.585284,0.011721,0.497704,0.069749,0.579137
415.852843,0.011107,0.496471,0.071265,0.578805
416.120401,0.010536,0.472669,0.072740,0.555906
416.387960,0.010004,0.429847,0.074222,0.514031
416.655518,0.009508,0.373976,0.075594,0.459031
416.923077,0.009045,0.312075,0.076902,0.397970
417.190635,0.008612,0.250768,0.078065,0.337388
417.458194,0.008206,0.195186,0.079148,0.282480
417.725753,0.007825,0.148431,0.080153,0.236346
417.993311,0.007468,0.111616,0.081072,0.200089
418.260870,0.007132,0.084306,0.081909,0.173277
418.528428,0.006816,0.065122,0.082677,0.154544
418.795987,0.006518,0.052312,0.083413,0.142172
419.063545,0.006237,0.044158,0.084101,0.134423
419.331104,0.005972,0.039203,0.084748,0.129850
419.598662,0.005721,0.036327,0.085369,0.127343
419.866221,0.005483,0.034724,0.085946,0.126080
420.133779,0.005258,0.033843,0.086508,0.125536
420.401338,0.005045,0.033318,0.087073,0.125362
420.668896,0.004842,0.032912,0.087581,0.125262
420.936455,0.004650,0.032478,0.088104,0.125158
421.204013,0.004467,0.031933,0.088623,0.124950
421.471572,0.004293,0.031242,0.089092,0.124554
421.739130,0.004128,0.030405,0.089602,0.124061
422.006689,0.003970,0.029445,0.090135,0.123477
422.274247,0.003820,0.028405,0.090620,0.122771
422.541806,0.003676,0.027334,0.091141,0.122078
422.809365,0.003540,0.026283,0.091630,0.121379
423.076923,0.003410,0.025295,0.092130,0.120761
423.344482,0.003285,0.024406,0.092589,0.120207
423.612040,0.003167,0.023637,0.093056,0.119786
423.879599,0.003053,0.022999,0.093556,0.119534
424.147157,0.002945,0.022487,0.094044,0.119402
424.414716,0.002842,0.022090,0.094540,0.119398
424.682274,0.002743,0.021787,0.095041,0.119497
424.949833,0.002649,0.021552,0.095537,0.119663
425.217391,0.002558,0.021357,0.096046,0.119887
425.484950,0.002472,0.021173,0.096533,0.120104
425.752508,0.002389,0.020974,0.097034,0.120322
426.020067,0.002310,0.020736,0.097561,0.120532
426.287625,0.002234,0.020440,0.098085,0.120685
426.555184,0.002161,0.020074,0.098610,0.120770
426.822742,0.002091,0.019629,0.099106,0.120752
427.090301,0.002024,0.019105,0.099644,0.120699
427.357860,0.001960,0.018506,0.100212,0.120603
427.625418,0.001899,0.017838,0.100756,0.120418
427.892977,0.001840,0.017115,0.101285,0.120164
428.160535,0.001783,0.016349,0.101876,0.119934
428.428094,0.001728,0.015556,0.102425,0.119634
428.695652,0.001676,0.014749,0.102992,0.119342
428.963211,0.001625,0.013943,0.103587,0.119080
429.230769,0.001576,0.013148,0.104186,0.118836
429.498328,0.001530,0.012376,0.104781,0.118612
429.765886,0.001485,0.011634,0.105331,0.118374
430.033445,0.001441,0.010926,0.105909,0.118202
430.301003,0.001399,0.010257,0.106489,0.118071
430.568562,0.001359,0.009629,0.107092,0.118005
430.836120,0.001320,0.009042,0.107642,0.117929
431.103679,0.001282,0.008495,0.108209,0.117911
431.371237,0.001246,0.007987,0.108799,0.117957
431.638796,0.001211,0.007516,0.109362,0.118014
431.906355,0.001177,0.007080,0.109921,0.118102
432.173913,0.001144,0.006676,0.110482,0.118226
432.441472,0.001112,0.006301,0.111022,0.118360
432.709030,0.001082,0.005954,0.111538,0.118498
432.976589,0.001052,0.005632,0.112048,0.118656
433.244147,0.001023,0.005332,0.112572,0.118852
433.511706,0.000996,0.005053,0.113096,0.119070
433.779264,0.000969,0.004794,0.113619,0.119306
434.046823,0.000942,0.004552,0.114125,0.119543
434.314381,0.000917,0.004325,0.114617,0.119784
434.581940,0.000892,0.004113,0.115116,0.120047
434.849498,0.000869,0.003915,0.115590,0.120297
435.117057,0.000845,0.003729,0.116085,0.120584
435.384615,0.000823,0.003554,0.116604,0.120905
435.652174,0.000801,0.003389,0.117097,0.121212
435.919732,0.000780,0.003234,0.117570,0.121509
436.187291,0.000759,0.003088,0.118039,0.121811
436.454849,0.000739,0.002951,0.118514,0.122128
436.722408,0.000720,0.002820,0.118963,0.122428
436.989967,0.000701,0.002697,0.119400,0.122723
437.257525,0.000683,0.002581,0.119866,0.123054
437.525084,0.000665,0.002470,0.120325,0.123385
437.792642,0.000647,0.002365,0.120756,0.123693
438.060201,0.000630,0.002266,0.121215,0.124036
438.327759,0.000614,0.002171,0.121657,0.124366
438.595318,0.000598,0.002082,0.122099,0.124702
438.862876,0.000582,0.001996,0.122560,0.125062
439.130435,0.000567,0.001915,0.123035,0.125441
439.397993,0.000552,0.001837,0.123477,0.125790
439.665552,0.000537,0.001763,0.123907,0.126132
439.933110,0.000523,0.001693,0.124347,0.126488
440.200669,0.000510,0.001626,0.124760,0.126819
440.468227,0.000496,0.001562,0.125223,0.127205
440.735786,0.000483,0.001500,0.125688,0.127595
441.003344,0.000470,0.001442,0.126125,0.127961
441.270903,0.000458,0.001386,0.126545,0.128313
441.538462,0.000445,0.001333,0.126991,0.128694
441.806020,0.000433,0.001282,0.127438,0.129077
442.073579,0.000422,0.001233,0.127856,0.129435
442.341137,0.000410,0.001187,0.128308,0.129829
442.608696,0.000399,0.001142,0.128752,0.130218
442.876254,0.000388,0.001100,0.129171,0.130583
443.143813,0.000378,0.001059,0.129632,0.130993
443.411371,0.000367,0.001020,0.130087,0.131398
443.678930,0.000357,0.000983,0.130551,0.131815
443.946488,0.000347,0.000947,0.131036,0.132254
444.214047,0.000338,0.000912,0.131518,0.132692
444.481605,0.000328,0.000879,0.131973,0.133105
444.749164,0.000319,0.000848,0.132422,0.133512
445.016722,0.000310,0.000817,0.132860,0.133911
445.284281,0.000301,0.000788,0.133331,0.134344
445.551839,0.000292,0.000760,0.133790,0.134766
445.819398,0.000283,0.000733,0.134261,0.135202
446.086957,0.000275,0.000707,0.134726,0.135632
446.354515,0.000267,0.000682,0.135178,0.136051
446.622074,0.000259,0.000658,0.135628,0.136469
446.889632,0.000251,0.000635,0.136091,0.136901
447.157191,0.000243,0.000613,0.136532,0.137312
447.424749,0.000236,0.000592,0.136965,0.137716
447.692308,0.000228,0.000571,0.137390,0.138114
447.959866,0.000221,0.000551,0.137785,0.138481
448.227425,0.000214,0.000532,0.138211,0.138881
448.494983,0.000207,0.000513,0.138658,0.139302
448.762542,0.000200,0.000495,0.139073,0.139692
449.030100,0.000193,0.000478,0.139509,0.140105
449.297659,0.000187,0.000461,0.139925,0.140497
449.565217,0.000180,0.000445,0.140329,0.140878
449.832776,0.000174,0.000429,0.140698,0.141226
450.100334,0.000168,0.000414,0.141116,0.141622
450.367893,0.000162,0.000399,0.141534,0.142019
450.635452,0.000156,0.000385,0.141935,0.142400
450.903010,0.000150,0.000371,0.142346,0.142791
451.170569,0.000144,0.000358,0.142749,0.143175
451.438127,0.000138,0.000345,0.143153,0.143560
451.705686,0.000133,0.000333,0.143563,0.143952
451.973244,0.000127,0.000320,0.143959,0.144331
452.240803,0.000122,0.000309,0.144380,0.144735
452.508361,0.000117,0.000297,0.144778,0.145116
452.775920,0.000112,0.000286,0.145161,0.145482
453.043478,0.000107,0.000275,0.145531,0.145837
453.311037,0.000102,0.000265,0.145963,0.146253
453.578595,0.000097,0.000255,0.146347,0.146622
453.846154,0.000092,0.000245,0.146697,0.146957
454.113712,0.000087,0.000235,0.147059,0.147305
454.381271,0.000082,0.000226,0.147421,0.147653
454.648829,0.000078,0.000216,0.147772,0.147991
454.916388,0.000073,0.000208,0.148114,0.148319
455.183946,0.000069,0.000199,0.148449,0.148641
455.451505,0.000064,0.000191,0.148796,0.148975
455.719064,0.000060,0.000182,0.149156,0.149322
455.986622,0.000056,0.000174,0.149512,0.149666
456.254181,0.000052,0.000167,0.149852,0.149994
456.521739,0.000048,0.000159,0.150168,0.150299
456.789298,0.000044,0.000152,0.150513,0.150633
457.056856,0.000040,0.000145,0.150840,0.150948
457.324415,0.000036,0.000138,0.151177,0.151274
457.591973,0.000032,0.000131,0.151508,0.151595
457.859532,0.000028,0.000124,0.151868,0.151944
458.127090,0.000024,0.000118,0.152200,0.152265
458.394649,0.000021,0.000111,0.152558,0.152614
458.662207,0.000017,0.000105,0.152907,0.152953
458.929766,0.000014,0.000099,0.153231,0.153268
459.197324,0.000010,0.000093,0.153559,0.153586
459.464883,0.000007,0.000087,0.153893,0.153911
459.732441,0.000003,0.000082,0.154195,0.154204
460.000000,0.000000,0.000076,0.154504,0.154504
