# E,Id,Ip,Ioct,Itot,Ibg
-4.752080,0.000258,0.000030,0.000000,0.000000,nan
-4.685190,0.000400,0.000035,0.000104,0.000251,nan
-4.618301,0.000547,0.000039,0.000210,0.000508,nan
-4.551411,0.000699,0.000044,0.000318,0.000774,nan
-4.484522,0.000856,0.000049,0.000429,0.001047,nan
-4.417632,0.001020,0.000055,0.000542,0.001328,nan
-4.350743,0.001189,0.000060,0.000657,0.001618,nan
-4.283853,0.001364,0.000065,0.000775,0.001917,nan
-4.216963,0.001546,0.000071,0.000895,0.002225,nan
-4.150074,0.001735,0.000077,0.001018,0.002542,nan
-4.083184,0.001931,0.000083,0.001144,0.002870,nan
-4.016295,0.002135,0.000089,0.001272,0.003209,nan
-3.949405,0.002346,0.000095,0.001404,0.003558,nan
-3.882516,0.002567,0.000102,0.001538,0.003920,nan
-3.815626,0.002796,0.000108,0.001676,0.004293,nan
-3.748737,0.003035,0.000115,0.001816,0.004680,nan
-3.681847,0.003283,0.000122,0.001960,0.005080,nan
-3.614957,0.003543,0.000130,0.002108,0.005494,nan
-3.548068,0.003813,0.000137,0.002258,0.005923,nan
-3.481178,0.004095,0.000145,0.002413,0.006368,nan
-3.414289,0.004390,0.000154,0.002571,0.006829,nan
-3.347399,0.004699,0.000162,0.002733,0.007308,nan
-3.280510,0.005021,0.000171,0.002900,0.007806,nan
-3.213620,0.005358,0.000180,0.003070,0.008323,nan
-3.146730,0.005712,0.000189,0.003245,0.008860,nan
-3.079841,0.006083,0.000199,0.003424,0.009420,nan
-3.012951,0.006472,0.000209,0.003607,0.010003,nan
-2.946062,0.006880,0.000219,0.003796,0.010611,nan
-2.879172,0.007309,0.000230,0.003989,0.011245,nan
-2.812283,0.007761,0.000242,0.004188,0.011906,nan
-2.745393,0.008237,0.000254,0.004392,0.012598,nan
-2.678503,0.008738,0.000266,0.004602,0.013321,nan
-2.611614,0.009267,0.000279,0.004817,0.014079,nan
-2.544724,0.009825,0.000292,0.005039,0.014872,nan
-2.477835,0.010416,0.000306,0.005266,0.015705,nan
-2.410945,0.011041,0.000321,0.005501,0.016579,nan
-2.344056,0.011703,0.000336,0.005742,0.017498,nan
-2.277166,0.012406,0.000352,0.005990,0.018466,nan
-2.210277,0.013153,0.000369,0.006245,0.019485,nan
-2.143387,0.013947,0.000387,0.006509,0.020561,nan
-2.076497,0.014794,0.000405,0.006780,0.021697,nan
-2.009608,0.015697,0.000425,0.007060,0.022900,nan
-1.942718,0.016662,0.000446,0.007349,0.024175,nan
-1.875829,0.017694,0.000468,0.007646,0.025528,nan
-1.808939,0.018801,0.000491,0.007954,0.026966,nan
-1.742050,0.019990,0.000515,0.008272,0.028497,nan
-1.675160,0.021269,0.000541,0.008600,0.030132,nan
-1.608270,0.022648,0.000569,0.008940,0.031879,nan
-1.541381,0.024138,0.000599,0.009291,0.033750,nan
-1.474491,0.025751,0.000630,0.009655,0.035759,nan
-1.407602,0.027502,0.000664,0.010031,0.037920,nan
-1.340712,0.029406,0.000701,0.010422,0.040252,nan
-1.273823,0.031483,0.000740,0.010827,0.042774,nan
-1.206933,0.033753,0.000782,0.011247,0.045508,nan
-1.140043,0.036244,0.000828,0.011684,0.048481,nan
-1.073154,0.038983,0.000877,0.012138,0.051725,nan
-1.006264,0.042005,0.000931,0.012610,0.055275,nan
-0.939375,0.045350,0.000991,0.013102,0.059172,nan
-0.872485,0.049066,0.001055,0.013614,0.063465,nan
-0.805596,0.053206,0.001127,0.014149,0.068213,nan
-0.738706,0.057834,0.001206,0.014707,0.073480,nan
-0.671817,0.063026,0.001293,0.015290,0.079344,nan
-0.604927,0.068869,0.001390,0.015901,0.085896,nan
-0.538037,0.075460,0.001499,0.016540,0.093239,nan
-0.471148,0.082916,0.001621,0.017211,0.101489,nan
-0.404258,0.091363,0.001757,0.017916,0.110780,nan
-0.337369,0.100943,0.001911,0.018658,0.121258,nan
-0.270479,0.111809,0.002084,0.019439,0.133082,nan
-0.203590,0.124123,0.002278,0.020264,0.146419,nan
-0.136700,0.138047,0.002497,0.021136,0.161439,nan
-0.069810,0.153738,0.002742,0.022060,0.178304,nan
-0.002921,0.171334,0.003015,0.023042,0.197159,nan
0.063969,0.190938,0.003318,0.024086,0.218117,nan
0.130858,0.212607,0.003652,0.025200,0.241241,nan
0.197748,0.236328,0.004017,0.026391,0.266524,nan
0.264637,0.261998,0.004410,0.027669,0.293874,nan
0.331527,0.289413,0.004830,0.029044,0.323092,nan
0.398417,0.318247,0.005272,0.030527,0.353860,nan
0.465306,0.348050,0.005728,0.032134,0.385735,nan
0.532196,0.378244,0.006191,0.033879,0.418147,nan
0.599085,0.408136,0.006651,0.035782,0.450411,nan
0.665975,0.436940,0.007096,0.037865,0.481751,nan
0.732864,0.463810,0.007513,0.040151,0.511333,nan
0.799754,0.487882,0.007891,0.042668,0.538308,nan
0.866643,0.508325,0.008218,0.045447,0.561864,nan
0.933533,0.524394,0.008481,0.048522,0.581277,nan
1.000423,0.535475,0.008674,0.051929,0.595962,nan
1.067312,0.541137,0.008788,0.055704,0.605516,nan
1.134202,0.541155,0.008822,0.059885,0.609750,nan
1.201091,0.535531,0.008776,0.064507,0.608701,nan
1.267981,0.524496,0.008652,0.069597,0.602631,nan
1.334870,0.508487,0.008457,0.075178,0.592005,nan
1.401760,0.488120,0.008201,0.081257,0.577456,nan
1.468650,0.464144,0.007895,0.087827,0.559738,nan
1.535539,0.437391,0.007550,0.094859,0.539667,nan
1.602429,0.408727,0.007180,0.102301,0.518069,nan
1.669318,0.378996,0.006796,0.110077,0.495724,nan
1.736208,0.348984,0.006412,0.118081,0.473325,nan
1.803097,0.319381,0.006036,0.126184,0.451443,nan
1.869987,0.290762,0.005678,0.134234,0.430510,nan
1.936877,0.263576,0.005345,0.142066,0.410817,nan
2.003766,0.238147,0.005040,0.149503,0.392515,nan
2.070656,0.214677,0.004769,0.156375,0.375640,nan
2.137545,0.193266,0.004532,0.162522,0.360136,nan
2.204435,0.173926,0.004330,0.167813,0.345880,nan
2.271324,0.156602,0.004162,0.172147,0.332720,nan
2.338214,0.141189,0.004028,0.175471,0.320493,nan
2.405103,0.127548,0.003927,0.177779,0.309055,nan
2.471993,0.115526,0.003855,0.179113,0.298292,nan
2.538883,0.104959,0.003812,0.179568,0.288134,nan
2.605772,0.095689,0.003796,0.179280,0.278557,nan
2.672662,0.087562,0.003806,0.178421,0.269580,nan
2.739551,0.080440,0.003840,0.177193,0.261261,nan
2.806441,0.074197,0.003898,0.175809,0.253689,nan
2.873330,0.068719,0.003979,0.174490,0.246972,nan
2.940220,0.063912,0.004083,0.173452,0.241229,nan
3.007110,0.059689,0.004210,0.172902,0.236581,nan
3.073999,0.055980,0.004361,0.173027,0.233146,nan
3.140889,0.052722,0.004536,0.173997,0.231034,nan
3.207778,0.049866,0.004738,0.175962,0.230344,nan
3.274668,0.047367,0.004967,0.179053,0.231166,nan
3.341557,0.045189,0.005226,0.183388,0.233582,nan
3.408447,0.043304,0.005516,0.189070,0.237671,nan
3.475337,0.041685,0.005842,0.196196,0.243506,nan
3.542226,0.040314,0.006206,0.204858,0.251163,nan
3.609116,0.039175,0.006612,0.215145,0.260719,nan
3.676005,0.038255,0.007063,0.227144,0.272253,nan
3.742895,0.037546,0.007565,0.240946,0.285850,nan
3.809784,0.037039,0.008121,0.256633,0.301592,nan
3.876674,0.036732,0.008736,0.274287,0.319559,nan
3.943563,0.036621,0.009415,0.293976,0.339821,nan
4.010453,0.036704,0.010161,0.315755,0.362436,nan
4.077343,0.036981,0.010979,0.339653,0.387437,nan
4.144232,0.037452,0.011872,0.365672,0.414826,nan
4.211122,0.038116,0.012840,0.393772,0.444567,nan
4.278011,0.038971,0.013883,0.423869,0.476572,nan
4.344901,0.040015,0.015000,0.455826,0.510700,nan
4.411790,0.041242,0.016186,0.489445,0.546742,nan
4.478680,0.042644,0.017432,0.524466,0.584422,nan
4.545570,0.044208,0.018728,0.560562,0.623390,nan
4.612459,0.045920,0.020059,0.597343,0.663225,nan
4.679349,0.047758,0.021408,0.634354,0.703435,nan
4.746238,0.049699,0.022752,0.671087,0.743464,nan
4.813128,0.051712,0.024069,0.706988,0.782708,nan
4.880017,0.053767,0.025333,0.741473,0.820521,nan
4.946907,0.055826,0.026516,0.773942,0.856243,nan
5.013797,0.057855,0.027591,0.803799,0.889213,nan
5.080686,0.059817,0.028531,0.830478,0.918803,nan
5.147576,0.061678,0.029314,0.853460,0.944436,nan
5.214465,0.063408,0.029918,0.872300,0.965615,nan
5.281355,0.064981,0.030327,0.886649,0.981952,nan
5.348244,0.066380,0.030533,0.896272,0.993183,nan
5.415134,0.067596,0.030530,0.901063,0.999188,nan
5.482023,0.068628,0.030320,0.901052,1.000000,nan
5.548913,0.069484,0.029913,0.896412,0.995809,nan
5.615803,0.070182,0.029323,0.887451,0.986952,nan
5.682692,0.070745,0.028568,0.874597,0.973902,nan
5.749582,0.071203,0.027671,0.858383,0.957245,nan
5.816471,0.071588,0.026658,0.839417,0.937646,nan
5.883361,0.071932,0.025557,0.818355,0.915819,nan
5.950250,0.072267,0.024393,0.795864,0.892493,nan
6.017140,0.072618,0.023193,0.772595,0.868367,nan
6.084030,0.073003,0.021981,0.749149,0.844088,nan
6.150919,0.073432,0.020778,0.726055,0.820213,nan
6.217809,0.073905,0.019601,0.703746,0.797193,nan
6.284698,0.074410,0.018465,0.682550,0.775360,nan
6.351588,0.074925,0.017380,0.662688,0.754922,nan
6.418477,0.075419,0.016353,0.644269,0.735965,nan
6.485367,0.075854,0.015387,0.627308,0.718468,nan
6.552257,0.076186,0.014484,0.611739,0.702322,nan
6.619146,0.076368,0.013641,0.597430,0.687349,nan
6.686036,0.076356,0.012857,0.584210,0.673328,nan
6.752925,0.076107,0.012126,0.571884,0.660020,nan
6.819815,0.075587,0.011444,0.560258,0.647188,nan
6.886704,0.074768,0.010806,0.549152,0.634620,nan
6.953594,0.073634,0.010207,0.538409,0.622142,nan
7.020483,0.072181,0.009643,0.527912,0.609623,nan
7.087373,0.070415,0.009108,0.517576,0.596984,nan
7.154263,0.068356,0.008601,0.507355,0.584192,nan
7.221152,0.066031,0.008119,0.497233,0.571259,nan
7.288042,0.063476,0.007659,0.487220,0.558227,nan
7.354931,0.060735,0.007220,0.477338,0.545162,nan
7.421821,0.057852,0.006801,0.467619,0.532138,nan
7.488710,0.054877,0.006403,0.458091,0.519232,nan
7.555600,0.051855,0.006024,0.448776,0.506512,nan
7.622490,0.048830,0.005664,0.439681,0.494029,nan
7.689379,0.045842,0.005323,0.430796,0.481813,nan
7.756269,0.042927,0.005002,0.422097,0.469873,nan
7.823158,0.040111,0.004700,0.413542,0.458197,nan
7.890048,0.037419,0.004416,0.405078,0.446753,nan
7.956937,0.034867,0.004150,0.396643,0.435497,nan
8.023827,0.032465,0.003902,0.388173,0.424374,nan
8.090717,0.030220,0.003671,0.379602,0.413324,nan
8.157606,0.028134,0.003455,0.370872,0.402289,nan
8.224496,0.026205,0.003255,0.361932,0.391218,nan
8.291385,0.024430,0.003070,0.352746,0.380066,nan
8.358275,0.022801,0.002897,0.343287,0.368803,nan
8.425164,0.021311,0.002737,0.333545,0.357408,nan
8.492054,0.019952,0.002589,0.323524,0.345877,nan
8.558943,0.018715,0.002451,0.313240,0.334214,nan
8.625833,0.017592,0.002323,0.302719,0.322438,nan
8.692723,0.016572,0.002204,0.291997,0.310574,nan
8.759612,0.015650,0.002093,0.281116,0.298657,nan
8.826502,0.014816,0.001990,0.270123,0.286723,nan
8.893391,0.014063,0.001893,0.259068,0.274816,nan
8.960281,0.013386,0.001803,0.248001,0.262978,nan
9.027170,0.012778,0.001719,0.236972,0.251253,nan
9.094060,0.012234,0.001641,0.226030,0.239686,nan
9.160950,0.011749,0.001567,0.215223,0.228316,nan
9.227839,0.011320,0.001497,0.204595,0.217186,nan
9.294729,0.010942,0.001432,0.194188,0.206334,nan
9.361618,0.010613,0.001371,0.184042,0.195795,nan
9.428508,0.010330,0.001313,0.174193,0.185602,nan
9.495397,0.010091,0.001259,0.164672,0.175784,nan
9.562287,0.009895,0.001208,0.155506,0.166368,nan
9.629177,0.009739,0.001159,0.146718,0.157374,nan
9.696066,0.009624,0.001113,0.138328,0.148819,nan
9.762956,0.009548,0.001070,0.130346,0.140716,nan
9.829845,0.009511,0.001029,0.122781,0.133072,nan
9.896735,0.009514,0.000990,0.115636,0.125889,nan
9.963624,0.009556,0.000953,0.108909,0.119164,nan
10.030514,0.009639,0.000918,0.102591,0.112893,nan
10.097403,0.009762,0.000885,0.096674,0.107064,nan
10.164293,0.009928,0.000853,0.091143,0.101665,nan
10.231183,0.010136,0.000824,0.085981,0.096681,nan
10.298072,0.010388,0.000795,0.081171,0.092093,nan
10.364962,0.010686,0.000768,0.076692,0.087884,nan
10.431851,0.011030,0.000743,0.072525,0.084034,nan
10.498741,0.011422,0.000719,0.068647,0.080523,nan
10.565630,0.011862,0.000696,0.065040,0.077332,nan
10.632520,0.012352,0.000674,0.061682,0.074442,nan
10.699410,0.012891,0.000654,0.058555,0.071832,nan
10.766299,0.013479,0.000634,0.055641,0.069486,nan
10.833189,0.014115,0.000616,0.052922,0.067384,nan
10.900078,0.014797,0.000599,0.050383,0.065510,nan
10.966968,0.015522,0.000582,0.048009,0.063844,nan
11.033857,0.016287,0.000567,0.045787,0.062371,nan
11.100747,0.017087,0.000552,0.043704,0.061072,nan
11.167637,0.017914,0.000538,0.041748,0.059930,nan
11.234526,0.018762,0.000525,0.039911,0.058926,nan
11.301416,0.019620,0.000512,0.038181,0.058042,nan
11.368305,0.020479,0.000500,0.036552,0.057259,nan
11.435195,0.021326,0.000488,0.035014,0.056557,nan
11.502084,0.022149,0.000477,0.033561,0.055916,nan
11.568974,0.022935,0.000466,0.032187,0.055317,nan
11.635863,0.023670,0.000456,0.030886,0.054739,nan
11.702753,0.024339,0.000445,0.029652,0.054164,nan
11.769643,0.024929,0.000435,0.028481,0.053573,nan
11.836532,0.025429,0.000425,0.027368,0.052949,nan
11.903422,0.025825,0.000415,0.026310,0.052277,nan
11.970311,0.026110,0.000404,0.025302,0.051543,nan
12.037201,0.026275,0.000394,0.024342,0.050738,nan
12.104090,0.026316,0.000383,0.023426,0.049852,nan
12.170980,0.026231,0.000372,0.022551,0.048881,nan
12.237870,0.026020,0.000361,0.021715,0.047823,nan
12.304759,0.025686,0.000350,0.020916,0.046678,nan
12.371649,0.025236,0.000339,0.020151,0.045450,nan
12.438538,0.024676,0.000327,0.019418,0.044146,nan
12.505428,0.024017,0.000316,0.018715,0.042772,nan
12.572317,0.023271,0.000304,0.018041,0.041340,nan
12.639207,0.022449,0.000292,0.017394,0.039859,nan
12.706097,0.021566,0.000281,0.016772,0.038342,nan
12.772986,0.020634,0.000269,0.016175,0.036801,nan
12.839876,0.019667,0.000258,0.015600,0.035247,nan
12.906765,0.018678,0.000246,0.015047,0.033693,nan
12.973655,0.017677,0.000235,0.014515,0.032148,nan
13.040544,0.016675,0.000224,0.014002,0.030622,nan
13.107434,0.015683,0.000213,0.013507,0.029123,nan
13.174323,0.014707,0.000202,0.013030,0.027660,nan
13.241213,0.013755,0.000192,0.012570,0.026237,nan
13.308103,0.012833,0.000182,0.012125,0.024859,nan
13.374992,0.011943,0.000172,0.011696,0.023530,nan
13.441882,0.011090,0.000163,0.011281,0.022252,nan
13.508771,0.010276,0.000154,0.010880,0.021027,nan
13.575661,0.009501,0.000145,0.010491,0.019855,nan
13.642550,0.008766,0.000136,0.010116,0.018736,nan
13.709440,0.008072,0.000128,0.009752,0.017670,nan
13.776330,0.007417,0.000120,0.009400,0.016655,nan
13.843219,0.006801,0.000113,0.009059,0.015689,nan
13.910109,0.006222,0.000105,0.008728,0.014772,nan
13.976998,0.005679,0.000098,0.008407,0.013901,nan
14.043888,0.005170,0.000091,0.008096,0.013074,nan
14.110777,0.004693,0.000085,0.007795,0.012289,nan
14.177667,0.004247,0.000078,0.007502,0.011543,nan
14.244557,0.003830,0.000072,0.007217,0.010835,nan
14.311446,0.003440,0.000066,0.006941,0.010163,nan
14.378336,0.003075,0.000061,0.006672,0.009523,nan
14.445225,0.002734,0.000055,0.006412,0.008916,nan
14.512115,0.002415,0.000050,0.006158,0.008337,nan
14.579004,0.002117,0.000044,0.005911,0.007787,nan
14.645894,0.001838,0.000039,0.005671,0.007262,nan
14.712783,0.001576,0.000034,0.005438,0.006762,nan
14.779673,0.001331,0.000030,0.005210,0.006285,nan
14.846563,0.001102,0.000025,0.004989,0.005830,nan
14.913452,0.000887,0.000021,0.004774,0.005395,nan
14.980342,0.000686,0.000016,0.004564,0.004980,nan
15.047231,0.000497,0.000012,0.004359,0.004582,nan
15.114121,0.000321,0.000008,0.004160,0.004202,nan
15.181010,0.000155,0.000004,0.003965,0.003838,nan
15.247900,0.000000,0.000000,0.003776,0.003489,nan
