E,dup,ddn,pup,pdn,octup,octdn,totup,totdn
-12.000000,0.125075,-0.000000,0.012865,-0.000000,0.077622,-0.077622,0.215562,-0.077622
-11.919732,0.129721,-0.000030,0.013364,-0.000002,0.080277,-0.080277,0.223363,-0.080309
-11.839465,0.134402,-0.000061,0.013882,-0.000005,0.083064,-0.083064,0.231348,-0.083130
-11.759197,0.139083,-0.000092,0.014417,-0.000007,0.085994,-0.085994,0.239494,-0.086093
-11.678930,0.143726,-0.000124,0.014970,-0.000009,0.089077,-0.089077,0.247773,-0.089210
-11.598662,0.148289,-0.000156,0.015540,-0.000012,0.092325,-0.092325,0.256154,-0.092492
-11.518395,0.152724,-0.000189,0.016126,-0.000014,0.095751,-0.095751,0.264602,-0.095954
-11.438127,0.156985,-0.000222,0.016728,-0.000017,0.099371,-0.099371,0.273084,-0.099610
-11.357860,0.161023,-0.000256,0.017344,-0.000019,0.103202,-0.103202,0.281569,-0.103477
-11.277592,0.164795,-0.000290,0.017973,-0.000022,0.107262,-0.107262,0.290030,-0.107574
-11.197324,0.168259,-0.000325,0.018615,-0.000024,0.111573,-0.111573,0.298447,-0.111923
-11.117057,0.171383,-0.000361,0.019268,-0.000027,0.116159,-0.116159,0.306810,-0.116547
-11.036789,0.174139,-0.000397,0.019933,-0.000030,0.121048,-0.121048,0.315120,-0.121475
-10.956522,0.176510,-0.000434,0.020608,-0.000033,0.126273,-0.126273,0.323391,-0.126740
-10.876254,0.178489,-0.000471,0.021295,-0.000036,0.131869,-0.131869,0.331653,-0.132376
-10.795987,0.180077,-0.000509,0.021992,-0.000038,0.137880,-0.137880,0.339949,-0.138427
-10.715719,0.181285,-0.000548,0.022703,-0.000041,0.144353,-0.144353,0.348341,-0.144943
-10.635452,0.182133,-0.000588,0.023426,-0.000044,0.151345,-0.151345,0.356905,-0.151978
-10.555184,0.182646,-0.000628,0.024165,-0.000047,0.158923,-0.158923,0.365734,-0.159598
-10.474916,0.182856,-0.000669,0.024921,-0.000051,0.167161,-0.167161,0.374937,-0.167880
-10.394649,0.182797,-0.000711,0.025695,-0.000054,0.176147,-0.176147,0.384639,-0.176911
-10.314381,0.182508,-0.000753,0.026489,-0.000057,0.185982,-0.185982,0.394978,-0.186792
-10.234114,0.182023,-0.000796,0.027305,-0.000060,0.196781,-0.196781,0.406109,-0.197638
-10.153846,0.181376,-0.000840,0.028144,-0.000064,0.208679,-0.208679,0.418199,-0.209583
-10.073579,0.180599,-0.000885,0.029007,-0.000067,0.221827,-0.221827,0.431433,-0.222779
-9.993311,0.179718,-0.000931,0.029895,-0.000070,0.236396,-0.236396,0.446010,-0.237398
-9.913043,0.178754,-0.000978,0.030809,-0.000074,0.252582,-0.252582,0.462145,-0.253634
-9.832776,0.177723,-0.001025,0.031748,-0.000078,0.270602,-0.270602,0.480072,-0.271705
-9.752508,0.176636,-0.001073,0.032712,-0.000081,0.290696,-0.290696,0.500044,-0.291851
-9.672241,0.175501,-0.001123,0.033700,-0.000085,0.313132,-0.313132,0.522333,-0.314340
-9.591973,0.174321,-0.001173,0.034713,-0.000089,0.338198,-0.338198,0.547232,-0.339460
-9.511706,0.173096,-0.001224,0.035748,-0.000093,0.366208,-0.366208,0.575052,-0.367525
-9.431438,0.171824,-0.001276,0.036806,-0.000097,0.397496,-0.397496,0.606126,-0.398869
-9.351171,0.170505,-0.001330,0.037885,-0.000101,0.432414,-0.432414,0.640804,-0.433845
-9.270903,0.169135,-0.001384,0.038985,-0.000105,0.471329,-0.471329,0.679449,-0.472818
-9.190635,0.167715,-0.001440,0.040104,-0.000109,0.514615,-0.514615,0.722434,-0.516164
-9.110368,0.166244,-0.001496,0.041244,-0.000114,0.562649,-0.562649,0.770137,-0.564259
-9.030100,0.164725,-0.001554,0.042404,-0.000118,0.615803,-0.615803,0.822932,-0.617475
-8.949833,0.163164,-0.001613,0.043585,-0.000123,0.674432,-0.674432,0.881180,-0.676167
-8.869565,0.161566,-0.001673,0.044788,-0.000127,0.738866,-0.738866,0.945220,-0.740666
-8.789298,0.159942,-0.001735,0.046015,-0.000132,0.809399,-0.809399,1.015356,-0.811265
-8.709030,0.158304,-0.001797,0.047269,-0.000137,0.886274,-0.886274,1.091846,-0.888208
-8.628763,0.156664,-0.001861,0.048552,-0.000142,0.969672,-0.969672,1.174888,-0.971675
-8.548495,0.155039,-0.001927,0.049868,-0.000147,1.059698,-1.059698,1.264605,-1.061772
-8.468227,0.153445,-0.001994,0.051221,-0.000152,1.156367,-1.156367,1.361033,-1.158513
-8.387960,0.151899,-0.002062,0.052616,-0.000157,1.259592,-1.259592,1.464107,-1.261812
-8.307692,0.150422,-0.002132,0.054058,-0.000163,1.369172,-1.369172,1.573652,-1.371467
-8.227425,0.149031,-0.002203,0.055553,-0.000168,1.484784,-1.484784,1.689369,-1.487155
-8.147157,0.147747,-0.002276,0.057109,-0.000174,1.605974,-1.605974,1.810830,-1.608424
-8.066890,0.146588,-0.002351,0.058731,-0.000180,1.732160,-1.732160,1.937478,-1.734690
-7.986622,0.145572,-0.002427,0.060427,-0.000185,1.862626,-1.862626,2.068625,-1.865239
-7.906355,0.144718,-0.002505,0.062205,-0.000191,1.996537,-1.996537,2.203460,-1.999234
-7.826087,0.144043,-0.002585,0.064073,-0.000198,2.132948,-2.132948,2.341064,-2.135731
-7.745819,0.143562,-0.002667,0.066039,-0.000204,2.270823,-2.270823,2.480424,-2.273694
-7.665552,0.143290,-0.002751,0.068112,-0.000210,2.409059,-2.409059,2.620461,-2.412020
-7.585284,0.143240,-0.002836,0.070299,-0.000217,2.546519,-2.546519,2.760059,-2.549573
-7.505017,0.143424,-0.002924,0.072611,-0.000224,2.682064,-2.682064,2.898099,-2.685212
-7.424749,0.143852,-0.003014,0.075055,-0.000231,2.814585,-2.814585,3.033493,-2.817830
-7.344482,0.144531,-0.003106,0.077642,-0.000238,2.943049,-2.943049,3.165222,-2.946393
-7.264214,0.145469,-0.003200,0.080379,-0.000245,3.066526,-3.066526,3.292374,-3.069972
-7.183946,0.146670,-0.003297,0.083278,-0.000253,3.184222,-3.184222,3.414170,-3.187772
-7.103679,0.148139,-0.003396,0.086347,-0.000261,3.295506,-3.295506,3.529992,-3.299163
-7.023411,0.149877,-0.003497,0.089598,-0.000268,3.399923,-3.399923,3.639398,-3.403689
-6.943144,0.151886,-0.003602,0.093040,-0.000277,3.497199,-3.497199,3.742125,-3.501077
-6.862876,0.154164,-0.003708,0.096686,-0.000285,3.587238,-3.587238,3.838089,-3.591231
-6.782609,0.156712,-0.003818,0.100548,-0.000293,3.670099,-3.670099,3.927359,-3.674211
-6.702341,0.159526,-0.003931,0.104638,-0.000302,3.745973,-3.745973,4.010137,-3.750206
-6.622074,0.162604,-0.004046,0.108968,-0.000311,3.815140,-3.815140,4.086712,-3.819497
-6.541806,0.165942,-0.004165,0.113554,-0.000320,3.877925,-3.877925,4.157421,-3.882410
-6.461538,0.169536,-0.004287,0.118410,-0.000330,3.934651,-3.934651,4.222597,-3.939268
-6.381271,0.173381,-0.004412,0.123551,-0.000340,3.985589,-3.985589,4.282521,-3.990341
-6.301003,0.177471,-0.004540,0.128993,-0.000350,4.030912,-4.030912,4.337376,-4.035802
-6.220736,0.181801,-0.004673,0.134753,-0.000360,4.070654,-4.070654,4.387208,-4.075687
-6.140468,0.186364,-0.004809,0.140848,-0.000371,4.104690,-4.104690,4.431902,-4.109870
-6.060201,0.191153,-0.004948,0.147295,-0.000382,4.132714,-4.132714,4.471161,-4.138044
-5.979933,0.196160,-0.005092,0.154113,-0.000393,4.154239,-4.154239,4.504512,-4.159725
-5.899666,0.201377,-0.005240,0.161319,-0.000404,4.168619,-4.168619,4.531315,-4.174264
-5.819398,0.206795,-0.005393,0.168930,-0.000416,4.175069,-4.175069,4.550795,-4.180878
-5.739130,0.212404,-0.005550,0.176964,-0.000429,4.172713,-4.172713,4.562082,-4.178692
-5.658863,0.218192,-0.005712,0.185436,-0.000441,4.160633,-4.160633,4.564260,-4.166786
-5.578595,0.224146,-0.005878,0.194359,-0.000454,4.137925,-4.137925,4.556430,-4.144258
-5.498328,0.230252,-0.006050,0.203745,-0.000468,4.103764,-4.103764,4.537760,-4.110281
-5.418060,0.236493,-0.006227,0.213602,-0.000482,4.057456,-4.057456,4.507551,-4.064165
-5.337793,0.242850,-0.006410,0.223936,-0.000496,3.998500,-3.998500,4.465286,-4.005406
-5.257525,0.249303,-0.006599,0.234747,-0.000511,3.926621,-3.926621,4.410671,-3.933730
-5.177258,0.255829,-0.006793,0.246029,-0.000526,3.841813,-3.841813,4.343671,-3.849132
-5.096990,0.262401,-0.006994,0.257772,-0.000542,3.744352,-3.744352,4.264526,-3.751888
-5.016722,0.268992,-0.007202,0.269957,-0.000558,3.634804,-3.634804,4.173753,-3.642564
-4.936455,0.275569,-0.007417,0.282560,-0.000575,3.514013,-3.514013,4.072142,-3.522005
-4.856187,0.282099,-0.007639,0.295548,-0.000592,3.383081,-3.383081,3.960727,-3.391312
-4.775920,0.288546,-0.007868,0.308878,-0.000610,3.243329,-3.243329,3.840753,-3.251808
-4.695652,0.294872,-0.008106,0.322500,-0.000629,3.096261,-3.096261,3.713633,-3.104996
-4.615385,0.301037,-0.008352,0.336358,-0.000648,2.943506,-2.943506,3.580901,-2.952506
-4.535117,0.307001,-0.008607,0.350386,-0.000668,2.786770,-2.786770,3.444157,-2.796045
-4.454849,0.312722,-0.008871,0.364513,-0.000689,2.627778,-2.627778,3.305014,-2.637338
-4.374582,0.318160,-0.009145,0.378663,-0.000710,2.468228,-2.468228,3.165051,-2.478083
-4.294314,0.323276,-0.009429,0.392756,-0.000733,2.309735,-2.309735,3.025766,-2.319897
-4.214047,0.328030,-0.009724,0.406711,-0.000756,2.153800,-2.153800,2.888542,-2.164280
-4.133779,0.332390,-0.010030,0.420451,-0.000780,2.001770,-2.001770,2.754611,-2.012579
-4.053512,0.336323,-0.010348,0.433900,-0.000805,1.854816,-1.854816,2.625039,-1.865968
-3.973244,0.339805,-0.010678,0.446988,-0.000831,1.713917,-1.713917,2.500710,-1.725426
-3.892977,0.342815,-0.011022,0.459654,-0.000857,1.579854,-1.579854,2.382323,-1.591734
-3.812709,0.345338,-0.011380,0.471849,-0.000885,1.453210,-1.453210,2.270398,-1.465475
-3.732441,0.347368,-0.011752,0.483533,-0.000915,1.334377,-1.334377,2.165277,-1.347044
-3.652174,0.348903,-0.012141,0.494679,-0.000945,1.223568,-1.223568,2.067150,-1.236654
-3.571906,0.349952,-0.012545,0.505271,-0.000977,1.120839,-1.120839,1.976062,-1.134361
-3.491639,0.350526,-0.012968,0.515307,-0.001010,1.026105,-1.026105,1.891937,-1.040082
-3.411371,0.350646,-0.013409,0.524792,-0.001044,0.939161,-0.939161,1.814600,-0.953614
-3.331104,0.350339,-0.013870,0.533740,-0.001080,0.859711,-0.859711,1.743789,-0.874661
-3.250836,0.349633,-0.014352,0.542169,-0.001118,0.787382,-0.787382,1.679184,-0.802851
-3.170569,0.348565,-0.014856,0.550099,-0.001157,0.721749,-0.721749,1.620413,-0.737761
-3.090301,0.347172,-0.015384,0.557548,-0.001198,0.662354,-0.662354,1.567073,-0.678936
-3.010033,0.345492,-0.015937,0.564528,-0.001241,0.608721,-0.608721,1.518741,-0.625899
-2.929766,0.343565,-0.016518,0.571046,-0.001286,0.560369,-0.560369,1.474979,-0.578173
-2.849498,0.341430,-0.017127,0.577094,-0.001334,0.516826,-0.516826,1.435350,-0.535288
-2.769231,0.339123,-0.017768,0.582656,-0.001383,0.477638,-0.477638,1.399417,-0.496789
-2.688963,0.336680,-0.018442,0.587703,-0.001436,0.442370,-0.442370,1.366752,-0.462247
-2.608696,0.334132,-0.019151,0.592190,-0.001491,0.410618,-0.410618,1.336940,-0.431260
-2.528428,0.331507,-0.019899,0.596065,-0.001548,0.382008,-0.382008,1.309580,-0.403456
-2.448161,0.328827,-0.020689,0.599266,-0.001609,0.356198,-0.356198,1.284291,-0.378496
-2.367893,0.326115,-0.021522,0.601723,-0.001674,0.332877,-0.332877,1.260714,-0.356073
-2.287625,0.323384,-0.022404,0.603365,-0.001742,0.311765,-0.311765,1.238515,-0.335911
-2.207358,0.320648,-0.023338,0.604124,-0.001813,0.292614,-0.292614,1.217386,-0.317766
-2.127090,0.317914,-0.024328,0.603935,-0.001889,0.275202,-0.275202,1.197050,-0.301420
-2.046823,0.315189,-0.025380,0.602742,-0.001970,0.259332,-0.259332,1.177263,-0.286682
-1.966555,0.312476,-0.026498,0.600504,-0.002056,0.244831,-0.244831,1.157810,-0.273384
-1.886288,0.309775,-0.027688,0.597194,-0.002146,0.231548,-0.231548,1.138516,-0.261382
-1.806020,0.307086,-0.028958,0.592802,-0.002243,0.219348,-0.219348,1.119236,-0.250550
-1.725753,0.304407,-0.030315,0.587338,-0.002346,0.208117,-0.208117,1.099862,-0.240778
-1.645485,0.301734,-0.031768,0.580830,-0.002456,0.197750,-0.197750,1.080314,-0.231973
-1.565217,0.299063,-0.033325,0.573324,-0.002574,0.188158,-0.188158,1.060545,-0.224057
-1.484950,0.296390,-0.034998,0.564880,-0.002700,0.179264,-0.179264,1.040534,-0.216962
-1.404682,0.293707,-0.036800,0.555575,-0.002835,0.170998,-0.170998,1.020280,-0.210633
-1.324415,0.291010,-0.038745,0.545495,-0.002981,0.163299,-0.163299,0.999803,-0.205025
-1.244147,0.288290,-0.040850,0.534733,-0.003138,0.156114,-0.156114,0.979137,-0.200102
-1.163880,0.285541,-0.043132,0.523388,-0.003308,0.149396,-0.149396,0.958324,-0.195836
-1.083612,0.282753,-0.045616,0.511557,-0.003492,0.143103,-0.143103,0.937413,-0.192211
-1.003344,0.279918,-0.048327,0.499339,-0.003692,0.137199,-0.137199,0.916456,-0.189217
-0.923077,0.277026,-0.051295,0.486825,-0.003910,0.131649,-0.131649,0.895500,-0.186854
-0.842809,0.274067,-0.054557,0.474101,-0.004148,0.126426,-0.126426,0.874594,-0.185131
-0.762542,0.271030,-0.058156,0.461244,-0.004410,0.121503,-0.121503,0.853777,-0.184069
-0.682274,0.267904,-0.062146,0.448324,-0.004698,0.116855,-0.116855,0.833084,-0.183699
-0.602007,0.264679,-0.066589,0.435400,-0.005017,0.112463,-0.112463,0.812541,-0.184069
-0.521739,0.261343,-0.071564,0.422520,-0.005372,0.108306,-0.108306,0.792169,-0.185243
-0.441472,0.257887,-0.077166,0.409728,-0.005770,0.104368,-0.104368,0.771982,-0.187304
-0.361204,0.254301,-0.083514,0.397055,-0.006216,0.100632,-0.100632,0.751988,-0.190362
-0.280936,0.250579,-0.090752,0.384527,-0.006722,0.097085,-0.097085,0.732191,-0.194558
-0.200669,0.246712,-0.099061,0.372165,-0.007297,0.093714,-0.093714,0.712591,-0.200072
-0.120401,0.242697,-0.108664,0.359984,-0.007957,0.090506,-0.090506,0.693187,-0.207127
-0.040134,0.238532,-0.119834,0.347996,-0.008717,0.087451,-0.087451,0.673978,-0.216003
0.040134,0.234214,-0.132903,0.336209,-0.009600,0.084539,-0.084539,0.654962,-0.227042
0.120401,0.229747,-0.148270,0.324631,-0.010629,0.081761,-0.081761,0.636140,-0.240660
0.200669,0.225135,-0.166403,0.313269,-0.011834,0.079109,-0.079109,0.617513,-0.257347
0.280936,0.220383,-0.187846,0.302128,-0.013250,0.076574,-0.076574,0.599085,-0.277670
0.361204,0.215501,-0.213206,0.291214,-0.014914,0.074151,-0.074151,0.580865,-0.302271
0.441472,0.210499,-0.243142,0.280532,-0.016869,0.071831,-0.071831,0.562862,-0.331842
0.521739,0.205390,-0.278335,0.270090,-0.019158,0.069610,-0.069610,0.545090,-0.367103
0.602007,0.200188,-0.319449,0.259894,-0.021826,0.067482,-0.067482,0.527563,-0.408757
0.682274,0.194908,-0.367070,0.249950,-0.024914,0.065440,-0.065440,0.510298,-0.457425
0.762542,0.189568,-0.421640,0.240265,-0.028457,0.063481,-0.063481,0.493315,-0.513579
0.842809,0.184185,-0.483377,0.230847,-0.032476,0.061600,-0.061600,0.476632,-0.577453
0.923077,0.178776,-0.552189,0.221700,-0.036978,0.059793,-0.059793,0.460270,-0.648960
1.003344,0.173360,-0.627600,0.212831,-0.041949,0.058056,-0.058056,0.444248,-0.727605
1.083612,0.167954,-0.708691,0.204244,-0.047350,0.056385,-0.056385,0.428584,-0.812426
1.163880,0.162575,-0.794066,0.195944,-0.053118,0.054777,-0.054777,0.413297,-0.901962
1.244147,0.157240,-0.881869,0.187933,-0.059162,0.053229,-0.053229,0.398402,-0.994260
1.324415,0.151963,-0.969833,0.180212,-0.065366,0.051737,-0.051737,0.383912,-1.086936
1.404682,0.146759,-1.055390,0.172781,-0.071597,0.050300,-0.050300,0.369840,-1.177286
1.484950,0.141641,-1.135820,0.165640,-0.077708,0.048913,-0.048913,0.356194,-1.262441
1.565217,0.136621,-1.208432,0.158785,-0.083552,0.047576,-0.047576,0.342982,-1.339559
1.645485,0.131707,-1.270759,0.152214,-0.088983,0.046285,-0.046285,0.330206,-1.406027
1.725753,0.126910,-1.320749,0.145921,-0.093876,0.045038,-0.045038,0.317869,-1.459663
1.806020,0.122236,-1.356919,0.139900,-0.098125,0.043833,-0.043833,0.305970,-1.498878
1.886288,0.117691,-1.378468,0.134145,-0.101654,0.042669,-0.042669,0.294506,-1.522791
1.966555,0.113279,-1.385320,0.128649,-0.104419,0.041544,-0.041544,0.283472,-1.531283
2.046823,0.109004,-1.378107,0.123402,-0.106406,0.040455,-0.040455,0.272861,-1.524968
2.127090,0.104868,-1.358079,0.118397,-0.107629,0.039401,-0.039401,0.262666,-1.505110
2.207358,0.100871,-1.326975,0.113624,-0.108126,0.038382,-0.038382,0.252876,-1.473483
2.287625,0.097013,-1.286850,0.109074,-0.107951,0.037394,-0.037394,0.243481,-1.432196
2.367893,0.093294,-1.239899,0.104738,-0.107169,0.036437,-0.036437,0.234469,-1.383505
2.448161,0.089713,-1.188281,0.100606,-0.105848,0.035510,-0.035510,0.225828,-1.329639
2.528428,0.086266,-1.133979,0.096668,-0.104057,0.034611,-0.034611,0.217546,-1.272648
2.608696,0.082952,-1.078691,0.092917,-0.101860,0.033740,-0.033740,0.209609,-1.214291
2.688963,0.079767,-1.023761,0.089342,-0.099315,0.032894,-0.032894,0.202003,-1.155970
2.769231,0.076708,-0.970158,0.085934,-0.096470,0.032074,-0.032074,0.194717,-1.098703
2.849498,0.073771,-0.918487,0.082686,-0.093370,0.031278,-0.031278,0.187735,-1.043134
2.929766,0.070953,-0.869031,0.079589,-0.090047,0.030504,-0.030504,0.181046,-0.989582
3.010033,0.068249,-0.821812,0.076635,-0.086530,0.029753,-0.029753,0.174637,-0.938095
3.090301,0.065654,-0.776663,0.073816,-0.082844,0.029024,-0.029024,0.168495,-0.888531
3.170569,0.063166,-0.733298,0.071126,-0.079010,0.028315,-0.028315,0.162607,-0.840623
3.250836,0.060780,-0.691385,0.068557,-0.075048,0.027625,-0.027625,0.156963,-0.794059
3.331104,0.058492,-0.650601,0.066103,-0.070979,0.026955,-0.026955,0.151550,-0.748535
3.411371,0.056298,-0.610680,0.063758,-0.066826,0.026303,-0.026303,0.146359,-0.703809
3.491639,0.054193,-0.571443,0.061516,-0.062616,0.025668,-0.025668,0.141377,-0.659728
3.571906,0.052175,-0.532817,0.059371,-0.058381,0.025051,-0.025051,0.136597,-0.616248
3.652174,0.050239,-0.494833,0.057318,-0.054154,0.024450,-0.024450,0.132007,-0.573437
3.732441,0.048381,-0.457616,0.055352,-0.049974,0.023865,-0.023865,0.127599,-0.531456
3.812709,0.046599,-0.421368,0.053470,-0.045882,0.023295,-0.023295,0.123364,-0.490545
3.892977,0.044888,-0.386333,0.051665,-0.041917,0.022740,-0.022740,0.119294,-0.450991
3.973244,0.043247,-0.352779,0.049935,-0.038117,0.022199,-0.022199,0.115381,-0.413095
4.053512,0.041670,-0.320960,0.048275,-0.034515,0.021672,-0.021672,0.111618,-0.377147
4.133779,0.040157,-0.291101,0.046682,-0.031138,0.021158,-0.021158,0.107997,-0.343397
4.214047,0.038703,-0.263374,0.045152,-0.028007,0.020657,-0.020657,0.104512,-0.312038
4.294314,0.037306,-0.237890,0.043682,-0.025133,0.020169,-0.020169,0.101157,-0.283192
4.374582,0.035964,-0.214697,0.042269,-0.022522,0.019692,-0.019692,0.097926,-0.256911
4.454849,0.034674,-0.193778,0.040911,-0.020170,0.019227,-0.019227,0.094812,-0.233175
4.535117,0.033434,-0.175064,0.039604,-0.018069,0.018773,-0.018773,0.091811,-0.211906
4.615385,0.032242,-0.158440,0.038346,-0.016204,0.018330,-0.018330,0.088918,-0.192974
4.695652,0.031095,-0.143758,0.037135,-0.014559,0.017898,-0.017898,0.086127,-0.176215
4.775920,0.029992,-0.130852,0.035968,-0.013114,0.017475,-0.017475,0.083435,-0.161441
4.856187,0.028930,-0.119544,0.034843,-0.011848,0.017063,-0.017063,0.080836,-0.148455
4.936455,0.027909,-0.109657,0.033759,-0.010741,0.016660,-0.016660,0.078328,-0.137058
5.016722,0.026925,-0.101020,0.032713,-0.009773,0.016266,-0.016266,0.075905,-0.127059
5.096990,0.025979,-0.093475,0.031704,-0.008926,0.015882,-0.015882,0.073564,-0.118282
5.177258,0.025067,-0.086876,0.030730,-0.008184,0.015506,-0.015506,0.071303,-0.110565
5.257525,0.024190,-0.081095,0.029789,-0.007532,0.015138,-0.015138,0.069117,-0.103765
5.337793,0.023345,-0.076020,0.028880,-0.006957,0.014779,-0.014779,0.067003,-0.097755
5.418060,0.022530,-0.071553,0.028001,-0.006448,0.014427,-0.014427,0.064959,-0.092428
5.498328,0.021746,-0.067611,0.027152,-0.005996,0.014084,-0.014084,0.062982,-0.087691
5.578595,0.020990,-0.064125,0.026330,-0.005592,0.013748,-0.013748,0.061068,-0.083465
5.658863,0.020263,-0.061035,0.025536,-0.005231,0.013419,-0.013419,0.059217,-0.079685
5.739130,0.019561,-0.058291,0.024766,-0.004906,0.013097,-0.013097,0.057424,-0.076294
5.819398,0.018886,-0.055852,0.024022,-0.004613,0.012782,-0.012782,0.055689,-0.073246
5.899666,0.018235,-0.053682,0.023300,-0.004347,0.012473,-0.012473,0.054008,-0.070502
5.979933,0.017607,-0.051752,0.022601,-0.004105,0.012171,-0.012171,0.052380,-0.068028
6.060201,0.017003,-0.050037,0.021924,-0.003885,0.011876,-0.011876,0.050803,-0.065798
6.140468,0.016421,-0.048517,0.021267,-0.003683,0.011586,-0.011586,0.049275,-0.063786
6.220736,0.015861,-0.047174,0.020631,-0.003498,0.011303,-0.011303,0.047794,-0.061975
6.301003,0.015321,-0.045994,0.020013,-0.003328,0.011025,-0.011025,0.046359,-0.060347
6.381271,0.014801,-0.044964,0.019414,-0.003172,0.010753,-0.010753,0.044967,-0.058889
6.461538,0.014300,-0.044075,0.018832,-0.003028,0.010486,-0.010486,0.043618,-0.057588
6.541806,0.013819,-0.043317,0.018267,-0.002894,0.010224,-0.010224,0.042310,-0.056435
6.622074,0.013355,-0.042684,0.017719,-0.002771,0.009968,-0.009968,0.041042,-0.055422
6.702341,0.012909,-0.042170,0.017186,-0.002656,0.009717,-0.009717,0.039812,-0.054543
6.782609,0.012480,-0.041771,0.016668,-0.002550,0.009471,-0.009471,0.038620,-0.053792
6.862876,0.012068,-0.041484,0.016165,-0.002451,0.009229,-0.009229,0.037463,-0.053164
6.943144,0.011672,-0.041306,0.015676,-0.002360,0.008993,-0.008993,0.036340,-0.052658
7.023411,0.011291,-0.041237,0.015200,-0.002274,0.008760,-0.008760,0.035252,-0.052272
7.103679,0.010925,-0.041276,0.014738,-0.002195,0.008533,-0.008533,0.034196,-0.052004
7.183946,0.010574,-0.041424,0.014288,-0.002122,0.008309,-0.008309,0.033171,-0.051855
7.264214,0.010237,-0.041682,0.013850,-0.002053,0.008090,-0.008090,0.032177,-0.051825
7.344482,0.009914,-0.042053,0.013423,-0.001990,0.007875,-0.007875,0.031212,-0.051918
7.424749,0.009604,-0.042540,0.013008,-0.001931,0.007663,-0.007663,0.030276,-0.052135
7.505017,0.009308,-0.043148,0.012604,-0.001877,0.007456,-0.007456,0.029368,-0.052481
7.585284,0.009023,-0.043880,0.012211,-0.001827,0.007253,-0.007253,0.028486,-0.052960
7.665552,0.008751,-0.044744,0.011827,-0.001781,0.007053,-0.007053,0.027631,-0.053578
7.745819,0.008490,-0.045745,0.011453,-0.001739,0.006857,-0.006857,0.026800,-0.054341
7.826087,0.008240,-0.046892,0.011089,-0.001700,0.006664,-0.006664,0.025993,-0.055256
7.906355,0.008001,-0.048192,0.010734,-0.001666,0.006475,-0.006475,0.025210,-0.056332
7.986622,0.007773,-0.049654,0.010388,-0.001635,0.006289,-0.006289,0.024450,-0.057577
8.066890,0.007554,-0.051287,0.010050,-0.001607,0.006106,-0.006106,0.023711,-0.059000
8.147157,0.007345,-0.053101,0.009721,-0.001583,0.005927,-0.005927,0.022993,-0.060611
8.227425,0.007145,-0.055105,0.009400,-0.001562,0.005751,-0.005751,0.022296,-0.062418
8.307692,0.006954,-0.057307,0.009086,-0.001545,0.005578,-0.005578,0.021618,-0.064430
8.387960,0.006770,-0.059717,0.008780,-0.001531,0.005408,-0.005408,0.020958,-0.066655
8.468227,0.006595,-0.062340,0.008481,-0.001520,0.005240,-0.005240,0.020316,-0.069100
8.548495,0.006426,-0.065181,0.008190,-0.001513,0.005076,-0.005076,0.019692,-0.071770
8.628763,0.006264,-0.068243,0.007905,-0.001509,0.004914,-0.004914,0.019083,-0.074666
8.709030,0.006109,-0.071524,0.007626,-0.001508,0.004756,-0.004756,0.018491,-0.077787
8.789298,0.005959,-0.075019,0.007354,-0.001510,0.004599,-0.004599,0.017912,-0.081128
8.869565,0.005814,-0.078718,0.007088,-0.001515,0.004446,-0.004446,0.017348,-0.084679
8.949833,0.005674,-0.082606,0.006829,-0.001524,0.004295,-0.004295,0.016798,-0.088425
9.030100,0.005539,-0.086664,0.006574,-0.001535,0.004146,-0.004146,0.016259,-0.092345
9.110368,0.005407,-0.090866,0.006326,-0.001549,0.004000,-0.004000,0.015733,-0.096414
9.190635,0.005278,-0.095180,0.006083,-0.001565,0.003856,-0.003856,0.015217,-0.100601
9.270903,0.005152,-0.099571,0.005845,-0.001583,0.003715,-0.003715,0.014712,-0.104869
9.351171,0.005029,-0.103999,0.005612,-0.001603,0.003576,-0.003576,0.014217,-0.109178
9.431438,0.004907,-0.108421,0.005385,-0.001625,0.003439,-0.003439,0.013731,-0.113485
9.511706,0.004787,-0.112794,0.005162,-0.001648,0.003304,-0.003304,0.013253,-0.117747
9.591973,0.004668,-0.117074,0.004943,-0.001673,0.003171,-0.003171,0.012783,-0.121918
9.672241,0.004549,-0.121218,0.004729,-0.001698,0.003041,-0.003041,0.012319,-0.125957
9.752508,0.004430,-0.125188,0.004520,-0.001724,0.002912,-0.002912,0.011863,-0.129825
9.832776,0.004311,-0.128953,0.004315,-0.001750,0.002786,-0.002786,0.011412,-0.133489
9.913043,0.004192,-0.132484,0.004113,-0.001776,0.002662,-0.002662,0.010967,-0.136922
9.993311,0.004071,-0.135764,0.003916,-0.001802,0.002539,-0.002539,0.010526,-0.140106
10.073579,0.003949,-0.138781,0.003723,-0.001829,0.002418,-0.002418,0.010090,-0.143028
10.153846,0.003825,-0.141531,0.003533,-0.001855,0.002300,-0.002300,0.009658,-0.145685
10.234114,0.003699,-0.144018,0.003347,-0.001881,0.002183,-0.002183,0.009229,-0.148081
10.314381,0.003570,-0.146250,0.003165,-0.001906,0.002067,-0.002067,0.008802,-0.150223
10.394649,0.003439,-0.148241,0.002986,-0.001931,0.001954,-0.001954,0.008379,-0.152126
10.474916,0.003305,-0.150008,0.002810,-0.001956,0.001842,-0.001842,0.007957,-0.153806
10.555184,0.003168,-0.151568,0.002638,-0.001980,0.001732,-0.001732,0.007537,-0.155280
10.635452,0.003027,-0.152936,0.002468,-0.002004,0.001623,-0.001623,0.007118,-0.156563
10.715719,0.002882,-0.154126,0.002302,-0.002026,0.001516,-0.001516,0.006701,-0.157668
10.795987,0.002734,-0.155148,0.002139,-0.002048,0.001411,-0.001411,0.006284,-0.158606
10.876254,0.002582,-0.156008,0.001979,-0.002067,0.001307,-0.001307,0.005867,-0.159382
10.956522,0.002425,-0.156707,0.001821,-0.002085,0.001205,-0.001205,0.005451,-0.159997
11.036789,0.002264,-0.157240,0.001666,-0.002101,0.001104,-0.001104,0.005035,-0.160445
11.117057,0.002099,-0.157602,0.001514,-0.002113,0.001005,-0.001005,0.004618,-0.160720
11.197324,0.001929,-0.157779,0.001365,-0.002123,0.000907,-0.000907,0.004201,-0.160809
11.277592,0.001755,-0.157760,0.001218,-0.002129,0.000810,-0.000810,0.003783,-0.160699
11.357860,0.001577,-0.157530,0.001073,-0.002131,0.000715,-0.000715,0.003365,-0.160376
11.438127,0.001394,-0.157076,0.000931,-0.002128,0.000621,-0.000621,0.002946,-0.159826
11.518395,0.001207,-0.156385,0.000792,-0.002122,0.000529,-0.000529,0.002527,-0.159036
11.598662,0.001015,-0.155449,0.000654,-0.002110,0.000438,-0.000438,0.002107,-0.157997
11.678930,0.000820,-0.154261,0.000519,-0.002094,0.000348,-0.000348,0.001686,-0.156703
11.759197,0.000620,-0.152819,0.000386,-0.002073,0.000259,-0.000259,0.001265,-0.155151
11.839465,0.000417,-0.151124,0.000255,-0.002048,0.000171,-0.000171,0.000844,-0.153344
11.919732,0.000210,-0.149181,0.000127,-0.002019,0.000085,-0.000085,0.000422,-0.151285
12.000000,0.000000,-0.147000,0.000000,-0.001986,0.000000,-0.000000,0.000000,-0.148986
