E,Id,Ip,Ioct,Itot,Ibg
-1.034329,0.002779,0.005629,0.002159,0.010567,nan
-0.982446,0.007846,0.005963,0.002284,0.016092,nan
-0.930563,0.013430,0.006327,0.002411,0.022169,nan
-0.878680,0.019582,0.006726,0.002542,0.028851,nan
-0.826797,0.026353,0.007162,0.002676,0.036191,nan
-0.774914,0.033792,0.007638,0.002814,0.044244,nan
-0.723031,0.041947,0.008157,0.002955,0.053059,nan
-0.671149,0.050861,0.008722,0.003100,0.062683,nan
-0.619266,0.060571,0.009335,0.003248,0.073154,nan
-0.567383,0.071104,0.010000,0.003401,0.084504,nan
-0.515500,0.082476,0.010717,0.003558,0.096750,nan
-0.463617,0.094690,0.011487,0.003718,0.109895,nan
-0.411734,0.107731,0.012312,0.003884,0.123927,nan
-0.359851,0.121568,0.013191,0.004054,0.138813,nan
-0.307968,0.136148,0.014122,0.004229,0.154499,nan
-0.256085,0.151396,0.015105,0.004408,0.170909,nan
-0.204202,0.167217,0.016136,0.004593,0.187946,nan
-0.152319,0.183495,0.017211,0.004783,0.205490,nan
-0.100436,0.200093,0.018326,0.004979,0.223399,nan
-0.048553,0.216858,0.019477,0.005181,0.241515,nan
0.003329,0.233622,0.020657,0.005389,0.259667,nan
0.055212,0.250210,0.021861,0.005603,0.277674,nan
0.107095,0.266442,0.023085,0.005823,0.295349,nan
0.158978,0.282140,0.024322,0.006051,0.312513,nan
0.210861,0.297136,0.025570,0.006285,0.328992,nan
0.262744,0.311278,0.026825,0.006528,0.344631,nan
0.314627,0.324434,0.028086,0.006778,0.359298,nan
0.366510,0.336502,0.029352,0.007036,0.372889,nan
0.418393,0.347409,0.030625,0.007303,0.385337,nan
0.470276,0.357120,0.031910,0.007579,0.396609,nan
0.522159,0.365640,0.033212,0.007864,0.406716,nan
0.574042,0.373009,0.034537,0.008160,0.415706,nan
0.625925,0.379306,0.035894,0.008466,0.423666,nan
0.677807,0.384644,0.037294,0.008782,0.430720,nan
0.729690,0.389165,0.038746,0.009111,0.437022,nan
0.781573,0.393034,0.040260,0.009451,0.442745,nan
0.833456,0.396431,0.041846,0.009804,0.448081,nan
0.885339,0.399543,0.043512,0.010171,0.453227,nan
0.937222,0.402559,0.045265,0.010552,0.458376,nan
0.989105,0.405654,0.047106,0.010948,0.463708,nan
1.040988,0.408987,0.049036,0.011360,0.469384,nan
1.092871,0.412691,0.051052,0.011789,0.475532,nan
1.144754,0.416870,0.053144,0.012236,0.482250,nan
1.196637,0.421589,0.055299,0.012702,0.489591,nan
1.248520,0.426878,0.057501,0.013189,0.497568,nan
1.300403,0.432727,0.059728,0.013697,0.506151,nan
1.352285,0.439089,0.061953,0.014228,0.515269,nan
1.404168,0.445881,0.064148,0.014784,0.524813,nan
1.456051,0.452993,0.066281,0.015366,0.534640,nan
1.507934,0.460291,0.068319,0.015977,0.544587,nan
1.559817,0.467625,0.070227,0.016618,0.554470,nan
1.611700,0.474836,0.071974,0.017292,0.564102,nan
1.663583,0.481768,0.073526,0.018002,0.573296,nan
1.715466,0.488273,0.074856,0.018750,0.581879,nan
1.767349,0.494221,0.075938,0.019540,0.589700,nan
1.819232,0.499507,0.076754,0.020375,0.596636,nan
1.871115,0.504055,0.077289,0.021258,0.602603,nan
1.922998,0.507824,0.077536,0.022195,0.607556,nan
1.974881,0.510812,0.077493,0.023191,0.611496,nan
2.026763,0.513055,0.077167,0.024249,0.614471,nan
2.078646,0.514627,0.076569,0.025378,0.616573,nan
2.130529,0.515638,0.075717,0.026582,0.617937,nan
2.182412,0.516229,0.074636,0.027870,0.618735,nan
2.234295,0.516569,0.073353,0.029250,0.619172,nan
2.286178,0.516846,0.071900,0.030731,0.619476,nan
2.338061,0.517260,0.070311,0.032323,0.619893,nan
2.389944,0.518015,0.068622,0.034036,0.620673,nan
2.441827,0.519314,0.066868,0.035884,0.622067,nan
2.493710,0.521346,0.065085,0.037880,0.624311,nan
2.545593,0.524282,0.063305,0.040038,0.627624,nan
2.597476,0.528265,0.061557,0.042374,0.632197,nan
2.649359,0.533409,0.059869,0.044907,0.638185,nan
2.701241,0.539788,0.058262,0.047654,0.645705,nan
2.753124,0.547438,0.056754,0.050637,0.654830,nan
2.805007,0.556350,0.055358,0.053878,0.665586,nan
2.856890,0.566471,0.054082,0.057400,0.677953,nan
2.908773,0.577707,0.052929,0.061228,0.691863,nan
2.960656,0.589919,0.051897,0.065388,0.707204,nan
3.012539,0.602933,0.050982,0.069909,0.723824,nan
3.064422,0.616540,0.050175,0.074819,0.741534,nan
3.116305,0.630502,0.049464,0.080148,0.760114,nan
3.168188,0.644559,0.048834,0.085927,0.779321,nan
3.220071,0.658439,0.048270,0.092187,0.798896,nan
3.271954,0.671859,0.047755,0.098959,0.818573,nan
3.323837,0.684539,0.047270,0.106275,0.838084,nan
3.375719,0.696206,0.046799,0.114163,0.857168,nan
3.427602,0.706604,0.046324,0.122654,0.875582,nan
3.479485,0.715499,0.045830,0.131774,0.893104,nan
3.531368,0.722687,0.045302,0.141549,0.909538,nan
3.583251,0.727995,0.044729,0.151999,0.924723,nan
3.635134,0.731291,0.044100,0.163143,0.938533,nan
3.687017,0.732482,0.043407,0.174994,0.950883,nan
3.738900,0.731518,0.042644,0.187561,0.961724,nan
3.790783,0.728390,0.041810,0.200847,0.971047,nan
3.842666,0.723130,0.040904,0.214847,0.978881,nan
3.894549,0.715808,0.039926,0.229552,0.985286,nan
3.946432,0.706528,0.038880,0.244943,0.990350,nan
3.998315,0.695423,0.037772,0.260993,0.994187,nan
4.050197,0.682651,0.036608,0.277668,0.996928,nan
4.102080,0.668390,0.035397,0.294925,0.998712,nan
4.153963,0.652829,0.034147,0.312712,0.999688,nan
4.205846,0.636165,0.032867,0.330967,1.000000,nan
4.257729,0.618599,0.031568,0.349622,0.999788,nan
4.309612,0.600324,0.030257,0.368598,0.999180,nan
4.361495,0.581531,0.028946,0.387811,0.998289,nan
4.413378,0.562397,0.027642,0.407168,0.997207,nan
4.465261,0.543085,0.026354,0.426571,0.996010,nan
4.517144,0.523743,0.025089,0.445915,0.994748,nan
4.569027,0.504504,0.023854,0.465094,0.993452,nan
4.620910,0.485479,0.022653,0.483998,0.992130,nan
4.672793,0.466766,0.021492,0.502514,0.990772,nan
4.724675,0.448444,0.020374,0.520532,0.989350,nan
4.776558,0.430576,0.019302,0.537943,0.987821,nan
4.828441,0.413213,0.018277,0.554641,0.986131,nan
4.880324,0.396391,0.017301,0.570524,0.984217,nan
4.932207,0.380137,0.016374,0.585499,0.982011,nan
4.984090,0.364466,0.015497,0.599479,0.979442,nan
5.035973,0.349388,0.014667,0.612387,0.976442,nan
5.087856,0.334903,0.013885,0.624156,0.972944,nan
5.139739,0.321010,0.013148,0.634729,0.968887,nan
5.191622,0.307699,0.012455,0.644065,0.964220,nan
5.243505,0.294961,0.011805,0.652132,0.958897,nan
5.295388,0.282781,0.011194,0.658912,0.952887,nan
5.347271,0.271144,0.010622,0.664401,0.946167,nan
5.399153,0.260034,0.010085,0.668607,0.938726,nan
5.451036,0.249433,0.009582,0.671550,0.930565,nan
5.502919,0.239321,0.009111,0.673262,0.921694,nan
5.554802,0.229680,0.008670,0.673786,0.912136,nan
5.606685,0.220491,0.008256,0.673174,0.901922,nan
5.658568,0.211734,0.007869,0.671488,0.891091,nan
5.710451,0.203390,0.007505,0.668795,0.879690,nan
5.762334,0.195441,0.007164,0.665167,0.867772,nan
5.814217,0.187868,0.006845,0.660682,0.855395,nan
5.866100,0.180656,0.006544,0.655418,0.842618,nan
5.917983,0.173788,0.006262,0.649455,0.829505,nan
5.969866,0.167250,0.005996,0.642872,0.816118,nan
6.021749,0.161027,0.005747,0.635744,0.802518,nan
6.073631,0.155109,0.005512,0.628146,0.788766,nan
6.125514,0.149484,0.005290,0.620143,0.774917,nan
6.177397,0.144143,0.005081,0.611800,0.761025,nan
6.229280,0.139080,0.004884,0.603171,0.747135,nan
6.281163,0.134286,0.004698,0.594305,0.733290,nan
6.333046,0.129757,0.004523,0.585245,0.719525,nan
6.384929,0.125489,0.004357,0.576024,0.705870,nan
6.436812,0.121479,0.004200,0.566669,0.692348,nan
6.488695,0.117724,0.004051,0.557201,0.678976,nan
6.540578,0.114222,0.003910,0.547632,0.665765,nan
6.592461,0.110972,0.003777,0.537972,0.652722,nan
6.644344,0.107973,0.003651,0.528223,0.639847,nan
6.696227,0.105224,0.003531,0.518383,0.627138,nan
6.748109,0.102724,0.003418,0.508448,0.614589,nan
6.799992,0.100471,0.003311,0.498410,0.602192,nan
6.851875,0.098465,0.003209,0.488262,0.589936,nan
6.903758,0.096705,0.003112,0.477993,0.577810,nan
6.955641,0.095188,0.003020,0.467596,0.565804,nan
7.007524,0.093913,0.002933,0.457062,0.553908,nan
7.059407,0.092877,0.002851,0.446386,0.542114,nan
7.111290,0.092078,0.002772,0.435565,0.530415,nan
7.163173,0.091511,0.002698,0.424597,0.518806,nan
7.215056,0.091173,0.002627,0.413487,0.507287,nan
7.266939,0.091061,0.002560,0.402239,0.495860,nan
7.318822,0.091168,0.002497,0.390863,0.484527,nan
7.370705,0.091489,0.002436,0.379373,0.473298,nan
7.422587,0.092019,0.002379,0.367784,0.462182,nan
7.474470,0.092750,0.002324,0.356116,0.451190,nan
7.526353,0.093676,0.002272,0.344391,0.440339,nan
7.578236,0.094788,0.002223,0.332634,0.429645,nan
7.630119,0.096078,0.002175,0.320870,0.419124,nan
7.682002,0.097537,0.002131,0.309128,0.408796,nan
7.733885,0.099154,0.002088,0.297437,0.398679,nan
7.785768,0.100920,0.002047,0.285825,0.388791,nan
7.837651,0.102823,0.002008,0.274322,0.379152,nan
7.889534,0.104851,0.001970,0.262956,0.369778,nan
7.941417,0.106993,0.001934,0.251756,0.360684,nan
7.993300,0.109237,0.001900,0.240749,0.351885,nan
8.045183,0.111569,0.001866,0.229958,0.343393,nan
8.097065,0.113977,0.001834,0.219407,0.335218,nan
8.148948,0.116449,0.001803,0.209117,0.327368,nan
8.200831,0.118970,0.001773,0.199106,0.319849,nan
8.252714,0.121528,0.001743,0.189392,0.312663,nan
8.304597,0.124111,0.001715,0.179987,0.305812,nan
8.356480,0.126706,0.001687,0.170902,0.299295,nan
8.408363,0.129301,0.001659,0.162147,0.293108,nan
8.460246,0.131885,0.001632,0.153728,0.287245,nan
8.512129,0.134446,0.001605,0.145649,0.281700,nan
8.564012,0.136974,0.001579,0.137911,0.276464,nan
8.615895,0.139459,0.001553,0.130515,0.271527,nan
8.667778,0.141893,0.001527,0.123458,0.266878,nan
8.719661,0.144266,0.001502,0.116737,0.262504,nan
8.771543,0.146571,0.001476,0.110345,0.258393,nan
8.823426,0.148802,0.001451,0.104278,0.254530,nan
8.875309,0.150952,0.001426,0.098525,0.250903,nan
8.927192,0.153017,0.001400,0.093079,0.247497,nan
8.979075,0.154991,0.001375,0.087931,0.244297,nan
9.030958,0.156872,0.001350,0.083068,0.241291,nan
9.082841,0.158657,0.001325,0.078482,0.238464,nan
9.134724,0.160344,0.001300,0.074159,0.235804,nan
9.186607,0.161933,0.001276,0.070090,0.233298,nan
9.238490,0.163423,0.001251,0.066261,0.230934,nan
9.290373,0.164814,0.001226,0.062662,0.228702,nan
9.342256,0.166108,0.001202,0.059281,0.226590,nan
9.394139,0.167307,0.001177,0.056105,0.224590,nan
9.446021,0.168413,0.001153,0.053125,0.222691,nan
9.497904,0.169428,0.001129,0.050329,0.220886,nan
9.549787,0.170356,0.001105,0.047706,0.219168,nan
9.601670,0.171200,0.001082,0.045246,0.217528,nan
9.653553,0.171963,0.001058,0.042938,0.215959,nan
9.705436,0.172647,0.001035,0.040774,0.214456,nan
9.757319,0.173256,0.001012,0.038744,0.213012,nan
9.809202,0.173792,0.000989,0.036839,0.211621,nan
9.861085,0.174256,0.000967,0.035052,0.210275,nan
9.912968,0.174650,0.000945,0.033373,0.208969,nan
9.964851,0.174974,0.000923,0.031797,0.207694,nan
10.016734,0.175226,0.000902,0.030315,0.206443,nan
10.068617,0.175406,0.000881,0.028922,0.205209,nan
10.120499,0.175510,0.000860,0.027611,0.203981,nan
10.172382,0.175536,0.000840,0.026377,0.202752,nan
10.224265,0.175477,0.000820,0.025213,0.201510,nan
10.276148,0.175330,0.000800,0.024116,0.200246,nan
10.328031,0.175087,0.000780,0.023080,0.198948,nan
10.379914,0.174742,0.000761,0.022102,0.197605,nan
10.431797,0.174287,0.000743,0.021176,0.196205,nan
10.483680,0.173714,0.000724,0.020300,0.194738,nan
10.535563,0.173015,0.000706,0.019470,0.193191,nan
10.587446,0.172182,0.000688,0.018683,0.191554,nan
10.639329,0.171209,0.000671,0.017936,0.189815,nan
10.691212,0.170087,0.000654,0.017226,0.187966,nan
10.743095,0.168810,0.000637,0.016550,0.185997,nan
10.794977,0.167374,0.000620,0.015907,0.183901,nan
10.846860,0.165773,0.000604,0.015295,0.181672,nan
10.898743,0.164005,0.000588,0.014711,0.179303,nan
10.950626,0.162069,0.000572,0.014153,0.176793,nan
11.002509,0.159963,0.000556,0.013620,0.174139,nan
11.054392,0.157691,0.000541,0.013110,0.171341,nan
11.106275,0.155254,0.000526,0.012622,0.168401,nan
11.158158,0.152657,0.000511,0.012155,0.165323,nan
11.210041,0.149907,0.000496,0.011707,0.162110,nan
11.261924,0.147011,0.000482,0.011277,0.158769,nan
11.313807,0.143977,0.000468,0.010864,0.155309,nan
11.365690,0.140816,0.000454,0.010468,0.151737,nan
11.417573,0.137539,0.000440,0.010086,0.148065,nan
11.469455,0.134158,0.000426,0.009719,0.144303,nan
11.521338,0.130684,0.000413,0.009366,0.140463,nan
11.573221,0.127131,0.000400,0.009026,0.136557,nan
11.625104,0.123512,0.000387,0.008698,0.132598,nan
11.676987,0.119841,0.000375,0.008382,0.128598,nan
11.728870,0.116130,0.000362,0.008077,0.124569,nan
11.780753,0.112391,0.000350,0.007782,0.120524,nan
11.832636,0.108638,0.000339,0.007497,0.116474,nan
11.884519,0.104883,0.000327,0.007222,0.112432,nan
11.936402,0.101135,0.000316,0.006956,0.108407,nan
11.988285,0.097407,0.000305,0.006699,0.104410,nan
12.040168,0.093706,0.000294,0.006450,0.100450,nan
12.092051,0.090042,0.000284,0.006208,0.096534,nan
12.143933,0.086423,0.000273,0.005975,0.092671,nan
12.195816,0.082855,0.000263,0.005748,0.088867,nan
12.247699,0.079345,0.000253,0.005529,0.085127,nan
12.299582,0.075897,0.000244,0.005316,0.081457,nan
12.351465,0.072516,0.000235,0.005109,0.077860,nan
12.403348,0.069205,0.000226,0.004909,0.074339,nan
12.455231,0.065967,0.000217,0.004714,0.070898,nan
12.507114,0.062805,0.000208,0.004525,0.067537,nan
12.558997,0.059719,0.000200,0.004341,0.064260,nan
12.610880,0.056712,0.000192,0.004162,0.061066,nan
12.662763,0.053784,0.000184,0.003989,0.057956,nan
12.714646,0.050936,0.000176,0.003820,0.054931,nan
12.766529,0.048167,0.000168,0.003656,0.051991,nan
12.818411,0.045478,0.000161,0.003496,0.049135,nan
12.870294,0.042869,0.000154,0.003340,0.046363,nan
12.922177,0.040340,0.000147,0.003189,0.043675,nan
12.974060,0.037890,0.000140,0.003041,0.041071,nan
13.025943,0.035519,0.000133,0.002897,0.038550,nan
13.077826,0.033227,0.000127,0.002757,0.036111,nan
13.129709,0.031013,0.000121,0.002621,0.033755,nan
13.181592,0.028878,0.000114,0.002487,0.031480,nan
13.233475,0.026822,0.000108,0.002358,0.029288,nan
13.285358,0.024843,0.000103,0.002231,0.027176,nan
13.337241,0.022942,0.000097,0.002107,0.025146,nan
13.389124,0.021119,0.000091,0.001987,0.023197,nan
13.441007,0.019374,0.000086,0.001869,0.021329,nan
13.492889,0.017707,0.000081,0.001754,0.019542,nan
13.544772,0.016117,0.000075,0.001642,0.017834,nan
13.596655,0.014604,0.000070,0.001532,0.016207,nan
13.648538,0.013169,0.000065,0.001425,0.014660,nan
13.700421,0.011810,0.000061,0.001321,0.013192,nan
13.752304,0.010527,0.000056,0.001219,0.011802,nan
13.804187,0.009321,0.000051,0.001119,0.010491,nan
13.856070,0.008189,0.000047,0.001021,0.009256,nan
13.907953,0.007131,0.000043,0.000925,0.008099,nan
13.959836,0.006146,0.000038,0.000832,0.007016,nan
14.011719,0.005234,0.000034,0.000740,0.006008,nan
14.063602,0.004392,0.000030,0.000651,0.005073,nan
14.115485,0.003619,0.000026,0.000564,0.004209,nan
14.167367,0.002915,0.000022,0.000478,0.003415,nan
14.219250,0.002276,0.000018,0.000394,0.002688,nan
14.271133,0.001701,0.000014,0.000312,0.002028,nan
14.323016,0.001189,0.000011,0.000231,0.001431,nan
14.374899,0.000736,0.000007,0.000153,0.000896,nan
14.426782,0.000340,0.000004,0.000076,0.000419,nan
14.478665,0.000000,0.000000,0.000000,0.000000,nan
