E,Id,Ip,Ioct,Itot,Ibg
-3.000000,0.000000,0.001246,0.000000,0.000000,nan
-2.939799,0.000317,0.001289,0.000036,0.000395,nan
-2.879599,0.000649,0.001333,0.000072,0.000808,nan
-2.819398,0.000996,0.001379,0.000110,0.001240,nan
-2.759197,0.001360,0.001427,0.000148,0.001691,nan
-2.698997,0.001742,0.001478,0.000187,0.002164,nan
-2.638796,0.002144,0.001532,0.000226,0.002659,nan
-2.578595,0.002566,0.001588,0.000267,0.003179,nan
-2.518395,0.003011,0.001648,0.000308,0.003726,nan
-2.458194,0.003480,0.001711,0.000351,0.004301,nan
-2.397993,0.003976,0.001778,0.000394,0.004907,nan
-2.337793,0.004501,0.001848,0.000438,0.005547,nan
-2.277592,0.005058,0.001923,0.000483,0.006225,nan
-2.217391,0.005649,0.002002,0.000529,0.006942,nan
-2.157191,0.006279,0.002087,0.000576,0.007704,nan
-2.096990,0.006951,0.002177,0.000624,0.008516,nan
-2.036789,0.007670,0.002273,0.000673,0.009382,nan
-1.976589,0.008443,0.002377,0.000723,0.010309,nan
-1.916388,0.009274,0.002488,0.000774,0.011304,nan
-1.856187,0.010173,0.002607,0.000827,0.012376,nan
-1.795987,0.011148,0.002737,0.000880,0.013535,nan
-1.735786,0.012210,0.002877,0.000935,0.014794,nan
-1.675585,0.013372,0.003030,0.000992,0.016167,nan
-1.615385,0.014650,0.003197,0.001049,0.017672,nan
-1.555184,0.016063,0.003380,0.001108,0.019329,nan
-1.494983,0.017632,0.003583,0.001168,0.021163,nan
-1.434783,0.019384,0.003807,0.001230,0.023204,nan
-1.374582,0.021351,0.004057,0.001294,0.025487,nan
-1.314381,0.023570,0.004337,0.001358,0.028054,nan
-1.254181,0.026085,0.004653,0.001425,0.030954,nan
-1.193980,0.028947,0.005009,0.001493,0.034245,nan
-1.133779,0.032217,0.005413,0.001563,0.037994,nan
-1.073579,0.035963,0.005873,0.001635,0.042277,nan
-1.013378,0.040264,0.006400,0.001708,0.047184,nan
-0.953177,0.045208,0.007003,0.001784,0.052814,nan
-0.892977,0.050894,0.007696,0.001861,0.059278,nan
-0.832776,0.057431,0.008492,0.001941,0.066701,nan
-0.772575,0.064937,0.009408,0.002022,0.075215,nan
-0.712375,0.073536,0.010460,0.002106,0.084962,nan
-0.652174,0.083360,0.011668,0.002192,0.096093,nan
-0.591973,0.094540,0.013050,0.002281,0.108761,nan
-0.531773,0.107209,0.014629,0.002372,0.123117,nan
-0.471572,0.121492,0.016425,0.002466,0.139310,nan
-0.411371,0.137503,0.018459,0.002562,0.157474,nan
-0.351171,0.155339,0.020752,0.002661,0.177728,nan
-0.290970,0.175073,0.023322,0.002763,0.200161,nan
-0.230769,0.196746,0.026185,0.002868,0.224833,nan
-0.170569,0.220363,0.029354,0.002976,0.251761,nan
-0.110368,0.245884,0.032836,0.003088,0.280912,nan
-0.050167,0.273220,0.036633,0.003203,0.312198,nan
0.010033,0.302226,0.040740,0.003321,0.345471,nan
0.070234,0.332702,0.045145,0.003443,0.380518,nan
0.130435,0.364390,0.049828,0.003570,0.417060,nan
0.190635,0.396974,0.054759,0.003700,0.454753,nan
0.250836,0.430088,0.059901,0.003834,0.493191,nan
0.311037,0.463321,0.065206,0.003973,0.531917,nan
0.371237,0.496225,0.070622,0.004117,0.570428,nan
0.431438,0.528329,0.076086,0.004265,0.608191,nan
0.491639,0.559151,0.081534,0.004419,0.644661,nan
0.551839,0.588219,0.086896,0.004578,0.679293,nan
0.612040,0.615081,0.092102,0.004742,0.711565,nan
0.672241,0.639323,0.097081,0.004913,0.740994,nan
0.732441,0.660589,0.101769,0.005090,0.767157,nan
0.792642,0.678591,0.106106,0.005273,0.789707,nan
0.852843,0.693122,0.110039,0.005463,0.808386,nan
0.913043,0.704067,0.113527,0.005661,0.823034,nan
0.973244,0.711403,0.116538,0.005866,0.833600,nan
1.033445,0.715204,0.119054,0.006080,0.840138,nan
1.093645,0.715634,0.121068,0.006302,0.842808,nan
1.153846,0.712942,0.122585,0.006533,0.841863,nan
1.214047,0.707450,0.123622,0.006774,0.837644,nan
1.274247,0.699538,0.124203,0.007026,0.830556,nan
1.334448,0.689625,0.124362,0.007289,0.821053,nan
1.394649,0.678155,0.124137,0.007563,0.809618,nan
1.454849,0.665576,0.123568,0.007850,0.796740,nan
1.515050,0.652321,0.122695,0.008150,0.782896,nan
1.575251,0.638794,0.121559,0.008465,0.768529,nan
1.635452,0.625356,0.120193,0.008796,0.754039,nan
1.695652,0.612315,0.118628,0.009144,0.739763,nan
1.755853,0.599919,0.116887,0.009509,0.725975,nan
1.816054,0.588352,0.114987,0.009895,0.712876,nan
1.876254,0.577736,0.112938,0.010302,0.700603,nan
1.936455,0.568137,0.110744,0.010733,0.689226,nan
1.996656,0.559567,0.108404,0.011190,0.678761,nan
2.056856,0.552000,0.105915,0.011676,0.669179,nan
2.117057,0.545377,0.103272,0.012192,0.660419,nan
2.177258,0.539619,0.100470,0.012744,0.652400,nan
2.237458,0.534638,0.097505,0.013335,0.645035,nan
2.297659,0.530345,0.094376,0.013969,0.638238,nan
2.357860,0.526660,0.091088,0.014651,0.631940,nan
2.418060,0.523519,0.087649,0.015388,0.626089,nan
2.478261,0.520873,0.084073,0.016186,0.620659,nan
2.538462,0.518693,0.080381,0.017053,0.615648,nan
2.598662,0.516969,0.076595,0.017999,0.611079,nan
2.658863,0.515708,0.072745,0.019034,0.606997,nan
2.719064,0.514924,0.068862,0.020169,0.603461,nan
2.779264,0.514639,0.064978,0.021420,0.600539,nan
2.839465,0.514875,0.061127,0.022800,0.598301,nan
2.899666,0.515646,0.057341,0.024329,0.596813,nan
2.959866,0.516952,0.053650,0.026026,0.596125,nan
3.020067,0.518778,0.050084,0.027914,0.596273,nan
3.080268,0.521086,0.046664,0.030020,0.597267,nan
3.140468,0.523811,0.043410,0.032371,0.599092,nan
3.200669,0.526867,0.040338,0.034999,0.601707,nan
3.260870,0.530139,0.037455,0.037941,0.605043,nan
3.321070,0.533491,0.034769,0.041235,0.609008,nan
3.381271,0.536766,0.032279,0.044924,0.613487,nan
3.441472,0.539792,0.029982,0.049054,0.618351,nan
3.501672,0.542385,0.027871,0.053675,0.623461,nan
3.561873,0.544357,0.025938,0.058840,0.628673,nan
3.622074,0.545523,0.024171,0.064607,0.633845,nan
3.682274,0.545703,0.022558,0.071035,0.638846,nan
3.742475,0.544733,0.021084,0.078187,0.643559,nan
3.802676,0.542466,0.019737,0.086125,0.647889,nan
3.862876,0.538780,0.018502,0.094916,0.651764,nan
3.923077,0.533581,0.017368,0.104623,0.655143,nan
3.983278,0.526807,0.016321,0.115312,0.658014,nan
4.043478,0.518428,0.015352,0.127044,0.660401,nan
4.103679,0.508449,0.014450,0.139878,0.662356,nan
4.163880,0.496909,0.013606,0.153866,0.663963,nan
4.224080,0.483882,0.012814,0.169057,0.665335,nan
4.284281,0.469469,0.012068,0.185488,0.666609,nan
4.344482,0.453805,0.011362,0.203188,0.667941,nan
4.404682,0.437045,0.010693,0.222174,0.669500,nan
4.464883,0.419366,0.010057,0.242451,0.671464,nan
4.525084,0.400961,0.009453,0.264006,0.674013,nan
4.585284,0.382031,0.008878,0.286814,0.677320,nan
4.645485,0.362783,0.008331,0.310830,0.681547,nan
4.705686,0.343425,0.007812,0.335990,0.686838,nan
4.765886,0.324158,0.007320,0.362215,0.693311,nan
4.826087,0.305173,0.006854,0.389402,0.701057,nan
4.886288,0.286647,0.006415,0.417433,0.710134,nan
4.946488,0.268739,0.006001,0.446170,0.720562,nan
5.006689,0.251588,0.005613,0.475457,0.732324,nan
5.066890,0.235311,0.005249,0.505124,0.745367,nan
5.127090,0.220001,0.004910,0.534985,0.759596,nan
5.187291,0.205727,0.004595,0.564844,0.774885,nan
5.247492,0.192536,0.004303,0.594495,0.791073,nan
5.307692,0.180450,0.004032,0.623729,0.807971,nan
5.367893,0.169472,0.003783,0.652331,0.825368,nan
5.428094,0.159587,0.003553,0.680090,0.843035,nan
5.488294,0.150762,0.003342,0.706800,0.860731,nan
5.548495,0.142952,0.003149,0.732262,0.878212,nan
5.608696,0.136102,0.002972,0.756292,0.895235,nan
5.668896,0.130146,0.002810,0.778718,0.911564,nan
5.729097,0.125015,0.002662,0.799391,0.926977,nan
5.789298,0.120638,0.002526,0.818181,0.941272,nan
5.849498,0.116940,0.002402,0.834983,0.954269,nan
5.909699,0.113852,0.002289,0.849716,0.965815,nan
5.969900,0.111305,0.002184,0.862328,0.975788,nan
6.030100,0.109236,0.002088,0.872792,0.984097,nan
6.090301,0.107586,0.002000,0.881109,0.990684,nan
6.150502,0.106305,0.001919,0.887303,0.995521,nan
6.210702,0.105348,0.001843,0.891426,0.998615,nan
6.270903,0.104678,0.001773,0.893549,1.000000,nan
6.331104,0.104266,0.001708,0.893763,0.999737,nan
6.391304,0.104088,0.001647,0.892178,0.997911,nan
6.451505,0.104130,0.001590,0.888912,0.994626,nan
6.511706,0.104382,0.001537,0.884096,0.990003,nan
6.571906,0.104839,0.001488,0.877865,0.984173,nan
6.632107,0.105504,0.001441,0.870358,0.977274,nan
6.692308,0.106380,0.001397,0.861708,0.969448,nan
6.752508,0.107476,0.001356,0.852049,0.960832,nan
6.812709,0.108801,0.001317,0.841503,0.951560,nan
6.872910,0.110365,0.001280,0.830183,0.941756,nan
6.933110,0.112179,0.001246,0.818191,0.931531,nan
6.993311,0.114250,0.001214,0.805617,0.920982,nan
7.053512,0.116585,0.001184,0.792533,0.910190,nan
7.113712,0.119187,0.001156,0.779000,0.899217,nan
7.173913,0.122054,0.001129,0.765064,0.888108,nan
7.234114,0.125179,0.001105,0.750759,0.876889,nan
7.294314,0.128550,0.001082,0.736106,0.865570,nan
7.354515,0.132149,0.001060,0.721116,0.854143,nan
7.414716,0.135951,0.001040,0.705792,0.842587,nan
7.474916,0.139924,0.001021,0.690132,0.830867,nan
7.535117,0.144033,0.001004,0.674129,0.818941,nan
7.595318,0.148233,0.000987,0.657775,0.806755,nan
7.655518,0.152477,0.000972,0.641063,0.794255,nan
7.715719,0.156711,0.000957,0.623985,0.781381,nan
7.775920,0.160878,0.000943,0.606543,0.768075,nan
7.836120,0.164919,0.000930,0.588740,0.754283,nan
7.896321,0.168774,0.000916,0.570588,0.739954,nan
7.956522,0.172382,0.000903,0.552105,0.725048,nan
8.016722,0.175684,0.000891,0.533318,0.709531,nan
8.076923,0.178622,0.000878,0.514262,0.693380,nan
8.137124,0.181144,0.000865,0.494980,0.676586,nan
8.197324,0.183203,0.000852,0.475520,0.659151,nan
8.257525,0.184759,0.000838,0.455939,0.641089,nan
8.317726,0.185776,0.000824,0.436298,0.622428,nan
8.377926,0.186232,0.000810,0.416662,0.603209,nan
8.438127,0.186109,0.000795,0.397098,0.583483,nan
8.498328,0.185401,0.000780,0.377676,0.563312,nan
8.558528,0.184109,0.000764,0.358465,0.542768,nan
8.618729,0.182246,0.000747,0.339534,0.521931,nan
8.678930,0.179830,0.000731,0.320947,0.500885,nan
8.739130,0.176890,0.000713,0.302767,0.479722,nan
8.799331,0.173459,0.000695,0.285052,0.458532,nan
8.859532,0.169580,0.000677,0.267854,0.437410,nan
8.919732,0.165298,0.000659,0.251219,0.416448,nan
8.979933,0.160662,0.000640,0.235186,0.395736,nan
9.040134,0.155727,0.000622,0.219789,0.375359,nan
9.100334,0.150545,0.000603,0.205055,0.355399,nan
9.160535,0.145172,0.000584,0.191003,0.335931,nan
9.220736,0.139662,0.000566,0.177645,0.317022,nan
9.280936,0.134071,0.000547,0.164990,0.298734,nan
9.341137,0.128450,0.000529,0.153036,0.281119,nan
9.401338,0.122847,0.000511,0.141781,0.264222,nan
9.461538,0.117311,0.000493,0.131214,0.248080,nan
9.521739,0.111883,0.000476,0.121321,0.232723,nan
9.581940,0.106604,0.000459,0.112084,0.218172,nan
9.642140,0.101508,0.000443,0.103482,0.204441,nan
9.702341,0.096628,0.000427,0.095491,0.191539,nan
9.762542,0.091991,0.000412,0.088086,0.179466,nan
9.822742,0.087619,0.000397,0.081238,0.168217,nan
9.882943,0.083531,0.000382,0.074920,0.157783,nan
9.943144,0.079741,0.000369,0.069101,0.148148,nan
10.003344,0.076260,0.000355,0.063751,0.139293,nan
10.063545,0.073093,0.000343,0.058841,0.131194,nan
10.123746,0.070243,0.000331,0.054342,0.123823,nan
10.183946,0.067708,0.000319,0.050224,0.117151,nan
10.244147,0.065484,0.000308,0.046460,0.111144,nan
10.304348,0.063562,0.000297,0.043023,0.105768,nan
10.364548,0.061931,0.000287,0.039887,0.100984,nan
10.424749,0.060577,0.000277,0.037027,0.096756,nan
10.484950,0.059484,0.000268,0.034420,0.093042,nan
10.545151,0.058634,0.000259,0.032045,0.089803,nan
10.605351,0.058006,0.000251,0.029880,0.086998,nan
10.665552,0.057578,0.000242,0.027906,0.084586,nan
10.725753,0.057328,0.000235,0.026107,0.082526,nan
10.785953,0.057233,0.000227,0.024465,0.080780,nan
10.846154,0.057268,0.000220,0.022966,0.079306,nan
10.906355,0.057408,0.000213,0.021596,0.078068,nan
10.966555,0.057630,0.000207,0.020341,0.077027,nan
11.026756,0.057908,0.000200,0.019192,0.076149,nan
11.086957,0.058220,0.000194,0.018137,0.075399,nan
11.147157,0.058543,0.000188,0.017167,0.074745,nan
11.207358,0.058854,0.000183,0.016273,0.074156,nan
11.267559,0.059135,0.000177,0.015448,0.073605,nan
11.327759,0.059364,0.000172,0.014685,0.073066,nan
11.387960,0.059526,0.000167,0.013978,0.072515,nan
11.448161,0.059604,0.000162,0.013322,0.071931,nan
11.508361,0.059586,0.000157,0.012710,0.071296,nan
11.568562,0.059459,0.000152,0.012140,0.070593,nan
11.628763,0.059215,0.000148,0.011607,0.069810,nan
11.688963,0.058845,0.000143,0.011108,0.068935,nan
11.749164,0.058346,0.000139,0.010639,0.067962,nan
11.809365,0.057714,0.000135,0.010198,0.066884,nan
11.869565,0.056950,0.000131,0.009782,0.065699,nan
11.929766,0.056054,0.000127,0.009390,0.064405,nan
11.989967,0.055031,0.000123,0.009019,0.063005,nan
12.050167,0.053885,0.000119,0.008667,0.061502,nan
12.110368,0.052624,0.000115,0.008334,0.059901,nan
12.170569,0.051256,0.000112,0.008017,0.058211,nan
12.230769,0.049791,0.000108,0.007715,0.056438,nan
12.290970,0.048240,0.000105,0.007427,0.054594,nan
12.351171,0.046614,0.000101,0.007153,0.052688,nan
12.411371,0.044926,0.000098,0.006891,0.050732,nan
12.471572,0.043189,0.000095,0.006640,0.048738,nan
12.531773,0.041414,0.000091,0.006400,0.046717,nan
12.591973,0.039615,0.000088,0.006170,0.044683,nan
12.652174,0.037804,0.000085,0.005950,0.042646,nan
12.712375,0.035994,0.000082,0.005738,0.040619,nan
12.772575,0.034196,0.000079,0.005535,0.038612,nan
12.832776,0.032421,0.000076,0.005339,0.036635,nan
12.892977,0.030678,0.000074,0.005151,0.034699,nan
12.953177,0.028976,0.000071,0.004970,0.032811,nan
13.013378,0.027325,0.000068,0.004795,0.030981,nan
13.073579,0.025730,0.000065,0.004627,0.029213,nan
13.133779,0.024199,0.000063,0.004465,0.027514,nan
13.193980,0.022735,0.000060,0.004308,0.025889,nan
13.254181,0.021343,0.000058,0.004157,0.024341,nan
13.314381,0.020025,0.000055,0.004011,0.022873,nan
13.374582,0.018785,0.000053,0.003869,0.021487,nan
13.434783,0.017623,0.000050,0.003733,0.020185,nan
13.494983,0.016540,0.000048,0.003600,0.018965,nan
13.555184,0.015535,0.000046,0.003472,0.017828,nan
13.615385,0.014607,0.000043,0.003348,0.016773,nan
13.675585,0.013756,0.000041,0.003228,0.015798,nan
13.735786,0.012978,0.000039,0.003112,0.014901,nan
13.795987,0.012273,0.000037,0.002999,0.014079,nan
13.856187,0.011636,0.000035,0.002889,0.013330,nan
13.916388,0.011066,0.000033,0.002783,0.012650,nan
13.976589,0.010558,0.000030,0.002680,0.012036,nan
14.036789,0.010109,0.000028,0.002579,0.011485,nan
14.096990,0.009716,0.000026,0.002482,0.010992,nan
14.157191,0.009375,0.000024,0.002387,0.010553,nan
14.217391,0.009081,0.000023,0.002295,0.010165,nan
14.277592,0.008831,0.000021,0.002206,0.009823,nan
14.337793,0.008621,0.000019,0.002119,0.009524,nan
14.397993,0.008445,0.000017,0.002034,0.009262,nan
14.458194,0.008301,0.000015,0.001952,0.009033,nan
14.518395,0.008183,0.000013,0.001872,0.008833,nan
14.578595,0.008088,0.000012,0.001794,0.008658,nan
14.638796,0.008010,0.000010,0.001718,0.008502,nan
14.698997,0.007946,0.000008,0.001644,0.008362,nan
14.759197,0.007890,0.000006,0.001571,0.008232,nan
14.819398,0.007839,0.000005,0.001501,0.008109,nan
14.879599,0.007788,0.000003,0.001432,0.007987,nan
14.939799,0.007733,0.000002,0.001366,0.007864,nan
15.000000,0.007671,0.000000,0.001300,0.007734,nan
