445.000000 0.006215
445.100000 0.006342
445.200000 0.006470
445.300000 0.006602
445.400000 0.006735
445.500000 0.006871
445.600000 0.007009
445.700000 0.007150
445.800000 0.007293
445.900000 0.007439
446.000000 0.007587
446.100000 0.007739
446.200000 0.007893
446.300000 0.008050
446.400000 0.008210
446.500000 0.008373
446.600000 0.008539
446.700000 0.008708
446.800000 0.008881
446.900000 0.009057
447.000000 0.009236
447.100000 0.009420
447.200000 0.009607
447.300000 0.009798
447.400000 0.009992
447.500000 0.010191
447.600000 0.010394
447.700000 0.010602
447.800000 0.010814
447.900000 0.011030
448.000000 0.011251
448.100000 0.011477
448.200000 0.011709
448.300000 0.011945
448.400000 0.012187
448.500000 0.012435
448.600000 0.012688
448.700000 0.012948
448.800000 0.013213
448.900000 0.013485
449.000000 0.013764
449.100000 0.014050
449.200000 0.014342
449.300000 0.014643
449.400000 0.014951
449.500000 0.015267
449.600000 0.015591
449.700000 0.015924
449.800000 0.016267
449.900000 0.016618
450.000000 0.016979
450.100000 0.017351
450.200000 0.017733
450.300000 0.018126
450.400000 0.018531
450.500000 0.018948
450.600000 0.019378
450.700000 0.019820
450.800000 0.020277
450.900000 0.020748
451.000000 0.021235
451.100000 0.021737
451.200000 0.022256
451.300000 0.022792
451.400000 0.023348
451.500000 0.023922
451.600000 0.024517
451.700000 0.025134
451.800000 0.025773
451.900000 0.026437
452.000000 0.027126
452.100000 0.027842
452.200000 0.028587
452.300000 0.029362
452.400000 0.030169
452.500000 0.031011
452.600000 0.031889
452.700000 0.032806
452.800000 0.033765
452.900000 0.034768
453.000000 0.035819
453.100000 0.036922
453.200000 0.038079
453.300000 0.039295
453.400000 0.040576
453.500000 0.041925
453.600000 0.043349
453.700000 0.044854
453.800000 0.046448
453.900000 0.048137
454.000000 0.049931
454.100000 0.051839
454.200000 0.053874
454.300000 0.056047
454.400000 0.058373
454.500000 0.060869
454.600000 0.063552
454.700000 0.066444
454.800000 0.069569
454.900000 0.072957
455.000000 0.076638
455.100000 0.080652
455.200000 0.085042
455.300000 0.089858
455.400000 0.095161
455.500000 0.101018
455.600000 0.107510
455.700000 0.114729
455.800000 0.122781
455.900000 0.131786
456.000000 0.141880
456.100000 0.153212
456.200000 0.165943
456.300000 0.180245
456.400000 0.196286
456.500000 0.214232
456.600000 0.234225
456.700000 0.256371
456.800000 0.280720
456.900000 0.307244
457.000000 0.335821
457.100000 0.366205
457.200000 0.398023
457.300000 0.430756
457.400000 0.463749
457.500000 0.496224
457.600000 0.527306
457.700000 0.556067
457.800000 0.581575
457.900000 0.602955
458.000000 0.619450
458.100000 0.630474
458.200000 0.635660
458.300000 0.634888
458.400000 0.628294
458.500000 0.616265
458.600000 0.599404
458.700000 0.578486
458.800000 0.554407
458.900000 0.528118
459.000000 0.500568
459.100000 0.472657
459.200000 0.445187
459.300000 0.418842
459.400000 0.394167
459.500000 0.371572
459.600000 0.351334
459.700000 0.333618
459.800000 0.318493
459.900000 0.305956
460.000000 0.295954
460.100000 0.288400
460.200000 0.283192
460.300000 0.280226
460.400000 0.279405
460.500000 0.280642
460.600000 0.283869
460.700000 0.289035
460.800000 0.296105
460.900000 0.305061
461.000000 0.315895
461.100000 0.328611
461.200000 0.343215
461.300000 0.359717
461.400000 0.378121
461.500000 0.398424
461.600000 0.420612
461.700000 0.444655
461.800000 0.470501
461.900000 0.498076
462.000000 0.527281
462.100000 0.557985
462.200000 0.590024
462.300000 0.623199
462.400000 0.657270
462.500000 0.691956
462.600000 0.726929
462.700000 0.761815
462.800000 0.796191
462.900000 0.829586
463.000000 0.861492
463.100000 0.891365
463.200000 0.918647
463.300000 0.942779
463.400000 0.963229
463.500000 0.979520
463.600000 0.991250
463.700000 0.998131
463.800000 1.000000
463.900000 0.996842
464.000000 0.988794
464.100000 0.976141
464.200000 0.959302
464.300000 0.938807
464.400000 0.915267
464.500000 0.889335
464.600000 0.861676
464.700000 0.832931
464.800000 0.803685
464.900000 0.774451
465.000000 0.745654
465.100000 0.717623
465.200000 0.690596
465.300000 0.664725
465.400000 0.640089
465.500000 0.616704
465.600000 0.594544
465.700000 0.573550
465.800000 0.553641
465.900000 0.534733
466.000000 0.516737
466.100000 0.499574
466.200000 0.483170
466.300000 0.467468
466.400000 0.452419
466.500000 0.437988
466.600000 0.424149
466.700000 0.410888
466.800000 0.398195
466.900000 0.386065
467.000000 0.374499
467.100000 0.363497
467.200000 0.353061
467.300000 0.343189
467.400000 0.333882
467.500000 0.325133
467.600000 0.316937
467.700000 0.309283
467.800000 0.302159
467.900000 0.295548
468.000000 0.289434
468.100000 0.283795
468.200000 0.278608
468.300000 0.273851
468.400000 0.269498
468.500000 0.265523
468.600000 0.261900
468.700000 0.258602
468.800000 0.255604
468.900000 0.252879
469.000000 0.250402
469.100000 0.248148
469.200000 0.246095
469.300000 0.244219
469.400000 0.242500
469.500000 0.240916
469.600000 0.239450
469.700000 0.238083
469.800000 0.236799
469.900000 0.235581
470.000000 0.234415
470.100000 0.233287
470.200000 0.232184
470.300000 0.231092
470.400000 0.230000
470.500000 0.228895
470.600000 0.227765
470.700000 0.226599
470.800000 0.225385
470.900000 0.224112
471.000000 0.222768
471.100000 0.221343
471.200000 0.219827
471.300000 0.218210
471.400000 0.216484
471.500000 0.214642
471.600000 0.212677
471.700000 0.210586
471.800000 0.208367
471.900000 0.206018
472.000000 0.203542
472.100000 0.200942
472.200000 0.198224
472.300000 0.195396
472.400000 0.192465
472.500000 0.189445
472.600000 0.186346
472.700000 0.183182
472.800000 0.179966
472.900000 0.176712
473.000000 0.173435
473.100000 0.170149
473.200000 0.166867
473.300000 0.163603
473.400000 0.160367
473.500000 0.157170
473.600000 0.154023
473.700000 0.150934
473.800000 0.147911
473.900000 0.144959
474.000000 0.142083
474.100000 0.139288
474.200000 0.136576
474.300000 0.133950
474.400000 0.131412
474.500000 0.128961
474.600000 0.126599
474.700000 0.124326
474.800000 0.122140
474.900000 0.120042
475.000000 0.118030
475.100000 0.116103
475.200000 0.114260
475.300000 0.112499
475.400000 0.110819
475.500000 0.109219
475.600000 0.107696
475.700000 0.106250
475.800000 0.104877
475.900000 0.103575
476.000000 0.102343
476.100000 0.101177
476.200000 0.100074
476.300000 0.099031
476.400000 0.098045
476.500000 0.097109
476.600000 0.096221
476.700000 0.095375
476.800000 0.094566
476.900000 0.093787
477.000000 0.093034
477.100000 0.092299
477.200000 0.091577
477.300000 0.090862
477.400000 0.090148
477.500000 0.089430
477.600000 0.088704
477.700000 0.087965
477.800000 0.087211
477.900000 0.086440
478.000000 0.085651
478.100000 0.084845
478.200000 0.084021
478.300000 0.083183
478.400000 0.082334
478.500000 0.081478
478.600000 0.080618
478.700000 0.079761
478.800000 0.078911
478.900000 0.078074
479.000000 0.077255
479.100000 0.076461
479.200000 0.075696
479.300000 0.074966
479.400000 0.074275
479.500000 0.073627
479.600000 0.073027
479.700000 0.072479
479.800000 0.071985
479.900000 0.071549
480.000000 0.071174
480.100000 0.070863
480.200000 0.070619
480.300000 0.070443
480.400000 0.070339
480.500000 0.070310
480.600000 0.070358
480.700000 0.070488
480.800000 0.070702
480.900000 0.071005
481.000000 0.071402
481.100000 0.071897
481.200000 0.072497
481.300000 0.073208
481.400000 0.074038
481.500000 0.074995
481.600000 0.076089
481.700000 0.077330
481.800000 0.078731
481.900000 0.080306
482.000000 0.082070
482.100000 0.084040
482.200000 0.086236
482.300000 0.088678
482.400000 0.091390
482.500000 0.094397
482.600000 0.097727
482.700000 0.101410
482.800000 0.105475
482.900000 0.109956
483.000000 0.114885
483.100000 0.120295
483.200000 0.126218
483.300000 0.132683
483.400000 0.139715
483.500000 0.147335
483.600000 0.155556
483.700000 0.164382
483.800000 0.173807
483.900000 0.183812
484.000000 0.194364
484.100000 0.205413
484.200000 0.216893
484.300000 0.228723
484.400000 0.240803
484.500000 0.253019
484.600000 0.265241
484.700000 0.277330
484.800000 0.289138
484.900000 0.300512
485.000000 0.311301
485.100000 0.321358
485.200000 0.330544
485.300000 0.338738
485.400000 0.345835
485.500000 0.351753
485.600000 0.356434
485.700000 0.359846
485.800000 0.361986
485.900000 0.362874
486.000000 0.362558
486.100000 0.361105
486.200000 0.358602
486.300000 0.355152
486.400000 0.350865
486.500000 0.345858
486.600000 0.340251
486.700000 0.334159
486.800000 0.327692
486.900000 0.320950
487.000000 0.314023
487.100000 0.306989
487.200000 0.299912
487.300000 0.292842
487.400000 0.285820
487.500000 0.278873
487.600000 0.272021
487.700000 0.265274
487.800000 0.258637
487.900000 0.252112
488.000000 0.245695
488.100000 0.239385
488.200000 0.233178
488.300000 0.227072
488.400000 0.221068
488.500000 0.215168
488.600000 0.209375
488.700000 0.203696
488.800000 0.198139
488.900000 0.192714
489.000000 0.187432
489.100000 0.182302
489.200000 0.177338
489.300000 0.172550
489.400000 0.167948
489.500000 0.163540
489.600000 0.159334
489.700000 0.155335
489.800000 0.151546
489.900000 0.147969
490.000000 0.144604
490.100000 0.141448
490.200000 0.138497
490.300000 0.135744
490.400000 0.133183
490.500000 0.130806
490.600000 0.128601
490.700000 0.126560
490.800000 0.124670
490.900000 0.122919
491.000000 0.121297
491.100000 0.119790
491.200000 0.118387
491.300000 0.117075
491.400000 0.115843
491.500000 0.114680
491.600000 0.113573
491.700000 0.112514
491.800000 0.111491
491.900000 0.110496
492.000000 0.109520
492.100000 0.108556
492.200000 0.107595
492.300000 0.106632
492.400000 0.105661
492.500000 0.104676
492.600000 0.103675
492.700000 0.102653
492.800000 0.101608
492.900000 0.100538
493.000000 0.099441
493.100000 0.098318
493.200000 0.097167
493.300000 0.095989
493.400000 0.094785
493.500000 0.093557
493.600000 0.092305
493.700000 0.091033
493.800000 0.089741
493.900000 0.088433
494.000000 0.087111
494.100000 0.085778
494.200000 0.084435
494.300000 0.083087
494.400000 0.081734
494.500000 0.080380
494.600000 0.079027
494.700000 0.077678
494.800000 0.076334
494.900000 0.074997
495.000000 0.073669
495.100000 0.072351
495.200000 0.071046
495.300000 0.069755
495.400000 0.068477
495.500000 0.067216
495.600000 0.065970
495.700000 0.064742
495.800000 0.063531
495.900000 0.062339
496.000000 0.061165
496.100000 0.060010
496.200000 0.058874
496.300000 0.057757
496.400000 0.056660
496.500000 0.055582
496.600000 0.054523
496.700000 0.053484
496.800000 0.052464
496.900000 0.051463
497.000000 0.050482
497.100000 0.049519
497.200000 0.048575
497.300000 0.047649
497.400000 0.046741
497.500000 0.045852
497.600000 0.044980
497.700000 0.044126
497.800000 0.043290
497.900000 0.042470
498.000000 0.041666
498.100000 0.040880
498.200000 0.040109
498.300000 0.039354
498.400000 0.038614
498.500000 0.037890
498.600000 0.037180
498.700000 0.036484
498.800000 0.035803
498.900000 0.035135
499.000000 0.034481
499.100000 0.033840
499.200000 0.033211
499.300000 0.032595
499.400000 0.031991
499.500000 0.031398
499.600000 0.030817
499.700000 0.030247
499.800000 0.029688
499.900000 0.029139
500.000000 0.028601
