E,dup,ddn,pup,pdn,octup,octdn,totup,totdn
-12.000000,0.044527,-0.000000,0.001293,-0.000000,0.059958,-0.059958,0.105779,-0.059958
-11.919732,0.045698,-0.000619,0.001371,-0.000031,0.062508,-0.062508,0.109577,-0.063158
-11.839465,0.046497,-0.001296,0.001452,-0.000062,0.065248,-0.065248,0.113196,-0.066606
-11.759197,0.046922,-0.002027,0.001534,-0.000095,0.068202,-0.068202,0.116657,-0.070323
-11.678930,0.046981,-0.002803,0.001619,-0.000128,0.071400,-0.071400,0.119999,-0.074331
-11.598662,0.046696,-0.003613,0.001706,-0.000162,0.074875,-0.074875,0.123277,-0.078651
-11.518395,0.046099,-0.004442,0.001796,-0.000197,0.078670,-0.078670,0.126565,-0.083309
-11.438127,0.045235,-0.005270,0.001888,-0.000232,0.082832,-0.082832,0.129955,-0.088335
-11.357860,0.044157,-0.006079,0.001984,-0.000269,0.087418,-0.087418,0.133559,-0.093766
-11.277592,0.042927,-0.006846,0.002083,-0.000307,0.092496,-0.092496,0.137507,-0.099649
-11.197324,0.041614,-0.007553,0.002186,-0.000345,0.098145,-0.098145,0.141945,-0.106043
-11.117057,0.040289,-0.008181,0.002293,-0.000385,0.104458,-0.104458,0.147041,-0.113024
-11.036789,0.039027,-0.008714,0.002405,-0.000426,0.111544,-0.111544,0.152976,-0.120685
-10.956522,0.037900,-0.009144,0.002521,-0.000468,0.119529,-0.119529,0.159951,-0.129142
-10.876254,0.036980,-0.009466,0.002643,-0.000511,0.128559,-0.128559,0.168183,-0.138537
-10.795987,0.036332,-0.009681,0.002772,-0.000555,0.138802,-0.138802,0.177906,-0.149038
-10.715719,0.036017,-0.009796,0.002908,-0.000601,0.150448,-0.150448,0.189373,-0.160845
-10.635452,0.036089,-0.009825,0.003052,-0.000648,0.163714,-0.163714,0.202855,-0.174187
-10.555184,0.036593,-0.009786,0.003205,-0.000697,0.178842,-0.178842,0.218640,-0.189325
-10.474916,0.037566,-0.009703,0.003368,-0.000748,0.196102,-0.196102,0.237036,-0.206552
-10.394649,0.039036,-0.009601,0.003542,-0.000800,0.215793,-0.215793,0.258371,-0.226194
-10.314381,0.041020,-0.009507,0.003728,-0.000854,0.238242,-0.238242,0.282990,-0.248603
-10.234114,0.043526,-0.009452,0.003927,-0.000911,0.263801,-0.263801,0.311254,-0.274163
-10.153846,0.046553,-0.009462,0.004141,-0.000969,0.292847,-0.292847,0.343540,-0.303278
-10.073579,0.050088,-0.009563,0.004369,-0.001031,0.325780,-0.325780,0.380237,-0.336374
-9.993311,0.054110,-0.009781,0.004612,-0.001095,0.363017,-0.363017,0.421739,-0.373894
-9.913043,0.058585,-0.010136,0.004870,-0.001163,0.404986,-0.404986,0.468441,-0.416285
-9.832776,0.063470,-0.010645,0.005145,-0.001235,0.452118,-0.452118,0.520732,-0.463998
-9.752508,0.068712,-0.011324,0.005434,-0.001310,0.504841,-0.504841,0.578987,-0.517476
-9.672241,0.074248,-0.012184,0.005738,-0.001391,0.563569,-0.563569,0.643554,-0.577143
-9.591973,0.080006,-0.013230,0.006056,-0.001476,0.628686,-0.628686,0.714748,-0.643393
-9.511706,0.085905,-0.014468,0.006386,-0.001567,0.700541,-0.700541,0.792832,-0.716576
-9.431438,0.091858,-0.015896,0.006726,-0.001665,0.779427,-0.779427,0.878012,-0.796988
-9.351171,0.097773,-0.017512,0.007076,-0.001768,0.865570,-0.865570,0.970418,-0.884851
-9.270903,0.103550,-0.019308,0.007431,-0.001879,0.959112,-0.959112,1.070093,-0.980299
-9.190635,0.109092,-0.021272,0.007790,-0.001997,1.060098,-1.060098,1.176980,-1.083368
-9.110368,0.114299,-0.023388,0.008149,-0.002123,1.168465,-1.168465,1.290912,-1.193975
-9.030100,0.119074,-0.025635,0.008505,-0.002256,1.284023,-1.284023,1.411602,-1.311915
-8.949833,0.123327,-0.027990,0.008855,-0.002396,1.406457,-1.406457,1.538640,-1.436844
-8.869565,0.126977,-0.030422,0.009196,-0.002544,1.535313,-1.535313,1.671485,-1.568278
-8.789298,0.129953,-0.032897,0.009524,-0.002697,1.670000,-1.670000,1.809477,-1.705594
-8.709030,0.132201,-0.035378,0.009836,-0.002857,1.809796,-1.809796,1.951834,-1.848031
-8.628763,0.133683,-0.037823,0.010132,-0.003021,1.953858,-1.953858,2.097673,-1.994702
-8.548495,0.134381,-0.040188,0.010409,-0.003188,2.101235,-2.101235,2.246025,-2.144612
-8.468227,0.134299,-0.042429,0.010667,-0.003358,2.250893,-2.250893,2.395858,-2.296679
-8.387960,0.133462,-0.044501,0.010907,-0.003528,2.401736,-2.401736,2.546105,-2.449765
-8.307692,0.131917,-0.046361,0.011131,-0.003697,2.552645,-2.552645,2.695694,-2.602704
-8.227425,0.129732,-0.047970,0.011343,-0.003865,2.702505,-2.702505,2.843580,-2.754340
-8.147157,0.126992,-0.049295,0.011548,-0.004029,2.850241,-2.850241,2.988780,-2.903565
-8.066890,0.123795,-0.050310,0.011749,-0.004188,2.994856,-2.994856,3.130400,-3.049354
-7.986622,0.120251,-0.050996,0.011954,-0.004342,3.135458,-3.135458,3.267663,-3.190797
-7.906355,0.116474,-0.051347,0.012168,-0.004490,3.271289,-3.271289,3.399930,-3.327125
-7.826087,0.112579,-0.051363,0.012398,-0.004633,3.401738,-3.401738,3.526715,-3.457734
-7.745819,0.108679,-0.051060,0.012650,-0.004770,3.526361,-3.526361,3.647690,-3.582191
-7.665552,0.104876,-0.050461,0.012929,-0.004903,3.644870,-3.644870,3.762675,-3.700234
-7.585284,0.101261,-0.049600,0.013242,-0.005034,3.757127,-3.757127,3.871629,-3.811760
-7.505017,0.097912,-0.048517,0.013591,-0.005164,3.863122,-3.863122,3.974625,-3.916803
-7.424749,0.094892,-0.047263,0.013980,-0.005295,3.962941,-3.962941,4.071812,-4.015499
-7.344482,0.092244,-0.045888,0.014411,-0.005431,4.056724,-4.056724,4.163379,-4.108043
-7.264214,0.090000,-0.044446,0.014886,-0.005574,4.144623,-4.144623,4.249509,-4.194644
-7.183946,0.088174,-0.042993,0.015406,-0.005728,4.226754,-4.226754,4.330334,-4.275475
-7.103679,0.086769,-0.041577,0.015972,-0.005894,4.303150,-4.303150,4.405890,-4.350621
-7.023411,0.085778,-0.040246,0.016583,-0.006075,4.373719,-4.373719,4.476080,-4.420039
-6.943144,0.085188,-0.039037,0.017241,-0.006274,4.438211,-4.438211,4.540639,-4.483521
-6.862876,0.084982,-0.037981,0.017946,-0.006493,4.496194,-4.496194,4.599121,-4.540668
-6.782609,0.085142,-0.037102,0.018700,-0.006733,4.547047,-4.547047,4.650888,-4.590882
-6.702341,0.085652,-0.036412,0.019505,-0.006996,4.589963,-4.589963,4.695120,-4.633371
-6.622074,0.086503,-0.035915,0.020366,-0.007282,4.623968,-4.623968,4.730837,-4.667165
-6.541806,0.087692,-0.035608,0.021288,-0.007591,4.647959,-4.647959,4.756939,-4.691158
-6.461538,0.089224,-0.035480,0.022277,-0.007923,4.660749,-4.660749,4.772250,-4.704152
-6.381271,0.091114,-0.035515,0.023343,-0.008279,4.661124,-4.661124,4.775582,-4.704918
-6.301003,0.093389,-0.035692,0.024496,-0.008657,4.647909,-4.647909,4.765794,-4.692258
-6.220736,0.096082,-0.035988,0.025750,-0.009058,4.620034,-4.620034,4.741866,-4.665080
-6.140468,0.099238,-0.036382,0.027120,-0.009482,4.576599,-4.576599,4.702957,-4.622463
-6.060201,0.102907,-0.036850,0.028623,-0.009930,4.516936,-4.516936,4.648467,-4.563716
-5.979933,0.107146,-0.037374,0.030279,-0.010401,4.440662,-4.440662,4.578087,-4.488437
-5.899666,0.112012,-0.037940,0.032109,-0.010899,4.347712,-4.347712,4.491834,-4.396551
-5.819398,0.117565,-0.038536,0.034137,-0.011426,4.238372,-4.238372,4.390075,-4.288334
-5.739130,0.123859,-0.039159,0.036387,-0.011985,4.113284,-4.113284,4.273530,-4.164428
-5.658863,0.130941,-0.039812,0.038886,-0.012582,3.973436,-3.973436,4.143263,-4.025830
-5.578595,0.138847,-0.040501,0.041658,-0.013223,3.820146,-3.820146,4.000652,-3.873870
-5.498328,0.147601,-0.041240,0.044731,-0.013915,3.655022,-3.655022,3.847353,-3.710177
-5.418060,0.157206,-0.042049,0.048128,-0.014668,3.479909,-3.479909,3.685243,-3.536626
-5.337793,0.167647,-0.042951,0.051873,-0.015491,3.296840,-3.296840,3.516360,-3.355282
-5.257525,0.178886,-0.043971,0.055984,-0.016397,3.107966,-3.107966,3.342836,-3.168333
-5.177258,0.190859,-0.045139,0.060478,-0.017398,2.915490,-2.915490,3.166827,-2.978028
-5.096990,0.203476,-0.046486,0.065366,-0.018511,2.721607,-2.721607,2.990449,-2.786604
-5.016722,0.216623,-0.048041,0.070656,-0.019752,2.528437,-2.528437,2.815716,-2.596230
-4.936455,0.230163,-0.049834,0.076349,-0.021139,2.337973,-2.337973,2.644485,-2.408946
-4.856187,0.243934,-0.051893,0.082442,-0.022694,2.152034,-2.152034,2.478410,-2.226620
-4.775920,0.257761,-0.054243,0.088931,-0.024439,1.972225,-1.972225,2.318917,-2.050907
-4.695652,0.271452,-0.056905,0.095808,-0.026399,1.799918,-1.799918,2.167178,-1.883222
-4.615385,0.284811,-0.059898,0.103066,-0.028600,1.636228,-1.636228,2.024105,-1.724725
-4.535117,0.297641,-0.063232,0.110701,-0.031072,1.482012,-1.482012,1.890355,-1.576316
-4.454849,0.309754,-0.066914,0.118716,-0.033845,1.337875,-1.337875,1.766344,-1.438634
-4.374582,0.320973,-0.070945,0.127123,-0.036953,1.204176,-1.204176,1.652272,-1.312074
-4.294314,0.331145,-0.075318,0.135947,-0.040428,1.081054,-1.081054,1.548147,-1.196800
-4.214047,0.340144,-0.080018,0.145231,-0.044306,0.968448,-0.968448,1.453823,-1.092772
-4.133779,0.347875,-0.085024,0.155036,-0.048624,0.866123,-0.866123,1.369035,-0.999772
-4.053512,0.354282,-0.090308,0.165445,-0.053418,0.773705,-0.773705,1.293432,-0.917431
-3.973244,0.359345,-0.095834,0.176563,-0.058724,0.690703,-0.690703,1.226611,-0.845261
-3.892977,0.363083,-0.101561,0.188514,-0.064577,0.616546,-0.616546,1.168143,-0.782683
-3.812709,0.365555,-0.107441,0.201441,-0.071011,0.550601,-0.550601,1.117597,-0.729053
-3.732441,0.366852,-0.113426,0.215499,-0.078057,0.492205,-0.492205,1.074556,-0.683688
-3.652174,0.367096,-0.119464,0.230848,-0.085743,0.440683,-0.440683,1.038626,-0.645889
-3.571906,0.366432,-0.125504,0.247642,-0.094088,0.395364,-0.395364,1.009437,-0.614956
-3.491639,0.365021,-0.131498,0.266021,-0.103107,0.355600,-0.355600,0.986641,-0.590205
-3.411371,0.363036,-0.137405,0.286097,-0.112802,0.320772,-0.320772,0.969904,-0.570979
-3.331104,0.360649,-0.143190,0.307943,-0.123163,0.290302,-0.290302,0.958894,-0.556655
-3.250836,0.358027,-0.148829,0.331581,-0.134160,0.263658,-0.263658,0.953266,-0.546647
-3.170569,0.355328,-0.154310,0.356975,-0.145746,0.240352,-0.240352,0.952655,-0.540408
-3.090301,0.352688,-0.159634,0.384024,-0.157850,0.219948,-0.219948,0.956660,-0.537432
-3.010033,0.350226,-0.164815,0.412559,-0.170375,0.202055,-0.202055,0.964841,-0.537245
-2.929766,0.348034,-0.169883,0.442352,-0.183198,0.186331,-0.186331,0.976717,-0.539412
-2.849498,0.346182,-0.174882,0.473115,-0.196172,0.172472,-0.172472,0.991770,-0.543526
-2.769231,0.344714,-0.179867,0.504521,-0.209129,0.160218,-0.160218,1.009453,-0.549214
-2.688963,0.343650,-0.184907,0.536213,-0.221882,0.149344,-0.149344,1.029206,-0.556133
-2.608696,0.342993,-0.190082,0.567824,-0.234238,0.139653,-0.139653,1.050470,-0.563973
-2.528428,0.342724,-0.195480,0.598998,-0.246004,0.130982,-0.130982,1.072704,-0.572466
-2.448161,0.342813,-0.201195,0.629398,-0.257000,0.123189,-0.123189,1.095401,-0.581384
-2.367893,0.343216,-0.207326,0.658727,-0.267070,0.116155,-0.116155,1.118098,-0.590551
-2.287625,0.343882,-0.213976,0.686727,-0.276092,0.109777,-0.109777,1.140387,-0.599845
-2.207358,0.344751,-0.221244,0.713185,-0.283989,0.103971,-0.103971,1.161907,-0.609204
-2.127090,0.345757,-0.229227,0.737925,-0.290733,0.098663,-0.098663,1.182345,-0.618623
-2.046823,0.346828,-0.238015,0.760796,-0.296349,0.093792,-0.093792,1.201416,-0.628156
-1.966555,0.347888,-0.247685,0.781659,-0.300916,0.089306,-0.089306,1.218853,-0.637907
-1.886288,0.348851,-0.258300,0.800370,-0.304555,0.085161,-0.085161,1.234383,-0.648016
-1.806020,0.349631,-0.269902,0.816763,-0.307424,0.081318,-0.081318,1.247712,-0.658645
-1.725753,0.350132,-0.282510,0.830637,-0.309704,0.077746,-0.077746,1.258515,-0.669960
-1.645485,0.350254,-0.296109,0.841754,-0.311583,0.074416,-0.074416,1.266424,-0.682108
-1.565217,0.349897,-0.310654,0.849835,-0.313239,0.071305,-0.071305,1.271038,-0.695198
-1.484950,0.348961,-0.326057,0.854576,-0.314829,0.068391,-0.068391,1.271929,-0.709277
-1.404682,0.347347,-0.342191,0.855661,-0.316467,0.065657,-0.065657,1.268665,-0.724315
-1.324415,0.344968,-0.358885,0.852788,-0.318223,0.063087,-0.063087,1.260843,-0.740195
-1.244147,0.341749,-0.375926,0.845697,-0.320110,0.060666,-0.060666,1.248112,-0.756701
-1.163880,0.337633,-0.393058,0.834201,-0.322081,0.058382,-0.058382,1.230216,-0.773521
-1.083612,0.332585,-0.409991,0.818211,-0.324037,0.056224,-0.056224,1.207020,-0.790253
-1.003344,0.326595,-0.426406,0.797756,-0.325828,0.054183,-0.054183,1.178534,-0.806416
-0.923077,0.319682,-0.441962,0.773000,-0.327265,0.052249,-0.052249,1.144931,-0.821475
-0.842809,0.311893,-0.456311,0.744242,-0.328134,0.050414,-0.050414,1.106549,-0.834859
-0.762542,0.303302,-0.469110,0.711912,-0.328210,0.048672,-0.048672,1.063886,-0.845991
-0.682274,0.294010,-0.480032,0.676553,-0.327272,0.047015,-0.047015,1.017578,-0.854319
-0.602007,0.284139,-0.488783,0.638797,-0.325121,0.045439,-0.045439,0.968375,-0.859343
-0.521739,0.273828,-0.495114,0.599335,-0.321590,0.043937,-0.043937,0.917101,-0.860642
-0.441472,0.263229,-0.498832,0.558884,-0.316560,0.042505,-0.042505,0.864619,-0.857898
-0.361204,0.252502,-0.499812,0.518151,-0.309964,0.041139,-0.041139,0.811791,-0.850914
-0.280936,0.241804,-0.497998,0.477805,-0.301794,0.039833,-0.039833,0.759441,-0.839625
-0.200669,0.231290,-0.493416,0.438449,-0.292101,0.038585,-0.038585,0.708324,-0.824102
-0.120401,0.221106,-0.486162,0.400603,-0.280995,0.037391,-0.037391,0.659100,-0.804548
-0.040134,0.211386,-0.476406,0.364686,-0.268635,0.036248,-0.036248,0.612320,-0.781289
0.040134,0.202249,-0.464384,0.331017,-0.255221,0.035152,-0.035152,0.568417,-0.754757
0.120401,0.193795,-0.450382,0.299810,-0.240985,0.034102,-0.034102,0.527707,-0.725468
0.200669,0.186110,-0.434730,0.271186,-0.226177,0.033094,-0.033094,0.490390,-0.694001
0.280936,0.179264,-0.417785,0.245179,-0.211056,0.032126,-0.032126,0.456569,-0.660967
0.361204,0.173309,-0.399919,0.221753,-0.195871,0.031197,-0.031197,0.426258,-0.626986
0.441472,0.168285,-0.381501,0.200815,-0.180859,0.030303,-0.030303,0.399403,-0.592663
0.521739,0.164219,-0.362892,0.182232,-0.166231,0.029444,-0.029444,0.375895,-0.558567
0.602007,0.161130,-0.344426,0.165842,-0.152170,0.028616,-0.028616,0.355588,-0.525212
0.682274,0.159028,-0.326405,0.151466,-0.138821,0.027820,-0.027820,0.338313,-0.493046
0.762542,0.157914,-0.309098,0.138924,-0.126295,0.027052,-0.027052,0.323890,-0.462445
0.842809,0.157789,-0.292728,0.128035,-0.114668,0.026313,-0.026313,0.312136,-0.433708
0.923077,0.158644,-0.277477,0.118629,-0.103983,0.025599,-0.025599,0.302872,-0.407059
1.003344,0.160470,-0.263489,0.110548,-0.094251,0.024911,-0.024911,0.295929,-0.382651
1.083612,0.163252,-0.250865,0.103650,-0.085462,0.024246,-0.024246,0.291149,-0.360573
1.163880,0.166970,-0.239673,0.097806,-0.077584,0.023605,-0.023605,0.288381,-0.340861
1.244147,0.171597,-0.229953,0.092905,-0.070568,0.022985,-0.022985,0.287487,-0.323506
1.324415,0.177099,-0.221716,0.088847,-0.064360,0.022385,-0.022385,0.288332,-0.308461
1.404682,0.183432,-0.214957,0.085545,-0.058894,0.021806,-0.021806,0.290783,-0.295657
1.484950,0.190538,-0.209652,0.082923,-0.054106,0.021245,-0.021245,0.294706,-0.285004
1.565217,0.198349,-0.205770,0.080909,-0.049931,0.020703,-0.020703,0.299961,-0.276404
1.645485,0.206780,-0.203268,0.079439,-0.046307,0.020177,-0.020177,0.306396,-0.269752
1.725753,0.215727,-0.202101,0.078451,-0.043175,0.019669,-0.019669,0.313846,-0.264944
1.806020,0.225071,-0.202220,0.077882,-0.040483,0.019176,-0.019176,0.322129,-0.261879
1.886288,0.234675,-0.203576,0.077670,-0.038185,0.018698,-0.018698,0.331043,-0.260459
1.966555,0.244386,-0.206120,0.077751,-0.036238,0.018235,-0.018235,0.340371,-0.260592
2.046823,0.254033,-0.209800,0.078057,-0.034607,0.017786,-0.017786,0.349876,-0.262194
2.127090,0.263439,-0.214569,0.078520,-0.033264,0.017350,-0.017350,0.359308,-0.265183
2.207358,0.272414,-0.220377,0.079067,-0.032181,0.016927,-0.016927,0.368408,-0.269485
2.287625,0.280769,-0.227173,0.079626,-0.031339,0.016516,-0.016516,0.376912,-0.275028
2.367893,0.288318,-0.234906,0.080127,-0.030720,0.016117,-0.016117,0.384562,-0.281744
2.448161,0.294881,-0.243524,0.080500,-0.030311,0.015730,-0.015730,0.391111,-0.289564
2.528428,0.300298,-0.252969,0.080683,-0.030098,0.015353,-0.015353,0.396334,-0.298420
2.608696,0.304427,-0.263181,0.080620,-0.030072,0.014987,-0.014987,0.400035,-0.308241
2.688963,0.307156,-0.274094,0.080265,-0.030223,0.014632,-0.014632,0.402052,-0.318949
2.769231,0.308403,-0.285633,0.079582,-0.030542,0.014286,-0.014286,0.402271,-0.330461
2.849498,0.308122,-0.297714,0.078550,-0.031021,0.013949,-0.013949,0.400621,-0.342684
2.929766,0.306304,-0.310243,0.077160,-0.031647,0.013621,-0.013621,0.397085,-0.355511
3.010033,0.302975,-0.323111,0.075418,-0.032409,0.013303,-0.013303,0.391695,-0.368823
3.090301,0.298200,-0.336195,0.073341,-0.033292,0.012992,-0.012992,0.384532,-0.382479
3.170569,0.292074,-0.349356,0.070958,-0.034278,0.012690,-0.012690,0.375722,-0.396324
3.250836,0.284724,-0.362437,0.068309,-0.035346,0.012395,-0.012395,0.365428,-0.410178
3.331104,0.276297,-0.375266,0.065439,-0.036471,0.012109,-0.012109,0.353845,-0.423846
3.411371,0.266959,-0.387655,0.062401,-0.037627,0.011829,-0.011829,0.341190,-0.437111
3.491639,0.256888,-0.399402,0.059248,-0.038783,0.011556,-0.011556,0.327693,-0.449742
3.571906,0.246265,-0.410299,0.056032,-0.039904,0.011291,-0.011291,0.313588,-0.461494
3.652174,0.235271,-0.420133,0.052805,-0.040957,0.011032,-0.011032,0.299107,-0.472122
3.732441,0.224078,-0.428694,0.049613,-0.041906,0.010779,-0.010779,0.284470,-0.481379
3.812709,0.212850,-0.435783,0.046496,-0.042717,0.010532,-0.010532,0.269879,-0.489032
3.892977,0.201733,-0.441219,0.043490,-0.043357,0.010292,-0.010292,0.255514,-0.494867
3.973244,0.190857,-0.444848,0.040621,-0.043797,0.010057,-0.010057,0.241535,-0.498702
4.053512,0.180334,-0.446548,0.037909,-0.044015,0.009828,-0.009828,0.228070,-0.500390
4.133779,0.170254,-0.446237,0.035368,-0.043992,0.009604,-0.009604,0.215226,-0.499833
4.214047,0.160690,-0.443880,0.033006,-0.043719,0.009385,-0.009385,0.203081,-0.496984
4.294314,0.151696,-0.439487,0.030824,-0.043192,0.009171,-0.009171,0.191692,-0.491851
4.374582,0.143311,-0.433117,0.028821,-0.042417,0.008963,-0.008963,0.181094,-0.484497
4.454849,0.135556,-0.424876,0.026990,-0.041406,0.008759,-0.008759,0.171305,-0.475041
4.535117,0.128442,-0.414912,0.025324,-0.040179,0.008560,-0.008560,0.162326,-0.463651
4.615385,0.121969,-0.403412,0.023812,-0.038762,0.008365,-0.008365,0.154146,-0.450539
4.695652,0.116127,-0.390594,0.022444,-0.037183,0.008174,-0.008174,0.146745,-0.435951
4.775920,0.110902,-0.376694,0.021207,-0.035477,0.007988,-0.007988,0.140097,-0.420159
4.856187,0.106273,-0.361966,0.020091,-0.033677,0.007806,-0.007806,0.134170,-0.403449
4.936455,0.102216,-0.346666,0.019083,-0.031818,0.007628,-0.007628,0.128927,-0.386111
5.016722,0.098706,-0.331044,0.018174,-0.029934,0.007453,-0.007453,0.124333,-0.368432
5.096990,0.095714,-0.315343,0.017353,-0.028056,0.007283,-0.007283,0.120350,-0.350681
5.177258,0.093214,-0.299784,0.016612,-0.026210,0.007116,-0.007116,0.116942,-0.333110
5.257525,0.091177,-0.284568,0.015942,-0.024421,0.006952,-0.006952,0.114071,-0.315941
5.337793,0.089575,-0.269868,0.015336,-0.022708,0.006792,-0.006792,0.111703,-0.299368
5.418060,0.088381,-0.255831,0.014787,-0.021085,0.006636,-0.006636,0.109804,-0.283551
5.498328,0.087567,-0.242573,0.014290,-0.019563,0.006482,-0.006482,0.108340,-0.268618
5.578595,0.087108,-0.230186,0.013839,-0.018148,0.006332,-0.006332,0.107279,-0.254666
5.658863,0.086975,-0.218733,0.013430,-0.016844,0.006185,-0.006185,0.106590,-0.241762
5.739130,0.087142,-0.208255,0.013059,-0.015652,0.006040,-0.006040,0.106242,-0.229947
5.819398,0.087580,-0.198770,0.012723,-0.014568,0.005899,-0.005899,0.106202,-0.219237
5.899666,0.088263,-0.190280,0.012417,-0.013588,0.005761,-0.005761,0.106441,-0.209629
5.979933,0.089162,-0.182770,0.012139,-0.012709,0.005625,-0.005625,0.106925,-0.201103
6.060201,0.090245,-0.176212,0.011886,-0.011922,0.005492,-0.005492,0.107623,-0.193626
6.140468,0.091485,-0.170571,0.011655,-0.011222,0.005361,-0.005361,0.108501,-0.187154
6.220736,0.092848,-0.165799,0.011444,-0.010601,0.005233,-0.005233,0.109525,-0.181634
6.301003,0.094304,-0.161846,0.011250,-0.010053,0.005108,-0.005108,0.110661,-0.177007
6.381271,0.095818,-0.158654,0.011070,-0.009571,0.004985,-0.004985,0.111873,-0.173210
6.461538,0.097358,-0.156163,0.010902,-0.009148,0.004864,-0.004864,0.113124,-0.170176
6.541806,0.098890,-0.154311,0.010744,-0.008778,0.004745,-0.004745,0.114379,-0.167834
6.622074,0.100379,-0.153031,0.010593,-0.008456,0.004629,-0.004629,0.115602,-0.166115
6.702341,0.101793,-0.152257,0.010447,-0.008175,0.004515,-0.004515,0.116755,-0.164947
6.782609,0.103097,-0.151922,0.010304,-0.007930,0.004403,-0.004403,0.117804,-0.164255
6.862876,0.104259,-0.151959,0.010160,-0.007717,0.004293,-0.004293,0.118713,-0.163970
6.943144,0.105248,-0.152300,0.010016,-0.007531,0.004186,-0.004186,0.119449,-0.164017
7.023411,0.106034,-0.152880,0.009867,-0.007369,0.004080,-0.004080,0.119981,-0.164328
7.103679,0.106589,-0.153633,0.009713,-0.007225,0.003976,-0.003976,0.120278,-0.164834
7.183946,0.106890,-0.154497,0.009552,-0.007096,0.003874,-0.003874,0.120316,-0.165467
7.264214,0.106914,-0.155412,0.009382,-0.006980,0.003773,-0.003773,0.120069,-0.166165
7.344482,0.106644,-0.156319,0.009202,-0.006873,0.003675,-0.003675,0.119521,-0.166867
7.424749,0.106065,-0.157167,0.009011,-0.006772,0.003578,-0.003578,0.118655,-0.167516
7.505017,0.105171,-0.157903,0.008808,-0.006674,0.003483,-0.003483,0.117462,-0.168060
7.585284,0.103955,-0.158483,0.008593,-0.006578,0.003390,-0.003390,0.115938,-0.168450
7.665552,0.102421,-0.158864,0.008365,-0.006482,0.003298,-0.003298,0.114084,-0.168643
7.745819,0.100574,-0.159009,0.008125,-0.006383,0.003208,-0.003208,0.111907,-0.168599
7.826087,0.098429,-0.158885,0.007874,-0.006280,0.003119,-0.003119,0.109421,-0.168284
7.906355,0.096001,-0.158465,0.007612,-0.006172,0.003032,-0.003032,0.106644,-0.167669
7.986622,0.093313,-0.157725,0.007340,-0.006058,0.002946,-0.002946,0.103599,-0.166729
8.066890,0.090392,-0.156647,0.007061,-0.005937,0.002862,-0.002862,0.100315,-0.165446
8.147157,0.087268,-0.155217,0.006776,-0.005808,0.002779,-0.002779,0.096823,-0.163804
8.227425,0.083973,-0.153428,0.006487,-0.005670,0.002698,-0.002698,0.093158,-0.161796
8.307692,0.080543,-0.151278,0.006197,-0.005524,0.002618,-0.002618,0.089357,-0.159419
8.387960,0.077011,-0.148768,0.005906,-0.005368,0.002539,-0.002539,0.085456,-0.156676
8.468227,0.073415,-0.145909,0.005618,-0.005205,0.002461,-0.002461,0.081494,-0.153575
8.548495,0.069788,-0.142715,0.005334,-0.005033,0.002385,-0.002385,0.077507,-0.150133
8.628763,0.066162,-0.139205,0.005056,-0.004853,0.002310,-0.002310,0.073528,-0.146368
8.709030,0.062568,-0.135404,0.004786,-0.004667,0.002236,-0.002236,0.069590,-0.142307
8.789298,0.059032,-0.131342,0.004524,-0.004475,0.002164,-0.002164,0.065720,-0.137981
8.869565,0.055578,-0.127053,0.004273,-0.004279,0.002092,-0.002092,0.061943,-0.133424
8.949833,0.052226,-0.122574,0.004032,-0.004079,0.002022,-0.002022,0.058280,-0.128676
9.030100,0.048993,-0.117946,0.003802,-0.003878,0.001953,-0.001953,0.054748,-0.123776
9.110368,0.045890,-0.113208,0.003584,-0.003676,0.001885,-0.001885,0.051358,-0.118769
9.190635,0.042926,-0.108403,0.003377,-0.003476,0.001818,-0.001818,0.048120,-0.113696
9.270903,0.040106,-0.103572,0.003181,-0.003278,0.001752,-0.001752,0.045039,-0.108602
9.351171,0.037434,-0.098755,0.002996,-0.003084,0.001687,-0.001687,0.042117,-0.103525
9.431438,0.034909,-0.093989,0.002822,-0.002895,0.001623,-0.001623,0.039354,-0.098506
9.511706,0.032528,-0.089308,0.002658,-0.002711,0.001560,-0.001560,0.036746,-0.093579
9.591973,0.030287,-0.084743,0.002503,-0.002535,0.001498,-0.001498,0.034288,-0.088776
9.672241,0.028181,-0.080321,0.002356,-0.002366,0.001437,-0.001437,0.031974,-0.084124
9.752508,0.026203,-0.076064,0.002218,-0.002206,0.001376,-0.001376,0.029798,-0.079646
9.832776,0.024346,-0.071990,0.002087,-0.002053,0.001317,-0.001317,0.027750,-0.075360
9.913043,0.022602,-0.068114,0.001963,-0.001909,0.001259,-0.001259,0.025823,-0.071282
9.993311,0.020963,-0.064445,0.001844,-0.001773,0.001201,-0.001201,0.024009,-0.067419
10.073579,0.019423,-0.060989,0.001732,-0.001646,0.001144,-0.001144,0.022299,-0.063779
10.153846,0.017974,-0.057750,0.001624,-0.001526,0.001089,-0.001089,0.020687,-0.060365
10.234114,0.016610,-0.054727,0.001521,-0.001415,0.001033,-0.001033,0.019164,-0.057175
10.314381,0.015324,-0.051918,0.001422,-0.001310,0.000979,-0.000979,0.017726,-0.054208
10.394649,0.014112,-0.049319,0.001327,-0.001213,0.000926,-0.000926,0.016365,-0.051458
10.474916,0.012968,-0.046923,0.001236,-0.001123,0.000873,-0.000873,0.015077,-0.048919
10.555184,0.011889,-0.044723,0.001148,-0.001039,0.000821,-0.000821,0.013858,-0.046583
10.635452,0.010871,-0.042712,0.001064,-0.000960,0.000770,-0.000770,0.012704,-0.044442
10.715719,0.009910,-0.040879,0.000982,-0.000888,0.000719,-0.000719,0.011611,-0.042486
10.795987,0.009003,-0.039216,0.000904,-0.000820,0.000670,-0.000670,0.010576,-0.040706
10.876254,0.008149,-0.037713,0.000828,-0.000757,0.000621,-0.000621,0.009597,-0.039090
10.956522,0.007343,-0.036360,0.000755,-0.000698,0.000572,-0.000572,0.008670,-0.037630
11.036789,0.006584,-0.035147,0.000684,-0.000643,0.000524,-0.000524,0.007793,-0.036314
11.117057,0.005870,-0.034063,0.000616,-0.000593,0.000477,-0.000477,0.006963,-0.035133
11.197324,0.005196,-0.033099,0.000551,-0.000545,0.000431,-0.000431,0.006178,-0.034075
11.277592,0.004561,-0.032243,0.000487,-0.000501,0.000385,-0.000385,0.005434,-0.033129
11.357860,0.003961,-0.031487,0.000426,-0.000459,0.000340,-0.000340,0.004728,-0.032286
11.438127,0.003393,-0.030819,0.000367,-0.000421,0.000295,-0.000295,0.004056,-0.031535
11.518395,0.002854,-0.030228,0.000310,-0.000384,0.000252,-0.000252,0.003416,-0.030864
11.598662,0.002339,-0.029705,0.000255,-0.000350,0.000208,-0.000208,0.002802,-0.030262
11.678930,0.001845,-0.029238,0.000201,-0.000317,0.000165,-0.000165,0.002212,-0.029720
11.759197,0.001368,-0.028817,0.000149,-0.000286,0.000123,-0.000123,0.001640,-0.029227
11.839465,0.000904,-0.028432,0.000098,-0.000256,0.000082,-0.000082,0.001084,-0.028770
11.919732,0.000449,-0.028073,0.000049,-0.000228,0.000041,-0.000041,0.000538,-0.028341
12.000000,0.000000,-0.027730,0.000000,-0.000200,0.000000,-0.000000,0.000000,-0.027930
