E,I32,I12,Ibg,Itot
445.000000,0.004612,0.000000,0.000000,0.000000
445.183946,0.004797,0.000011,0.000000,0.000197
445.367893,0.004987,0.000022,0.000000,0.000399
445.551839,0.005181,0.000034,0.000000,0.000606
445.735786,0.005382,0.000045,0.000000,0.000818
445.919732,0.005587,0.000057,0.000000,0.001037
446.103679,0.005799,0.000068,0.000000,0.001261
446.287625,0.006016,0.000080,0.000000,0.001491
446.471572,0.006240,0.000092,0.000000,0.001728
446.655518,0.006470,0.000105,0.000000,0.001971
446.839465,0.006706,0.000117,0.000000,0.002221
447.023411,0.006950,0.000129,0.000000,0.002479
447.207358,0.007200,0.000142,0.000000,0.002743
447.391304,0.007459,0.000155,0.000000,0.003016
447.575251,0.007725,0.000168,0.000000,0.003296
447.759197,0.007999,0.000181,0.000000,0.003585
447.943144,0.008282,0.000195,0.000000,0.003882
448.127090,0.008573,0.000208,0.000000,0.004189
448.311037,0.008874,0.000222,0.000000,0.004505
448.494983,0.009185,0.000236,0.000000,0.004831
448.678930,0.009505,0.000250,0.000000,0.005167
448.862876,0.009836,0.000264,0.000000,0.005514
449.046823,0.010179,0.000279,0.000000,0.005873
449.230769,0.010532,0.000294,0.000000,0.006243
449.414716,0.010898,0.000308,0.000000,0.006625
449.598662,0.011277,0.000324,0.000000,0.007021
449.782609,0.011668,0.000339,0.000000,0.007430
449.966555,0.012074,0.000354,0.000000,0.007853
450.150502,0.012494,0.000370,0.000000,0.008291
450.334448,0.012930,0.000386,0.000000,0.008745
450.518395,0.013382,0.000402,0.000000,0.009215
450.702341,0.013851,0.000419,0.000000,0.009702
450.886288,0.014338,0.000435,0.000000,0.010208
451.070234,0.014843,0.000452,0.000000,0.010733
451.254181,0.015369,0.000469,0.000000,0.011278
451.438127,0.015915,0.000487,0.000000,0.011844
451.622074,0.016484,0.000504,0.000000,0.012433
451.806020,0.017076,0.000522,0.000000,0.013046
451.989967,0.017692,0.000541,0.000000,0.013684
452.173913,0.018335,0.000559,0.000000,0.014349
452.357860,0.019006,0.000578,0.000000,0.015041
452.541806,0.019707,0.000597,0.000000,0.015764
452.725753,0.020438,0.000616,0.000000,0.016519
452.909699,0.021204,0.000636,0.000000,0.017307
453.093645,0.022004,0.000656,0.000000,0.018131
453.277592,0.022843,0.000676,0.000000,0.018994
453.461538,0.023722,0.000696,0.000000,0.019898
453.645485,0.024644,0.000717,0.000000,0.020845
453.829431,0.025612,0.000738,0.000000,0.021839
454.013378,0.026630,0.000760,0.000000,0.022883
454.197324,0.027701,0.000781,0.000000,0.023981
454.381271,0.028829,0.000804,0.000000,0.025137
454.565217,0.030019,0.000826,0.000000,0.026354
454.749164,0.031274,0.000849,0.000000,0.027639
454.933110,0.032602,0.000872,0.000000,0.028996
455.117057,0.034006,0.000896,0.000000,0.030431
455.301003,0.035495,0.000920,0.000000,0.031950
455.484950,0.037075,0.000944,0.000000,0.033562
455.668896,0.038754,0.000969,0.000000,0.035274
455.852843,0.040541,0.000994,0.000000,0.037094
456.036789,0.042447,0.001020,0.000000,0.039034
456.220736,0.044482,0.001046,0.000000,0.041105
456.404682,0.046660,0.001072,0.000000,0.043320
456.588629,0.048995,0.001099,0.000000,0.045692
456.772575,0.051503,0.001127,0.000000,0.048240
456.956522,0.054204,0.001154,0.000000,0.050982
457.140468,0.057119,0.001183,0.000000,0.053939
457.324415,0.060273,0.001212,0.000000,0.057136
457.508361,0.063695,0.001241,0.000000,0.060604
457.692308,0.067419,0.001271,0.000000,0.064375
457.876254,0.071484,0.001301,0.000000,0.068489
458.060201,0.075935,0.001332,0.000000,0.072992
458.244147,0.080828,0.001364,0.000000,0.077939
458.428094,0.086229,0.001396,0.000000,0.083397
458.612040,0.092214,0.001428,0.000000,0.089443
458.795987,0.098878,0.001461,0.000000,0.096171
458.979933,0.106337,0.001495,0.000000,0.103698
459.163880,0.114728,0.001530,0.000000,0.112163
459.347826,0.124222,0.001565,0.000000,0.121737
459.531773,0.135030,0.001601,0.000000,0.132630
459.715719,0.147405,0.001637,0.000000,0.145099
459.899666,0.161659,0.001674,0.000000,0.159457
460.083612,0.178167,0.001712,0.000000,0.176079
460.267559,0.197368,0.001750,0.000000,0.195407
460.451505,0.219770,0.001790,0.000000,0.217953
460.635452,0.245937,0.001830,0.000000,0.244281
460.819398,0.276458,0.001871,0.000000,0.274985
461.003344,0.311906,0.001912,0.000000,0.310639
461.187291,0.352766,0.001955,0.000000,0.351731
461.371237,0.399344,0.001998,0.000000,0.398568
461.555184,0.451659,0.002042,0.000000,0.451170
461.739130,0.509335,0.002088,0.000000,0.509158
461.923077,0.571503,0.002134,0.000000,0.571661
462.107023,0.636753,0.002181,0.000000,0.637260
462.290970,0.703139,0.002229,0.000000,0.704002
462.474916,0.768273,0.002278,0.000000,0.769488
462.658863,0.829502,0.002328,0.000000,0.831051
462.842809,0.884145,0.002379,0.000000,0.885998
463.026756,0.929777,0.002431,0.000000,0.931894
463.210702,0.964497,0.002484,0.000000,0.966828
463.394649,0.987143,0.002539,0.000000,0.989633
463.578595,0.997406,0.002594,0.000000,1.000000
463.762542,0.995830,0.002651,0.000000,0.998474
463.946488,0.983692,0.002709,0.000000,0.986338
464.130435,0.962790,0.002769,0.000000,0.965399
464.314381,0.935190,0.002830,0.000000,0.937733
464.498328,0.902966,0.002892,0.000000,0.905421
464.682274,0.867981,0.002956,0.000000,0.870338
464.866221,0.831749,0.003021,0.000000,0.834004
465.050167,0.795367,0.003087,0.000000,0.797521
465.234114,0.759533,0.003156,0.000000,0.761589
465.418060,0.724606,0.003225,0.000000,0.726570
465.602007,0.690714,0.003297,0.000000,0.692593
465.785953,0.657854,0.003370,0.000000,0.659654
465.969900,0.625982,0.003445,0.000000,0.627710
466.153846,0.595080,0.003522,0.000000,0.596743
466.337793,0.565193,0.003601,0.000000,0.566796
466.521739,0.536431,0.003682,0.000000,0.537982
466.705686,0.508961,0.003765,0.000000,0.510469
466.889632,0.482980,0.003850,0.000000,0.484452
467.073579,0.458684,0.003937,0.000000,0.460131
467.257525,0.436242,0.004027,0.000000,0.437675
467.441472,0.415775,0.004118,0.000000,0.417206
467.625418,0.397345,0.004213,0.000000,0.398785
467.809365,0.380949,0.004310,0.000000,0.382410
467.993311,0.366523,0.004409,0.000000,0.368017
468.177258,0.353950,0.004511,0.000000,0.355489
468.361204,0.343073,0.004616,0.000000,0.344667
468.545151,0.333703,0.004724,0.000000,0.335362
468.729097,0.325633,0.004835,0.000000,0.327366
468.913043,0.318649,0.004950,0.000000,0.320465
469.096990,0.312539,0.005067,0.000000,0.314444
469.280936,0.307095,0.005188,0.000000,0.309097
469.464883,0.302128,0.005313,0.000000,0.304231
469.648829,0.297461,0.005441,0.000000,0.299672
469.832776,0.292941,0.005573,0.000000,0.295264
470.016722,0.288438,0.005709,0.000000,0.290877
470.200669,0.283845,0.005849,0.000000,0.286404
470.384615,0.279080,0.005994,0.000000,0.281762
470.568562,0.274085,0.006144,0.000000,0.276894
470.752508,0.268825,0.006298,0.000000,0.271764
470.936455,0.263286,0.006457,0.000000,0.266359
471.120401,0.257472,0.006621,0.000000,0.260684
471.304348,0.251404,0.006791,0.000000,0.254758
471.488294,0.245111,0.006966,0.000000,0.248612
471.672241,0.238635,0.007148,0.000000,0.242288
471.856187,0.232019,0.007336,0.000000,0.235830
472.040134,0.225310,0.007530,0.000000,0.229285
472.224080,0.218554,0.007731,0.000000,0.222701
472.408027,0.211795,0.007940,0.000000,0.216120
472.591973,0.205073,0.008156,0.000000,0.209583
472.775920,0.198421,0.008380,0.000000,0.203125
472.959866,0.191869,0.008612,0.000000,0.196776
473.143813,0.185441,0.008853,0.000000,0.190561
473.327759,0.179156,0.009104,0.000000,0.184499
473.511706,0.173029,0.009364,0.000000,0.178605
473.695652,0.167070,0.009635,0.000000,0.172890
473.879599,0.161286,0.009917,0.000000,0.167363
474.063545,0.155682,0.010210,0.000000,0.162027
474.247492,0.150259,0.010515,0.000000,0.156886
474.431438,0.145019,0.010834,0.000000,0.151941
474.615385,0.139960,0.011166,0.000000,0.147192
474.799331,0.135080,0.011513,0.000000,0.142639
474.983278,0.130377,0.011875,0.000000,0.138278
475.167224,0.125847,0.012254,0.000000,0.134107
475.351171,0.121487,0.012650,0.000000,0.130125
475.535117,0.117291,0.013064,0.000000,0.126326
475.719064,0.113255,0.013499,0.000000,0.122708
475.903010,0.109374,0.013955,0.000000,0.119267
476.086957,0.105642,0.014434,0.000000,0.115999
476.270903,0.102054,0.014937,0.000000,0.112899
476.454849,0.098603,0.015466,0.000000,0.109964
476.638796,0.095283,0.016023,0.000000,0.107189
476.822742,0.092090,0.016611,0.000000,0.104571
477.006689,0.089016,0.017231,0.000000,0.102105
477.190635,0.086055,0.017886,0.000000,0.099789
477.374582,0.083202,0.018579,0.000000,0.097620
477.558528,0.080452,0.019313,0.000000,0.095594
477.742475,0.077798,0.020092,0.000000,0.093711
477.926421,0.075237,0.020920,0.000000,0.091969
478.110368,0.072762,0.021801,0.000000,0.090368
478.294314,0.070370,0.022739,0.000000,0.088908
478.478261,0.068057,0.023742,0.000000,0.087591
478.662207,0.065819,0.024813,0.000000,0.086419
478.846154,0.063652,0.025962,0.000000,0.085396
479.030100,0.061554,0.027195,0.000000,0.084527
479.214047,0.059522,0.028523,0.000000,0.083819
479.397993,0.057553,0.029954,0.000000,0.083280
479.581940,0.055645,0.031503,0.000000,0.082918
479.765886,0.053796,0.033181,0.000000,0.082747
479.949833,0.052005,0.035007,0.000000,0.082781
480.133779,0.050269,0.036998,0.000000,0.083038
480.317726,0.048587,0.039177,0.000000,0.083537
480.501672,0.046957,0.041570,0.000000,0.084304
480.685619,0.045379,0.044208,0.000000,0.085369
480.869565,0.043851,0.047129,0.000000,0.086769
481.053512,0.042372,0.050378,0.000000,0.088547
481.237458,0.040941,0.054010,0.000000,0.090758
481.421405,0.039556,0.058091,0.000000,0.093466
481.605351,0.038217,0.062702,0.000000,0.096753
481.789298,0.036922,0.067944,0.000000,0.100719
481.973244,0.035670,0.073938,0.000000,0.105483
482.157191,0.034461,0.080833,0.000000,0.111195
482.341137,0.033293,0.088808,0.000000,0.118033
482.525084,0.032165,0.098076,0.000000,0.126211
482.709030,0.031075,0.108884,0.000000,0.135974
482.892977,0.030024,0.121506,0.000000,0.147599
483.076923,0.029009,0.136238,0.000000,0.161379
483.260870,0.028030,0.153370,0.000000,0.177606
483.444816,0.027085,0.173157,0.000000,0.196536
483.628763,0.026173,0.195779,0.000000,0.218347
483.812709,0.025293,0.221283,0.000000,0.243085
483.996656,0.024445,0.249530,0.000000,0.270612
484.180602,0.023627,0.280149,0.000000,0.300549
484.364548,0.022837,0.312495,0.000000,0.332252
484.548495,0.022076,0.345655,0.000000,0.364802
484.732441,0.021341,0.378482,0.000000,0.397043
484.916388,0.020632,0.409668,0.000000,0.427661
485.100334,0.019949,0.437865,0.000000,0.455301
485.284281,0.019289,0.461817,0.000000,0.478702
485.468227,0.018652,0.480503,0.000000,0.496835
485.652174,0.018037,0.493250,0.000000,0.509023
485.836120,0.017444,0.499802,0.000000,0.515009
486.020067,0.016871,0.500336,0.000000,0.514970
486.204013,0.016318,0.495414,0.000000,0.509469
486.387960,0.015783,0.485886,0.000000,0.499360
486.571906,0.015267,0.472765,0.000000,0.485660
486.755853,0.014768,0.457099,0.000000,0.469420
486.939799,0.014286,0.439851,0.000000,0.451608
487.123746,0.013820,0.421822,0.000000,0.433027
487.307692,0.013369,0.403611,0.000000,0.414279
487.491639,0.012933,0.385609,0.000000,0.395755
487.675585,0.012511,0.368032,0.000000,0.377673
487.859532,0.012102,0.350965,0.000000,0.360116
488.043478,0.011707,0.334418,0.000000,0.343095
488.227425,0.011324,0.318369,0.000000,0.326588
488.411371,0.010954,0.302806,0.000000,0.310580
488.595318,0.010595,0.287741,0.000000,0.295085
488.779264,0.010247,0.273224,0.000000,0.280151
488.963211,0.009909,0.259331,0.000000,0.265855
489.147157,0.009582,0.246160,0.000000,0.252294
489.331104,0.009265,0.233809,0.000000,0.239567
489.515050,0.008958,0.222368,0.000000,0.227764
489.698997,0.008659,0.211902,0.000000,0.216950
489.882943,0.008369,0.202451,0.000000,0.207164
490.066890,0.008088,0.194020,0.000000,0.198411
490.250836,0.007815,0.186584,0.000000,0.190666
490.434783,0.007549,0.180090,0.000000,0.183875
490.618729,0.007292,0.174463,0.000000,0.177964
490.802676,0.007041,0.169613,0.000000,0.172839
490.986622,0.006798,0.165438,0.000000,0.168400
491.170569,0.006561,0.161830,0.000000,0.164538
491.354515,0.006330,0.158683,0.000000,0.161145
491.538462,0.006106,0.155893,0.000000,0.158117
491.722408,0.005888,0.153363,0.000000,0.155356
491.906355,0.005676,0.151002,0.000000,0.152771
492.090301,0.005470,0.148731,0.000000,0.150282
492.274247,0.005269,0.146483,0.000000,0.147821
492.458194,0.005073,0.144201,0.000000,0.145332
492.642140,0.004882,0.141841,0.000000,0.142770
492.826087,0.004696,0.139372,0.000000,0.140102
493.010033,0.004515,0.136774,0.000000,0.137310
493.193980,0.004338,0.134037,0.000000,0.134382
493.377926,0.004166,0.131161,0.000000,0.131320
493.561873,0.003998,0.128155,0.000000,0.128132
493.745819,0.003834,0.125033,0.000000,0.124830
493.929766,0.003674,0.121814,0.000000,0.121436
494.113712,0.003518,0.118520,0.000000,0.117970
494.297659,0.003366,0.115174,0.000000,0.114456
494.481605,0.003217,0.111800,0.000000,0.110916
494.665552,0.003072,0.108419,0.000000,0.107374
494.849498,0.002930,0.105052,0.000000,0.103849
495.033445,0.002792,0.101716,0.000000,0.100359
495.217391,0.002657,0.098427,0.000000,0.096919
495.401338,0.002524,0.095198,0.000000,0.093542
495.585284,0.002395,0.092039,0.000000,0.090238
495.769231,0.002269,0.088956,0.000000,0.087014
495.953177,0.002145,0.085957,0.000000,0.083877
496.137124,0.002025,0.083045,0.000000,0.080830
496.321070,0.001907,0.080221,0.000000,0.077875
496.505017,0.001791,0.077489,0.000000,0.075014
496.688963,0.001678,0.074848,0.000000,0.072247
496.872910,0.001567,0.072297,0.000000,0.069574
497.056856,0.001459,0.069837,0.000000,0.066993
497.240803,0.001353,0.067465,0.000000,0.064504
497.424749,0.001250,0.065181,0.000000,0.062105
497.608696,0.001148,0.062981,0.000000,0.059793
497.792642,0.001049,0.060864,0.000000,0.057567
497.976589,0.000951,0.058828,0.000000,0.055423
498.160535,0.000856,0.056870,0.000000,0.053360
498.344482,0.000762,0.054987,0.000000,0.051374
498.528428,0.000671,0.053177,0.000000,0.049463
498.712375,0.000581,0.051435,0.000000,0.047624
498.896321,0.000493,0.049761,0.000000,0.045853
499.080268,0.000407,0.048150,0.000000,0.044148
499.264214,0.000322,0.046599,0.000000,0.042505
499.448161,0.000239,0.045106,0.000000,0.040922
499.632107,0.000158,0.043668,0.000000,0.039395
499.816054,0.000078,0.042281,0.000000,0.037922
500.000000,0.000000,0.040943,0.000000,0.036499
