E,I
525.007080,0.000459
525.107385,0.000481
525.207690,0.000505
525.307995,0.000531
525.408299,0.000559
525.508604,0.000589
525.608909,0.000621
525.709214,0.000656
525.809519,0.000695
525.909824,0.000737
526.010129,0.000783
526.110433,0.000834
526.210738,0.000890
526.311043,0.000953
526.411348,0.001023
526.511653,0.001101
526.611958,0.001189
526.712263,0.001288
526.812567,0.001402
526.912872,0.001532
527.013177,0.001684
527.113482,0.001861
527.213787,0.002071
527.314092,0.002322
527.414396,0.002630
527.514701,0.003017
527.615006,0.003521
527.715311,0.004217
527.815616,0.005249
527.915921,0.006914
528.016226,0.009780
528.116530,0.014886
528.216835,0.023936
528.317140,0.039405
528.417445,0.064305
528.517750,0.101424
528.618055,0.151960
528.718359,0.213909
528.818664,0.280994
528.918969,0.343040
529.019274,0.388256
529.119579,0.406872
529.219884,0.394616
529.320189,0.354331
529.420493,0.294892
529.520798,0.227991
529.621103,0.164389
529.721408,0.111267
529.821713,0.071465
529.922018,0.044324
530.022323,0.027261
530.122627,0.017227
530.222932,0.011606
530.323237,0.008541
530.423542,0.006877
530.523847,0.005975
530.624152,0.005515
530.724456,0.005356
530.824761,0.005471
530.925066,0.005927
531.025371,0.006903
531.125676,0.008758
531.225981,0.012097
531.326286,0.017832
531.426590,0.027126
531.526895,0.041164
531.627200,0.060674
531.727505,0.085307
531.827810,0.113100
531.928115,0.140422
532.028420,0.162623
532.128724,0.175341
532.229029,0.175978
532.329334,0.164674
532.429639,0.144292
532.529944,0.119460
532.630249,0.095138
532.730553,0.075405
532.830858,0.062818
532.931163,0.058364
533.031468,0.061676
533.131773,0.071247
533.232078,0.084578
533.332383,0.098414
533.432687,0.109261
533.532992,0.114188
533.633297,0.111633
533.733602,0.101851
533.833907,0.086740
533.934212,0.069126
534.034517,0.051823
534.134821,0.036897
534.235126,0.025355
534.335431,0.017252
534.435736,0.012036
534.536041,0.008919
534.636346,0.007149
534.736650,0.006134
534.836955,0.005479
534.937260,0.004965
535.037565,0.004508
535.137870,0.004118
535.238175,0.003855
535.338480,0.003798
535.438784,0.004011
535.539089,0.004520
535.639394,0.005297
535.739699,0.006252
535.840004,0.007250
535.940309,0.008155
536.040613,0.008874
536.140918,0.009413
536.241223,0.009879
536.341528,0.010451
536.441833,0.011300
536.542138,0.012505
536.642443,0.013996
536.742747,0.015552
536.843052,0.016861
536.943357,0.017625
537.043662,0.017669
537.143967,0.017004
537.244272,0.015828
537.344577,0.014438
537.444881,0.013126
537.545186,0.012061
537.645491,0.011252
537.745796,0.010573
537.846101,0.009845
537.946406,0.008931
538.046710,0.007791
538.147015,0.006492
538.247320,0.005163
538.347625,0.003939
538.447930,0.002916
538.548235,0.002136
538.648540,0.001589
538.748844,0.001237
538.849149,0.001032
538.949454,0.000932
539.049759,0.000901
539.150064,0.000909
539.250369,0.000932
539.350674,0.000947
539.450978,0.000940
539.551283,0.000903
539.651588,0.000836
539.751893,0.000748
539.852198,0.000650
539.952503,0.000555
540.052807,0.000473
540.153112,0.000407
540.253417,0.000359
540.353722,0.000327
540.454027,0.000308
540.554332,0.000301
540.654637,0.000307
540.754941,0.000328
540.855246,0.000368
540.955551,0.000435
541.055856,0.000535
541.156161,0.000669
541.256466,0.000833
541.356770,0.001013
541.457075,0.001188
541.557380,0.001331
541.657685,0.001421
541.757990,0.001445
541.858295,0.001408
541.958600,0.001325
542.058904,0.001216
542.159209,0.001100
542.259514,0.000986
542.359819,0.000878
542.460124,0.000772
542.560429,0.000667
542.660734,0.000563
542.761038,0.000465
542.861343,0.000376
542.961648,0.000301
543.061953,0.000242
543.162258,0.000197
543.262563,0.000166
543.362867,0.000144
543.463172,0.000128
543.563477,0.000117
543.663782,0.000109
543.764087,0.000102
543.864392,0.000097
543.964697,0.000093
544.065001,0.000089
544.165306,0.000085
544.265611,0.000082
544.365916,0.000079
544.466221,0.000076
544.566526,0.000074
544.666831,0.000071
544.767135,0.000069
544.867440,0.000067
544.967745,0.000065
545.068050,0.000063
545.168355,0.000061
545.268660,0.000059
545.368964,0.000058
545.469269,0.000056
545.569574,0.000055
545.669879,0.000053
545.770184,0.000052
545.870489,0.000050
545.970794,0.000049
546.071098,0.000048
546.171403,0.000047
546.271708,0.000045
546.372013,0.000044
546.472318,0.000043
546.572623,0.000042
546.672927,0.000041
546.773232,0.000040
546.873537,0.000039
546.973842,0.000038
547.074147,0.000037
547.174452,0.000036
547.274757,0.000035
547.375061,0.000034
547.475366,0.000033
547.575671,0.000032
547.675976,0.000032
547.776281,0.000031
547.876586,0.000030
547.976891,0.000029
548.077195,0.000028
548.177500,0.000028
548.277805,0.000027
548.378110,0.000026
548.478415,0.000026
548.578720,0.000025
548.679024,0.000024
548.779329,0.000024
548.879634,0.000023
548.979939,0.000022
549.080244,0.000022
549.180549,0.000021
549.280854,0.000021
549.381158,0.000020
549.481463,0.000020
549.581768,0.000019
549.682073,0.000018
549.782378,0.000018
549.882683,0.000017
549.982988,0.000017
550.083292,0.000016
550.183597,0.000016
550.283902,0.000015
550.384207,0.000015
550.484512,0.000015
550.584817,0.000014
550.685121,0.000014
550.785426,0.000013
550.885731,0.000013
550.986036,0.000012
551.086341,0.000012
551.186646,0.000012
551.286951,0.000011
551.387255,0.000011
551.487560,0.000010
551.587865,0.000010
551.688170,0.000010
551.788475,0.000009
551.888780,0.000009
551.989085,0.000008
552.089389,0.000008
552.189694,0.000008
552.289999,0.000007
552.390304,0.000007
552.490609,0.000007
552.590914,0.000006
552.691218,0.000006
552.791523,0.000006
552.891828,0.000006
552.992133,0.000005
553.092438,0.000005
553.192743,0.000005
553.293048,0.000004
553.393352,0.000004
553.493657,0.000004
553.593962,0.000003
553.694267,0.000003
553.794572,0.000003
553.894877,0.000003
553.995181,0.000002
554.095486,0.000002
554.195791,0.000002
554.296096,0.000002
554.396401,0.000001
554.496706,0.000001
554.597011,0.000001
554.697315,0.000001
554.797620,0.000000
554.897925,0.000000
554.998230,0.000000
