E,dup,ddn,pup,pdn,octup,octdn,totup,totdn
-12.000000,0.000000,-0.000000,0.014051,-0.014051,0.032223,-0.032223,0.046274,-0.046274
-11.919732,0.000364,-0.000364,0.014682,-0.014682,0.033457,-0.033457,0.048504,-0.048504
-11.839465,0.000747,-0.000747,0.015354,-0.015354,0.034773,-0.034773,0.050874,-0.050874
-11.759197,0.001151,-0.001151,0.016071,-0.016071,0.036179,-0.036179,0.053401,-0.053401
-11.678930,0.001578,-0.001578,0.016836,-0.016836,0.037688,-0.037688,0.056101,-0.056101
-11.598662,0.002028,-0.002028,0.017654,-0.017654,0.039311,-0.039311,0.058994,-0.058994
-11.518395,0.002506,-0.002506,0.018532,-0.018532,0.041064,-0.041064,0.062103,-0.062103
-11.438127,0.003012,-0.003012,0.019477,-0.019477,0.042965,-0.042965,0.065454,-0.065454
-11.357860,0.003550,-0.003550,0.020496,-0.020496,0.045033,-0.045033,0.069079,-0.069079
-11.277592,0.004124,-0.004124,0.021598,-0.021598,0.047292,-0.047292,0.073013,-0.073013
-11.197324,0.004735,-0.004735,0.022795,-0.022795,0.049768,-0.049768,0.077298,-0.077298
-11.117057,0.005389,-0.005389,0.024100,-0.024100,0.052494,-0.052494,0.081984,-0.081984
-11.036789,0.006090,-0.006090,0.025530,-0.025530,0.055506,-0.055506,0.087127,-0.087127
-10.956522,0.006843,-0.006843,0.027105,-0.027105,0.058844,-0.058844,0.092793,-0.092793
-10.876254,0.007654,-0.007654,0.028850,-0.028850,0.062557,-0.062557,0.099061,-0.099061
-10.795987,0.008529,-0.008529,0.030796,-0.030796,0.066696,-0.066696,0.106021,-0.106021
-10.715719,0.009474,-0.009474,0.032980,-0.032980,0.071325,-0.071325,0.113779,-0.113779
-10.635452,0.010499,-0.010499,0.035452,-0.035452,0.076509,-0.076509,0.122461,-0.122461
-10.555184,0.011612,-0.011612,0.038271,-0.038271,0.082327,-0.082327,0.132209,-0.132209
-10.474916,0.012823,-0.012823,0.041511,-0.041511,0.088861,-0.088861,0.143195,-0.143195
-10.394649,0.014142,-0.014142,0.045264,-0.045264,0.096207,-0.096207,0.155613,-0.155613
-10.314381,0.015581,-0.015581,0.049644,-0.049644,0.104465,-0.104465,0.169691,-0.169691
-10.234114,0.017154,-0.017154,0.054789,-0.054789,0.113748,-0.113748,0.185690,-0.185690
-10.153846,0.018872,-0.018872,0.060863,-0.060863,0.124176,-0.124176,0.203911,-0.203911
-10.073579,0.020752,-0.020752,0.068065,-0.068065,0.135876,-0.135876,0.224693,-0.224693
-9.993311,0.022807,-0.022807,0.076625,-0.076625,0.148986,-0.148986,0.248418,-0.248418
-9.913043,0.025051,-0.025051,0.086809,-0.086809,0.163649,-0.163649,0.275508,-0.275508
-9.832776,0.027499,-0.027499,0.098916,-0.098916,0.180013,-0.180013,0.306428,-0.306428
-9.752508,0.030165,-0.030165,0.113279,-0.113279,0.198231,-0.198231,0.341676,-0.341676
-9.672241,0.033061,-0.033061,0.130253,-0.130253,0.218460,-0.218460,0.381774,-0.381774
-9.591973,0.036196,-0.036196,0.150211,-0.150211,0.240856,-0.240856,0.427262,-0.427262
-9.511706,0.039577,-0.039577,0.173527,-0.173527,0.265573,-0.265573,0.478677,-0.478677
-9.431438,0.043208,-0.043208,0.200563,-0.200563,0.292762,-0.292762,0.536533,-0.536533
-9.351171,0.047088,-0.047088,0.231645,-0.231645,0.322565,-0.322565,0.601299,-0.601299
-9.270903,0.051211,-0.051211,0.267046,-0.267046,0.355118,-0.355118,0.673375,-0.673375
-9.190635,0.055564,-0.055564,0.306956,-0.306956,0.390541,-0.390541,0.753061,-0.753061
-9.110368,0.060130,-0.060130,0.351464,-0.351464,0.428940,-0.428940,0.840533,-0.840533
-9.030100,0.064882,-0.064882,0.400538,-0.400538,0.470403,-0.470403,0.935823,-0.935823
-8.949833,0.069789,-0.069789,0.454005,-0.454005,0.515000,-0.515000,1.038794,-1.038794
-8.869565,0.074813,-0.074813,0.511549,-0.511549,0.562775,-0.562775,1.149137,-1.149137
-8.789298,0.079909,-0.079909,0.572707,-0.572707,0.613751,-0.613751,1.266366,-1.266366
-8.709030,0.085028,-0.085028,0.636880,-0.636880,0.667922,-0.667922,1.389831,-1.389831
-8.628763,0.090116,-0.090116,0.703357,-0.703357,0.725262,-0.725262,1.518735,-1.518735
-8.548495,0.095118,-0.095118,0.771338,-0.771338,0.785712,-0.785712,1.652168,-1.652168
-8.468227,0.099975,-0.099975,0.839980,-0.839980,0.849194,-0.849194,1.789148,-1.789148
-8.387960,0.104631,-0.104631,0.908428,-0.908428,0.915601,-0.915601,1.928660,-1.928660
-8.307692,0.109032,-0.109032,0.975866,-0.975866,0.984807,-0.984807,2.069705,-2.069705
-8.227425,0.113128,-0.113128,1.041548,-1.041548,1.056664,-1.056664,2.211340,-2.211340
-8.147157,0.116873,-0.116873,1.104832,-1.104832,1.131008,-1.131008,2.352713,-2.352713
-8.066890,0.120229,-0.120229,1.165192,-1.165192,1.207659,-1.207659,2.493080,-2.493080
-7.986622,0.123165,-0.123165,1.222227,-1.222227,1.286429,-1.286429,2.631821,-2.631821
-7.906355,0.125656,-0.125656,1.275646,-1.275646,1.367120,-1.367120,2.768421,-2.768421
-7.826087,0.127687,-0.127687,1.325242,-1.325242,1.449529,-1.449529,2.902459,-2.902459
-7.745819,0.129251,-0.129251,1.370858,-1.370858,1.533452,-1.533452,3.033561,-3.033561
-7.665552,0.130345,-0.130345,1.412341,-1.412341,1.618682,-1.618682,3.161369,-3.161369
-7.585284,0.130975,-0.130975,1.449499,-1.449499,1.705015,-1.705015,3.285490,-3.285490
-7.505017,0.131150,-0.131150,1.482064,-1.482064,1.792245,-1.792245,3.405460,-3.405460
-7.424749,0.130886,-0.130886,1.509663,-1.509663,1.880164,-1.880164,3.520713,-3.520713
-7.344482,0.130199,-0.130199,1.531809,-1.531809,1.968561,-1.968561,3.630569,-3.630569
-7.264214,0.129108,-0.129108,1.547907,-1.547907,2.057218,-2.057218,3.734234,-3.734234
-7.183946,0.127636,-0.127636,1.557284,-1.557284,2.145905,-2.145905,3.830825,-3.830825
-7.103679,0.125805,-0.125805,1.559232,-1.559232,2.234372,-2.234372,3.919409,-3.919409
-7.023411,0.123639,-0.123639,1.553069,-1.553069,2.322347,-2.322347,3.999055,-3.999055
-6.943144,0.121162,-0.121162,1.538205,-1.538205,2.409527,-2.409527,4.068893,-4.068893
-6.862876,0.118400,-0.118400,1.514208,-1.514208,2.495571,-2.495571,4.128179,-4.128179
-6.782609,0.115380,-0.115380,1.480867,-1.480867,2.580098,-2.580098,4.176345,-4.176345
-6.702341,0.112130,-0.112130,1.438238,-1.438238,2.662676,-2.662676,4.213044,-4.213044
-6.622074,0.108682,-0.108682,1.386672,-1.386672,2.742824,-2.742824,4.238178,-4.238178
-6.541806,0.105066,-0.105066,1.326823,-1.326823,2.820009,-2.820009,4.251899,-4.251899
-6.461538,0.101317,-0.101317,1.259633,-1.259633,2.893647,-2.893647,4.254597,-4.254597
-6.381271,0.097469,-0.097469,1.186291,-1.186291,2.963104,-2.963104,4.246864,-4.246864
-6.301003,0.093558,-0.093558,1.108183,-1.108183,3.027707,-3.027707,4.229447,-4.229447
-6.220736,0.089621,-0.089621,1.026817,-1.026817,3.086749,-3.086749,4.203188,-4.203188
-6.140468,0.085694,-0.085694,0.943757,-0.943757,3.139506,-3.139506,4.168958,-4.168958
-6.060201,0.081813,-0.081813,0.860544,-0.860544,3.185244,-3.185244,4.127601,-4.127601
-5.979933,0.078011,-0.078011,0.778625,-0.778625,3.223243,-3.223243,4.079879,-4.079879
-5.899666,0.074319,-0.074319,0.699299,-0.699299,3.252812,-3.252812,4.026430,-4.026430
-5.819398,0.070765,-0.070765,0.623670,-0.623670,3.273309,-3.273309,3.967744,-3.967744
-5.739130,0.067374,-0.067374,0.552619,-0.552619,3.284159,-3.284159,3.904153,-3.904153
-5.658863,0.064167,-0.064167,0.486792,-0.486792,3.284876,-3.284876,3.835835,-3.835835
-5.578595,0.061160,-0.061160,0.426599,-0.426599,3.275079,-3.275079,3.762839,-3.762839
-5.498328,0.058366,-0.058366,0.372234,-0.372234,3.254509,-3.254509,3.685109,-3.685109
-5.418060,0.055793,-0.055793,0.323697,-0.323697,3.223039,-3.223039,3.602528,-3.602528
-5.337793,0.053445,-0.053445,0.280823,-0.280823,3.180688,-3.180688,3.514956,-3.514956
-5.257525,0.051324,-0.051324,0.243322,-0.243322,3.127625,-3.127625,3.422272,-3.422272
-5.177258,0.049429,-0.049429,0.210810,-0.210810,3.064170,-3.064170,3.324409,-3.324409
-5.096990,0.047753,-0.047753,0.182843,-0.182843,2.990791,-2.990791,3.221387,-3.221387
-5.016722,0.046293,-0.046293,0.158945,-0.158945,2.908100,-2.908100,3.113338,-3.113338
-4.936455,0.045038,-0.045038,0.138636,-0.138636,2.816838,-2.816838,3.000512,-3.000512
-4.856187,0.043982,-0.043982,0.121451,-0.121451,2.717862,-2.717862,2.883294,-2.883294
-4.775920,0.043113,-0.043113,0.106949,-0.106949,2.612128,-2.612128,2.762190,-2.762190
-4.695652,0.042422,-0.042422,0.094729,-0.094729,2.500671,-2.500671,2.637822,-2.637822
-4.615385,0.041901,-0.041901,0.084431,-0.084431,2.384581,-2.384581,2.510913,-2.510913
-4.535117,0.041538,-0.041538,0.075742,-0.075742,2.264980,-2.264980,2.382260,-2.382260
-4.454849,0.041326,-0.041326,0.068389,-0.068389,2.143000,-2.143000,2.252715,-2.252715
-4.374582,0.041256,-0.041256,0.062143,-0.062143,2.019760,-2.019760,2.123159,-2.123159
-4.294314,0.041322,-0.041322,0.056810,-0.056810,1.896343,-1.896343,1.994475,-1.994475
-4.214047,0.041515,-0.041515,0.052232,-0.052232,1.773780,-1.773780,1.867528,-1.867528
-4.133779,0.041832,-0.041832,0.048276,-0.048276,1.653030,-1.653030,1.743137,-1.743137
-4.053512,0.042267,-0.042267,0.044836,-0.044836,1.534964,-1.534964,1.622066,-1.622066
-3.973244,0.042816,-0.042816,0.041824,-0.041824,1.420359,-1.420359,1.504998,-1.504998
-3.892977,0.043476,-0.043476,0.039171,-0.039171,1.309886,-1.309886,1.392534,-1.392534
-3.812709,0.044246,-0.044246,0.036820,-0.036820,1.204109,-1.204109,1.285175,-1.285175
-3.732441,0.045124,-0.045124,0.034725,-0.034725,1.103478,-1.103478,1.183328,-1.183328
-3.652174,0.046110,-0.046110,0.032849,-0.032849,1.008337,-1.008337,1.087296,-1.087296
-3.571906,0.047204,-0.047204,0.031162,-0.031162,0.918921,-0.918921,0.997287,-0.997287
-3.491639,0.048408,-0.048408,0.029638,-0.029638,0.835367,-0.835367,0.913413,-0.913413
-3.411371,0.049722,-0.049722,0.028259,-0.028259,0.757722,-0.757722,0.835703,-0.835703
-3.331104,0.051151,-0.051151,0.027006,-0.027006,0.685947,-0.685947,0.764104,-0.764104
-3.250836,0.052697,-0.052697,0.025866,-0.025866,0.619935,-0.619935,0.698497,-0.698497
-3.170569,0.054364,-0.054364,0.024827,-0.024827,0.559513,-0.559513,0.638704,-0.638704
-3.090301,0.056158,-0.056158,0.023880,-0.023880,0.504461,-0.504461,0.584499,-0.584499
-3.010033,0.058083,-0.058083,0.023017,-0.023017,0.454517,-0.454517,0.535617,-0.535617
-2.929766,0.060148,-0.060148,0.022229,-0.022229,0.409388,-0.409388,0.491765,-0.491765
-2.849498,0.062359,-0.062359,0.021512,-0.021512,0.368763,-0.368763,0.452634,-0.452634
-2.769231,0.064725,-0.064725,0.020859,-0.020859,0.332317,-0.332317,0.417901,-0.417901
-2.688963,0.067256,-0.067256,0.020268,-0.020268,0.299720,-0.299720,0.387244,-0.387244
-2.608696,0.069961,-0.069961,0.019733,-0.019733,0.270647,-0.270647,0.360342,-0.360342
-2.528428,0.072854,-0.072854,0.019253,-0.019253,0.244777,-0.244777,0.336884,-0.336884
-2.448161,0.075947,-0.075947,0.018825,-0.018825,0.221802,-0.221802,0.316574,-0.316574
-2.367893,0.079254,-0.079254,0.018446,-0.018446,0.201431,-0.201431,0.299131,-0.299131
-2.287625,0.082792,-0.082792,0.018116,-0.018116,0.183388,-0.183388,0.284296,-0.284296
-2.207358,0.086578,-0.086578,0.017833,-0.017833,0.167418,-0.167418,0.271829,-0.271829
-2.127090,0.090633,-0.090633,0.017597,-0.017597,0.153285,-0.153285,0.261515,-0.261515
-2.046823,0.094976,-0.094976,0.017408,-0.017408,0.140775,-0.140775,0.253160,-0.253160
-1.966555,0.099633,-0.099633,0.017267,-0.017267,0.129693,-0.129693,0.246593,-0.246593
-1.886288,0.104628,-0.104628,0.017174,-0.017174,0.119865,-0.119865,0.241667,-0.241667
-1.806020,0.109990,-0.109990,0.017131,-0.017131,0.111134,-0.111134,0.238255,-0.238255
-1.725753,0.115749,-0.115749,0.017140,-0.017140,0.103361,-0.103361,0.236250,-0.236250
-1.645485,0.121938,-0.121938,0.017205,-0.017205,0.096425,-0.096425,0.235568,-0.235568
-1.565217,0.128593,-0.128593,0.017328,-0.017328,0.090218,-0.090218,0.236139,-0.236139
-1.484950,0.135751,-0.135751,0.017514,-0.017514,0.084647,-0.084647,0.237912,-0.237912
-1.404682,0.143453,-0.143453,0.017769,-0.017769,0.079630,-0.079630,0.240852,-0.240852
-1.324415,0.151742,-0.151742,0.018100,-0.018100,0.075096,-0.075096,0.244937,-0.244937
-1.244147,0.160661,-0.160661,0.018513,-0.018513,0.070983,-0.070983,0.250157,-0.250157
-1.163880,0.170258,-0.170258,0.019017,-0.019017,0.067240,-0.067240,0.256515,-0.256515
-1.083612,0.180577,-0.180577,0.019622,-0.019622,0.063821,-0.063821,0.264021,-0.264021
-1.003344,0.191666,-0.191666,0.020340,-0.020340,0.060687,-0.060687,0.272693,-0.272693
-0.923077,0.203570,-0.203570,0.021182,-0.021182,0.057803,-0.057803,0.282555,-0.282555
-0.842809,0.216330,-0.216330,0.022162,-0.022162,0.055142,-0.055142,0.293633,-0.293633
-0.762542,0.229984,-0.229984,0.023295,-0.023295,0.052677,-0.052677,0.305956,-0.305956
-0.682274,0.244564,-0.244564,0.024595,-0.024595,0.050388,-0.050388,0.319548,-0.319548
-0.602007,0.260094,-0.260094,0.026079,-0.026079,0.048257,-0.048257,0.334430,-0.334430
-0.521739,0.276587,-0.276587,0.027760,-0.027760,0.046267,-0.046267,0.350613,-0.350613
-0.441472,0.294042,-0.294042,0.029652,-0.029652,0.044403,-0.044403,0.368098,-0.368098
-0.361204,0.312445,-0.312445,0.031769,-0.031769,0.042656,-0.042656,0.386869,-0.386869
-0.280936,0.331761,-0.331761,0.034119,-0.034119,0.041012,-0.041012,0.406892,-0.406892
-0.200669,0.351936,-0.351936,0.036709,-0.036709,0.039464,-0.039464,0.428109,-0.428109
-0.120401,0.372896,-0.372896,0.039539,-0.039539,0.038003,-0.038003,0.450437,-0.450437
-0.040134,0.394538,-0.394538,0.042603,-0.042603,0.036622,-0.036622,0.473763,-0.473763
0.040134,0.416739,-0.416739,0.045891,-0.045891,0.035315,-0.035315,0.497944,-0.497944
0.120401,0.439348,-0.439348,0.049381,-0.049381,0.034075,-0.034075,0.522804,-0.522804
0.200669,0.462190,-0.462190,0.053047,-0.053047,0.032899,-0.032899,0.548135,-0.548135
0.280936,0.485068,-0.485068,0.056850,-0.056850,0.031780,-0.031780,0.573698,-0.573698
0.361204,0.507764,-0.507764,0.060745,-0.060745,0.030716,-0.030716,0.599225,-0.599225
0.441472,0.530045,-0.530045,0.064680,-0.064680,0.029702,-0.029702,0.624427,-0.624427
0.521739,0.551665,-0.551665,0.068593,-0.068593,0.028735,-0.028735,0.648993,-0.648993
0.602007,0.572374,-0.572374,0.072420,-0.072420,0.027812,-0.027812,0.672606,-0.672606
0.682274,0.591923,-0.591923,0.076091,-0.076091,0.026930,-0.026930,0.694944,-0.694944
0.762542,0.610071,-0.610071,0.079538,-0.079538,0.026086,-0.026086,0.715695,-0.715695
0.842809,0.626592,-0.626592,0.082695,-0.082695,0.025279,-0.025279,0.734566,-0.734566
0.923077,0.641285,-0.641285,0.085499,-0.085499,0.024506,-0.024506,0.751290,-0.751290
1.003344,0.653979,-0.653979,0.087897,-0.087897,0.023765,-0.023765,0.765640,-0.765640
1.083612,0.664537,-0.664537,0.089847,-0.089847,0.023054,-0.023054,0.777438,-0.777438
1.163880,0.672866,-0.672866,0.091321,-0.091321,0.022371,-0.022371,0.786558,-0.786558
1.244147,0.678918,-0.678918,0.092304,-0.092304,0.021716,-0.021716,0.792938,-0.792938
1.324415,0.682692,-0.682692,0.092798,-0.092798,0.021086,-0.021086,0.796576,-0.796576
1.404682,0.684234,-0.684234,0.092823,-0.092823,0.020480,-0.020480,0.797537,-0.797537
1.484950,0.683637,-0.683637,0.092414,-0.092414,0.019897,-0.019897,0.795948,-0.795948
1.565217,0.681040,-0.681040,0.091621,-0.091621,0.019335,-0.019335,0.791996,-0.791996
1.645485,0.676617,-0.676617,0.090507,-0.090507,0.018794,-0.018794,0.785918,-0.785918
1.725753,0.670576,-0.670576,0.089147,-0.089147,0.018273,-0.018273,0.777996,-0.777996
1.806020,0.663151,-0.663151,0.087623,-0.087623,0.017770,-0.017770,0.768544,-0.768544
1.886288,0.654593,-0.654593,0.086019,-0.086019,0.017285,-0.017285,0.757897,-0.757897
1.966555,0.645161,-0.645161,0.084425,-0.084425,0.016817,-0.016817,0.746402,-0.746402
2.046823,0.635115,-0.635115,0.082923,-0.082923,0.016365,-0.016365,0.734403,-0.734403
2.127090,0.624706,-0.624706,0.081594,-0.081594,0.015928,-0.015928,0.722228,-0.722228
2.207358,0.614171,-0.614171,0.080508,-0.080508,0.015505,-0.015505,0.710184,-0.710184
2.287625,0.603721,-0.603721,0.079724,-0.079724,0.015097,-0.015097,0.698542,-0.698542
2.367893,0.593542,-0.593542,0.079289,-0.079289,0.014701,-0.014701,0.687532,-0.687532
2.448161,0.583785,-0.583785,0.079232,-0.079232,0.014319,-0.014319,0.677336,-0.677336
2.528428,0.574565,-0.574565,0.079571,-0.079571,0.013949,-0.013949,0.668085,-0.668085
2.608696,0.565959,-0.565959,0.080304,-0.080304,0.013590,-0.013590,0.659852,-0.659852
2.688963,0.558006,-0.558006,0.081413,-0.081413,0.013242,-0.013242,0.652662,-0.652662
2.769231,0.550708,-0.550708,0.082866,-0.082866,0.012905,-0.012905,0.646480,-0.646480
2.849498,0.544033,-0.544033,0.084615,-0.084615,0.012579,-0.012579,0.641226,-0.641226
2.929766,0.537914,-0.537914,0.086599,-0.086599,0.012262,-0.012262,0.636775,-0.636775
3.010033,0.532261,-0.532261,0.088745,-0.088745,0.011954,-0.011954,0.632961,-0.632961
3.090301,0.526959,-0.526959,0.090973,-0.090973,0.011656,-0.011656,0.629588,-0.629588
3.170569,0.521878,-0.521878,0.093196,-0.093196,0.011366,-0.011366,0.626440,-0.626440
3.250836,0.516874,-0.516874,0.095325,-0.095325,0.011085,-0.011085,0.623284,-0.623284
3.331104,0.511802,-0.511802,0.097270,-0.097270,0.010811,-0.010811,0.619884,-0.619884
3.411371,0.506517,-0.506517,0.098946,-0.098946,0.010546,-0.010546,0.616008,-0.616008
3.491639,0.500879,-0.500879,0.100274,-0.100274,0.010287,-0.010287,0.611440,-0.611440
3.571906,0.494761,-0.494761,0.101185,-0.101185,0.010036,-0.010036,0.605982,-0.605982
3.652174,0.488052,-0.488052,0.101622,-0.101622,0.009792,-0.009792,0.599466,-0.599466
3.732441,0.480661,-0.480661,0.101544,-0.101544,0.009554,-0.009554,0.591759,-0.591759
3.812709,0.472519,-0.472519,0.100923,-0.100923,0.009323,-0.009323,0.582765,-0.582765
3.892977,0.463580,-0.463580,0.099751,-0.099751,0.009097,-0.009097,0.572428,-0.572428
3.973244,0.453824,-0.453824,0.098032,-0.098032,0.008878,-0.008878,0.560734,-0.560734
4.053512,0.443256,-0.443256,0.095790,-0.095790,0.008665,-0.008665,0.547710,-0.547710
4.133779,0.431903,-0.431903,0.093061,-0.093061,0.008456,-0.008456,0.533420,-0.533420
4.214047,0.419814,-0.419814,0.089893,-0.089893,0.008254,-0.008254,0.517961,-0.517961
4.294314,0.407058,-0.407058,0.086346,-0.086346,0.008056,-0.008056,0.501460,-0.501460
4.374582,0.393717,-0.393717,0.082486,-0.082486,0.007863,-0.007863,0.484066,-0.484066
4.454849,0.379888,-0.379888,0.078382,-0.078382,0.007676,-0.007676,0.465946,-0.465946
4.535117,0.365676,-0.365676,0.074107,-0.074107,0.007492,-0.007492,0.447275,-0.447275
4.615385,0.351190,-0.351190,0.069731,-0.069731,0.007314,-0.007314,0.428234,-0.428234
4.695652,0.336541,-0.336541,0.065321,-0.065321,0.007139,-0.007139,0.409001,-0.409001
4.775920,0.321839,-0.321839,0.060939,-0.060939,0.006969,-0.006969,0.389746,-0.389746
4.856187,0.307188,-0.307188,0.056639,-0.056639,0.006803,-0.006803,0.370630,-0.370630
4.936455,0.292686,-0.292686,0.052469,-0.052469,0.006641,-0.006641,0.351796,-0.351796
5.016722,0.278423,-0.278423,0.048467,-0.048467,0.006482,-0.006482,0.333373,-0.333373
5.096990,0.264478,-0.264478,0.044662,-0.044662,0.006328,-0.006328,0.315468,-0.315468
5.177258,0.250918,-0.250918,0.041076,-0.041076,0.006176,-0.006176,0.298171,-0.298171
5.257525,0.237800,-0.237800,0.037723,-0.037723,0.006029,-0.006029,0.281551,-0.281551
5.337793,0.225169,-0.225169,0.034608,-0.034608,0.005884,-0.005884,0.265661,-0.265661
5.418060,0.213058,-0.213058,0.031734,-0.031734,0.005743,-0.005743,0.250535,-0.250535
5.498328,0.201492,-0.201492,0.029095,-0.029095,0.005605,-0.005605,0.236192,-0.236192
5.578595,0.190484,-0.190484,0.026684,-0.026684,0.005470,-0.005470,0.222638,-0.222638
5.658863,0.180039,-0.180039,0.024489,-0.024489,0.005338,-0.005338,0.209866,-0.209866
5.739130,0.170156,-0.170156,0.022497,-0.022497,0.005209,-0.005209,0.197862,-0.197862
5.819398,0.160827,-0.160827,0.020693,-0.020693,0.005083,-0.005083,0.186603,-0.186603
5.899666,0.152037,-0.152037,0.019063,-0.019063,0.004959,-0.004959,0.176059,-0.176059
5.979933,0.143770,-0.143770,0.017590,-0.017590,0.004839,-0.004839,0.166199,-0.166199
6.060201,0.136006,-0.136006,0.016261,-0.016261,0.004720,-0.004720,0.156986,-0.156986
6.140468,0.128720,-0.128720,0.015060,-0.015060,0.004604,-0.004604,0.148385,-0.148385
6.220736,0.121890,-0.121890,0.013975,-0.013975,0.004491,-0.004491,0.140356,-0.140356
6.301003,0.115490,-0.115490,0.012994,-0.012994,0.004380,-0.004380,0.132863,-0.132863
6.381271,0.109494,-0.109494,0.012104,-0.012104,0.004271,-0.004271,0.125869,-0.125869
6.461538,0.103879,-0.103879,0.011296,-0.011296,0.004164,-0.004164,0.119339,-0.119339
6.541806,0.098618,-0.098618,0.010562,-0.010562,0.004060,-0.004060,0.113240,-0.113240
6.622074,0.093690,-0.093690,0.009892,-0.009892,0.003958,-0.003958,0.107539,-0.107539
6.702341,0.089070,-0.089070,0.009279,-0.009279,0.003857,-0.003857,0.102207,-0.102207
6.782609,0.084738,-0.084738,0.008718,-0.008718,0.003759,-0.003759,0.097215,-0.097215
6.862876,0.080674,-0.080674,0.008202,-0.008202,0.003663,-0.003663,0.092538,-0.092538
6.943144,0.076857,-0.076857,0.007727,-0.007727,0.003568,-0.003568,0.088152,-0.088152
7.023411,0.073271,-0.073271,0.007288,-0.007288,0.003476,-0.003476,0.084035,-0.084035
7.103679,0.069900,-0.069900,0.006882,-0.006882,0.003385,-0.003385,0.080167,-0.080167
7.183946,0.066727,-0.066727,0.006506,-0.006506,0.003296,-0.003296,0.076528,-0.076528
7.264214,0.063738,-0.063738,0.006156,-0.006156,0.003208,-0.003208,0.073102,-0.073102
7.344482,0.060921,-0.060921,0.005829,-0.005829,0.003123,-0.003123,0.069873,-0.069873
7.424749,0.058264,-0.058264,0.005525,-0.005525,0.003038,-0.003038,0.066827,-0.066827
7.505017,0.055755,-0.055755,0.005240,-0.005240,0.002956,-0.002956,0.063950,-0.063950
7.585284,0.053384,-0.053384,0.004973,-0.004973,0.002875,-0.002875,0.061231,-0.061231
7.665552,0.051141,-0.051141,0.004722,-0.004722,0.002795,-0.002795,0.058659,-0.058659
7.745819,0.049019,-0.049019,0.004486,-0.004486,0.002717,-0.002717,0.056223,-0.056223
7.826087,0.047009,-0.047009,0.004264,-0.004264,0.002641,-0.002641,0.053914,-0.053914
7.906355,0.045105,-0.045105,0.004054,-0.004054,0.002565,-0.002565,0.051724,-0.051724
7.986622,0.043298,-0.043298,0.003856,-0.003856,0.002491,-0.002491,0.049646,-0.049646
8.066890,0.041583,-0.041583,0.003669,-0.003669,0.002419,-0.002419,0.047671,-0.047671
8.147157,0.039955,-0.039955,0.003491,-0.003491,0.002348,-0.002348,0.045794,-0.045794
8.227425,0.038408,-0.038408,0.003323,-0.003323,0.002278,-0.002278,0.044009,-0.044009
8.307692,0.036937,-0.036937,0.003163,-0.003163,0.002209,-0.002209,0.042309,-0.042309
8.387960,0.035538,-0.035538,0.003011,-0.003011,0.002141,-0.002141,0.040691,-0.040691
8.468227,0.034208,-0.034208,0.002867,-0.002867,0.002075,-0.002075,0.039149,-0.039149
8.548495,0.032941,-0.032941,0.002729,-0.002729,0.002009,-0.002009,0.037679,-0.037679
8.628763,0.031735,-0.031735,0.002598,-0.002598,0.001945,-0.001945,0.036278,-0.036278
8.709030,0.030586,-0.030586,0.002472,-0.002472,0.001882,-0.001882,0.034940,-0.034940
8.789298,0.029492,-0.029492,0.002352,-0.002352,0.001820,-0.001820,0.033665,-0.033665
8.869565,0.028449,-0.028449,0.002238,-0.002238,0.001759,-0.001759,0.032447,-0.032447
8.949833,0.027457,-0.027457,0.002128,-0.002128,0.001699,-0.001699,0.031284,-0.031284
9.030100,0.026511,-0.026511,0.002024,-0.002024,0.001640,-0.001640,0.030175,-0.030175
9.110368,0.025610,-0.025610,0.001923,-0.001923,0.001582,-0.001582,0.029115,-0.029115
9.190635,0.024752,-0.024752,0.001827,-0.001827,0.001525,-0.001525,0.028104,-0.028104
9.270903,0.023935,-0.023935,0.001734,-0.001734,0.001469,-0.001469,0.027138,-0.027138
9.351171,0.023157,-0.023157,0.001645,-0.001645,0.001414,-0.001414,0.026217,-0.026217
9.431438,0.022418,-0.022418,0.001560,-0.001560,0.001360,-0.001360,0.025338,-0.025338
9.511706,0.021716,-0.021716,0.001478,-0.001478,0.001307,-0.001307,0.024500,-0.024500
9.591973,0.021049,-0.021049,0.001399,-0.001399,0.001254,-0.001254,0.023702,-0.023702
9.672241,0.020416,-0.020416,0.001323,-0.001323,0.001202,-0.001202,0.022942,-0.022942
9.752508,0.019816,-0.019816,0.001250,-0.001250,0.001152,-0.001152,0.022218,-0.022218
9.832776,0.019249,-0.019249,0.001180,-0.001180,0.001101,-0.001101,0.021530,-0.021530
9.913043,0.018712,-0.018712,0.001112,-0.001112,0.001052,-0.001052,0.020877,-0.020877
9.993311,0.018207,-0.018207,0.001047,-0.001047,0.001004,-0.001004,0.020258,-0.020258
10.073579,0.017731,-0.017731,0.000985,-0.000985,0.000956,-0.000956,0.019671,-0.019671
10.153846,0.017283,-0.017283,0.000924,-0.000924,0.000909,-0.000909,0.019116,-0.019116
10.234114,0.016864,-0.016864,0.000866,-0.000866,0.000863,-0.000863,0.018593,-0.018593
10.314381,0.016473,-0.016473,0.000810,-0.000810,0.000817,-0.000817,0.018100,-0.018100
10.394649,0.016109,-0.016109,0.000755,-0.000755,0.000772,-0.000772,0.017636,-0.017636
10.474916,0.015770,-0.015770,0.000703,-0.000703,0.000728,-0.000728,0.017201,-0.017201
10.555184,0.015458,-0.015458,0.000653,-0.000653,0.000684,-0.000684,0.016795,-0.016795
10.635452,0.015170,-0.015170,0.000604,-0.000604,0.000641,-0.000641,0.016415,-0.016415
10.715719,0.014906,-0.014906,0.000558,-0.000558,0.000599,-0.000599,0.016062,-0.016062
10.795987,0.014665,-0.014665,0.000513,-0.000513,0.000557,-0.000557,0.015735,-0.015735
10.876254,0.014446,-0.014446,0.000469,-0.000469,0.000516,-0.000516,0.015432,-0.015432
10.956522,0.014249,-0.014249,0.000427,-0.000427,0.000476,-0.000476,0.015152,-0.015152
11.036789,0.014072,-0.014072,0.000387,-0.000387,0.000436,-0.000436,0.014895,-0.014895
11.117057,0.013914,-0.013914,0.000348,-0.000348,0.000397,-0.000397,0.014659,-0.014659
11.197324,0.013773,-0.013773,0.000311,-0.000311,0.000358,-0.000358,0.014442,-0.014442
11.277592,0.013649,-0.013649,0.000275,-0.000275,0.000320,-0.000320,0.014244,-0.014244
11.357860,0.013539,-0.013539,0.000240,-0.000240,0.000282,-0.000282,0.014062,-0.014062
11.438127,0.013443,-0.013443,0.000207,-0.000207,0.000245,-0.000245,0.013895,-0.013895
11.518395,0.013358,-0.013358,0.000174,-0.000174,0.000209,-0.000209,0.013741,-0.013741
11.598662,0.013283,-0.013283,0.000143,-0.000143,0.000173,-0.000173,0.013599,-0.013599
11.678930,0.013216,-0.013216,0.000113,-0.000113,0.000137,-0.000137,0.013466,-0.013466
11.759197,0.013155,-0.013155,0.000083,-0.000083,0.000102,-0.000102,0.013341,-0.013341
11.839465,0.013099,-0.013099,0.000055,-0.000055,0.000068,-0.000068,0.013221,-0.013221
11.919732,0.013045,-0.013045,0.000027,-0.000027,0.000034,-0.000034,0.013105,-0.013105
12.000000,0.012992,-0.012992,0.000000,-0.000000,0.000000,-0.000000,0.012992,-0.012992
