E,Id,Ip,Ioct,Itot,Ibg
-1.969896,0.000000,0.000000,0.000000,0.000000,nan
-1.919728,0.000001,0.000010,0.000052,0.000063,nan
-1.869561,0.000002,0.000019,0.000106,0.000127,nan
-1.819394,0.000003,0.000029,0.000161,0.000193,nan
-1.769227,0.000004,0.000039,0.000217,0.000260,nan
-1.719059,0.000006,0.000049,0.000274,0.000329,nan
-1.668892,0.000007,0.000060,0.000332,0.000399,nan
-1.618725,0.000008,0.000070,0.000392,0.000471,nan
-1.568558,0.000009,0.000081,0.000453,0.000544,nan
-1.518391,0.000010,0.000092,0.000516,0.000619,nan
-1.468223,0.000012,0.000103,0.000580,0.000695,nan
-1.418056,0.000013,0.000115,0.000646,0.000773,nan
-1.367889,0.000014,0.000126,0.000713,0.000853,nan
-1.317722,0.000016,0.000138,0.000782,0.000935,nan
-1.267554,0.000017,0.000150,0.000852,0.001019,nan
-1.217387,0.000018,0.000162,0.000924,0.001104,nan
-1.167220,0.000020,0.000174,0.000998,0.001192,nan
-1.117053,0.000021,0.000187,0.001074,0.001282,nan
-1.066886,0.000023,0.000200,0.001151,0.001374,nan
-1.016718,0.000024,0.000213,0.001231,0.001468,nan
-0.966551,0.000026,0.000227,0.001313,0.001565,nan
-0.916384,0.000027,0.000240,0.001396,0.001664,nan
-0.866217,0.000029,0.000254,0.001482,0.001765,nan
-0.816049,0.000030,0.000268,0.001571,0.001869,nan
-0.765882,0.000032,0.000283,0.001661,0.001976,nan
-0.715715,0.000034,0.000298,0.001754,0.002086,nan
-0.665548,0.000035,0.000313,0.001850,0.002198,nan
-0.615381,0.000037,0.000328,0.001948,0.002313,nan
-0.565213,0.000039,0.000344,0.002049,0.002432,nan
-0.515046,0.000041,0.000360,0.002153,0.002554,nan
-0.464879,0.000043,0.000376,0.002260,0.002679,nan
-0.414712,0.000044,0.000393,0.002370,0.002807,nan
-0.364544,0.000046,0.000410,0.002484,0.002940,nan
-0.314377,0.000048,0.000427,0.002600,0.003076,nan
-0.264210,0.000050,0.000445,0.002721,0.003216,nan
-0.214043,0.000052,0.000463,0.002845,0.003360,nan
-0.163876,0.000054,0.000481,0.002973,0.003508,nan
-0.113708,0.000057,0.000500,0.003105,0.003661,nan
-0.063541,0.000059,0.000519,0.003241,0.003819,nan
-0.013374,0.000061,0.000539,0.003382,0.003982,nan
0.036793,0.000063,0.000559,0.003527,0.004150,nan
0.086961,0.000065,0.000580,0.003678,0.004323,nan
0.137128,0.000068,0.000601,0.003834,0.004502,nan
0.187295,0.000070,0.000622,0.003995,0.004688,nan
0.237462,0.000073,0.000644,0.004162,0.004879,nan
0.287630,0.000075,0.000667,0.004335,0.005078,nan
0.337797,0.000078,0.000690,0.004515,0.005283,nan
0.387964,0.000080,0.000714,0.004702,0.005496,nan
0.438131,0.000083,0.000738,0.004896,0.005717,nan
0.488298,0.000086,0.000763,0.005098,0.005947,nan
0.538466,0.000089,0.000788,0.005309,0.006185,nan
0.588633,0.000091,0.000814,0.005528,0.006434,nan
0.638800,0.000094,0.000840,0.005757,0.006692,nan
0.688967,0.000097,0.000868,0.005997,0.006962,nan
0.739135,0.000101,0.000896,0.006247,0.007243,nan
0.789302,0.000104,0.000924,0.006510,0.007538,nan
0.839469,0.000107,0.000953,0.006785,0.007846,nan
0.889636,0.000110,0.000984,0.007075,0.008168,nan
0.939803,0.000114,0.001014,0.007379,0.008507,nan
0.989971,0.000117,0.001046,0.007700,0.008863,nan
1.040138,0.000121,0.001079,0.008039,0.009238,nan
1.090305,0.000124,0.001112,0.008397,0.009633,nan
1.140472,0.000128,0.001146,0.008776,0.010050,nan
1.190640,0.000132,0.001181,0.009179,0.010492,nan
1.240807,0.000136,0.001217,0.009607,0.010960,nan
1.290974,0.000140,0.001255,0.010062,0.011457,nan
1.341141,0.000144,0.001293,0.010549,0.011986,nan
1.391308,0.000148,0.001332,0.011068,0.012549,nan
1.441476,0.000153,0.001372,0.011625,0.013150,nan
1.491643,0.000157,0.001414,0.012222,0.013793,nan
1.541810,0.000162,0.001457,0.012863,0.014482,nan
1.591977,0.000167,0.001501,0.013553,0.015221,nan
1.642145,0.000172,0.001546,0.014298,0.016015,nan
1.692312,0.000177,0.001593,0.015101,0.016870,nan
1.742479,0.000182,0.001641,0.015969,0.017792,nan
1.792646,0.000187,0.001690,0.016910,0.018787,nan
1.842813,0.000193,0.001741,0.017928,0.019863,nan
1.892981,0.000199,0.001794,0.019034,0.021026,nan
1.943148,0.000204,0.001848,0.020234,0.022287,nan
1.993315,0.000210,0.001905,0.021539,0.023654,nan
2.043482,0.000217,0.001963,0.022957,0.025136,nan
2.093650,0.000223,0.002022,0.024500,0.026746,nan
2.143817,0.000230,0.002084,0.026180,0.028494,nan
2.193984,0.000237,0.002148,0.028008,0.030393,nan
2.244151,0.000244,0.002215,0.029998,0.032457,nan
2.294318,0.000251,0.002283,0.032165,0.034699,nan
2.344486,0.000259,0.002354,0.034522,0.037135,nan
2.394653,0.000266,0.002428,0.037087,0.039781,nan
2.444820,0.000274,0.002504,0.039876,0.042655,nan
2.494987,0.000283,0.002583,0.042907,0.045773,nan
2.545155,0.000292,0.002665,0.046198,0.049154,nan
2.595322,0.000300,0.002750,0.049769,0.052819,nan
2.645489,0.000310,0.002839,0.053639,0.056788,nan
2.695656,0.000319,0.002930,0.057830,0.061080,nan
2.745823,0.000330,0.003026,0.062363,0.065718,nan
2.795991,0.000340,0.003125,0.067259,0.070724,nan
2.846158,0.000351,0.003229,0.072540,0.076120,nan
2.896325,0.000362,0.003337,0.078229,0.081928,nan
2.946492,0.000374,0.003450,0.084348,0.088172,nan
2.996660,0.000386,0.003567,0.090919,0.094872,nan
3.046827,0.000399,0.003690,0.097962,0.102051,nan
3.096994,0.000412,0.003818,0.105500,0.109730,nan
3.147161,0.000426,0.003953,0.113552,0.117931,nan
3.197329,0.000440,0.004093,0.122138,0.126671,nan
3.247496,0.000455,0.004241,0.131274,0.135970,nan
3.297663,0.000471,0.004396,0.140976,0.145843,nan
3.347830,0.000488,0.004559,0.151259,0.156306,nan
3.397997,0.000505,0.004730,0.162135,0.167370,nan
3.448165,0.000524,0.004911,0.173611,0.179046,nan
3.498332,0.000543,0.005101,0.185696,0.191340,nan
3.548499,0.000563,0.005303,0.198391,0.204258,nan
3.598666,0.000585,0.005517,0.211697,0.217799,nan
3.648834,0.000607,0.005743,0.225610,0.231960,nan
3.699001,0.000631,0.005984,0.240121,0.246737,nan
3.749168,0.000657,0.006241,0.255219,0.262117,nan
3.799335,0.000684,0.006515,0.270887,0.278087,nan
3.849502,0.000713,0.006809,0.287106,0.294627,nan
3.899670,0.000744,0.007124,0.303848,0.311715,nan
3.949837,0.000777,0.007463,0.321084,0.329324,nan
4.000004,0.000812,0.007830,0.338779,0.347421,nan
4.050171,0.000851,0.008226,0.356893,0.365970,nan
4.100339,0.000892,0.008657,0.375382,0.384931,nan
4.150506,0.000937,0.009127,0.394197,0.404261,nan
4.200673,0.000985,0.009641,0.413285,0.423912,nan
4.250840,0.001039,0.010205,0.432588,0.443832,nan
4.301007,0.001097,0.010825,0.452045,0.463967,nan
4.351175,0.001160,0.011510,0.471592,0.484262,nan
4.401342,0.001231,0.012268,0.491159,0.504658,nan
4.451509,0.001308,0.013110,0.510678,0.525096,nan
4.501676,0.001394,0.014047,0.530074,0.545515,nan
4.551844,0.001489,0.015091,0.549274,0.565854,nan
4.602011,0.001595,0.016258,0.568201,0.586055,nan
4.652178,0.001713,0.017564,0.586781,0.606058,nan
4.702345,0.001844,0.019026,0.604937,0.625807,nan
4.752512,0.001990,0.020665,0.622594,0.645249,nan
4.802680,0.002154,0.022501,0.639679,0.664334,nan
4.852847,0.002336,0.024560,0.656120,0.683016,nan
4.903014,0.002540,0.026865,0.671848,0.701253,nan
4.953181,0.002768,0.029444,0.686797,0.719008,nan
5.003349,0.003021,0.032326,0.700906,0.736253,nan
5.053516,0.003303,0.035541,0.714117,0.752961,nan
5.103683,0.003616,0.039118,0.726379,0.769114,nan
5.153850,0.003963,0.043091,0.737644,0.784698,nan
5.204017,0.004347,0.047489,0.747872,0.799708,nan
5.254185,0.004771,0.052345,0.757026,0.814142,nan
5.304352,0.005237,0.057687,0.765078,0.828002,nan
5.354519,0.005747,0.063543,0.772007,0.841297,nan
5.404686,0.006304,0.069939,0.777796,0.854040,nan
5.454854,0.006911,0.076894,0.782437,0.866243,nan
5.505021,0.007569,0.084426,0.785928,0.877923,nan
5.555188,0.008278,0.092546,0.788273,0.889097,nan
5.605355,0.009041,0.101257,0.789482,0.899780,nan
5.655522,0.009857,0.110557,0.789574,0.909987,nan
5.705690,0.010726,0.120434,0.788569,0.919729,nan
5.755857,0.011647,0.130869,0.786496,0.929013,nan
5.806024,0.012619,0.141832,0.783389,0.937840,nan
5.856191,0.013638,0.153283,0.779285,0.946206,nan
5.906359,0.014702,0.165172,0.774226,0.954100,nan
5.956526,0.015807,0.177442,0.768255,0.961505,nan
6.006693,0.016949,0.190022,0.761423,0.968394,nan
6.056860,0.018121,0.202835,0.753778,0.974735,nan
6.107027,0.019319,0.215796,0.745374,0.980489,nan
6.157195,0.020536,0.228811,0.736263,0.985610,nan
6.207362,0.021765,0.241781,0.726501,0.990047,nan
6.257529,0.022999,0.254606,0.716140,0.993745,nan
6.307696,0.024231,0.267180,0.705236,0.996648,nan
6.357864,0.025454,0.279399,0.693842,0.998695,nan
6.408031,0.026661,0.291160,0.682010,0.999831,nan
6.458198,0.027845,0.302365,0.669791,1.000000,nan
6.508365,0.028999,0.312920,0.657233,0.999152,nan
6.558533,0.030118,0.322740,0.644384,0.997242,nan
6.608700,0.031196,0.331750,0.631287,0.994233,nan
6.658867,0.032229,0.339885,0.617986,0.990099,nan
6.709034,0.033212,0.347091,0.604518,0.984822,nan
6.759201,0.034143,0.353330,0.590921,0.978395,nan
6.809369,0.035020,0.358574,0.577229,0.970823,nan
6.859536,0.035839,0.362811,0.563472,0.962122,nan
6.909703,0.036601,0.366040,0.549679,0.952320,nan
6.959870,0.037304,0.368275,0.535876,0.941454,nan
7.010038,0.037949,0.369539,0.522085,0.929573,nan
7.060205,0.038536,0.369867,0.508329,0.916731,nan
7.110372,0.039065,0.369302,0.494625,0.902992,nan
7.160539,0.039536,0.367894,0.480991,0.888421,nan
7.210706,0.039950,0.365699,0.467441,0.873090,nan
7.260874,0.040307,0.362774,0.453989,0.857071,nan
7.311041,0.040608,0.359181,0.440647,0.840435,nan
7.361208,0.040850,0.354978,0.427425,0.823254,nan
7.411375,0.041035,0.350225,0.414333,0.805593,nan
7.461543,0.041160,0.344976,0.401380,0.787515,nan
7.511710,0.041223,0.339283,0.388573,0.769079,nan
7.561877,0.041222,0.333192,0.375920,0.750334,nan
7.612044,0.041156,0.326744,0.363427,0.731327,nan
7.662211,0.041021,0.319974,0.351103,0.712097,nan
7.712379,0.040814,0.312912,0.338951,0.692678,nan
7.762546,0.040534,0.305585,0.326980,0.673099,nan
7.812713,0.040176,0.298012,0.315195,0.653383,nan
7.862880,0.039741,0.290211,0.303602,0.633554,nan
7.913048,0.039225,0.282196,0.292207,0.613628,nan
7.963215,0.038628,0.273981,0.281016,0.593625,nan
8.013382,0.037950,0.265578,0.270035,0.573562,nan
8.063549,0.037191,0.256998,0.259269,0.553459,nan
8.113716,0.036354,0.248255,0.248725,0.533335,nan
8.163884,0.035442,0.239365,0.238409,0.513215,nan
8.214051,0.034457,0.230344,0.228324,0.493125,nan
8.264218,0.033406,0.221212,0.218478,0.473096,nan
8.314385,0.032293,0.211993,0.208876,0.453161,nan
8.364553,0.031125,0.202713,0.199520,0.433358,nan
8.414720,0.029910,0.193400,0.190417,0.413727,nan
8.464887,0.028655,0.184085,0.181570,0.394311,nan
8.515054,0.027370,0.174803,0.172983,0.375156,nan
8.565221,0.026063,0.165587,0.164658,0.356308,nan
8.615389,0.024742,0.156474,0.156598,0.337815,nan
8.665556,0.023417,0.147499,0.148805,0.319722,nan
8.715723,0.022097,0.138697,0.141280,0.302074,nan
8.765890,0.020789,0.130102,0.134023,0.284915,nan
8.816058,0.019502,0.121745,0.127035,0.268283,nan
8.866225,0.018243,0.113656,0.120315,0.252215,nan
8.916392,0.017019,0.105861,0.113861,0.236741,nan
8.966559,0.015834,0.098382,0.107672,0.221888,nan
9.016726,0.014695,0.091238,0.101745,0.207677,nan
9.066894,0.013605,0.084444,0.096076,0.194124,nan
9.117061,0.012568,0.078010,0.090661,0.181239,nan
9.167228,0.011585,0.071943,0.085497,0.169025,nan
9.217395,0.010659,0.066246,0.080579,0.157484,nan
9.267563,0.009791,0.060917,0.075900,0.146608,nan
9.317730,0.008980,0.055953,0.071456,0.136388,nan
9.367897,0.008225,0.051345,0.067239,0.126810,nan
9.418064,0.007527,0.047084,0.063244,0.117855,nan
9.468232,0.006882,0.043157,0.059463,0.109502,nan
9.518399,0.006290,0.039549,0.055890,0.101728,nan
9.568566,0.005747,0.036245,0.052516,0.094508,nan
9.618733,0.005251,0.033227,0.049335,0.087813,nan
9.668900,0.004800,0.030477,0.046339,0.081616,nan
9.719068,0.004390,0.027978,0.043520,0.075888,nan
9.769235,0.004019,0.025712,0.040870,0.070600,nan
9.819402,0.003683,0.023659,0.038381,0.065723,nan
9.869569,0.003380,0.021803,0.036047,0.061229,nan
9.919737,0.003107,0.020126,0.033859,0.057091,nan
9.969904,0.002861,0.018613,0.031809,0.053283,nan
10.020071,0.002639,0.017247,0.029891,0.049778,nan
10.070238,0.002440,0.016015,0.028097,0.046553,nan
10.120405,0.002261,0.014904,0.026421,0.043586,nan
10.170573,0.002100,0.013900,0.024854,0.040855,nan
10.220740,0.001955,0.012993,0.023392,0.038340,nan
10.270907,0.001824,0.012172,0.022026,0.036023,nan
10.321074,0.001706,0.011428,0.020752,0.033887,nan
10.371242,0.001600,0.010752,0.019564,0.031916,nan
10.421409,0.001503,0.010138,0.018455,0.030096,nan
10.471576,0.001416,0.009577,0.017421,0.028414,nan
10.521743,0.001336,0.009065,0.016456,0.026857,nan
10.571910,0.001263,0.008595,0.015556,0.025414,nan
10.622078,0.001197,0.008164,0.014716,0.024076,nan
10.672245,0.001136,0.007766,0.013932,0.022834,nan
10.722412,0.001080,0.007399,0.013199,0.021678,nan
10.772579,0.001028,0.007059,0.012515,0.020602,nan
10.822747,0.000980,0.006743,0.011875,0.019599,nan
10.872914,0.000936,0.006449,0.011277,0.018662,nan
10.923081,0.000895,0.006175,0.010716,0.017785,nan
10.973248,0.000856,0.005918,0.010191,0.016965,nan
11.023415,0.000821,0.005677,0.009698,0.016196,nan
11.073583,0.000787,0.005451,0.009235,0.015474,nan
11.123750,0.000756,0.005238,0.008800,0.014794,nan
11.173917,0.000726,0.005037,0.008391,0.014155,nan
11.224084,0.000699,0.004848,0.008006,0.013552,nan
11.274252,0.000672,0.004668,0.007642,0.012982,nan
11.324419,0.000648,0.004498,0.007299,0.012444,nan
11.374586,0.000624,0.004336,0.006974,0.011934,nan
11.424753,0.000602,0.004182,0.006667,0.011451,nan
11.474920,0.000581,0.004036,0.006376,0.010993,nan
11.525088,0.000561,0.003897,0.006099,0.010557,nan
11.575255,0.000542,0.003764,0.005837,0.010142,nan
11.625422,0.000524,0.003636,0.005587,0.009747,nan
11.675589,0.000507,0.003515,0.005349,0.009371,nan
11.725757,0.000490,0.003399,0.005122,0.009011,nan
11.775924,0.000475,0.003288,0.004905,0.008667,nan
11.826091,0.000460,0.003181,0.004698,0.008339,nan
11.876258,0.000445,0.003079,0.004500,0.008024,nan
11.926425,0.000432,0.002980,0.004310,0.007722,nan
11.976593,0.000418,0.002886,0.004128,0.007432,nan
12.026760,0.000406,0.002795,0.003953,0.007154,nan
12.076927,0.000394,0.002708,0.003784,0.006886,nan
12.127094,0.000382,0.002624,0.003623,0.006629,nan
12.177262,0.000371,0.002543,0.003467,0.006381,nan
12.227429,0.000360,0.002465,0.003317,0.006143,nan
12.277596,0.000350,0.002390,0.003173,0.005913,nan
12.327763,0.000340,0.002317,0.003033,0.005691,nan
12.377931,0.000331,0.002247,0.002898,0.005477,nan
12.428098,0.000322,0.002180,0.002768,0.005270,nan
12.478265,0.000313,0.002114,0.002642,0.005070,nan
12.528432,0.000305,0.002051,0.002520,0.004876,nan
12.578599,0.000297,0.001990,0.002402,0.004689,nan
12.628767,0.000289,0.001931,0.002288,0.004508,nan
12.678934,0.000281,0.001874,0.002177,0.004332,nan
12.729101,0.000274,0.001818,0.002070,0.004162,nan
12.779268,0.000267,0.001765,0.001965,0.003997,nan
12.829436,0.000260,0.001713,0.001864,0.003837,nan
12.879603,0.000254,0.001662,0.001766,0.003682,nan
12.929770,0.000248,0.001614,0.001670,0.003531,nan
12.979937,0.000242,0.001566,0.001577,0.003385,nan
13.030104,0.000236,0.001520,0.001487,0.003243,nan
