E,I
525.018616,0.002464
525.118876,0.002546
525.219137,0.002631
525.319397,0.002720
525.419658,0.002814
525.519918,0.002912
525.620179,0.003015
525.720440,0.003123
525.820700,0.003236
525.920961,0.003355
526.021221,0.003480
526.121482,0.003612
526.221742,0.003752
526.322003,0.003899
526.422263,0.004054
526.522524,0.004219
526.622785,0.004393
526.723045,0.004578
526.823306,0.004775
526.923566,0.004985
527.023827,0.005208
527.124087,0.005447
527.224348,0.005703
527.324608,0.005977
527.424869,0.006271
527.525130,0.006588
527.625390,0.006930
527.725651,0.007301
527.825911,0.007703
527.926172,0.008140
528.026432,0.008618
528.126693,0.009141
528.226953,0.009717
528.327214,0.010352
528.427475,0.011057
528.527735,0.011843
528.627996,0.012724
528.728256,0.013717
528.828517,0.014845
528.928777,0.016135
529.029038,0.017624
529.129298,0.019359
529.229559,0.021404
529.329819,0.023846
529.430080,0.026807
529.530341,0.030455
529.630601,0.035033
529.730862,0.040883
529.831122,0.048478
529.931383,0.058445
530.031643,0.071562
530.131904,0.088686
530.232164,0.110595
530.332425,0.137704
530.432686,0.169714
530.532946,0.205263
530.633207,0.241757
530.733467,0.275548
530.833728,0.302504
530.933988,0.318919
531.034249,0.322449
531.134509,0.312777
531.234770,0.291701
531.335031,0.262647
531.435291,0.229776
531.535552,0.197041
531.635812,0.167485
531.736073,0.142947
531.836333,0.124143
531.936594,0.110980
532.036854,0.102921
532.137115,0.099304
532.237376,0.099540
532.337636,0.103198
532.437897,0.110013
532.538157,0.119830
532.638418,0.132524
532.738678,0.147896
532.838939,0.165567
532.939199,0.184881
533.039460,0.204849
533.139720,0.224165
533.239981,0.241298
533.340242,0.254681
533.440502,0.262946
533.540763,0.265164
533.641023,0.261024
533.741284,0.250889
533.841544,0.235719
533.941805,0.216887
534.042065,0.195933
534.142326,0.174323
534.242587,0.153275
534.342847,0.133663
534.443108,0.116005
534.543368,0.100516
534.643629,0.087182
534.743889,0.075845
534.844150,0.066275
534.944410,0.058221
535.044671,0.051438
535.144932,0.045709
535.245192,0.040848
535.345453,0.036702
535.445713,0.033144
535.545974,0.030073
535.646234,0.027406
535.746495,0.025076
535.846755,0.023030
535.947016,0.021224
536.047277,0.019622
536.147537,0.018194
536.247798,0.016917
536.348058,0.015769
536.448319,0.014734
536.548579,0.013797
536.648840,0.012946
536.749100,0.012171
536.849361,0.011464
536.949622,0.010816
537.049882,0.010221
537.150143,0.009674
537.250403,0.009169
537.350664,0.008702
537.450924,0.008269
537.551185,0.007868
537.651445,0.007495
537.751706,0.007147
537.851966,0.006823
537.952227,0.006520
538.052488,0.006237
538.152748,0.005971
538.253009,0.005722
538.353269,0.005488
538.453530,0.005268
538.553790,0.005061
538.654051,0.004865
538.754311,0.004681
538.854572,0.004507
538.954833,0.004343
539.055093,0.004187
539.155354,0.004040
539.255614,0.003901
539.355875,0.003769
539.456135,0.003644
539.556396,0.003525
539.656656,0.003412
539.756917,0.003305
539.857178,0.003203
539.957438,0.003107
540.057699,0.003015
540.157959,0.002928
540.258220,0.002846
540.358480,0.002767
540.458741,0.002693
540.559001,0.002622
540.659262,0.002555
540.759523,0.002492
540.859783,0.002432
540.960044,0.002374
541.060304,0.002320
541.160565,0.002269
541.260825,0.002220
541.361086,0.002174
541.461346,0.002130
541.561607,0.002088
541.661867,0.002048
541.762128,0.002009
541.862389,0.001972
541.962649,0.001937
542.062910,0.001902
542.163170,0.001869
542.263431,0.001836
542.363691,0.001804
542.463952,0.001774
542.564212,0.001744
542.664473,0.001714
542.764734,0.001686
542.864994,0.001659
542.965255,0.001633
543.065515,0.001608
543.165776,0.001584
543.266036,0.001561
543.366297,0.001540
543.466557,0.001519
543.566818,0.001500
543.667079,0.001483
543.767339,0.001466
543.867600,0.001450
543.967860,0.001436
544.068121,0.001421
544.168381,0.001408
544.268642,0.001394
544.368902,0.001381
544.469163,0.001368
544.569424,0.001355
544.669684,0.001341
544.769945,0.001327
544.870205,0.001313
544.970466,0.001298
545.070726,0.001282
545.170987,0.001266
545.271247,0.001250
545.371508,0.001233
545.471768,0.001216
545.572029,0.001198
545.672290,0.001181
545.772550,0.001163
545.872811,0.001146
545.973071,0.001128
546.073332,0.001111
546.173592,0.001094
546.273853,0.001077
546.374113,0.001060
546.474374,0.001043
546.574635,0.001027
546.674895,0.001011
546.775156,0.000995
546.875416,0.000980
546.975677,0.000964
547.075937,0.000949
547.176198,0.000934
547.276458,0.000919
547.376719,0.000905
547.476980,0.000890
547.577240,0.000876
547.677501,0.000862
547.777761,0.000848
547.878022,0.000834
547.978282,0.000820
548.078543,0.000806
548.178803,0.000792
548.279064,0.000778
548.379325,0.000764
548.479585,0.000749
548.579846,0.000733
548.680106,0.000718
548.780367,0.000702
548.880627,0.000686
548.980888,0.000669
549.081148,0.000652
549.181409,0.000634
549.281669,0.000617
549.381930,0.000599
549.482191,0.000581
549.582451,0.000563
549.682712,0.000544
549.782972,0.000526
549.883233,0.000508
549.983493,0.000490
550.083754,0.000472
550.184014,0.000455
550.284275,0.000437
550.384536,0.000421
550.484796,0.000404
550.585057,0.000388
550.685317,0.000372
550.785578,0.000357
550.885838,0.000342
550.986099,0.000328
551.086359,0.000314
551.186620,0.000300
551.286881,0.000287
551.387141,0.000274
551.487402,0.000262
551.587662,0.000250
551.687923,0.000238
551.788183,0.000227
551.888444,0.000216
551.988704,0.000206
552.088965,0.000196
552.189226,0.000186
552.289486,0.000176
552.389747,0.000167
552.490007,0.000158
552.590268,0.000150
552.690528,0.000141
552.790789,0.000133
552.891049,0.000125
552.991310,0.000117
553.091570,0.000110
553.191831,0.000103
553.292092,0.000096
553.392352,0.000089
553.492613,0.000082
553.592873,0.000076
553.693134,0.000069
553.793394,0.000063
553.893655,0.000057
553.993915,0.000051
554.094176,0.000046
554.194437,0.000040
554.294697,0.000035
554.394958,0.000029
554.495218,0.000024
554.595479,0.000019
554.695739,0.000014
554.796000,0.000009
554.896260,0.000005
554.996521,0.000000
