SINGLECLUSTER CALCULATION: LaFeO3

# Ground state properties
     d5: 80.54
    d6L: 18.65
   d7L2:  0.80
   d8L3:  0.01
   d9L4:  0.00
  d10L5:  0.00
   <n> =  5.20

Gap: 4.426

# Core transitions
    E        I        comp                                                       
0   710.900  0.502861  d6L: 62.82; d7L2: 21.46; d5: 14.47; d8L3: 1.24; d9L4: 0.02
1   713.514  0.117339               d6L: 71.97; d7L2: 19.12; d5: 8.15; d8L3: 0.75
2   717.093  0.081587  d7L2: 65.46; d6L: 16.10; d5: 11.74; d8L3: 6.57; d9L4: 0.14
3   717.473  0.245996   d7L2: 53.36; d5: 42.15; d8L3: 3.34; d6L: 1.13; d9L4: 0.03
4   719.956  0.031108  d7L2: 65.99; d6L: 17.99; d5: 11.49; d8L3: 4.42; d9L4: 0.11
5   721.695  0.021101  d7L2: 53.46; d6L: 28.78; d5: 11.95; d8L3: 5.72; d9L4: 0.09
6   724.600  0.251431  d6L: 62.82; d7L2: 21.46; d5: 14.47; d8L3: 1.24; d9L4: 0.02
7   727.214  0.058670               d6L: 71.97; d7L2: 19.12; d5: 8.15; d8L3: 0.75
8   730.793  0.040794  d7L2: 65.46; d6L: 16.10; d5: 11.74; d8L3: 6.57; d9L4: 0.14
9   731.173  0.122998   d7L2: 53.36; d5: 42.15; d8L3: 3.34; d6L: 1.13; d9L4: 0.03
10  733.656  0.015554  d7L2: 65.99; d6L: 17.99; d5: 11.49; d8L3: 4.42; d9L4: 0.11
11  735.395  0.010551  d7L2: 53.46; d6L: 28.78; d5: 11.95; d8L3: 5.72; d9L4: 0.09

# Removal transitions
    E       I        comp                                                        
0  -18.274  0.011978    d6L2: 68.96; d5L: 20.41; d7L3: 6.23; d4: 4.29; d8L4: 0.10
1  -16.508  0.023746    d6L2: 69.15; d5L: 18.09; d7L3: 7.25; d4: 5.35; d8L4: 0.17
2  -16.046  0.001089              d6L2: 80.36; d5L: 13.60; d7L3: 5.98; d8L4: 0.06
3  -16.026  0.000806               d6L2: 89.08; d5L: 8.07; d7L3: 2.83; d8L4: 0.02
4  -15.696  0.044431  d6L2: 41.14; d5L: 34.58; d4: 13.73; d7L3: 10.25; d8L4: 0.30
5  -14.948  0.058981    d6L2: 68.69; d5L: 18.10; d4: 7.14; d7L3: 5.99; d8L4: 0.08
6  -14.401  0.002937    d6L2: 80.06; d5L: 12.23; d7L3: 6.65; d4: 0.92; d8L4: 0.13
7  -14.133  0.000841               d6L2: 88.92; d5L: 6.73; d7L3: 4.30; d8L4: 0.05
8  -13.973  0.012152     d6L2: 87.08; d7L3: 6.23; d5L: 5.34; d4: 1.25; d8L4: 0.10
9  -13.841  0.000369               d6L2: 91.55; d7L3: 4.85; d5L: 3.55; d8L4: 0.06
10 -13.638  0.053912    d6L2: 66.11; d5L: 20.01; d4: 7.52; d7L3: 6.27; d8L4: 0.10
11 -13.479  0.329669   d6L2: 56.42; d4: 23.94; d5L: 15.50; d7L3: 4.09; d8L4: 0.04
12 -13.214  0.013911    d6L2: 74.37; d5L: 19.53; d7L3: 5.00; d4: 1.04; d8L4: 0.07
13 -12.595  0.027502     d6L2: 82.62; d5L: 9.84; d7L3: 5.35; d4: 2.12; d8L4: 0.07
14 -12.233  0.002789     d6L2: 88.86; d7L3: 6.71; d5L: 3.99; d4: 0.31; d8L4: 0.12
15 -12.025  0.473707    d6L2: 60.29; d4: 26.49; d5L: 7.57; d7L3: 5.55; d8L4: 0.10
16 -11.277  0.141272    d6L2: 79.54; d4: 11.26; d5L: 5.64; d7L3: 3.53; d8L4: 0.04
17 -10.533  0.002659     d6L2: 87.95; d5L: 7.71; d7L3: 4.25; d4: 0.05; d8L4: 0.04
18 -10.429  0.623876    d6L2: 43.72; d4: 42.79; d5L: 7.86; d7L3: 5.51; d8L4: 0.12
19  -8.970  0.486250   d5L: 55.88; d6L2: 31.21; d4: 11.25; d7L3: 1.64; d8L4: 0.02
20  -8.221  1.998236                          d5L: 85.07; d6L2: 14.52; d7L3: 0.41
21  -8.026  0.146612                d5L: 69.66; d6L2: 26.07; d4: 3.32; d7L3: 0.94
22  -7.916  2.998516                          d5L: 82.65; d6L2: 16.76; d7L3: 0.59
23  -7.633  0.571295    d5L: 70.19; d6L2: 21.95; d4: 6.82; d7L3: 1.03; d8L4: 0.01
24  -6.737  0.143309    d5L: 71.48; d6L2: 24.89; d4: 2.44; d7L3: 1.18; d8L4: 0.02
25  -6.325  1.064081    d5L: 72.48; d6L2: 19.19; d4: 7.36; d7L3: 0.95; d8L4: 0.01
26  -5.804  1.013970    d5L: 78.56; d6L2: 18.02; d4: 2.39; d7L3: 1.00; d8L4: 0.02
27  -4.054  2.936111    d5L: 76.36; d6L2: 18.87; d4: 3.88; d7L3: 0.88; d8L4: 0.01
28  -3.000  1.811764   d5L: 66.07; d6L2: 18.92; d4: 13.95; d7L3: 1.05; d8L4: 0.02

# Addition transitions
   E       I        comp                                         
0   2.800  0.083917              d6: 94.33; d7L: 5.59; d8L2: 0.07
1   4.490  0.118051              d6: 95.59; d7L: 4.37; d8L2: 0.04
2  14.221  0.000116  d7L: 96.24; d8L2: 2.51; d6: 1.24; d9L3: 0.02
3  15.888  0.000368  d7L: 95.72; d8L2: 2.20; d6: 2.07; d9L3: 0.01
4  16.115  0.000184  d7L: 92.84; d6: 4.40; d8L2: 2.75; d9L3: 0.01
5  17.662  0.000197              d7L: 96.58; d6: 2.32; d8L2: 1.10

### Operators ###

# ORBITAL 0
# Removal d
1111100000 -> 0111100000
1111100001 -> 0111100001
1111100010 -> 0111100010
1111110000 -> 0111110000
1111100100 -> 0111100100
1111101000 -> 0111101000
1111110100 -> 0111110100
1111101100 -> 0111101100
1111101010 -> 0111101010
1111101001 -> 0111101001
1111111000 -> 0111111000
1111100110 -> 0111100110
1111100101 -> 0111100101
1111100011 -> 0111100011
1111110001 -> 0111110001
1111110010 -> 0111110010
1111111100 -> 0111111100
1111110110 -> 0111110110
1111110101 -> 0111110101
1111101101 -> 0111101101
1111101110 -> 0111101110
1111111001 -> 0111111001
1111101011 -> 0111101011
1111100111 -> 0111100111
1111110011 -> 0111110011
1111111010 -> 0111111010
1111111101 -> 0111111101
1111101111 -> 0111101111
1111110111 -> 0111110111
1111111110 -> 0111111110
1111111011 -> 0111111011
1111111111 -> 0111111111
# Removal c
# Removal p
1111100000 -> 1111100000
1111100001 -> 1111100001
1111100010 -> 1111100010
1111110000 -> 1111110000
1111100100 -> 1111100100
1111101000 -> 1111101000
1111110100 -> 1111110100
1111101100 -> 1111101100
1111101010 -> 1111101010
1111101001 -> 1111101001
1111111000 -> 1111111000
1111100110 -> 1111100110
1111100101 -> 1111100101
1111100011 -> 1111100011
1111110001 -> 1111110001
1111110010 -> 1111110010
1111111100 -> 1111111100
1111110110 -> 1111110110
1111110101 -> 1111110101
1111101101 -> 1111101101
1111101110 -> 1111101110
1111111001 -> 1111111001
1111101011 -> 1111101011
1111100111 -> 1111100111
1111110011 -> 1111110011
1111111010 -> 1111111010
1111111101 -> 1111111101
1111101111 -> 1111101111
1111110111 -> 1111110111
1111111110 -> 1111111110
1111111011 -> 1111111011
1111111111 -> 1111111111

# ORBITAL 1
# Removal d
1111100000 -> 1011100000
1111100001 -> 1011100001
1111100010 -> 1011100010
1111110000 -> 1011110000
1111100100 -> 1011100100
1111101000 -> 1011101000
1111110100 -> 1011110100
1111101100 -> 1011101100
1111101010 -> 1011101010
1111101001 -> 1011101001
1111111000 -> 1011111000
1111100110 -> 1011100110
1111100101 -> 1011100101
1111100011 -> 1011100011
1111110001 -> 1011110001
1111110010 -> 1011110010
1111111100 -> 1011111100
1111110110 -> 1011110110
1111110101 -> 1011110101
1111101101 -> 1011101101
1111101110 -> 1011101110
1111111001 -> 1011111001
1111101011 -> 1011101011
1111100111 -> 1011100111
1111110011 -> 1011110011
1111111010 -> 1011111010
1111111101 -> 1011111101
1111101111 -> 1011101111
1111110111 -> 1011110111
1111111110 -> 1011111110
1111111011 -> 1011111011
1111111111 -> 1011111111
# Removal c
# Removal p
1111100000 -> 1111100000
1111100001 -> 1111100001
1111100010 -> 1111100010
1111110000 -> 1111110000
1111100100 -> 1111100100
1111101000 -> 1111101000
1111110100 -> 1111110100
1111101100 -> 1111101100
1111101010 -> 1111101010
1111101001 -> 1111101001
1111111000 -> 1111111000
1111100110 -> 1111100110
1111100101 -> 1111100101
1111100011 -> 1111100011
1111110001 -> 1111110001
1111110010 -> 1111110010
1111111100 -> 1111111100
1111110110 -> 1111110110
1111110101 -> 1111110101
1111101101 -> 1111101101
1111101110 -> 1111101110
1111111001 -> 1111111001
1111101011 -> 1111101011
1111100111 -> 1111100111
1111110011 -> 1111110011
1111111010 -> 1111111010
1111111101 -> 1111111101
1111101111 -> 1111101111
1111110111 -> 1111110111
1111111110 -> 1111111110
1111111011 -> 1111111011
1111111111 -> 1111111111

# ORBITAL 2
# Removal d
1111100000 -> 1101100000
1111100001 -> 1101100001
1111100010 -> 1101100010
1111110000 -> 1101110000
1111100100 -> 1101100100
1111101000 -> 1101101000
1111110100 -> 1101110100
1111101100 -> 1101101100
1111101010 -> 1101101010
1111101001 -> 1101101001
1111111000 -> 1101111000
1111100110 -> 1101100110
1111100101 -> 1101100101
1111100011 -> 1101100011
1111110001 -> 1101110001
1111110010 -> 1101110010
1111111100 -> 1101111100
1111110110 -> 1101110110
1111110101 -> 1101110101
1111101101 -> 1101101101
1111101110 -> 1101101110
1111111001 -> 1101111001
1111101011 -> 1101101011
1111100111 -> 1101100111
1111110011 -> 1101110011
1111111010 -> 1101111010
1111111101 -> 1101111101
1111101111 -> 1101101111
1111110111 -> 1101110111
1111111110 -> 1101111110
1111111011 -> 1101111011
1111111111 -> 1101111111
# Removal c
# Removal p
1111100000 -> 1111100000
1111100001 -> 1111100001
1111100010 -> 1111100010
1111110000 -> 1111110000
1111100100 -> 1111100100
1111101000 -> 1111101000
1111110100 -> 1111110100
1111101100 -> 1111101100
1111101010 -> 1111101010
1111101001 -> 1111101001
1111111000 -> 1111111000
1111100110 -> 1111100110
1111100101 -> 1111100101
1111100011 -> 1111100011
1111110001 -> 1111110001
1111110010 -> 1111110010
1111111100 -> 1111111100
1111110110 -> 1111110110
1111110101 -> 1111110101
1111101101 -> 1111101101
1111101110 -> 1111101110
1111111001 -> 1111111001
1111101011 -> 1111101011
1111100111 -> 1111100111
1111110011 -> 1111110011
1111111010 -> 1111111010
1111111101 -> 1111111101
1111101111 -> 1111101111
1111110111 -> 1111110111
1111111110 -> 1111111110
1111111011 -> 1111111011
1111111111 -> 1111111111

# ORBITAL 3
# Removal d
1111100000 -> 1110100000
1111100001 -> 1110100001
1111100010 -> 1110100010
1111110000 -> 1110110000
1111100100 -> 1110100100
1111101000 -> 1110101000
1111110100 -> 1110110100
1111101100 -> 1110101100
1111101010 -> 1110101010
1111101001 -> 1110101001
1111111000 -> 1110111000
1111100110 -> 1110100110
1111100101 -> 1110100101
1111100011 -> 1110100011
1111110001 -> 1110110001
1111110010 -> 1110110010
1111111100 -> 1110111100
1111110110 -> 1110110110
1111110101 -> 1110110101
1111101101 -> 1110101101
1111101110 -> 1110101110
1111111001 -> 1110111001
1111101011 -> 1110101011
1111100111 -> 1110100111
1111110011 -> 1110110011
1111111010 -> 1110111010
1111111101 -> 1110111101
1111101111 -> 1110101111
1111110111 -> 1110110111
1111111110 -> 1110111110
1111111011 -> 1110111011
1111111111 -> 1110111111
# Removal c
# Removal p
1111100000 -> 1111100000
1111100001 -> 1111100001
1111100010 -> 1111100010
1111110000 -> 1111110000
1111100100 -> 1111100100
1111101000 -> 1111101000
1111110100 -> 1111110100
1111101100 -> 1111101100
1111101010 -> 1111101010
1111101001 -> 1111101001
1111111000 -> 1111111000
1111100110 -> 1111100110
1111100101 -> 1111100101
1111100011 -> 1111100011
1111110001 -> 1111110001
1111110010 -> 1111110010
1111111100 -> 1111111100
1111110110 -> 1111110110
1111110101 -> 1111110101
1111101101 -> 1111101101
1111101110 -> 1111101110
1111111001 -> 1111111001
1111101011 -> 1111101011
1111100111 -> 1111100111
1111110011 -> 1111110011
1111111010 -> 1111111010
1111111101 -> 1111111101
1111101111 -> 1111101111
1111110111 -> 1111110111
1111111110 -> 1111111110
1111111011 -> 1111111011
1111111111 -> 1111111111

# ORBITAL 4
# Removal d
1111100000 -> 1111000000
1111100001 -> 1111000001
1111100010 -> 1111000010
1111110000 -> 1111010000
1111100100 -> 1111000100
1111101000 -> 1111001000
1111110100 -> 1111010100
1111101100 -> 1111001100
1111101010 -> 1111001010
1111101001 -> 1111001001
1111111000 -> 1111011000
1111100110 -> 1111000110
1111100101 -> 1111000101
1111100011 -> 1111000011
1111110001 -> 1111010001
1111110010 -> 1111010010
1111111100 -> 1111011100
1111110110 -> 1111010110
1111110101 -> 1111010101
1111101101 -> 1111001101
1111101110 -> 1111001110
1111111001 -> 1111011001
1111101011 -> 1111001011
1111100111 -> 1111000111
1111110011 -> 1111010011
1111111010 -> 1111011010
1111111101 -> 1111011101
1111101111 -> 1111001111
1111110111 -> 1111010111
1111111110 -> 1111011110
1111111011 -> 1111011011
1111111111 -> 1111011111
# Removal c
# Removal p
1111100000 -> 1111100000
1111100001 -> 1111100001
1111100010 -> 1111100010
1111110000 -> 1111110000
1111100100 -> 1111100100
1111101000 -> 1111101000
1111110100 -> 1111110100
1111101100 -> 1111101100
1111101010 -> 1111101010
1111101001 -> 1111101001
1111111000 -> 1111111000
1111100110 -> 1111100110
1111100101 -> 1111100101
1111100011 -> 1111100011
1111110001 -> 1111110001
1111110010 -> 1111110010
1111111100 -> 1111111100
1111110110 -> 1111110110
1111110101 -> 1111110101
1111101101 -> 1111101101
1111101110 -> 1111101110
1111111001 -> 1111111001
1111101011 -> 1111101011
1111100111 -> 1111100111
1111110011 -> 1111110011
1111111010 -> 1111111010
1111111101 -> 1111111101
1111101111 -> 1111101111
1111110111 -> 1111110111
1111111110 -> 1111111110
1111111011 -> 1111111011
1111111111 -> 1111111111

# ORBITAL 5
# Removal d
1111110000 -> 1111100000
1111110100 -> 1111100100
1111111000 -> 1111101000
1111110001 -> 1111100001
1111110010 -> 1111100010
1111111100 -> 1111101100
1111110110 -> 1111100110
1111110101 -> 1111100101
1111111001 -> 1111101001
1111110011 -> 1111100011
1111111010 -> 1111101010
1111111101 -> 1111101101
1111110111 -> 1111100111
1111111110 -> 1111101110
1111111011 -> 1111101011
1111111111 -> 1111101111
# Removal c
# Removal p
1111100000 -> 1111100000
1111100001 -> 1111100001
1111100010 -> 1111100010
1111100100 -> 1111100100
1111101000 -> 1111101000
1111101100 -> 1111101100
1111101010 -> 1111101010
1111101001 -> 1111101001
1111100110 -> 1111100110
1111100101 -> 1111100101
1111100011 -> 1111100011
1111101101 -> 1111101101
1111101110 -> 1111101110
1111101011 -> 1111101011
1111100111 -> 1111100111
1111101111 -> 1111101111

# ORBITAL 6
# Removal d
1111101000 -> 1111100000
1111101100 -> 1111100100
1111101010 -> 1111100010
1111101001 -> 1111100001
1111111000 -> 1111110000
1111111100 -> 1111110100
1111101101 -> 1111100101
1111101110 -> 1111100110
1111111001 -> 1111110001
1111101011 -> 1111100011
1111111010 -> 1111110010
1111111101 -> 1111110101
1111101111 -> 1111100111
1111111110 -> 1111110110
1111111011 -> 1111110011
1111111111 -> 1111110111
# Removal c
# Removal p
1111100000 -> 1111100000
1111100001 -> 1111100001
1111100010 -> 1111100010
1111110000 -> 1111110000
1111100100 -> 1111100100
1111110100 -> 1111110100
1111100110 -> 1111100110
1111100101 -> 1111100101
1111100011 -> 1111100011
1111110001 -> 1111110001
1111110010 -> 1111110010
1111110110 -> 1111110110
1111110101 -> 1111110101
1111100111 -> 1111100111
1111110011 -> 1111110011
1111110111 -> 1111110111

# ORBITAL 7
# Removal d
1111100100 -> 1111100000
1111110100 -> 1111110000
1111101100 -> 1111101000
1111100110 -> 1111100010
1111100101 -> 1111100001
1111111100 -> 1111111000
1111110110 -> 1111110010
1111110101 -> 1111110001
1111101101 -> 1111101001
1111101110 -> 1111101010
1111100111 -> 1111100011
1111111101 -> 1111111001
1111101111 -> 1111101011
1111110111 -> 1111110011
1111111110 -> 1111111010
1111111111 -> 1111111011
# Removal c
# Removal p
1111100000 -> 1111100000
1111100001 -> 1111100001
1111100010 -> 1111100010
1111110000 -> 1111110000
1111101000 -> 1111101000
1111101010 -> 1111101010
1111101001 -> 1111101001
1111111000 -> 1111111000
1111100011 -> 1111100011
1111110001 -> 1111110001
1111110010 -> 1111110010
1111111001 -> 1111111001
1111101011 -> 1111101011
1111110011 -> 1111110011
1111111010 -> 1111111010
1111111011 -> 1111111011

# ORBITAL 8
# Removal d
1111100010 -> 1111100000
1111101010 -> 1111101000
1111100110 -> 1111100100
1111100011 -> 1111100001
1111110010 -> 1111110000
1111110110 -> 1111110100
1111101110 -> 1111101100
1111101011 -> 1111101001
1111100111 -> 1111100101
1111110011 -> 1111110001
1111111010 -> 1111111000
1111101111 -> 1111101101
1111110111 -> 1111110101
1111111110 -> 1111111100
1111111011 -> 1111111001
1111111111 -> 1111111101
# Removal c
# Removal p
1111100000 -> 1111100000
1111100001 -> 1111100001
1111110000 -> 1111110000
1111100100 -> 1111100100
1111101000 -> 1111101000
1111110100 -> 1111110100
1111101100 -> 1111101100
1111101001 -> 1111101001
1111111000 -> 1111111000
1111100101 -> 1111100101
1111110001 -> 1111110001
1111111100 -> 1111111100
1111110101 -> 1111110101
1111101101 -> 1111101101
1111111001 -> 1111111001
1111111101 -> 1111111101

# ORBITAL 9
# Removal d
1111100001 -> 1111100000
1111101001 -> 1111101000
1111100101 -> 1111100100
1111100011 -> 1111100010
1111110001 -> 1111110000
1111110101 -> 1111110100
1111101101 -> 1111101100
1111111001 -> 1111111000
1111101011 -> 1111101010
1111100111 -> 1111100110
1111110011 -> 1111110010
1111111101 -> 1111111100
1111101111 -> 1111101110
1111110111 -> 1111110110
1111111011 -> 1111111010
1111111111 -> 1111111110
# Removal c
# Removal p
1111100000 -> 1111100000
1111100010 -> 1111100010
1111110000 -> 1111110000
1111100100 -> 1111100100
1111101000 -> 1111101000
1111110100 -> 1111110100
1111101100 -> 1111101100
1111101010 -> 1111101010
1111111000 -> 1111111000
1111100110 -> 1111100110
1111110010 -> 1111110010
1111111100 -> 1111111100
1111110110 -> 1111110110
1111101110 -> 1111101110
1111111010 -> 1111111010
1111111110 -> 1111111110

