SINGLECLUSTER CALCULATION: LaMnO3

# Ground state properties
     d4: 57.35
    d5L: 38.94
   d6L2:  3.62
   d7L3:  0.09
   d8L4:  0.00
   d9L5:  0.00
  d10L6:  0.00
   <n> =  4.46

Gap: 1.639

# Core transitions
    E        I        comp                                                                   
0   641.700  0.654861               d5L: 59.60; d6L2: 28.66; d4: 9.02; d7L3: 2.65; d8L4: 0.07
1   645.688  0.006260               d5L: 66.93; d6L2: 28.91; d7L3: 2.95; d4: 1.12; d8L4: 0.10
2   646.668  0.023018               d5L: 55.50; d6L2: 39.48; d7L3: 3.12; d4: 1.85; d8L4: 0.06
3   647.884  0.005756               d5L: 53.72; d6L2: 42.93; d7L3: 2.53; d4: 0.79; d8L4: 0.03
4   651.001  0.136467             d6L2: 55.75; d4: 17.29; d5L: 16.21; d7L3: 10.43; d8L4: 0.32
5   651.739  0.098344               d6L2: 70.59; d4: 17.34; d7L3: 7.03; d5L: 4.79; d8L4: 0.25
6   652.653  0.000872                d6L2: 90.62; d7L3: 4.69; d5L: 4.26; d4: 0.34; d8L4: 0.10
7   653.060  0.001166               d6L2: 77.76; d5L: 12.03; d7L3: 9.66; d8L4: 0.30; d4: 0.26
8   653.400  0.327430               d5L: 59.60; d6L2: 28.66; d4: 9.02; d7L3: 2.65; d8L4: 0.07
9   653.917  0.020689               d6L2: 59.44; d5L: 23.29; d7L3: 8.93; d4: 8.03; d8L4: 0.31
10  654.782  0.009232              d6L2: 51.53; d5L: 31.72; d7L3: 12.04; d4: 4.45; d8L4: 0.26
11  655.336  0.002645              d6L2: 59.28; d5L: 27.04; d7L3: 11.93; d4: 1.33; d8L4: 0.42
12  657.388  0.003130               d5L: 66.93; d6L2: 28.91; d7L3: 2.95; d4: 1.12; d8L4: 0.10
13  658.250  0.040595  d4: 37.32; d5L: 36.54; d7L3: 15.23; d6L2: 9.81; d8L4: 1.08; d9L5: 0.01
14  658.368  0.011509               d5L: 55.50; d6L2: 39.48; d7L3: 3.12; d4: 1.85; d8L4: 0.06
15  659.584  0.002878               d5L: 53.72; d6L2: 42.93; d7L3: 2.53; d4: 0.79; d8L4: 0.03
16  662.701  0.068233             d6L2: 55.75; d4: 17.29; d5L: 16.21; d7L3: 10.43; d8L4: 0.32
17  663.439  0.049172               d6L2: 70.59; d4: 17.34; d7L3: 7.03; d5L: 4.79; d8L4: 0.25
18  664.353  0.000436                d6L2: 90.62; d7L3: 4.69; d5L: 4.26; d4: 0.34; d8L4: 0.10
19  664.760  0.000583               d6L2: 77.76; d5L: 12.03; d7L3: 9.66; d8L4: 0.30; d4: 0.26
20  665.617  0.010344               d6L2: 59.44; d5L: 23.29; d7L3: 8.93; d4: 8.03; d8L4: 0.31
21  666.482  0.004616              d6L2: 51.53; d5L: 31.72; d7L3: 12.04; d4: 4.45; d8L4: 0.26
22  667.036  0.001322              d6L2: 59.28; d5L: 27.04; d7L3: 11.93; d4: 1.33; d8L4: 0.42
23  669.950  0.020298  d4: 37.32; d5L: 36.54; d7L3: 15.23; d6L2: 9.81; d8L4: 1.08; d9L5: 0.01

# Removal transitions
    E       I        comp                                                                    
0  -20.381  0.041313  d4L: 38.55; d3: 22.91; d5L2: 21.63; d6L3: 15.84; d7L4: 1.06; d8L5: 0.02
1  -18.975  0.028320   d4L: 38.11; d3: 32.54; d6L3: 18.05; d5L2: 9.62; d7L4: 1.66; d8L5: 0.03
2  -18.299  0.001387               d5L2: 66.29; d4L: 20.73; d6L3: 12.06; d7L4: 0.46; d3: 0.46
3  -17.662  0.014886               d5L2: 60.14; d4L: 23.64; d6L3: 10.64; d3: 5.26; d7L4: 0.31
4  -17.326  0.006421               d5L2: 62.65; d4L: 23.93; d6L3: 11.10; d3: 1.98; d7L4: 0.34
5  -16.794  0.001446                         d5L2: 65.35; d4L: 21.98; d6L3: 12.26; d7L4: 0.41
6  -16.003  0.000656                         d5L2: 51.15; d4L: 33.30; d6L3: 15.07; d7L4: 0.47
7  -15.510  0.031990                 d5L2: 80.84; d6L3: 8.16; d4L: 6.99; d3: 3.83; d7L4: 0.19
8  -15.303  0.009183               d5L2: 66.88; d4L: 17.83; d6L3: 11.21; d3: 3.75; d7L4: 0.32
9  -15.177  0.032817                d5L2: 76.81; d4L: 10.54; d6L3: 8.82; d3: 3.58; d7L4: 0.24
10 -15.090  0.032864               d5L2: 67.89; d4L: 18.38; d6L3: 11.57; d3: 1.81; d7L4: 0.34
11 -14.989  0.002709                         d5L2: 71.90; d4L: 16.54; d6L3: 11.29; d7L4: 0.27
12 -14.587  0.000590                d5L2: 85.24; d6L3: 12.58; d4L: 1.49; d7L4: 0.44; d3: 0.24
13 -14.242  0.001274                          d5L2: 78.91; d4L: 12.33; d6L3: 8.64; d7L4: 0.13
14 -14.154  0.013567                 d5L2: 84.48; d6L3: 6.95; d3: 4.56; d4L: 3.82; d7L4: 0.18
15 -13.851  0.155088                d5L2: 75.81; d3: 13.12; d6L3: 7.34; d4L: 3.57; d7L4: 0.15
16 -12.998  0.362661              d5L2: 49.91; d3: 26.50; d6L3: 11.81; d4L: 11.22; d7L4: 0.55
17 -12.632  0.015935                d5L2: 87.41; d6L3: 10.46; d4L: 1.00; d3: 0.87; d7L4: 0.26
18 -12.002  0.157907                d5L2: 58.92; d3: 28.69; d6L3: 8.14; d4L: 3.85; d7L4: 0.40
19 -10.648  0.124744               d5L2: 56.16; d4L: 21.47; d3: 14.54; d6L3: 7.54; d7L4: 0.29
20 -10.554  0.001608                          d5L2: 63.15; d4L: 32.74; d6L3: 4.04; d7L4: 0.06
21  -9.949  0.034698                d4L: 54.23; d5L2: 41.11; d6L3: 3.10; d3: 1.50; d7L4: 0.05
22  -8.730  0.053382                d4L: 56.79; d5L2: 38.01; d6L3: 3.61; d3: 1.49; d7L4: 0.10
23  -7.811  0.061340                d4L: 56.00; d5L2: 38.49; d6L3: 3.11; d3: 2.33; d7L4: 0.07
24  -7.561  0.004703                          d4L: 61.29; d5L2: 35.67; d6L3: 2.99; d7L4: 0.05
25  -7.084  0.041532                          d4L: 63.12; d5L2: 33.80; d6L3: 3.00; d7L4: 0.08
26  -6.934  0.019447                d4L: 54.80; d5L2: 39.89; d6L3: 4.43; d3: 0.74; d7L4: 0.13
27  -5.848  0.259777                d4L: 52.60; d5L2: 41.55; d6L3: 3.34; d3: 2.42; d7L4: 0.08
28  -5.479  0.490822                          d4L: 72.76; d5L2: 25.59; d6L3: 1.62; d7L4: 0.03
29  -5.270  2.379601                d4L: 63.33; d5L2: 29.46; d3: 4.90; d6L3: 2.25; d7L4: 0.05
30  -2.943  2.726780                d4L: 55.59; d5L2: 32.57; d3: 8.52; d6L3: 3.23; d7L4: 0.09
31  -1.200  0.885558               d4L: 54.25; d5L2: 30.74; d3: 11.64; d6L3: 3.27; d7L4: 0.10

# Addition transitions
    E       I        comp                                         
0    1.500  0.240466              d5: 91.97; d6L: 7.86; d7L2: 0.17
1    5.112  0.083219             d5: 89.60; d6L: 10.15; d7L2: 0.25
2    5.184  0.072811             d5: 86.23; d6L: 13.32; d7L2: 0.44
3    6.500  0.062923             d5: 87.87; d6L: 11.82; d7L2: 0.31
4   16.342  0.000955  d6L: 92.96; d5: 4.04; d7L2: 2.97; d8L3: 0.02
5   17.491  0.001193  d6L: 94.84; d5: 3.05; d7L2: 2.10; d8L3: 0.01
6   17.543  0.000488  d6L: 89.52; d5: 6.13; d7L2: 4.31; d8L3: 0.04
7   17.569  0.001006  d6L: 93.58; d5: 4.28; d7L2: 2.13; d8L3: 0.01
8   18.758  0.000247  d6L: 91.91; d7L2: 4.92; d5: 3.10; d8L3: 0.07
9   19.112  0.000260  d6L: 89.55; d7L2: 5.41; d5: 4.96; d8L3: 0.08
10  20.238  0.000177  d6L: 92.18; d5: 4.13; d7L2: 3.66; d8L3: 0.03
11  20.424  0.000405  d6L: 86.31; d5: 7.71; d7L2: 5.90; d8L3: 0.08
12  20.480  0.000158  d6L: 90.01; d7L2: 5.35; d5: 4.57; d8L3: 0.07

### Operators ###

# ORBITAL 0
# Removal d
1111000000 -> 0111000000
1111000001 -> 0111000001
1111000010 -> 0111000010
1111000100 -> 0111000100
1111001000 -> 0111001000
1111010000 -> 0111010000
1111100000 -> 0111100000
1111100001 -> 0111100001
1111100010 -> 0111100010
1111011000 -> 0111011000
1111100100 -> 0111100100
1111010100 -> 0111010100
1111010010 -> 0111010010
1111010001 -> 0111010001
1111101000 -> 0111101000
1111001100 -> 0111001100
1111001010 -> 0111001010
1111001001 -> 0111001001
1111110000 -> 0111110000
1111000110 -> 0111000110
1111000101 -> 0111000101
1111000011 -> 0111000011
1111110001 -> 0111110001
1111101010 -> 0111101010
1111100110 -> 0111100110
1111100101 -> 0111100101
1111100011 -> 0111100011
1111101001 -> 0111101001
1111110010 -> 0111110010
1111010110 -> 0111010110
1111011100 -> 0111011100
1111011010 -> 0111011010
1111011001 -> 0111011001
1111101100 -> 0111101100
1111010101 -> 0111010101
1111010011 -> 0111010011
1111111000 -> 0111111000
1111001110 -> 0111001110
1111001101 -> 0111001101
1111001011 -> 0111001011
1111000111 -> 0111000111
1111110100 -> 0111110100
1111110011 -> 0111110011
1111110101 -> 0111110101
1111110110 -> 0111110110
1111111100 -> 0111111100
1111011101 -> 0111011101
1111101101 -> 0111101101
1111101011 -> 0111101011
1111100111 -> 0111100111
1111011110 -> 0111011110
1111111001 -> 0111111001
1111011011 -> 0111011011
1111010111 -> 0111010111
1111001111 -> 0111001111
1111101110 -> 0111101110
1111111010 -> 0111111010
1111111101 -> 0111111101
1111111011 -> 0111111011
1111011111 -> 0111011111
1111101111 -> 0111101111
1111111110 -> 0111111110
1111110111 -> 0111110111
1111111111 -> 0111111111
# Removal c
# Removal p
1111000000 -> 1111000000
1111000001 -> 1111000001
1111000010 -> 1111000010
1111000100 -> 1111000100
1111001000 -> 1111001000
1111010000 -> 1111010000
1111100000 -> 1111100000
1111100001 -> 1111100001
1111100010 -> 1111100010
1111011000 -> 1111011000
1111100100 -> 1111100100
1111010100 -> 1111010100
1111010010 -> 1111010010
1111010001 -> 1111010001
1111101000 -> 1111101000
1111001100 -> 1111001100
1111001010 -> 1111001010
1111001001 -> 1111001001
1111110000 -> 1111110000
1111000110 -> 1111000110
1111000101 -> 1111000101
1111000011 -> 1111000011
1111110001 -> 1111110001
1111101010 -> 1111101010
1111100110 -> 1111100110
1111100101 -> 1111100101
1111100011 -> 1111100011
1111101001 -> 1111101001
1111110010 -> 1111110010
1111010110 -> 1111010110
1111011100 -> 1111011100
1111011010 -> 1111011010
1111011001 -> 1111011001
1111101100 -> 1111101100
1111010101 -> 1111010101
1111010011 -> 1111010011
1111111000 -> 1111111000
1111001110 -> 1111001110
1111001101 -> 1111001101
1111001011 -> 1111001011
1111000111 -> 1111000111
1111110100 -> 1111110100
1111110011 -> 1111110011
1111110101 -> 1111110101
1111110110 -> 1111110110
1111111100 -> 1111111100
1111011101 -> 1111011101
1111101101 -> 1111101101
1111101011 -> 1111101011
1111100111 -> 1111100111
1111011110 -> 1111011110
1111111001 -> 1111111001
1111011011 -> 1111011011
1111010111 -> 1111010111
1111001111 -> 1111001111
1111101110 -> 1111101110
1111111010 -> 1111111010
1111111101 -> 1111111101
1111111011 -> 1111111011
1111011111 -> 1111011111
1111101111 -> 1111101111
1111111110 -> 1111111110
1111110111 -> 1111110111
1111111111 -> 1111111111

# ORBITAL 1
# Removal d
1111000000 -> 1011000000
1111000001 -> 1011000001
1111000010 -> 1011000010
1111000100 -> 1011000100
1111001000 -> 1011001000
1111010000 -> 1011010000
1111100000 -> 1011100000
1111100001 -> 1011100001
1111100010 -> 1011100010
1111011000 -> 1011011000
1111100100 -> 1011100100
1111010100 -> 1011010100
1111010010 -> 1011010010
1111010001 -> 1011010001
1111101000 -> 1011101000
1111001100 -> 1011001100
1111001010 -> 1011001010
1111001001 -> 1011001001
1111110000 -> 1011110000
1111000110 -> 1011000110
1111000101 -> 1011000101
1111000011 -> 1011000011
1111110001 -> 1011110001
1111101010 -> 1011101010
1111100110 -> 1011100110
1111100101 -> 1011100101
1111100011 -> 1011100011
1111101001 -> 1011101001
1111110010 -> 1011110010
1111010110 -> 1011010110
1111011100 -> 1011011100
1111011010 -> 1011011010
1111011001 -> 1011011001
1111101100 -> 1011101100
1111010101 -> 1011010101
1111010011 -> 1011010011
1111111000 -> 1011111000
1111001110 -> 1011001110
1111001101 -> 1011001101
1111001011 -> 1011001011
1111000111 -> 1011000111
1111110100 -> 1011110100
1111110011 -> 1011110011
1111110101 -> 1011110101
1111110110 -> 1011110110
1111111100 -> 1011111100
1111011101 -> 1011011101
1111101101 -> 1011101101
1111101011 -> 1011101011
1111100111 -> 1011100111
1111011110 -> 1011011110
1111111001 -> 1011111001
1111011011 -> 1011011011
1111010111 -> 1011010111
1111001111 -> 1011001111
1111101110 -> 1011101110
1111111010 -> 1011111010
1111111101 -> 1011111101
1111111011 -> 1011111011
1111011111 -> 1011011111
1111101111 -> 1011101111
1111111110 -> 1011111110
1111110111 -> 1011110111
1111111111 -> 1011111111
# Removal c
# Removal p
1111000000 -> 1111000000
1111000001 -> 1111000001
1111000010 -> 1111000010
1111000100 -> 1111000100
1111001000 -> 1111001000
1111010000 -> 1111010000
1111100000 -> 1111100000
1111100001 -> 1111100001
1111100010 -> 1111100010
1111011000 -> 1111011000
1111100100 -> 1111100100
1111010100 -> 1111010100
1111010010 -> 1111010010
1111010001 -> 1111010001
1111101000 -> 1111101000
1111001100 -> 1111001100
1111001010 -> 1111001010
1111001001 -> 1111001001
1111110000 -> 1111110000
1111000110 -> 1111000110
1111000101 -> 1111000101
1111000011 -> 1111000011
1111110001 -> 1111110001
1111101010 -> 1111101010
1111100110 -> 1111100110
1111100101 -> 1111100101
1111100011 -> 1111100011
1111101001 -> 1111101001
1111110010 -> 1111110010
1111010110 -> 1111010110
1111011100 -> 1111011100
1111011010 -> 1111011010
1111011001 -> 1111011001
1111101100 -> 1111101100
1111010101 -> 1111010101
1111010011 -> 1111010011
1111111000 -> 1111111000
1111001110 -> 1111001110
1111001101 -> 1111001101
1111001011 -> 1111001011
1111000111 -> 1111000111
1111110100 -> 1111110100
1111110011 -> 1111110011
1111110101 -> 1111110101
1111110110 -> 1111110110
1111111100 -> 1111111100
1111011101 -> 1111011101
1111101101 -> 1111101101
1111101011 -> 1111101011
1111100111 -> 1111100111
1111011110 -> 1111011110
1111111001 -> 1111111001
1111011011 -> 1111011011
1111010111 -> 1111010111
1111001111 -> 1111001111
1111101110 -> 1111101110
1111111010 -> 1111111010
1111111101 -> 1111111101
1111111011 -> 1111111011
1111011111 -> 1111011111
1111101111 -> 1111101111
1111111110 -> 1111111110
1111110111 -> 1111110111
1111111111 -> 1111111111

# ORBITAL 2
# Removal d
1111000000 -> 1101000000
1111000001 -> 1101000001
1111000010 -> 1101000010
1111000100 -> 1101000100
1111001000 -> 1101001000
1111010000 -> 1101010000
1111100000 -> 1101100000
1111100001 -> 1101100001
1111100010 -> 1101100010
1111011000 -> 1101011000
1111100100 -> 1101100100
1111010100 -> 1101010100
1111010010 -> 1101010010
1111010001 -> 1101010001
1111101000 -> 1101101000
1111001100 -> 1101001100
1111001010 -> 1101001010
1111001001 -> 1101001001
1111110000 -> 1101110000
1111000110 -> 1101000110
1111000101 -> 1101000101
1111000011 -> 1101000011
1111110001 -> 1101110001
1111101010 -> 1101101010
1111100110 -> 1101100110
1111100101 -> 1101100101
1111100011 -> 1101100011
1111101001 -> 1101101001
1111110010 -> 1101110010
1111010110 -> 1101010110
1111011100 -> 1101011100
1111011010 -> 1101011010
1111011001 -> 1101011001
1111101100 -> 1101101100
1111010101 -> 1101010101
1111010011 -> 1101010011
1111111000 -> 1101111000
1111001110 -> 1101001110
1111001101 -> 1101001101
1111001011 -> 1101001011
1111000111 -> 1101000111
1111110100 -> 1101110100
1111110011 -> 1101110011
1111110101 -> 1101110101
1111110110 -> 1101110110
1111111100 -> 1101111100
1111011101 -> 1101011101
1111101101 -> 1101101101
1111101011 -> 1101101011
1111100111 -> 1101100111
1111011110 -> 1101011110
1111111001 -> 1101111001
1111011011 -> 1101011011
1111010111 -> 1101010111
1111001111 -> 1101001111
1111101110 -> 1101101110
1111111010 -> 1101111010
1111111101 -> 1101111101
1111111011 -> 1101111011
1111011111 -> 1101011111
1111101111 -> 1101101111
1111111110 -> 1101111110
1111110111 -> 1101110111
1111111111 -> 1101111111
# Removal c
# Removal p
1111000000 -> 1111000000
1111000001 -> 1111000001
1111000010 -> 1111000010
1111000100 -> 1111000100
1111001000 -> 1111001000
1111010000 -> 1111010000
1111100000 -> 1111100000
1111100001 -> 1111100001
1111100010 -> 1111100010
1111011000 -> 1111011000
1111100100 -> 1111100100
1111010100 -> 1111010100
1111010010 -> 1111010010
1111010001 -> 1111010001
1111101000 -> 1111101000
1111001100 -> 1111001100
1111001010 -> 1111001010
1111001001 -> 1111001001
1111110000 -> 1111110000
1111000110 -> 1111000110
1111000101 -> 1111000101
1111000011 -> 1111000011
1111110001 -> 1111110001
1111101010 -> 1111101010
1111100110 -> 1111100110
1111100101 -> 1111100101
1111100011 -> 1111100011
1111101001 -> 1111101001
1111110010 -> 1111110010
1111010110 -> 1111010110
1111011100 -> 1111011100
1111011010 -> 1111011010
1111011001 -> 1111011001
1111101100 -> 1111101100
1111010101 -> 1111010101
1111010011 -> 1111010011
1111111000 -> 1111111000
1111001110 -> 1111001110
1111001101 -> 1111001101
1111001011 -> 1111001011
1111000111 -> 1111000111
1111110100 -> 1111110100
1111110011 -> 1111110011
1111110101 -> 1111110101
1111110110 -> 1111110110
1111111100 -> 1111111100
1111011101 -> 1111011101
1111101101 -> 1111101101
1111101011 -> 1111101011
1111100111 -> 1111100111
1111011110 -> 1111011110
1111111001 -> 1111111001
1111011011 -> 1111011011
1111010111 -> 1111010111
1111001111 -> 1111001111
1111101110 -> 1111101110
1111111010 -> 1111111010
1111111101 -> 1111111101
1111111011 -> 1111111011
1111011111 -> 1111011111
1111101111 -> 1111101111
1111111110 -> 1111111110
1111110111 -> 1111110111
1111111111 -> 1111111111

# ORBITAL 3
# Removal d
1111000000 -> 1110000000
1111000001 -> 1110000001
1111000010 -> 1110000010
1111000100 -> 1110000100
1111001000 -> 1110001000
1111010000 -> 1110010000
1111100000 -> 1110100000
1111100001 -> 1110100001
1111100010 -> 1110100010
1111011000 -> 1110011000
1111100100 -> 1110100100
1111010100 -> 1110010100
1111010010 -> 1110010010
1111010001 -> 1110010001
1111101000 -> 1110101000
1111001100 -> 1110001100
1111001010 -> 1110001010
1111001001 -> 1110001001
1111110000 -> 1110110000
1111000110 -> 1110000110
1111000101 -> 1110000101
1111000011 -> 1110000011
1111110001 -> 1110110001
1111101010 -> 1110101010
1111100110 -> 1110100110
1111100101 -> 1110100101
1111100011 -> 1110100011
1111101001 -> 1110101001
1111110010 -> 1110110010
1111010110 -> 1110010110
1111011100 -> 1110011100
1111011010 -> 1110011010
1111011001 -> 1110011001
1111101100 -> 1110101100
1111010101 -> 1110010101
1111010011 -> 1110010011
1111111000 -> 1110111000
1111001110 -> 1110001110
1111001101 -> 1110001101
1111001011 -> 1110001011
1111000111 -> 1110000111
1111110100 -> 1110110100
1111110011 -> 1110110011
1111110101 -> 1110110101
1111110110 -> 1110110110
1111111100 -> 1110111100
1111011101 -> 1110011101
1111101101 -> 1110101101
1111101011 -> 1110101011
1111100111 -> 1110100111
1111011110 -> 1110011110
1111111001 -> 1110111001
1111011011 -> 1110011011
1111010111 -> 1110010111
1111001111 -> 1110001111
1111101110 -> 1110101110
1111111010 -> 1110111010
1111111101 -> 1110111101
1111111011 -> 1110111011
1111011111 -> 1110011111
1111101111 -> 1110101111
1111111110 -> 1110111110
1111110111 -> 1110110111
1111111111 -> 1110111111
# Removal c
# Removal p
1111000000 -> 1111000000
1111000001 -> 1111000001
1111000010 -> 1111000010
1111000100 -> 1111000100
1111001000 -> 1111001000
1111010000 -> 1111010000
1111100000 -> 1111100000
1111100001 -> 1111100001
1111100010 -> 1111100010
1111011000 -> 1111011000
1111100100 -> 1111100100
1111010100 -> 1111010100
1111010010 -> 1111010010
1111010001 -> 1111010001
1111101000 -> 1111101000
1111001100 -> 1111001100
1111001010 -> 1111001010
1111001001 -> 1111001001
1111110000 -> 1111110000
1111000110 -> 1111000110
1111000101 -> 1111000101
1111000011 -> 1111000011
1111110001 -> 1111110001
1111101010 -> 1111101010
1111100110 -> 1111100110
1111100101 -> 1111100101
1111100011 -> 1111100011
1111101001 -> 1111101001
1111110010 -> 1111110010
1111010110 -> 1111010110
1111011100 -> 1111011100
1111011010 -> 1111011010
1111011001 -> 1111011001
1111101100 -> 1111101100
1111010101 -> 1111010101
1111010011 -> 1111010011
1111111000 -> 1111111000
1111001110 -> 1111001110
1111001101 -> 1111001101
1111001011 -> 1111001011
1111000111 -> 1111000111
1111110100 -> 1111110100
1111110011 -> 1111110011
1111110101 -> 1111110101
1111110110 -> 1111110110
1111111100 -> 1111111100
1111011101 -> 1111011101
1111101101 -> 1111101101
1111101011 -> 1111101011
1111100111 -> 1111100111
1111011110 -> 1111011110
1111111001 -> 1111111001
1111011011 -> 1111011011
1111010111 -> 1111010111
1111001111 -> 1111001111
1111101110 -> 1111101110
1111111010 -> 1111111010
1111111101 -> 1111111101
1111111011 -> 1111111011
1111011111 -> 1111011111
1111101111 -> 1111101111
1111111110 -> 1111111110
1111110111 -> 1111110111
1111111111 -> 1111111111

