SINGLECLUSTER CALCULATION: Rh2O3

# Ground state properties
     d6: 54.13
    d7L: 40.04
   d8L2:  5.62
   d9L3:  0.20
  d10L4:  0.00
   <n> =  6.52

Gap: 6.374

# Core transitions
   E        I        comp                                                        
0  497.800  0.733425  d7L: 51.59; d8L2: 32.00; d6: 12.36; d9L3: 3.96; d10L4: 0.10
1  507.447  0.236110  d6: 43.26; d8L2: 33.60; d9L3: 16.19; d7L: 6.23; d10L4: 0.72
2  514.764  0.030317  d6: 42.36; d7L: 32.94; d9L3: 20.52; d8L2: 2.49; d10L4: 1.69
3  522.800  0.366712  d7L: 51.59; d8L2: 32.00; d6: 12.36; d9L3: 3.96; d10L4: 0.10
4  532.447  0.118055  d6: 43.26; d8L2: 33.60; d9L3: 16.19; d7L: 6.23; d10L4: 0.72
5  539.764  0.015159  d6: 42.36; d7L: 32.94; d9L3: 20.52; d8L2: 2.49; d10L4: 1.69

# Removal transitions
   E       I        comp                                                                    
0 -19.516  0.076645  d6L: 38.21; d5: 31.80; d8L3: 20.26; d7L2: 7.89; d9L4: 1.82; d10L5: 0.02
1 -15.087  0.059582               d6L: 38.71; d7L2: 37.48; d8L3: 20.30; d5: 2.42; d9L4: 1.08
2 -11.894  1.141842               d5: 48.10; d7L2: 33.70; d8L3: 13.80; d6L: 3.61; d9L4: 0.78
3  -5.325  5.523060                d6L: 57.16; d7L2: 36.90; d8L3: 4.34; d5: 1.47; d9L4: 0.12
4  -2.000  5.196648               d6L: 52.54; d7L2: 28.65; d5: 15.10; d8L3: 3.59; d9L4: 0.12

# Addition transitions
   E        I        comp                                           
0  530.600  0.514428               d7: 84.42; d8L: 15.01; d9L2: 0.56
1  543.867  0.004576  d8L: 75.34; d7: 15.29; d9L2: 9.23; d10L3: 0.14

### Operators ###

# ORBITAL 0
# Removal d
1110011100 -> 0110011100
1110011101 -> 0110011101
1110011110 -> 0110011110
1110111100 -> 0110111100
1111011100 -> 0111011100
1110011111 -> 0110011111
1110111101 -> 0110111101
1110111110 -> 0110111110
1111011101 -> 0111011101
1111011110 -> 0111011110
1111111100 -> 0111111100
1110111111 -> 0110111111
1111011111 -> 0111011111
1111111101 -> 0111111101
1111111110 -> 0111111110
1111111111 -> 0111111111
# Removal c
# Removal p
1110011100 -> 1110011100
1110011101 -> 1110011101
1110011110 -> 1110011110
1110111100 -> 1110111100
1111011100 -> 1111011100
1110011111 -> 1110011111
1110111101 -> 1110111101
1110111110 -> 1110111110
1111011101 -> 1111011101
1111011110 -> 1111011110
1111111100 -> 1111111100
1110111111 -> 1110111111
1111011111 -> 1111011111
1111111101 -> 1111111101
1111111110 -> 1111111110
1111111111 -> 1111111111

# ORBITAL 1
# Removal d
1110011100 -> 1010011100
1110011101 -> 1010011101
1110011110 -> 1010011110
1110111100 -> 1010111100
1111011100 -> 1011011100
1110011111 -> 1010011111
1110111101 -> 1010111101
1110111110 -> 1010111110
1111011101 -> 1011011101
1111011110 -> 1011011110
1111111100 -> 1011111100
1110111111 -> 1010111111
1111011111 -> 1011011111
1111111101 -> 1011111101
1111111110 -> 1011111110
1111111111 -> 1011111111
# Removal c
# Removal p
1110011100 -> 1110011100
1110011101 -> 1110011101
1110011110 -> 1110011110
1110111100 -> 1110111100
1111011100 -> 1111011100
1110011111 -> 1110011111
1110111101 -> 1110111101
1110111110 -> 1110111110
1111011101 -> 1111011101
1111011110 -> 1111011110
1111111100 -> 1111111100
1110111111 -> 1110111111
1111011111 -> 1111011111
1111111101 -> 1111111101
1111111110 -> 1111111110
1111111111 -> 1111111111

# ORBITAL 2
# Removal d
1110011100 -> 1100011100
1110011101 -> 1100011101
1110011110 -> 1100011110
1110111100 -> 1100111100
1111011100 -> 1101011100
1110011111 -> 1100011111
1110111101 -> 1100111101
1110111110 -> 1100111110
1111011101 -> 1101011101
1111011110 -> 1101011110
1111111100 -> 1101111100
1110111111 -> 1100111111
1111011111 -> 1101011111
1111111101 -> 1101111101
1111111110 -> 1101111110
1111111111 -> 1101111111
# Removal c
# Removal p
1110011100 -> 1110011100
1110011101 -> 1110011101
1110011110 -> 1110011110
1110111100 -> 1110111100
1111011100 -> 1111011100
1110011111 -> 1110011111
1110111101 -> 1110111101
1110111110 -> 1110111110
1111011101 -> 1111011101
1111011110 -> 1111011110
1111111100 -> 1111111100
1110111111 -> 1110111111
1111011111 -> 1111011111
1111111101 -> 1111111101
1111111110 -> 1111111110
1111111111 -> 1111111111

# ORBITAL 5
# Removal d
1110011100 -> 1110001100
1110011101 -> 1110001101
1110011110 -> 1110001110
1110111100 -> 1110101100
1111011100 -> 1111001100
1110011111 -> 1110001111
1110111101 -> 1110101101
1110111110 -> 1110101110
1111011101 -> 1111001101
1111011110 -> 1111001110
1111111100 -> 1111101100
1110111111 -> 1110101111
1111011111 -> 1111001111
1111111101 -> 1111101101
1111111110 -> 1111101110
1111111111 -> 1111101111
# Removal c
# Removal p
1110011100 -> 1110011100
1110011101 -> 1110011101
1110011110 -> 1110011110
1110111100 -> 1110111100
1111011100 -> 1111011100
1110011111 -> 1110011111
1110111101 -> 1110111101
1110111110 -> 1110111110
1111011101 -> 1111011101
1111011110 -> 1111011110
1111111100 -> 1111111100
1110111111 -> 1110111111
1111011111 -> 1111011111
1111111101 -> 1111111101
1111111110 -> 1111111110
1111111111 -> 1111111111

# ORBITAL 6
# Removal d
1110011100 -> 1110010100
1110011101 -> 1110010101
1110011110 -> 1110010110
1110111100 -> 1110110100
1111011100 -> 1111010100
1110011111 -> 1110010111
1110111101 -> 1110110101
1110111110 -> 1110110110
1111011101 -> 1111010101
1111011110 -> 1111010110
1111111100 -> 1111110100
1110111111 -> 1110110111
1111011111 -> 1111010111
1111111101 -> 1111110101
1111111110 -> 1111110110
1111111111 -> 1111110111
# Removal c
# Removal p
1110011100 -> 1110011100
1110011101 -> 1110011101
1110011110 -> 1110011110
1110111100 -> 1110111100
1111011100 -> 1111011100
1110011111 -> 1110011111
1110111101 -> 1110111101
1110111110 -> 1110111110
1111011101 -> 1111011101
1111011110 -> 1111011110
1111111100 -> 1111111100
1110111111 -> 1110111111
1111011111 -> 1111011111
1111111101 -> 1111111101
1111111110 -> 1111111110
1111111111 -> 1111111111

# ORBITAL 7
# Removal d
1110011100 -> 1110011000
1110011101 -> 1110011001
1110011110 -> 1110011010
1110111100 -> 1110111000
1111011100 -> 1111011000
1110011111 -> 1110011011
1110111101 -> 1110111001
1110111110 -> 1110111010
1111011101 -> 1111011001
1111011110 -> 1111011010
1111111100 -> 1111111000
1110111111 -> 1110111011
1111011111 -> 1111011011
1111111101 -> 1111111001
1111111110 -> 1111111010
1111111111 -> 1111111011
# Removal c
# Removal p
1110011100 -> 1110011100
1110011101 -> 1110011101
1110011110 -> 1110011110
1110111100 -> 1110111100
1111011100 -> 1111011100
1110011111 -> 1110011111
1110111101 -> 1110111101
1110111110 -> 1110111110
1111011101 -> 1111011101
1111011110 -> 1111011110
1111111100 -> 1111111100
1110111111 -> 1110111111
1111011111 -> 1111011111
1111111101 -> 1111111101
1111111110 -> 1111111110
1111111111 -> 1111111111

