SINGLECLUSTER CALCULATION: RuO2

# Ground state properties
    d5L: 49.04
     d4: 25.40
   d6L2: 21.33
   d7L3:  2.90
    d5C:  0.57
   d6LC:  0.48
   d8L4:  0.14
  d7L2C:  0.10
    d3c:  0.03
  d8L3C:  0.01
   d9L5:  0.00
  d9L4C:  0.00
  d10L6:  0.00
 d10L5C:  0.00
   <n> =  5.03

Gap: 1.347

# Core transitions
    E        I        comp                                                                                                                                                                        
0   462.400  0.720971                                         d6L2: 40.81; d5L: 26.33; d7L3: 17.46; d6LC: 4.63; d4: 3.56; d7L2C: 2.58; d8L4: 2.33; d5C: 1.77; d8L3C: 0.41; d9L5: 0.10; d9L4C: 0.02
1   463.344  0.022585                                         d6LC: 45.17; d7L2C: 22.94; d5C: 18.77; d6L2: 4.52; d8L3C: 3.33; d5L: 2.36; d7L3: 2.21; d8L4: 0.33; d4: 0.22; d9L4C: 0.15; d9L5: 0.02
2   466.105  0.046428                                                                 d6L2: 48.27; d5L: 24.05; d7L3: 21.08; d8L4: 2.63; d6LC: 1.37; d4: 1.21; d7L2C: 1.08; d8L3C: 0.19; d9L5: 0.11
3   468.425  0.001356                                                                 d6L2: 51.86; d5L: 23.31; d7L3: 19.28; d6LC: 2.12; d8L4: 1.63; d7L2C: 1.45; d8L3C: 0.17; d4: 0.12; d9L5: 0.03
4   472.495  0.164931                 d7L3: 27.35; d5L: 27.25; d4: 17.08; d8L4: 9.63; d6L2: 5.87; d5C: 5.29; d7L2C: 4.20; d8L3C: 2.11; d9L5: 0.69; d6LC: 0.31; d9L4C: 0.18; d10L6: 0.01; d3c: 0.01
5   472.586  0.004010                                                       d6L2: 62.27; d7L3: 26.50; d5L: 6.93; d8L4: 2.75; d7L2C: 0.66; d4: 0.29; d5C: 0.24; d8L3C: 0.17; d6LC: 0.09; d9L5: 0.09
6   473.197  0.009740                           d5C: 43.69; d7L2C: 28.04; d8L3C: 12.69; d7L3: 4.37; d5L: 4.31; d6LC: 1.87; d8L4: 1.78; d4: 1.61; d9L4C: 0.97; d6L2: 0.51; d9L5: 0.14; d10L5C: 0.02
7   475.655  0.008374                            d5L: 43.66; d7L3: 33.25; d8L4: 10.14; d6L2: 6.85; d4: 4.12; d9L5: 0.63; d7L2C: 0.49; d8L3C: 0.38; d6LC: 0.36; d5C: 0.07; d9L4C: 0.03; d10L6: 0.01
8   477.020  0.000836                                                    d5L: 45.56; d7L3: 33.42; d6L2: 11.35; d8L4: 6.78; d7L2C: 1.03; d4: 0.79; d8L3C: 0.44; d6LC: 0.42; d9L5: 0.19; d9L4C: 0.02
9   481.225  0.016637  d4: 32.47; d6L2: 19.35; d8L4: 17.73; d7L3: 10.37; d6LC: 5.33; d8L3C: 4.38; d5L: 3.50; d5C: 2.82; d9L5: 2.22; d7L2C: 1.02; d9L4C: 0.70; d3c: 0.06; d10L6: 0.04; d10L5C: 0.02
10  481.763  0.001430              d6LC: 33.23; d8L3C: 22.25; d5C: 21.24; d7L2C: 5.61; d4: 3.84; d8L4: 3.69; d6L2: 3.68; d9L4C: 3.10; d7L3: 1.86; d5L: 0.92; d9L5: 0.50; d10L5C: 0.06; d10L6: 0.01
11  484.800  0.360485                                         d6L2: 40.81; d5L: 26.33; d7L3: 17.46; d6LC: 4.63; d4: 3.56; d7L2C: 2.58; d8L4: 2.33; d5C: 1.77; d8L3C: 0.41; d9L5: 0.10; d9L4C: 0.02
12  485.744  0.011293                                         d6LC: 45.17; d7L2C: 22.94; d5C: 18.77; d6L2: 4.52; d8L3C: 3.33; d5L: 2.36; d7L3: 2.21; d8L4: 0.33; d4: 0.22; d9L4C: 0.15; d9L5: 0.02
13  487.951  0.001152                            d5L: 32.05; d4: 26.79; d8L4: 17.83; d6L2: 16.08; d9L5: 3.71; d7L3: 2.40; d8L3C: 0.35; d3c: 0.27; d9L4C: 0.21; d7L2C: 0.19; d10L6: 0.10; d5C: 0.01
14  488.505  0.023214                                                                 d6L2: 48.27; d5L: 24.05; d7L3: 21.08; d8L4: 2.63; d6LC: 1.37; d4: 1.21; d7L2C: 1.08; d8L3C: 0.19; d9L5: 0.11
15  490.825  0.000678                                                                 d6L2: 51.86; d5L: 23.31; d7L3: 19.28; d6LC: 2.12; d8L4: 1.63; d7L2C: 1.45; d8L3C: 0.17; d4: 0.12; d9L5: 0.03
16  494.895  0.082465                 d7L3: 27.35; d5L: 27.25; d4: 17.08; d8L4: 9.63; d6L2: 5.87; d5C: 5.29; d7L2C: 4.20; d8L3C: 2.11; d9L5: 0.69; d6LC: 0.31; d9L4C: 0.18; d10L6: 0.01; d3c: 0.01
17  494.986  0.002005                                                       d6L2: 62.27; d7L3: 26.50; d5L: 6.93; d8L4: 2.75; d7L2C: 0.66; d4: 0.29; d5C: 0.24; d8L3C: 0.17; d6LC: 0.09; d9L5: 0.09
18  495.597  0.004870                           d5C: 43.69; d7L2C: 28.04; d8L3C: 12.69; d7L3: 4.37; d5L: 4.31; d6LC: 1.87; d8L4: 1.78; d4: 1.61; d9L4C: 0.97; d6L2: 0.51; d9L5: 0.14; d10L5C: 0.02
19  498.055  0.004187                            d5L: 43.66; d7L3: 33.25; d8L4: 10.14; d6L2: 6.85; d4: 4.12; d9L5: 0.63; d7L2C: 0.49; d8L3C: 0.38; d6LC: 0.36; d5C: 0.07; d9L4C: 0.03; d10L6: 0.01
20  499.420  0.000418                                                    d5L: 45.56; d7L3: 33.42; d6L2: 11.35; d8L4: 6.78; d7L2C: 1.03; d4: 0.79; d8L3C: 0.44; d6LC: 0.42; d9L5: 0.19; d9L4C: 0.02
21  503.625  0.008318  d4: 32.47; d6L2: 19.35; d8L4: 17.73; d7L3: 10.37; d6LC: 5.33; d8L3C: 4.38; d5L: 3.50; d5C: 2.82; d9L5: 2.22; d7L2C: 1.02; d9L4C: 0.70; d3c: 0.06; d10L6: 0.04; d10L5C: 0.02
22  504.163  0.000715              d6LC: 33.23; d8L3C: 22.25; d5C: 21.24; d7L2C: 5.61; d4: 3.84; d8L4: 3.69; d6L2: 3.68; d9L4C: 3.10; d7L3: 1.86; d5L: 0.92; d9L5: 0.50; d10L5C: 0.06; d10L6: 0.01
23  510.351  0.000576                            d5L: 32.05; d4: 26.79; d8L4: 17.83; d6L2: 16.08; d9L5: 3.71; d7L3: 2.40; d8L3C: 0.35; d3c: 0.27; d9L4C: 0.21; d7L2C: 0.19; d10L6: 0.10; d5C: 0.01

# Removal transitions
    E       I            comp                                                                                                                                                          
0  -28.947  2.740951e-04                                                                                d2c: 99.13; d3: 0.39; d4L: 0.23; d7L4: 0.10; d5L2: 0.09; d8L5: 0.03; d6L3: 0.02
1  -28.925  1.537516e-04                                                                                                                                                    d2c: 100.00
2  -28.438  3.950932e-07                                                                   d2c: 99.26; d3: 0.27; d4L: 0.20; d5L2: 0.10; d7L4: 0.10; d8L5: 0.02; d7L3C: 0.02; d6L3: 0.02
3  -27.263  1.947213e-06               d4L: 29.44; d5L2: 25.02; d7L4: 19.55; d3: 15.55; d6L3: 4.67; d8L5: 3.64; d2c: 1.42; d7L3C: 0.31; d8L4C: 0.15; d9L6: 0.13; d6L2C: 0.08; d4C: 0.02
4  -20.243  9.466481e-03   d6L3: 39.96; d5L2: 21.28; d7L4: 17.49; d3: 15.84; d4L: 2.50; d8L5: 1.29; d7L3C: 0.54; d5LC: 0.51; d6L2C: 0.38; d8L4C: 0.08; d4C: 0.07; d2c: 0.04; d9L6: 0.02
5  -20.064  1.249130e-02  d6L3: 24.14; d5L2: 22.29; d3: 18.79; d7L4: 18.55; d4L: 11.04; d8L5: 2.74; d5LC: 0.81; d7L3C: 0.81; d6L2C: 0.30; d4C: 0.23; d8L4C: 0.14; d9L6: 0.11; d2c: 0.05
6  -19.396  7.393770e-03   d3: 38.25; d7L4: 16.39; d6L3: 15.98; d5L2: 13.99; d4L: 9.53; d8L5: 2.07; d6L2C: 1.55; d5LC: 0.95; d7L3C: 0.95; d8L4C: 0.12; d2c: 0.09; d9L6: 0.06; d4C: 0.06
7  -15.532  1.797014e-03                                      d4L: 40.40; d6L3: 31.04; d5L2: 19.36; d7L4: 5.59; d3: 2.24; d6L2C: 0.64; d7L3C: 0.31; d8L5: 0.22; d5LC: 0.18; d8L4C: 0.02
8  -14.948  3.119884e-02               d4L: 39.50; d6L3: 31.17; d5L2: 12.57; d7L4: 8.72; d3: 6.20; d8L5: 0.65; d6L2C: 0.48; d7L3C: 0.33; d5LC: 0.25; d4C: 0.08; d8L4C: 0.03; d9L6: 0.02
9  -14.303  4.896926e-03               d4L: 43.43; d6L3: 31.82; d5L2: 11.14; d7L4: 8.53; d3: 2.93; d6L2C: 1.02; d8L5: 0.63; d7L3C: 0.31; d5LC: 0.08; d4C: 0.07; d8L4C: 0.02; d9L6: 0.02
10 -14.076  2.403263e-02                           d4L: 49.89; d6L3: 33.58; d7L4: 10.27; d5L2: 3.64; d6L2C: 0.89; d8L5: 0.61; d7L3C: 0.42; d3: 0.37; d5LC: 0.19; d4C: 0.08; d8L4C: 0.04
11 -13.941  3.540926e-03                                     d4L: 50.59; d6L3: 33.93; d7L4: 10.42; d5L2: 3.62; d8L5: 0.62; d6L2C: 0.34; d7L3C: 0.25; d5LC: 0.13; d4C: 0.07; d8L4C: 0.03
12 -12.405  3.032425e-03              d4C: 47.70; d6L2C: 31.11; d7L3C: 11.86; d5LC: 3.40; d6L3: 1.75; d4L: 1.57; d8L4C: 0.96; d7L4: 0.66; d3: 0.57; d5L2: 0.34; d8L5: 0.06; d9L5C: 0.02
13 -12.006  1.293008e-03              d4C: 47.94; d6L2C: 31.45; d7L3C: 11.48; d5LC: 3.56; d6L3: 1.70; d4L: 1.41; d8L4C: 0.89; d7L4: 0.60; d3: 0.55; d5L2: 0.35; d8L5: 0.05; d9L5C: 0.02
14 -11.976  9.432543e-03              d4C: 48.10; d6L2C: 31.83; d7L3C: 11.76; d5LC: 3.55; d6L3: 1.27; d4L: 1.15; d8L4C: 0.93; d3: 0.57; d7L4: 0.45; d5L2: 0.33; d8L5: 0.04; d9L5C: 0.02
15 -11.946  2.656614e-04                                                            d4C: 49.75; d6L2C: 33.15; d7L3C: 12.32; d5LC: 3.71; d8L4C: 0.97; d4L: 0.05; d9L5C: 0.02; d6L3: 0.02
16 -11.304  1.433009e-01                            d5L2: 44.97; d6L3: 27.99; d3: 8.93; d4L: 8.80; d7L4: 4.64; d4C: 1.68; d6L2C: 1.68; d7L3C: 0.66; d5LC: 0.32; d8L5: 0.27; d8L4C: 0.06
17 -11.076  2.299173e-01              d5L2: 28.89; d6L3: 28.25; d4L: 17.75; d3: 13.57; d7L4: 6.46; d4C: 1.86; d6L2C: 1.78; d7L3C: 0.75; d8L5: 0.45; d5LC: 0.15; d8L4C: 0.07; d9L6: 0.01
18 -10.506  1.329552e-01    d6L3: 28.49; d3: 25.46; d4L: 24.28; d5L2: 8.39; d7L4: 8.31; d4C: 1.72; d6L2C: 1.72; d7L3C: 0.75; d8L5: 0.60; d5LC: 0.19; d8L4C: 0.07; d2c: 0.01; d9L6: 0.01
19  -9.550  2.665496e-03                                         d5L2: 56.87; d6L3: 29.72; d4L: 7.89; d7L4: 4.20; d6L2C: 0.46; d5LC: 0.41; d8L5: 0.22; d7L3C: 0.10; d3: 0.08; d4C: 0.03
20  -9.093  8.324324e-06                                                  d5LC: 62.70; d6L2C: 30.60; d7L3C: 3.06; d5L2: 1.42; d4C: 1.07; d6L3: 0.70; d4L: 0.30; d8L4C: 0.08; d7L4: 0.08
21  -9.043  1.668334e-05                                                                         d5LC: 63.96; d6L2C: 31.61; d7L3C: 3.20; d4C: 1.06; d8L4C: 0.09; d5L2: 0.06; d6L3: 0.02
22  -8.918  2.257392e-03                                                              d5L2: 60.10; d6L3: 33.41; d7L4: 4.32; d4L: 1.51; d5LC: 0.22; d6L2C: 0.22; d8L5: 0.16; d7L3C: 0.05
23  -7.011  1.070098e-04                                                  d5LC: 56.33; d6L2C: 34.12; d7L3C: 5.20; d4C: 2.13; d5L2: 1.01; d6L3: 0.63; d8L4C: 0.27; d4L: 0.20; d7L4: 0.11
24  -6.988  2.105014e-04                                                  d5LC: 57.18; d6L2C: 34.81; d7L3C: 5.33; d4C: 2.05; d8L4C: 0.28; d5L2: 0.18; d6L3: 0.09; d4L: 0.06; d7L4: 0.01
25  -6.752  1.246486e-04                                                  d5LC: 57.69; d6L2C: 35.70; d7L3C: 5.25; d5L2: 0.60; d6L3: 0.34; d8L4C: 0.23; d4L: 0.12; d7L4: 0.05; d4C: 0.01
26  -6.731  6.347071e-05                                                                                                            d5LC: 58.28; d6L2C: 36.15; d7L3C: 5.33; d8L4C: 0.24
27  -6.551  1.142379e-02                                                   d5L2: 50.27; d4L: 29.64; d6L3: 15.90; d7L4: 1.36; d5LC: 1.34; d6L2C: 0.86; d3: 0.49; d7L3C: 0.11; d8L5: 0.04
28  -5.095  7.102590e-01                                      d5L2: 46.39; d4L: 28.26; d6L3: 18.28; d7L4: 2.33; d3: 2.05; d5LC: 1.39; d6L2C: 1.00; d7L3C: 0.18; d8L5: 0.11; d8L4C: 0.01
29  -4.475  2.809161e-01                                        d5L2: 47.58; d4L: 28.88; d6L3: 18.09; d7L4: 2.25; d3: 1.29; d5LC: 0.94; d6L2C: 0.70; d7L3C: 0.12; d8L5: 0.11; d4C: 0.02
30  -4.134  2.136176e+00                                        d5L2: 49.34; d4L: 27.36; d6L3: 19.39; d7L4: 2.25; d5LC: 0.78; d6L2C: 0.54; d7L3C: 0.09; d4C: 0.09; d8L5: 0.08; d3: 0.07
31  -3.986  6.614842e-01                                                  d5L2: 49.51; d4L: 27.38; d6L3: 19.41; d7L4: 2.23; d5LC: 0.72; d6L2C: 0.49; d7L3C: 0.09; d4C: 0.08; d8L5: 0.08
32  -2.258  3.284439e-02                                       d5LC: 47.11; d4C: 23.74; d6L2C: 21.01; d7L3C: 2.92; d5L2: 2.36; d4L: 1.34; d6L3: 1.08; d7L4: 0.16; d8L4C: 0.14; d3: 0.12
33  -1.870  1.696390e-02                                       d5LC: 47.15; d4C: 24.49; d6L2C: 20.35; d7L3C: 2.74; d5L2: 2.38; d4L: 1.40; d6L3: 1.06; d7L4: 0.15; d3: 0.13; d8L4C: 0.13
34  -1.826  9.624116e-02                                       d5LC: 48.12; d4C: 24.80; d6L2C: 20.97; d7L3C: 2.85; d5L2: 1.44; d4L: 0.88; d6L3: 0.62; d8L4C: 0.14; d3: 0.09; d7L4: 0.09
35  -1.794  7.693204e-03                                                             d5LC: 49.60; d4C: 25.49; d6L2C: 21.68; d7L3C: 2.96; d8L4C: 0.14; d5L2: 0.07; d4L: 0.04; d6L3: 0.02
36  -0.817  2.546828e+00                           d5L2: 39.75; d4L: 30.15; d6L3: 15.32; d3: 4.89; d5LC: 3.83; d7L4: 2.01; d6L2C: 1.90; d4C: 1.75; d7L3C: 0.30; d8L5: 0.10; d8L4C: 0.02
37  -0.200  8.717830e-01                           d5L2: 40.31; d4L: 32.58; d6L3: 14.63; d3: 5.68; d5LC: 2.41; d7L4: 1.81; d6L2C: 1.21; d4C: 1.09; d7L3C: 0.19; d8L5: 0.08; d8L4C: 0.01

# Addition transitions
    E        I        comp                                                                                                     
0   528.800  0.214970                           d5: 55.61; d6L: 37.25; d7L2: 6.22; d4c: 0.37; d8L3: 0.34; d6C: 0.14; d7LC: 0.05
1   531.663  0.434649                           d5: 60.06; d6L: 34.30; d7L2: 4.70; d4c: 0.39; d6C: 0.26; d8L3: 0.21; d7LC: 0.08
2   532.511  0.348853                           d5: 58.33; d6L: 35.49; d7L2: 5.16; d4c: 0.38; d6C: 0.30; d8L3: 0.24; d7LC: 0.09
3   535.360  0.000458                                                             d4c: 99.40; d6L: 0.42; d7L2: 0.16; d8L3: 0.01
4   535.853  0.000639                                                   d4c: 98.04; d6L: 1.38; d7L2: 0.49; d5: 0.04; d8L3: 0.04
5   536.865  0.000736                                                              d4c: 99.74; d6L: 0.17; d7L2: 0.04; d6C: 0.03
6   538.358  0.001561                                                             d4c: 98.90; d6L: 0.80; d7L2: 0.26; d8L3: 0.02
7   538.363  0.000486                                                              d4c: 99.69; d6L: 0.22; d7L2: 0.07; d6C: 0.02
8   538.859  0.001355                                                             d4c: 98.86; d6L: 0.83; d7L2: 0.28; d8L3: 0.02
9   539.428  0.001513               d6L: 79.35; d7L2: 16.86; d5: 2.25; d8L3: 0.97; d4c: 0.39; d7LC: 0.08; d6C: 0.06; d9L4: 0.02
10  539.929  0.001039  d6L: 77.68; d7L2: 17.49; d5: 3.00; d8L3: 1.05; d4c: 0.57; d7LC: 0.09; d6C: 0.07; d9L4: 0.02; d8L2C: 0.01
11  540.016  0.001439            d5: 38.02; d6L: 30.85; d7L2: 27.32; d8L3: 3.01; d4c: 0.63; d9L4: 0.08; d7LC: 0.07; d8L2C: 0.02
12  540.687  0.000511                                      d6L: 84.38; d7L2: 10.74; d5: 4.22; d8L3: 0.35; d4c: 0.16; d7LC: 0.14
13  541.958  0.000361                         d6L: 86.27; d7L2: 12.04; d5: 1.16; d8L3: 0.33; d7LC: 0.15; d4c: 0.03; d8L2C: 0.01
14  542.647  0.003365            d6L: 44.49; d5: 30.25; d7L2: 22.92; d8L3: 1.78; d4c: 0.37; d7LC: 0.14; d9L4: 0.03; d8L2C: 0.03
15  543.230  0.003692            d6L: 39.52; d5: 33.94; d7L2: 23.91; d8L3: 1.97; d4c: 0.42; d7LC: 0.15; d9L4: 0.04; d8L2C: 0.04

### Operators ###

# ORBITAL 0
# Removal d
1010010000 -> 0010010000
1110000000 -> 0110000000
1100010000 -> 0100010000
1110010000 -> 0110010000
1110011000 -> 0110011000
1110010010 -> 0110010010
1110010001 -> 0110010001
1110010100 -> 0110010100
1110010100 -> 0110010100
1110110000 -> 0110110000
1110011000 -> 0110011000
1111010000 -> 0111010000
1111011000 -> 0111011000
1110111000 -> 0110111000
1110011100 -> 0110011100
1111010001 -> 0111010001
1110011010 -> 0110011010
1110011001 -> 0110011001
1110010110 -> 0110010110
1110110100 -> 0110110100
1111010100 -> 0111010100
1110010011 -> 0110010011
1111110000 -> 0111110000
1111011000 -> 0111011000
1111010100 -> 0111010100
1111010010 -> 0111010010
1110011100 -> 0110011100
1110010101 -> 0110010101
1110010101 -> 0110010101
1110011001 -> 0110011001
1110010110 -> 0110010110
1110011100 -> 0110011100
1110110100 -> 0110110100
1110011010 -> 0110011010
1110110010 -> 0110110010
1110111000 -> 0110111000
1110110001 -> 0110110001
1110110110 -> 0110110110
1110011110 -> 0110011110
1110110101 -> 0110110101
1110110011 -> 0110110011
1110011011 -> 0110011011
1110011101 -> 0110011101
1110011101 -> 0110011101
1110111100 -> 0110111100
1110010111 -> 0110010111
1110011110 -> 0110011110
1110111001 -> 0110111001
1110111010 -> 0110111010
1110010111 -> 0110010111
1110011011 -> 0110011011
1110011101 -> 0110011101
1111011001 -> 0111011001
1111011010 -> 0111011010
1111011100 -> 0111011100
1110011110 -> 0110011110
1110110101 -> 0110110101
1110110110 -> 0110110110
1111011100 -> 0111011100
1110111100 -> 0110111100
1110111010 -> 0110111010
1111010011 -> 0111010011
1110111001 -> 0110111001
1111010101 -> 0111010101
1111010110 -> 0111010110
1111011001 -> 0111011001
1111011010 -> 0111011010
1111110100 -> 0111110100
1110111100 -> 0110111100
1111011100 -> 0111011100
1111111000 -> 0111111000
1111110001 -> 0111110001
1111110010 -> 0111110010
1111010110 -> 0111010110
1111110100 -> 0111110100
1111010101 -> 0111010101
1111111000 -> 0111111000
1111011101 -> 0111011101
1111111100 -> 0111111100
1111111010 -> 0111111010
1111111001 -> 0111111001
1111110110 -> 0111110110
1110111101 -> 0110111101
1110011111 -> 0110011111
1111010111 -> 0111010111
1110111110 -> 0110111110
1111110101 -> 0111110101
1111011110 -> 0111011110
1111111100 -> 0111111100
1110110111 -> 0110110111
1110111110 -> 0110111110
1111011110 -> 0111011110
1111110011 -> 0111110011
1110110111 -> 0110110111
1111111001 -> 0111111001
1111111010 -> 0111111010
1111111100 -> 0111111100
1111011110 -> 0111011110
1111011101 -> 0111011101
1111011011 -> 0111011011
1110011111 -> 0110011111
1111110110 -> 0111110110
1110011111 -> 0110011111
1110111101 -> 0110111101
1110111101 -> 0110111101
1110111110 -> 0110111110
1111010111 -> 0111010111
1110111011 -> 0110111011
1111011011 -> 0111011011
1111011101 -> 0111011101
1110111011 -> 0110111011
1111110101 -> 0111110101
1111011111 -> 0111011111
1111110111 -> 0111110111
1111011111 -> 0111011111
1110111111 -> 0110111111
1111111101 -> 0111111101
1111111011 -> 0111111011
1111110111 -> 0111110111
1111011111 -> 0111011111
1111111101 -> 0111111101
1111111110 -> 0111111110
1111111110 -> 0111111110
1111111110 -> 0111111110
1111111101 -> 0111111101
1110111111 -> 0110111111
1111111011 -> 0111111011
1110111111 -> 0110111111
1111111111 -> 0111111111
1111111111 -> 0111111111
1111111111 -> 0111111111
# Removal c
0110010000 -> 0010010000
# Removal p
1110010000 -> 1110010000
1110011000 -> 1110011000
1110010010 -> 1110010010
1110010001 -> 1110010001
1110010100 -> 1110010100
1110010100 -> 1110010100
1110110000 -> 1110110000
1110011000 -> 1110011000
1111010000 -> 1111010000
1111011000 -> 1111011000
1110111000 -> 1110111000
1110011100 -> 1110011100
1111010001 -> 1111010001
1110011010 -> 1110011010
1110011001 -> 1110011001
1110010110 -> 1110010110
1110110100 -> 1110110100
1111010100 -> 1111010100
1110010011 -> 1110010011
1111110000 -> 1111110000
1111011000 -> 1111011000
1111010100 -> 1111010100
1111010010 -> 1111010010
1110011100 -> 1110011100
1110010101 -> 1110010101
1110010101 -> 1110010101
1110011001 -> 1110011001
1110010110 -> 1110010110
1110011100 -> 1110011100
1110110100 -> 1110110100
1110011010 -> 1110011010
1110110010 -> 1110110010
1110111000 -> 1110111000
1110110001 -> 1110110001
1110110110 -> 1110110110
1110011110 -> 1110011110
1110110101 -> 1110110101
1110110011 -> 1110110011
1110011011 -> 1110011011
1110011101 -> 1110011101
1110011101 -> 1110011101
1110111100 -> 1110111100
1110010111 -> 1110010111
1110011110 -> 1110011110
1110111001 -> 1110111001
1110111010 -> 1110111010
1110010111 -> 1110010111
1110011011 -> 1110011011
1110011101 -> 1110011101
1111011001 -> 1111011001
1111011010 -> 1111011010
1111011100 -> 1111011100
1110011110 -> 1110011110
1110110101 -> 1110110101
1110110110 -> 1110110110
1111011100 -> 1111011100
1110111100 -> 1110111100
1110111010 -> 1110111010
1111010011 -> 1111010011
1110111001 -> 1110111001
1111010101 -> 1111010101
1111010110 -> 1111010110
1111011001 -> 1111011001
1111011010 -> 1111011010
1111110100 -> 1111110100
1110111100 -> 1110111100
1111011100 -> 1111011100
1111111000 -> 1111111000
1111110001 -> 1111110001
1111110010 -> 1111110010
1111010110 -> 1111010110
1111110100 -> 1111110100
1111010101 -> 1111010101
1111111000 -> 1111111000
1111011101 -> 1111011101
1111111100 -> 1111111100
1111111010 -> 1111111010
1111111001 -> 1111111001
1111110110 -> 1111110110
1110111101 -> 1110111101
1110011111 -> 1110011111
1111010111 -> 1111010111
1110111110 -> 1110111110
1111110101 -> 1111110101
1111011110 -> 1111011110
1111111100 -> 1111111100
1110110111 -> 1110110111
1110111110 -> 1110111110
1111011110 -> 1111011110
1111110011 -> 1111110011
1110110111 -> 1110110111
1111111001 -> 1111111001
1111111010 -> 1111111010
1111111100 -> 1111111100
1111011110 -> 1111011110
1111011101 -> 1111011101
1111011011 -> 1111011011
1110011111 -> 1110011111
1111110110 -> 1111110110
1110011111 -> 1110011111
1110111101 -> 1110111101
1110111101 -> 1110111101
1110111110 -> 1110111110
1111010111 -> 1111010111
1110111011 -> 1110111011
1111011011 -> 1111011011
1111011101 -> 1111011101
1110111011 -> 1110111011
1111110101 -> 1111110101
1111011111 -> 1111011111
1111110111 -> 1111110111
1111011111 -> 1111011111
1110111111 -> 1110111111
1111111101 -> 1111111101
1111111011 -> 1111111011
1111110111 -> 1111110111
1111011111 -> 1111011111
1111111101 -> 1111111101
1111111110 -> 1111111110
1111111110 -> 1111111110
1111111110 -> 1111111110
1111111101 -> 1111111101
1110111111 -> 1110111111
1111111011 -> 1111111011
1110111111 -> 1110111111
1111111111 -> 1111111111
1111111111 -> 1111111111
1111111111 -> 1111111111

# ORBITAL 1
# Removal d
1110000000 -> 1010000000
1100010000 -> 1000010000
0110010000 -> 0010010000
1110010000 -> 1010010000
1110011000 -> 1010011000
1110010010 -> 1010010010
1110010001 -> 1010010001
1110010100 -> 1010010100
1110010100 -> 1010010100
1110110000 -> 1010110000
1110011000 -> 1010011000
1111010000 -> 1011010000
1111011000 -> 1011011000
1110111000 -> 1010111000
1110011100 -> 1010011100
1111010001 -> 1011010001
1110011010 -> 1010011010
1110011001 -> 1010011001
1110010110 -> 1010010110
1110110100 -> 1010110100
1111010100 -> 1011010100
1110010011 -> 1010010011
1111110000 -> 1011110000
1111011000 -> 1011011000
1111010100 -> 1011010100
1111010010 -> 1011010010
1110011100 -> 1010011100
1110010101 -> 1010010101
1110010101 -> 1010010101
1110011001 -> 1010011001
1110010110 -> 1010010110
1110011100 -> 1010011100
1110110100 -> 1010110100
1110011010 -> 1010011010
1110110010 -> 1010110010
1110111000 -> 1010111000
1110110001 -> 1010110001
1110110110 -> 1010110110
1110011110 -> 1010011110
1110110101 -> 1010110101
1110110011 -> 1010110011
1110011011 -> 1010011011
1110011101 -> 1010011101
1110011101 -> 1010011101
1110111100 -> 1010111100
1110010111 -> 1010010111
1110011110 -> 1010011110
1110111001 -> 1010111001
1110111010 -> 1010111010
1110010111 -> 1010010111
1110011011 -> 1010011011
1110011101 -> 1010011101
1111011001 -> 1011011001
1111011010 -> 1011011010
1111011100 -> 1011011100
1110011110 -> 1010011110
1110110101 -> 1010110101
1110110110 -> 1010110110
1111011100 -> 1011011100
1110111100 -> 1010111100
1110111010 -> 1010111010
1111010011 -> 1011010011
1110111001 -> 1010111001
1111010101 -> 1011010101
1111010110 -> 1011010110
1111011001 -> 1011011001
1111011010 -> 1011011010
1111110100 -> 1011110100
1110111100 -> 1010111100
1111011100 -> 1011011100
1111111000 -> 1011111000
1111110001 -> 1011110001
1111110010 -> 1011110010
1111010110 -> 1011010110
1111110100 -> 1011110100
1111010101 -> 1011010101
1111111000 -> 1011111000
1111011101 -> 1011011101
1111111100 -> 1011111100
1111111010 -> 1011111010
1111111001 -> 1011111001
1111110110 -> 1011110110
1110111101 -> 1010111101
1110011111 -> 1010011111
1111010111 -> 1011010111
1110111110 -> 1010111110
1111110101 -> 1011110101
1111011110 -> 1011011110
1111111100 -> 1011111100
1110110111 -> 1010110111
1110111110 -> 1010111110
1111011110 -> 1011011110
1111110011 -> 1011110011
1110110111 -> 1010110111
1111111001 -> 1011111001
1111111010 -> 1011111010
1111111100 -> 1011111100
1111011110 -> 1011011110
1111011101 -> 1011011101
1111011011 -> 1011011011
1110011111 -> 1010011111
1111110110 -> 1011110110
1110011111 -> 1010011111
1110111101 -> 1010111101
1110111101 -> 1010111101
1110111110 -> 1010111110
1111010111 -> 1011010111
1110111011 -> 1010111011
1111011011 -> 1011011011
1111011101 -> 1011011101
1110111011 -> 1010111011
1111110101 -> 1011110101
1111011111 -> 1011011111
1111110111 -> 1011110111
1111011111 -> 1011011111
1110111111 -> 1010111111
1111111101 -> 1011111101
1111111011 -> 1011111011
1111110111 -> 1011110111
1111011111 -> 1011011111
1111111101 -> 1011111101
1111111110 -> 1011111110
1111111110 -> 1011111110
1111111110 -> 1011111110
1111111101 -> 1011111101
1110111111 -> 1010111111
1111111011 -> 1011111011
1110111111 -> 1010111111
1111111111 -> 1011111111
1111111111 -> 1011111111
1111111111 -> 1011111111
# Removal c
1010010000 -> 0010010000
1010010000 -> 1000010000
# Removal p
1110010000 -> 1110010000
1110011000 -> 1110011000
1110010010 -> 1110010010
1110010001 -> 1110010001
1110010100 -> 1110010100
1110010100 -> 1110010100
1110110000 -> 1110110000
1110011000 -> 1110011000
1111010000 -> 1111010000
1111011000 -> 1111011000
1110111000 -> 1110111000
1110011100 -> 1110011100
1111010001 -> 1111010001
1110011010 -> 1110011010
1110011001 -> 1110011001
1110010110 -> 1110010110
1110110100 -> 1110110100
1111010100 -> 1111010100
1110010011 -> 1110010011
1111110000 -> 1111110000
1111011000 -> 1111011000
1111010100 -> 1111010100
1111010010 -> 1111010010
1110011100 -> 1110011100
1110010101 -> 1110010101
1110010101 -> 1110010101
1110011001 -> 1110011001
1110010110 -> 1110010110
1110011100 -> 1110011100
1110110100 -> 1110110100
1110011010 -> 1110011010
1110110010 -> 1110110010
1110111000 -> 1110111000
1110110001 -> 1110110001
1110110110 -> 1110110110
1110011110 -> 1110011110
1110110101 -> 1110110101
1110110011 -> 1110110011
1110011011 -> 1110011011
1110011101 -> 1110011101
1110011101 -> 1110011101
1110111100 -> 1110111100
1110010111 -> 1110010111
1110011110 -> 1110011110
1110111001 -> 1110111001
1110111010 -> 1110111010
1110010111 -> 1110010111
1110011011 -> 1110011011
1110011101 -> 1110011101
1111011001 -> 1111011001
1111011010 -> 1111011010
1111011100 -> 1111011100
1110011110 -> 1110011110
1110110101 -> 1110110101
1110110110 -> 1110110110
1111011100 -> 1111011100
1110111100 -> 1110111100
1110111010 -> 1110111010
1111010011 -> 1111010011
1110111001 -> 1110111001
1111010101 -> 1111010101
1111010110 -> 1111010110
1111011001 -> 1111011001
1111011010 -> 1111011010
1111110100 -> 1111110100
1110111100 -> 1110111100
1111011100 -> 1111011100
1111111000 -> 1111111000
1111110001 -> 1111110001
1111110010 -> 1111110010
1111010110 -> 1111010110
1111110100 -> 1111110100
1111010101 -> 1111010101
1111111000 -> 1111111000
1111011101 -> 1111011101
1111111100 -> 1111111100
1111111010 -> 1111111010
1111111001 -> 1111111001
1111110110 -> 1111110110
1110111101 -> 1110111101
1110011111 -> 1110011111
1111010111 -> 1111010111
1110111110 -> 1110111110
1111110101 -> 1111110101
1111011110 -> 1111011110
1111111100 -> 1111111100
1110110111 -> 1110110111
1110111110 -> 1110111110
1111011110 -> 1111011110
1111110011 -> 1111110011
1110110111 -> 1110110111
1111111001 -> 1111111001
1111111010 -> 1111111010
1111111100 -> 1111111100
1111011110 -> 1111011110
1111011101 -> 1111011101
1111011011 -> 1111011011
1110011111 -> 1110011111
1111110110 -> 1111110110
1110011111 -> 1110011111
1110111101 -> 1110111101
1110111101 -> 1110111101
1110111110 -> 1110111110
1111010111 -> 1111010111
1110111011 -> 1110111011
1111011011 -> 1111011011
1111011101 -> 1111011101
1110111011 -> 1110111011
1111110101 -> 1111110101
1111011111 -> 1111011111
1111110111 -> 1111110111
1111011111 -> 1111011111
1110111111 -> 1110111111
1111111101 -> 1111111101
1111111011 -> 1111111011
1111110111 -> 1111110111
1111011111 -> 1111011111
1111111101 -> 1111111101
1111111110 -> 1111111110
1111111110 -> 1111111110
1111111110 -> 1111111110
1111111101 -> 1111111101
1110111111 -> 1110111111
1111111011 -> 1111111011
1110111111 -> 1110111111
1111111111 -> 1111111111
1111111111 -> 1111111111
1111111111 -> 1111111111

# ORBITAL 2
# Removal d
1010010000 -> 1000010000
1110000000 -> 1100000000
0110010000 -> 0100010000
1110010000 -> 1100010000
1110011000 -> 1100011000
1110010010 -> 1100010010
1110010001 -> 1100010001
1110010100 -> 1100010100
1110010100 -> 1100010100
1110110000 -> 1100110000
1110011000 -> 1100011000
1111010000 -> 1101010000
1111011000 -> 1101011000
1110111000 -> 1100111000
1110011100 -> 1100011100
1111010001 -> 1101010001
1110011010 -> 1100011010
1110011001 -> 1100011001
1110010110 -> 1100010110
1110110100 -> 1100110100
1111010100 -> 1101010100
1110010011 -> 1100010011
1111110000 -> 1101110000
1111011000 -> 1101011000
1111010100 -> 1101010100
1111010010 -> 1101010010
1110011100 -> 1100011100
1110010101 -> 1100010101
1110010101 -> 1100010101
1110011001 -> 1100011001
1110010110 -> 1100010110
1110011100 -> 1100011100
1110110100 -> 1100110100
1110011010 -> 1100011010
1110110010 -> 1100110010
1110111000 -> 1100111000
1110110001 -> 1100110001
1110110110 -> 1100110110
1110011110 -> 1100011110
1110110101 -> 1100110101
1110110011 -> 1100110011
1110011011 -> 1100011011
1110011101 -> 1100011101
1110011101 -> 1100011101
1110111100 -> 1100111100
1110010111 -> 1100010111
1110011110 -> 1100011110
1110111001 -> 1100111001
1110111010 -> 1100111010
1110010111 -> 1100010111
1110011011 -> 1100011011
1110011101 -> 1100011101
1111011001 -> 1101011001
1111011010 -> 1101011010
1111011100 -> 1101011100
1110011110 -> 1100011110
1110110101 -> 1100110101
1110110110 -> 1100110110
1111011100 -> 1101011100
1110111100 -> 1100111100
1110111010 -> 1100111010
1111010011 -> 1101010011
1110111001 -> 1100111001
1111010101 -> 1101010101
1111010110 -> 1101010110
1111011001 -> 1101011001
1111011010 -> 1101011010
1111110100 -> 1101110100
1110111100 -> 1100111100
1111011100 -> 1101011100
1111111000 -> 1101111000
1111110001 -> 1101110001
1111110010 -> 1101110010
1111010110 -> 1101010110
1111110100 -> 1101110100
1111010101 -> 1101010101
1111111000 -> 1101111000
1111011101 -> 1101011101
1111111100 -> 1101111100
1111111010 -> 1101111010
1111111001 -> 1101111001
1111110110 -> 1101110110
1110111101 -> 1100111101
1110011111 -> 1100011111
1111010111 -> 1101010111
1110111110 -> 1100111110
1111110101 -> 1101110101
1111011110 -> 1101011110
1111111100 -> 1101111100
1110110111 -> 1100110111
1110111110 -> 1100111110
1111011110 -> 1101011110
1111110011 -> 1101110011
1110110111 -> 1100110111
1111111001 -> 1101111001
1111111010 -> 1101111010
1111111100 -> 1101111100
1111011110 -> 1101011110
1111011101 -> 1101011101
1111011011 -> 1101011011
1110011111 -> 1100011111
1111110110 -> 1101110110
1110011111 -> 1100011111
1110111101 -> 1100111101
1110111101 -> 1100111101
1110111110 -> 1100111110
1111010111 -> 1101010111
1110111011 -> 1100111011
1111011011 -> 1101011011
1111011101 -> 1101011101
1110111011 -> 1100111011
1111110101 -> 1101110101
1111011111 -> 1101011111
1111110111 -> 1101110111
1111011111 -> 1101011111
1110111111 -> 1100111111
1111111101 -> 1101111101
1111111011 -> 1101111011
1111110111 -> 1101110111
1111011111 -> 1101011111
1111111101 -> 1101111101
1111111110 -> 1101111110
1111111110 -> 1101111110
1111111110 -> 1101111110
1111111101 -> 1101111101
1110111111 -> 1100111111
1111111011 -> 1101111011
1110111111 -> 1100111111
1111111111 -> 1101111111
1111111111 -> 1101111111
1111111111 -> 1101111111
# Removal c
1100010000 -> 1000010000
0110010000 -> 1000010000
# Removal p
1110010000 -> 1110010000
1110011000 -> 1110011000
1110010010 -> 1110010010
1110010001 -> 1110010001
1110010100 -> 1110010100
1110010100 -> 1110010100
1110110000 -> 1110110000
1110011000 -> 1110011000
1111010000 -> 1111010000
1111011000 -> 1111011000
1110111000 -> 1110111000
1110011100 -> 1110011100
1111010001 -> 1111010001
1110011010 -> 1110011010
1110011001 -> 1110011001
1110010110 -> 1110010110
1110110100 -> 1110110100
1111010100 -> 1111010100
1110010011 -> 1110010011
1111110000 -> 1111110000
1111011000 -> 1111011000
1111010100 -> 1111010100
1111010010 -> 1111010010
1110011100 -> 1110011100
1110010101 -> 1110010101
1110010101 -> 1110010101
1110011001 -> 1110011001
1110010110 -> 1110010110
1110011100 -> 1110011100
1110110100 -> 1110110100
1110011010 -> 1110011010
1110110010 -> 1110110010
1110111000 -> 1110111000
1110110001 -> 1110110001
1110110110 -> 1110110110
1110011110 -> 1110011110
1110110101 -> 1110110101
1110110011 -> 1110110011
1110011011 -> 1110011011
1110011101 -> 1110011101
1110011101 -> 1110011101
1110111100 -> 1110111100
1110010111 -> 1110010111
1110011110 -> 1110011110
1110111001 -> 1110111001
1110111010 -> 1110111010
1110010111 -> 1110010111
1110011011 -> 1110011011
1110011101 -> 1110011101
1111011001 -> 1111011001
1111011010 -> 1111011010
1111011100 -> 1111011100
1110011110 -> 1110011110
1110110101 -> 1110110101
1110110110 -> 1110110110
1111011100 -> 1111011100
1110111100 -> 1110111100
1110111010 -> 1110111010
1111010011 -> 1111010011
1110111001 -> 1110111001
1111010101 -> 1111010101
1111010110 -> 1111010110
1111011001 -> 1111011001
1111011010 -> 1111011010
1111110100 -> 1111110100
1110111100 -> 1110111100
1111011100 -> 1111011100
1111111000 -> 1111111000
1111110001 -> 1111110001
1111110010 -> 1111110010
1111010110 -> 1111010110
1111110100 -> 1111110100
1111010101 -> 1111010101
1111111000 -> 1111111000
1111011101 -> 1111011101
1111111100 -> 1111111100
1111111010 -> 1111111010
1111111001 -> 1111111001
1111110110 -> 1111110110
1110111101 -> 1110111101
1110011111 -> 1110011111
1111010111 -> 1111010111
1110111110 -> 1110111110
1111110101 -> 1111110101
1111011110 -> 1111011110
1111111100 -> 1111111100
1110110111 -> 1110110111
1110111110 -> 1110111110
1111011110 -> 1111011110
1111110011 -> 1111110011
1110110111 -> 1110110111
1111111001 -> 1111111001
1111111010 -> 1111111010
1111111100 -> 1111111100
1111011110 -> 1111011110
1111011101 -> 1111011101
1111011011 -> 1111011011
1110011111 -> 1110011111
1111110110 -> 1111110110
1110011111 -> 1110011111
1110111101 -> 1110111101
1110111101 -> 1110111101
1110111110 -> 1110111110
1111010111 -> 1111010111
1110111011 -> 1110111011
1111011011 -> 1111011011
1111011101 -> 1111011101
1110111011 -> 1110111011
1111110101 -> 1111110101
1111011111 -> 1111011111
1111110111 -> 1111110111
1111011111 -> 1111011111
1110111111 -> 1110111111
1111111101 -> 1111111101
1111111011 -> 1111111011
1111110111 -> 1111110111
1111011111 -> 1111011111
1111111101 -> 1111111101
1111111110 -> 1111111110
1111111110 -> 1111111110
1111111110 -> 1111111110
1111111101 -> 1111111101
1110111111 -> 1110111111
1111111011 -> 1111111011
1110111111 -> 1110111111
1111111111 -> 1111111111
1111111111 -> 1111111111
1111111111 -> 1111111111

# ORBITAL 5
# Removal d
1010010000 -> 1010000000
1100010000 -> 1100000000
0110010000 -> 0110000000
1110010000 -> 1110000000
1110011000 -> 1110001000
1110010010 -> 1110000010
1110010001 -> 1110000001
1110010100 -> 1110000100
1110010100 -> 1110000100
1110110000 -> 1110100000
1110011000 -> 1110001000
1111010000 -> 1111000000
1111011000 -> 1111001000
1110111000 -> 1110101000
1110011100 -> 1110001100
1111010001 -> 1111000001
1110011010 -> 1110001010
1110011001 -> 1110001001
1110010110 -> 1110000110
1110110100 -> 1110100100
1111010100 -> 1111000100
1110010011 -> 1110000011
1111110000 -> 1111100000
1111011000 -> 1111001000
1111010100 -> 1111000100
1111010010 -> 1111000010
1110011100 -> 1110001100
1110010101 -> 1110000101
1110010101 -> 1110000101
1110011001 -> 1110001001
1110010110 -> 1110000110
1110011100 -> 1110001100
1110110100 -> 1110100100
1110011010 -> 1110001010
1110110010 -> 1110100010
1110111000 -> 1110101000
1110110001 -> 1110100001
1110110110 -> 1110100110
1110011110 -> 1110001110
1110110101 -> 1110100101
1110110011 -> 1110100011
1110011011 -> 1110001011
1110011101 -> 1110001101
1110011101 -> 1110001101
1110111100 -> 1110101100
1110010111 -> 1110000111
1110011110 -> 1110001110
1110111001 -> 1110101001
1110111010 -> 1110101010
1110010111 -> 1110000111
1110011011 -> 1110001011
1110011101 -> 1110001101
1111011001 -> 1111001001
1111011010 -> 1111001010
1111011100 -> 1111001100
1110011110 -> 1110001110
1110110101 -> 1110100101
1110110110 -> 1110100110
1111011100 -> 1111001100
1110111100 -> 1110101100
1110111010 -> 1110101010
1111010011 -> 1111000011
1110111001 -> 1110101001
1111010101 -> 1111000101
1111010110 -> 1111000110
1111011001 -> 1111001001
1111011010 -> 1111001010
1111110100 -> 1111100100
1110111100 -> 1110101100
1111011100 -> 1111001100
1111111000 -> 1111101000
1111110001 -> 1111100001
1111110010 -> 1111100010
1111010110 -> 1111000110
1111110100 -> 1111100100
1111010101 -> 1111000101
1111111000 -> 1111101000
1111011101 -> 1111001101
1111111100 -> 1111101100
1111111010 -> 1111101010
1111111001 -> 1111101001
1111110110 -> 1111100110
1110111101 -> 1110101101
1110011111 -> 1110001111
1111010111 -> 1111000111
1110111110 -> 1110101110
1111110101 -> 1111100101
1111011110 -> 1111001110
1111111100 -> 1111101100
1110110111 -> 1110100111
1110111110 -> 1110101110
1111011110 -> 1111001110
1111110011 -> 1111100011
1110110111 -> 1110100111
1111111001 -> 1111101001
1111111010 -> 1111101010
1111111100 -> 1111101100
1111011110 -> 1111001110
1111011101 -> 1111001101
1111011011 -> 1111001011
1110011111 -> 1110001111
1111110110 -> 1111100110
1110011111 -> 1110001111
1110111101 -> 1110101101
1110111101 -> 1110101101
1110111110 -> 1110101110
1111010111 -> 1111000111
1110111011 -> 1110101011
1111011011 -> 1111001011
1111011101 -> 1111001101
1110111011 -> 1110101011
1111110101 -> 1111100101
1111011111 -> 1111001111
1111110111 -> 1111100111
1111011111 -> 1111001111
1110111111 -> 1110101111
1111111101 -> 1111101101
1111111011 -> 1111101011
1111110111 -> 1111100111
1111011111 -> 1111001111
1111111101 -> 1111101101
1111111110 -> 1111101110
1111111110 -> 1111101110
1111111110 -> 1111101110
1111111101 -> 1111101101
1110111111 -> 1110101111
1111111011 -> 1111101011
1110111111 -> 1110101111
1111111111 -> 1111101111
1111111111 -> 1111101111
1111111111 -> 1111101111
# Removal c
1110011000 -> 1110010000
1111011000 -> 1111010000
1110111000 -> 1110110000
1110011100 -> 1110010100
1110011010 -> 1110010010
1110011001 -> 1110010001
1110011011 -> 1110010011
1110011101 -> 1110010101
1110111100 -> 1110110100
1110111001 -> 1110110001
1110111010 -> 1110110010
1111011001 -> 1111010001
1111011010 -> 1111010010
1111011100 -> 1111010100
1110011110 -> 1110010110
1111111000 -> 1111110000
1111111010 -> 1111110010
1111111001 -> 1111110001
1111111100 -> 1111110100
1111011110 -> 1111010110
1110011111 -> 1110010111
1110111101 -> 1110110101
1110111110 -> 1110110110
1111011011 -> 1111010011
1111011101 -> 1111010101
1110111011 -> 1110110011
1111011111 -> 1111010111
1111111110 -> 1111110110
1111111101 -> 1111110101
1110111111 -> 1110110111
1111111011 -> 1111110011
1111111111 -> 1111110111
# Removal p
1110010000 -> 1110010000
1110011000 -> 1110011000
1110010010 -> 1110010010
1110010001 -> 1110010001
1110010100 -> 1110010100
1110010100 -> 1110010100
1110110000 -> 1110110000
1110011000 -> 1110011000
1111010000 -> 1111010000
1111011000 -> 1111011000
1110111000 -> 1110111000
1110011100 -> 1110011100
1111010001 -> 1111010001
1110011010 -> 1110011010
1110011001 -> 1110011001
1110010110 -> 1110010110
1110110100 -> 1110110100
1111010100 -> 1111010100
1110010011 -> 1110010011
1111110000 -> 1111110000
1111011000 -> 1111011000
1111010100 -> 1111010100
1111010010 -> 1111010010
1110011100 -> 1110011100
1110010101 -> 1110010101
1110010101 -> 1110010101
1110011001 -> 1110011001
1110010110 -> 1110010110
1110011100 -> 1110011100
1110110100 -> 1110110100
1110011010 -> 1110011010
1110110010 -> 1110110010
1110111000 -> 1110111000
1110110001 -> 1110110001
1110110110 -> 1110110110
1110011110 -> 1110011110
1110110101 -> 1110110101
1110110011 -> 1110110011
1110011011 -> 1110011011
1110011101 -> 1110011101
1110011101 -> 1110011101
1110111100 -> 1110111100
1110010111 -> 1110010111
1110011110 -> 1110011110
1110111001 -> 1110111001
1110111010 -> 1110111010
1110010111 -> 1110010111
1110011011 -> 1110011011
1110011101 -> 1110011101
1111011001 -> 1111011001
1111011010 -> 1111011010
1111011100 -> 1111011100
1110011110 -> 1110011110
1110110101 -> 1110110101
1110110110 -> 1110110110
1111011100 -> 1111011100
1110111100 -> 1110111100
1110111010 -> 1110111010
1111010011 -> 1111010011
1110111001 -> 1110111001
1111010101 -> 1111010101
1111010110 -> 1111010110
1111011001 -> 1111011001
1111011010 -> 1111011010
1111110100 -> 1111110100
1110111100 -> 1110111100
1111011100 -> 1111011100
1111111000 -> 1111111000
1111110001 -> 1111110001
1111110010 -> 1111110010
1111010110 -> 1111010110
1111110100 -> 1111110100
1111010101 -> 1111010101
1111111000 -> 1111111000
1111011101 -> 1111011101
1111111100 -> 1111111100
1111111010 -> 1111111010
1111111001 -> 1111111001
1111110110 -> 1111110110
1110111101 -> 1110111101
1110011111 -> 1110011111
1111010111 -> 1111010111
1110111110 -> 1110111110
1111110101 -> 1111110101
1111011110 -> 1111011110
1111111100 -> 1111111100
1110110111 -> 1110110111
1110111110 -> 1110111110
1111011110 -> 1111011110
1111110011 -> 1111110011
1110110111 -> 1110110111
1111111001 -> 1111111001
1111111010 -> 1111111010
1111111100 -> 1111111100
1111011110 -> 1111011110
1111011101 -> 1111011101
1111011011 -> 1111011011
1110011111 -> 1110011111
1111110110 -> 1111110110
1110011111 -> 1110011111
1110111101 -> 1110111101
1110111101 -> 1110111101
1110111110 -> 1110111110
1111010111 -> 1111010111
1110111011 -> 1110111011
1111011011 -> 1111011011
1111011101 -> 1111011101
1110111011 -> 1110111011
1111110101 -> 1111110101
1111011111 -> 1111011111
1111110111 -> 1111110111
1111011111 -> 1111011111
1110111111 -> 1110111111
1111111101 -> 1111111101
1111111011 -> 1111111011
1111110111 -> 1111110111
1111011111 -> 1111011111
1111111101 -> 1111111101
1111111110 -> 1111111110
1111111110 -> 1111111110
1111111110 -> 1111111110
1111111101 -> 1111111101
1110111111 -> 1110111111
1111111011 -> 1111111011
1110111111 -> 1110111111
1111111111 -> 1111111111
1111111111 -> 1111111111
1111111111 -> 1111111111

