SINGLECLUSTER CALCULATION: SrFeO3

# Ground state properties
    d5L: 51.48
     d4: 41.89
   d6L2:  6.44
   d7L3:  0.19
   d8L4:  0.00
   d9L5:  0.00
  d10L6:  0.00
   <n> =  4.65

Gap: 0.729

# Core transitions
    E       I        comp                                                                    
0    0.000  0.557081                d6L2: 48.43; d5L: 40.71; d7L3: 7.76; d4: 2.84; d8L4: 0.26
1    2.401  0.032270                d6L2: 50.08; d5L: 42.39; d7L3: 7.10; d8L4: 0.24; d4: 0.17
2    3.324  0.015139                d6L2: 57.23; d5L: 35.93; d7L3: 6.05; d4: 0.69; d8L4: 0.10
3    4.054  0.001296                d6L2: 62.32; d5L: 31.09; d7L3: 6.39; d4: 0.10; d8L4: 0.10
4    5.256  0.003810                d6L2: 81.17; d7L3: 11.22; d5L: 7.27; d8L4: 0.33; d4: 0.02
5    6.365  0.010269                d6L2: 72.66; d5L: 19.16; d7L3: 7.86; d8L4: 0.21; d4: 0.11
6    6.698  0.015804                 d6L2: 83.76; d5L: 8.49; d7L3: 7.07; d4: 0.46; d8L4: 0.22
7    7.432  0.188693               d6L2: 48.89; d5L: 27.41; d7L3: 14.34; d4: 8.67; d8L4: 0.68
8    8.436  0.030755   d5L: 48.46; d6L2: 29.31; d7L3: 17.96; d4: 3.04; d8L4: 1.21; d9L5: 0.02
9    9.097  0.001947               d5L: 57.64; d6L2: 28.42; d7L3: 13.38; d8L4: 0.37; d4: 0.19
10   9.563  0.034139               d5L: 49.18; d6L2: 31.22; d7L3: 14.02; d4: 5.19; d8L4: 0.38
11  13.200  0.278541                d6L2: 48.43; d5L: 40.71; d7L3: 7.76; d4: 2.84; d8L4: 0.26
12  14.029  0.010098    d7L3: 79.61; d6L2: 11.62; d4: 4.71; d8L4: 3.30; d5L: 0.74; d9L5: 0.02
13  14.182  0.022359   d7L3: 64.64; d6L2: 16.37; d4: 11.12; d8L4: 4.74; d5L: 3.07; d9L5: 0.07
14  14.473  0.015465    d7L3: 69.18; d6L2: 14.41; d4: 8.92; d8L4: 5.28; d5L: 2.14; d9L5: 0.07
15  14.957  0.039721                d7L3: 57.82; d4: 28.12; d6L2: 7.22; d5L: 4.54; d8L4: 2.29
16  15.551  0.003746    d7L3: 78.13; d6L2: 14.03; d4: 3.11; d5L: 2.70; d8L4: 2.00; d9L5: 0.03
17  15.601  0.016135                d6L2: 50.08; d5L: 42.39; d7L3: 7.10; d8L4: 0.24; d4: 0.17
18  16.524  0.007569                d6L2: 57.23; d5L: 35.93; d7L3: 6.05; d4: 0.69; d8L4: 0.10
19  16.771  0.016444  d7L3: 32.84; d6L2: 23.07; d4: 22.23; d5L: 17.20; d8L4: 4.59; d9L5: 0.07
20  17.254  0.000648                d6L2: 62.32; d5L: 31.09; d7L3: 6.39; d4: 0.10; d8L4: 0.10
21  18.456  0.001905                d6L2: 81.17; d7L3: 11.22; d5L: 7.27; d8L4: 0.33; d4: 0.02
22  19.565  0.005135                d6L2: 72.66; d5L: 19.16; d7L3: 7.86; d8L4: 0.21; d4: 0.11
23  19.898  0.007902                 d6L2: 83.76; d5L: 8.49; d7L3: 7.07; d4: 0.46; d8L4: 0.22
24  20.632  0.094346               d6L2: 48.89; d5L: 27.41; d7L3: 14.34; d4: 8.67; d8L4: 0.68
25  21.636  0.015378   d5L: 48.46; d6L2: 29.31; d7L3: 17.96; d4: 3.04; d8L4: 1.21; d9L5: 0.02
26  22.297  0.000974               d5L: 57.64; d6L2: 28.42; d7L3: 13.38; d8L4: 0.37; d4: 0.19
27  22.763  0.017069               d5L: 49.18; d6L2: 31.22; d7L3: 14.02; d4: 5.19; d8L4: 0.38
28  27.229  0.005049    d7L3: 79.61; d6L2: 11.62; d4: 4.71; d8L4: 3.30; d5L: 0.74; d9L5: 0.02
29  27.382  0.011180   d7L3: 64.64; d6L2: 16.37; d4: 11.12; d8L4: 4.74; d5L: 3.07; d9L5: 0.07
30  27.673  0.007733    d7L3: 69.18; d6L2: 14.41; d4: 8.92; d8L4: 5.28; d5L: 2.14; d9L5: 0.07
31  28.157  0.019861                d7L3: 57.82; d4: 28.12; d6L2: 7.22; d5L: 4.54; d8L4: 2.29
32  28.751  0.001873    d7L3: 78.13; d6L2: 14.03; d4: 3.11; d5L: 2.70; d8L4: 2.00; d9L5: 0.03
33  29.971  0.008222  d7L3: 32.84; d6L2: 23.07; d4: 22.23; d5L: 17.20; d8L4: 4.59; d9L5: 0.07

# Removal transitions
    E       I        comp                                                                   
0  -19.665  0.000741   d6L3: 52.58; d5L2: 26.33; d4L: 8.84; d7L4: 8.27; d3: 3.80; d8L5: 0.17
1  -18.803  0.001434   d6L3: 79.68; d5L2: 13.24; d7L4: 4.25; d4L: 1.89; d3: 0.90; d8L5: 0.04
2  -17.898  0.002223    d6L3: 84.56; d5L2: 8.61; d7L4: 4.45; d4L: 1.22; d3: 1.11; d8L5: 0.06
3  -17.663  0.001712    d6L3: 87.49; d5L2: 7.39; d7L4: 3.42; d4L: 0.84; d3: 0.83; d8L5: 0.03
4  -17.479  0.000670    d6L3: 82.70; d5L2: 9.95; d7L4: 3.99; d4L: 1.78; d3: 1.52; d8L5: 0.06
5  -17.247  0.023567    d6L3: 73.91; d3: 9.80; d5L2: 8.42; d4L: 4.93; d7L4: 2.92; d8L5: 0.02
6  -17.023  0.010220    d6L3: 81.87; d5L2: 8.73; d3: 4.05; d7L4: 3.31; d4L: 2.02; d8L5: 0.03
7  -16.694  0.001244                d6L3: 93.67; d5L2: 4.79; d7L4: 0.81; d4L: 0.38; d3: 0.34
8  -16.597  0.144708  d3: 44.75; d6L3: 35.65; d4L: 13.05; d5L2: 4.01; d7L4: 2.51; d8L5: 0.04
9  -16.078  0.001051    d6L3: 89.98; d7L4: 4.79; d5L2: 4.58; d4L: 0.33; d3: 0.26; d8L5: 0.06
10 -15.913  0.000546    d6L3: 92.19; d7L4: 5.14; d5L2: 1.77; d3: 0.59; d4L: 0.24; d8L5: 0.07
11 -15.641  0.027316   d6L3: 62.62; d3: 25.16; d4L: 7.67; d5L2: 2.82; d7L4: 1.71; d8L5: 0.02
12 -15.316  0.045406   d6L3: 47.75; d3: 35.34; d4L: 9.14; d5L2: 4.89; d7L4: 2.83; d8L5: 0.04
13 -15.218  0.001568    d6L3: 89.21; d5L2: 6.99; d7L4: 2.72; d4L: 0.84; d3: 0.22; d8L5: 0.02
14 -12.704  0.076785              d5L2: 47.33; d4L: 33.49; d6L3: 11.71; d3: 7.12; d7L4: 0.35
15 -11.903  0.012873              d5L2: 43.17; d4L: 39.67; d6L3: 15.34; d3: 1.13; d7L4: 0.69
16 -11.461  0.091108              d5L2: 48.98; d4L: 34.77; d6L3: 13.37; d3: 2.41; d7L4: 0.46
17 -10.913  0.314203              d5L2: 47.13; d4L: 27.05; d6L3: 15.30; d3: 9.76; d7L4: 0.75
18 -10.819  0.001222                        d4L: 52.06; d5L2: 31.81; d6L3: 15.61; d7L4: 0.52
19 -10.785  0.014068              d4L: 45.54; d5L2: 34.79; d6L3: 15.91; d3: 3.06; d7L4: 0.69
20 -10.533  0.046476                d5L2: 82.51; d6L3: 8.48; d4L: 7.76; d3: 1.02; d7L4: 0.23
21 -10.192  0.024452  d4L: 44.67; d5L2: 34.44; d6L3: 17.36; d3: 2.53; d7L4: 0.98; d8L5: 0.02
22 -10.031  0.001215               d5L2: 67.06; d4L: 22.81; d6L3: 9.70; d7L4: 0.27; d3: 0.17
23  -9.955  0.014994                        d5L2: 47.35; d4L: 39.72; d6L3: 12.56; d7L4: 0.36
24  -9.816  0.001607                d5L2: 84.77; d6L3: 7.94; d4L: 7.08; d7L4: 0.15; d3: 0.06
25  -9.540  0.157739  d5L2: 49.04; d4L: 28.56; d6L3: 16.65; d3: 4.90; d7L4: 0.84; d8L5: 0.01
26  -9.139  0.104565               d5L2: 68.25; d6L3: 12.08; d3: 9.62; d4L: 9.38; d7L4: 0.66
27  -9.093  0.016923               d5L2: 82.52; d6L3: 12.12; d4L: 4.80; d7L4: 0.35; d3: 0.20
28  -8.695  0.005794               d5L2: 79.09; d4L: 12.75; d6L3: 7.85; d7L4: 0.16; d3: 0.16
29  -8.542  0.052482                d5L2: 83.35; d6L3: 7.23; d4L: 5.28; d3: 3.92; d7L4: 0.22
30  -8.483  0.000498                          d5L2: 88.91; d6L3: 9.80; d4L: 1.12; d7L4: 0.17
31  -8.357  0.082124              d5L2: 58.79; d4L: 20.87; d6L3: 14.30; d3: 5.36; d7L4: 0.67
32  -8.351  0.008711               d5L2: 83.88; d6L3: 10.33; d4L: 5.49; d7L4: 0.26; d3: 0.04
33  -7.652  0.003191               d5L2: 75.82; d4L: 14.96; d6L3: 8.94; d7L4: 0.23; d3: 0.04
34  -7.630  0.002722                          d5L2: 86.75; d6L3: 8.30; d4L: 4.77; d7L4: 0.18
35  -7.548  0.009861               d5L2: 79.37; d6L3: 13.23; d4L: 6.44; d3: 0.52; d7L4: 0.45
36  -6.946  0.012360                d5L2: 84.15; d4L: 8.61; d6L3: 6.63; d3: 0.46; d7L4: 0.16
37  -6.792  0.020690               d5L2: 63.29; d4L: 30.49; d6L3: 5.97; d3: 0.14; d7L4: 0.11
38  -5.866  0.128684               d5L2: 59.60; d4L: 32.63; d6L3: 6.27; d3: 1.36; d7L4: 0.14
39  -5.058  0.079060               d5L2: 55.65; d4L: 37.97; d6L3: 6.19; d7L4: 0.17; d3: 0.02
40  -4.823  0.008523                         d5L2: 50.11; d4L: 43.95; d6L3: 5.81; d7L4: 0.13
41  -4.650  0.282847               d5L2: 48.84; d4L: 44.22; d6L3: 6.27; d3: 0.50; d7L4: 0.17
42  -4.162  0.105486               d5L2: 52.37; d4L: 40.44; d6L3: 6.10; d3: 0.94; d7L4: 0.15
43  -3.690  0.472344                         d4L: 54.75; d5L2: 41.30; d6L3: 3.88; d7L4: 0.08
44  -3.653  1.766509               d4L: 46.41; d5L2: 46.10; d6L3: 5.47; d3: 1.87; d7L4: 0.15
45  -3.187  0.165605               d5L2: 53.42; d4L: 39.30; d6L3: 7.01; d7L4: 0.24; d3: 0.02
46  -1.905  2.785481               d5L2: 48.07; d4L: 42.83; d6L3: 6.55; d3: 2.34; d7L4: 0.21
47  -0.500  0.852447               d4L: 44.57; d5L2: 43.91; d6L3: 6.59; d3: 4.70; d7L4: 0.24

# Addition transitions
    E        I        comp                                         
0   528.000  0.316961              d5: 90.37; d6L: 9.41; d7L2: 0.21
1   529.588  0.131899             d5: 84.78; d6L: 14.73; d7L2: 0.49
2   530.338  0.106093             d5: 87.89; d6L: 11.80; d7L2: 0.30
3   531.132  0.082460             d5: 86.42; d6L: 13.22; d7L2: 0.36
4   537.494  0.000739  d6L: 93.71; d7L2: 3.78; d5: 2.47; d8L3: 0.04
5   537.752  0.001884  d6L: 94.00; d5: 3.31; d7L2: 2.68; d8L3: 0.02
6   538.672  0.000453  d6L: 92.96; d7L2: 5.09; d5: 1.88; d8L3: 0.07
7   539.092  0.000797              d6L: 97.58; d7L2: 1.94; d5: 0.46
8   539.212  0.001720              d6L: 94.77; d5: 3.35; d7L2: 1.87
9   539.272  0.001045  d6L: 88.77; d5: 7.07; d7L2: 4.12; d8L3: 0.03
10  539.445  0.002175  d6L: 88.78; d5: 6.53; d7L2: 4.63; d8L3: 0.06
11  539.538  0.000477  d6L: 92.55; d5: 3.71; d7L2: 3.71; d8L3: 0.03
12  540.188  0.000670  d6L: 92.24; d7L2: 4.56; d5: 3.15; d8L3: 0.05
13  540.403  0.000534  d6L: 88.66; d5: 6.14; d7L2: 5.14; d8L3: 0.06
14  540.998  0.000493  d6L: 91.45; d5: 5.00; d7L2: 3.52; d8L3: 0.03
15  541.060  0.000817  d6L: 89.05; d5: 6.95; d7L2: 3.96; d8L3: 0.04


