SINGLECLUSTER CALCULATION: SrRuO3

# Ground state properties
    d5L: 44.94
     d4: 26.55
    d5C: 13.58
   d6L2: 10.00
   d6LC:  4.07
   d7L3:  0.57
  d7L2C:  0.27
    d3c:  0.02
   d8L4:  0.01
  d8L3C:  0.01
   <n> =  4.89

Gap: 0.43000000000000005

# Core transitions
    E        I        comp                                                                                                                   
0   463.200  0.273893             d6LC: 57.48; d7L2C: 15.94; d5C: 10.92; d6L2: 7.98; d5L: 4.39; d7L3: 2.01; d8L3C: 0.91; d4: 0.25; d8L4: 0.11
1   463.731  0.132551             d6L2: 54.75; d7L3: 15.18; d5L: 14.93; d6LC: 9.28; d7L2C: 2.30; d5C: 2.20; d8L4: 0.88; d4: 0.35; d8L3C: 0.12
2   465.080  0.100241                         d6LC: 61.39; d5C: 24.40; d7L2C: 11.57; d5L: 1.11; d6L2: 0.74; d8L3C: 0.43; d4: 0.24; d7L3: 0.11
3   465.765  0.169102                          d6L2: 63.68; d5L: 20.20; d7L3: 12.25; d4: 1.71; d5C: 0.88; d6LC: 0.76; d8L4: 0.46; d7L2C: 0.08
4   467.786  0.000695             d6L2: 41.46; d5L: 30.39; d6LC: 13.25; d7L3: 7.44; d7L2C: 4.74; d5C: 1.49; d4: 0.74; d8L4: 0.26; d8L3C: 0.23
5   468.162  0.019757            d6LC: 37.27; d6L2: 23.82; d5L: 20.85; d7L2C: 11.81; d7L3: 3.77; d4: 1.84; d8L3C: 0.50; d8L4: 0.12; d5C: 0.02
6   468.496  0.004397             d6L2: 45.42; d6LC: 24.88; d7L3: 14.74; d5L: 6.69; d7L2C: 5.45; d5C: 1.39; d8L4: 0.66; d4: 0.58; d8L3C: 0.17
7   470.044  0.099997             d5C: 37.76; d7L2C: 31.34; d6LC: 15.62; d5L: 4.58; d8L3C: 4.11; d7L3: 2.76; d6L2: 2.08; d4: 1.43; d8L4: 0.33
8   470.495  0.042679             d5L: 36.50; d7L3: 25.26; d6L2: 20.20; d7L2C: 6.24; d5C: 5.16; d8L4: 3.33; d6LC: 1.87; d4: 1.06; d8L3C: 0.37
9   470.658  0.036156            d6L2: 40.49; d5L: 21.71; d7L3: 19.25; d7L2C: 12.37; d4: 2.90; d8L4: 1.43; d5C: 1.02; d8L3C: 0.56; d6LC: 0.28
10  471.115  0.001062               d7L2C: 70.35; d6LC: 9.01; d7L3: 7.95; d6L2: 6.66; d8L3C: 3.51; d5L: 1.97; d8L4: 0.36; d4: 0.16; d5C: 0.03
11  471.950  0.010872              d7L2C: 58.58; d6LC: 21.73; d8L3C: 8.29; d5C: 8.20; d7L3: 1.24; d6L2: 0.66; d4: 0.59; d5L: 0.52; d8L4: 0.21
12  472.167  0.001977              d7L3: 65.59; d6L2: 27.55; d8L4: 3.27; d7L2C: 1.45; d5L: 1.25; d4: 0.45; d6LC: 0.27; d8L3C: 0.10; d5C: 0.08
13  472.704  0.025088             d7L3: 42.86; d6L2: 27.23; d5L: 19.68; d8L4: 4.21; d4: 4.19; d7L2C: 1.29; d5C: 0.28; d6LC: 0.21; d8L3C: 0.05
14  473.078  0.011809             d6L2: 39.11; d7L3: 35.29; d5L: 17.10; d8L4: 3.64; d7L2C: 2.85; d4: 1.60; d6LC: 0.25; d8L3C: 0.14; d5C: 0.03
15  473.815  0.019549             d6L2: 41.21; d7L3: 23.72; d5L: 21.03; d4: 9.63; d7L2C: 1.75; d8L4: 1.56; d6LC: 0.46; d5C: 0.45; d8L3C: 0.19
16  474.486  0.002105               d7L2C: 74.87; d6LC: 8.92; d6L2: 6.10; d7L3: 3.88; d8L3C: 3.12; d5L: 1.59; d4: 0.90; d5C: 0.46; d8L4: 0.16
17  474.682  0.009171            d7L3: 31.00; d6L2: 25.48; d5L: 20.72; d7L2C: 13.21; d4: 6.03; d8L4: 2.26; d6LC: 0.58; d8L3C: 0.39; d5C: 0.33
18  475.788  0.000341                        d7L3: 58.70; d6L2: 18.70; d5L: 9.62; d7L2C: 7.23; d8L4: 3.18; d6LC: 1.61; d8L3C: 0.83; d5C: 0.13
19  476.604  0.004816             d7L2C: 52.79; d6LC: 26.74; d8L3C: 11.18; d5C: 4.18; d4: 2.83; d7L3: 1.37; d6L2: 0.65; d5L: 0.17; d8L4: 0.09
20  477.049  0.003593              d7L3: 57.13; d6L2: 24.96; d8L4: 6.60; d5L: 5.44; d4: 2.75; d7L2C: 1.84; d6LC: 0.62; d8L3C: 0.55; d5C: 0.12
21  477.212  0.015707  d7L3: 48.34; d6L2: 20.75; d4: 17.09; d8L4: 7.98; d5L: 4.49; d7L2C: 0.56; d6LC: 0.32; d8L3C: 0.28; d5C: 0.17; d3c: 0.01
22  478.945  0.013048  d4: 34.74; d7L3: 33.75; d5L: 18.99; d6L2: 7.98; d8L4: 3.43; d6LC: 0.35; d7L2C: 0.33; d8L3C: 0.20; d5C: 0.18; d3c: 0.03
23  480.359  0.000882              d7L3: 70.36; d6L2: 15.18; d5L: 5.90; d4: 4.27; d8L4: 3.74; d8L3C: 0.48; d6LC: 0.03; d7L2C: 0.02; d5C: 0.02
24  482.029  0.000390                                      d7L3: 49.47; d6L2: 27.28; d5L: 9.77; d8L4: 9.36; d4: 3.52; d8L3C: 0.56; d6LC: 0.02
25  485.500  0.136946             d6LC: 57.48; d7L2C: 15.94; d5C: 10.92; d6L2: 7.98; d5L: 4.39; d7L3: 2.01; d8L3C: 0.91; d4: 0.25; d8L4: 0.11
26  486.031  0.066275             d6L2: 54.75; d7L3: 15.18; d5L: 14.93; d6LC: 9.28; d7L2C: 2.30; d5C: 2.20; d8L4: 0.88; d4: 0.35; d8L3C: 0.12
27  487.380  0.050120                         d6LC: 61.39; d5C: 24.40; d7L2C: 11.57; d5L: 1.11; d6L2: 0.74; d8L3C: 0.43; d4: 0.24; d7L3: 0.11
28  488.065  0.084551                          d6L2: 63.68; d5L: 20.20; d7L3: 12.25; d4: 1.71; d5C: 0.88; d6LC: 0.76; d8L4: 0.46; d7L2C: 0.08
29  490.086  0.000348             d6L2: 41.46; d5L: 30.39; d6LC: 13.25; d7L3: 7.44; d7L2C: 4.74; d5C: 1.49; d4: 0.74; d8L4: 0.26; d8L3C: 0.23
30  490.462  0.009879            d6LC: 37.27; d6L2: 23.82; d5L: 20.85; d7L2C: 11.81; d7L3: 3.77; d4: 1.84; d8L3C: 0.50; d8L4: 0.12; d5C: 0.02
31  490.796  0.002199             d6L2: 45.42; d6LC: 24.88; d7L3: 14.74; d5L: 6.69; d7L2C: 5.45; d5C: 1.39; d8L4: 0.66; d4: 0.58; d8L3C: 0.17
32  492.344  0.049999             d5C: 37.76; d7L2C: 31.34; d6LC: 15.62; d5L: 4.58; d8L3C: 4.11; d7L3: 2.76; d6L2: 2.08; d4: 1.43; d8L4: 0.33
33  492.795  0.021340             d5L: 36.50; d7L3: 25.26; d6L2: 20.20; d7L2C: 6.24; d5C: 5.16; d8L4: 3.33; d6LC: 1.87; d4: 1.06; d8L3C: 0.37
34  492.958  0.018078            d6L2: 40.49; d5L: 21.71; d7L3: 19.25; d7L2C: 12.37; d4: 2.90; d8L4: 1.43; d5C: 1.02; d8L3C: 0.56; d6LC: 0.28
35  493.415  0.000531               d7L2C: 70.35; d6LC: 9.01; d7L3: 7.95; d6L2: 6.66; d8L3C: 3.51; d5L: 1.97; d8L4: 0.36; d4: 0.16; d5C: 0.03
36  494.250  0.005436              d7L2C: 58.58; d6LC: 21.73; d8L3C: 8.29; d5C: 8.20; d7L3: 1.24; d6L2: 0.66; d4: 0.59; d5L: 0.52; d8L4: 0.21
37  494.467  0.000988              d7L3: 65.59; d6L2: 27.55; d8L4: 3.27; d7L2C: 1.45; d5L: 1.25; d4: 0.45; d6LC: 0.27; d8L3C: 0.10; d5C: 0.08
38  495.004  0.012544             d7L3: 42.86; d6L2: 27.23; d5L: 19.68; d8L4: 4.21; d4: 4.19; d7L2C: 1.29; d5C: 0.28; d6LC: 0.21; d8L3C: 0.05
39  495.378  0.005904             d6L2: 39.11; d7L3: 35.29; d5L: 17.10; d8L4: 3.64; d7L2C: 2.85; d4: 1.60; d6LC: 0.25; d8L3C: 0.14; d5C: 0.03
40  496.115  0.009774             d6L2: 41.21; d7L3: 23.72; d5L: 21.03; d4: 9.63; d7L2C: 1.75; d8L4: 1.56; d6LC: 0.46; d5C: 0.45; d8L3C: 0.19
41  496.786  0.001053               d7L2C: 74.87; d6LC: 8.92; d6L2: 6.10; d7L3: 3.88; d8L3C: 3.12; d5L: 1.59; d4: 0.90; d5C: 0.46; d8L4: 0.16
42  496.982  0.004585            d7L3: 31.00; d6L2: 25.48; d5L: 20.72; d7L2C: 13.21; d4: 6.03; d8L4: 2.26; d6LC: 0.58; d8L3C: 0.39; d5C: 0.33
43  498.088  0.000170                        d7L3: 58.70; d6L2: 18.70; d5L: 9.62; d7L2C: 7.23; d8L4: 3.18; d6LC: 1.61; d8L3C: 0.83; d5C: 0.13
44  498.904  0.002408             d7L2C: 52.79; d6LC: 26.74; d8L3C: 11.18; d5C: 4.18; d4: 2.83; d7L3: 1.37; d6L2: 0.65; d5L: 0.17; d8L4: 0.09
45  499.349  0.001797              d7L3: 57.13; d6L2: 24.96; d8L4: 6.60; d5L: 5.44; d4: 2.75; d7L2C: 1.84; d6LC: 0.62; d8L3C: 0.55; d5C: 0.12
46  499.512  0.007854  d7L3: 48.34; d6L2: 20.75; d4: 17.09; d8L4: 7.98; d5L: 4.49; d7L2C: 0.56; d6LC: 0.32; d8L3C: 0.28; d5C: 0.17; d3c: 0.01
47  501.245  0.006524  d4: 34.74; d7L3: 33.75; d5L: 18.99; d6L2: 7.98; d8L4: 3.43; d6LC: 0.35; d7L2C: 0.33; d8L3C: 0.20; d5C: 0.18; d3c: 0.03
48  502.659  0.000441              d7L3: 70.36; d6L2: 15.18; d5L: 5.90; d4: 4.27; d8L4: 3.74; d8L3C: 0.48; d6LC: 0.03; d7L2C: 0.02; d5C: 0.02
49  504.329  0.000195                                      d7L3: 49.47; d6L2: 27.28; d5L: 9.77; d8L4: 9.36; d4: 3.52; d8L3C: 0.56; d6LC: 0.02

# Removal transitions
    E       I        comp                                                                                                                   
0  -17.933  0.001570  d6L3: 47.85; d5L2: 21.40; d4L: 14.32; d3: 7.47; d7L4: 7.38; d6L2C: 0.74; d5LC: 0.38; d7L3C: 0.37; d4C: 0.08; d2c: 0.02
1  -16.255  0.001909               d6L3: 77.25; d5L2: 6.25; d6L2C: 5.96; d3: 2.82; d7L4: 2.77; d4L: 2.59; d5LC: 1.26; d7L3C: 1.01; d4C: 0.09
2  -15.473  0.030024             d6L3: 36.04; d3: 30.18; d4L: 18.04; d6L2C: 5.50; d5L2: 4.75; d7L4: 4.29; d7L3C: 0.67; d5LC: 0.49; d2c: 0.04
3  -15.147  0.001184               d6L2C: 90.39; d7L3C: 2.90; d6L3: 2.13; d5LC: 1.84; d5L2: 1.08; d3: 0.85; d4L: 0.45; d4C: 0.22; d7L4: 0.14
4  -14.601  0.005546             d6L3: 39.29; d3: 24.96; d4L: 20.47; d5L2: 7.79; d6L2C: 3.54; d7L4: 2.95; d7L3C: 0.64; d5LC: 0.35; d4C: 0.01
5  -14.250  0.002236                        d6L3: 55.14; d5L2: 18.71; d4L: 12.29; d3: 6.64; d7L4: 4.95; d6L2C: 1.47; d7L3C: 0.50; d5LC: 0.29
6  -13.178  0.003926             d5L2: 41.09; d6L3: 30.35; d4L: 19.80; d3: 3.64; d7L4: 2.30; d6L2C: 2.25; d7L3C: 0.24; d5LC: 0.23; d4C: 0.09
7  -13.031  0.002186             d6L3: 43.20; d5L2: 35.52; d4L: 12.61; d7L4: 5.30; d3: 1.45; d6L2C: 1.22; d5LC: 0.32; d7L3C: 0.27; d4C: 0.10
8  -12.611  0.005046                         d5L2: 46.55; d6L3: 30.36; d4L: 9.46; d3: 8.04; d6L2C: 2.59; d7L4: 2.55; d7L3C: 0.29; d5LC: 0.16
9  -12.260  0.051926             d5L2: 44.79; d6L3: 32.88; d3: 13.61; d4L: 4.12; d7L4: 2.35; d6L2C: 1.38; d5LC: 0.39; d4C: 0.33; d7L3C: 0.14
10 -11.935  0.009542              d6L3: 63.38; d5L2: 21.65; d7L4: 5.26; d4L: 4.01; d3: 2.35; d6L2C: 2.10; d5LC: 0.73; d7L3C: 0.27; d4C: 0.25
11 -11.833  0.001996             d6L2C: 31.84; d5L2: 24.24; d6L3: 21.93; d5LC: 9.30; d7L3C: 4.21; d4L: 3.58; d4C: 2.43; d7L4: 1.64; d3: 0.85
12 -11.767  0.000038              d6L2C: 66.64; d5LC: 16.60; d7L3C: 8.08; d6L3: 3.42; d4C: 2.51; d5L2: 1.86; d7L4: 0.42; d4L: 0.38; d3: 0.07
13 -11.742  0.000064                        d6L2C: 71.06; d5LC: 17.12; d7L3C: 8.65; d4C: 2.42; d6L3: 0.34; d5L2: 0.24; d4L: 0.14; d7L4: 0.03
14 -11.714  0.015195             d6L3: 37.53; d6L2C: 30.22; d5L2: 14.02; d5LC: 6.40; d7L3C: 3.43; d4L: 2.77; d3: 2.55; d7L4: 1.96; d4C: 1.10
15 -11.565  0.024700             d6L2C: 55.59; d6L3: 15.39; d5LC: 10.00; d5L2: 6.52; d7L3C: 6.06; d3: 3.58; d4L: 1.94; d7L4: 0.83; d4C: 0.08
16 -11.511  0.043178                        d6L3: 43.29; d6L2C: 25.45; d5L2: 12.75; d3: 6.43; d5LC: 4.47; d7L3C: 2.73; d4L: 2.64; d7L4: 2.24
17 -10.931  0.023686            d5L2: 40.66; d3: 21.67; d6L3: 17.52; d6L2C: 10.95; d4L: 6.44; d7L4: 1.27; d5LC: 0.65; d7L3C: 0.51; d4C: 0.34
18 -10.759  0.004406               d6L2C: 73.96; d5LC: 8.20; d5L2: 5.73; d7L3C: 5.30; d3: 2.99; d6L3: 2.83; d4L: 0.54; d4C: 0.29; d7L4: 0.16
19 -10.664  0.002500               d6L2C: 90.01; d7L3C: 4.15; d5LC: 2.64; d6L3: 1.20; d4C: 1.06; d5L2: 0.75; d3: 0.11; d7L4: 0.06; d4L: 0.02
20  -9.893  0.000899             d4L: 42.54; d5L2: 36.33; d6L3: 15.66; d6L2C: 3.23; d7L4: 0.90; d3: 0.77; d7L3C: 0.30; d5LC: 0.18; d4C: 0.10
21  -9.212  0.117327             d4L: 37.70; d5L2: 31.82; d6L3: 24.09; d7L4: 2.01; d6L2C: 1.92; d3: 1.84; d7L3C: 0.25; d5LC: 0.24; d4C: 0.13
22  -9.014  0.008283                       d5L2: 39.18; d4L: 34.70; d6L3: 21.88; d6L2C: 1.76; d7L4: 1.54; d5LC: 0.47; d7L3C: 0.24; d4C: 0.23
23  -8.705  0.013333          d5L2: 20.02; d4C: 18.68; d4L: 16.73; d6L3: 15.65; d5LC: 13.01; d6L2C: 11.23; d3: 2.17; d7L4: 1.59; d7L3C: 0.92
24  -8.422  0.264174            d4C: 19.79; d5L2: 18.16; d6L2C: 17.51; d5LC: 16.02; d6L3: 9.97; d4L: 9.90; d3: 5.79; d7L3C: 1.92; d7L4: 0.94
25  -8.380  0.035515             d5L2: 46.55; d6L3: 16.42; d4L: 10.16; d3: 9.21; d4C: 7.48; d5LC: 5.21; d6L2C: 3.43; d7L4: 1.33; d7L3C: 0.21
26  -8.197  0.005166           d5L2: 26.62; d5LC: 19.94; d4L: 16.57; d4C: 13.63; d6L2C: 12.32; d6L3: 8.56; d3: 0.96; d7L3C: 0.93; d7L4: 0.47
27  -8.070  0.007431                                   d5LC: 36.62; d4C: 34.92; d6L2C: 25.78; d7L3C: 2.24; d4L: 0.22; d5L2: 0.13; d6L3: 0.08
28  -7.820  0.037360               d6L3: 54.85; d4L: 9.12; d5L2: 7.88; d6L2C: 7.34; d4C: 7.07; d5LC: 7.03; d7L4: 3.28; d3: 2.84; d7L3C: 0.59
29  -7.676  0.041113             d6L3: 35.94; d5L2: 24.94; d4L: 15.03; d4C: 5.98; d5LC: 5.80; d6L2C: 5.57; d7L4: 3.14; d3: 2.94; d7L3C: 0.65
30  -7.591  0.018935              d5L2: 68.29; d6L3: 16.48; d4L: 9.30; d5LC: 2.41; d6L2C: 2.02; d7L4: 0.80; d3: 0.46; d7L3C: 0.14; d4C: 0.10
31  -7.271  0.003577                        d5L2: 74.70; d6L3: 14.17; d4L: 8.81; d6L2C: 1.32; d7L4: 0.45; d5LC: 0.42; d7L3C: 0.08; d4C: 0.05
32  -7.198  0.003723                        d5LC: 67.97; d6L2C: 15.05; d5L2: 11.49; d6L3: 3.29; d4L: 1.33; d7L3C: 0.58; d7L4: 0.16; d3: 0.13
33  -6.812  0.004549               d6L2C: 70.99; d5LC: 7.59; d4L: 6.21; d6L3: 4.79; d7L3C: 4.78; d5L2: 4.12; d4C: 0.67; d3: 0.52; d7L4: 0.33
34  -6.561  0.060780             d4L: 37.25; d5L2: 32.50; d6L2C: 13.10; d6L3: 8.16; d3: 3.89; d5LC: 3.18; d7L3C: 0.90; d4C: 0.62; d7L4: 0.42
35  -6.483  0.000856             d5LC: 54.35; d5L2: 15.97; d6L2C: 13.60; d4C: 7.56; d6L3: 4.43; d4L: 3.05; d7L3C: 0.63; d7L4: 0.22; d3: 0.19
36  -6.332  0.003353                                    d5LC: 71.84; d6L2C: 18.52; d4C: 8.38; d7L3C: 0.87; d5L2: 0.30; d6L3: 0.05; d4L: 0.04
37  -6.261  0.018149             d5L2: 46.32; d4L: 29.94; d6L3: 12.12; d5LC: 5.87; d6L2C: 4.20; d7L4: 0.61; d3: 0.42; d7L3C: 0.28; d4C: 0.24
38  -5.815  0.040867             d5L2: 41.93; d4L: 24.25; d5LC: 15.53; d6L3: 8.53; d6L2C: 4.79; d3: 4.21; d7L4: 0.34; d7L3C: 0.23; d4C: 0.18
39  -5.088  0.004006              d4L: 42.10; d5L2: 40.40; d6L3: 9.67; d6L2C: 2.88; d5LC: 2.49; d4C: 1.54; d7L4: 0.53; d7L3C: 0.20; d3: 0.19
40  -4.324  0.517971             d5L2: 57.52; d4L: 26.12; d6L3: 11.02; d5LC: 1.86; d3: 1.74; d4C: 0.99; d7L4: 0.47; d6L2C: 0.27; d7L3C: 0.01
41  -4.042  0.012670                                  d5L2: 68.55; d4L: 17.49; d6L3: 10.53; d5LC: 1.92; d6L2C: 1.09; d7L4: 0.35; d7L3C: 0.07
42  -3.987  0.085958             d5L2: 61.75; d4L: 15.40; d6L3: 13.40; d5LC: 3.97; d4C: 3.01; d3: 1.20; d6L2C: 0.62; d7L4: 0.62; d7L3C: 0.02
43  -3.695  0.561401             d5LC: 51.56; d4C: 25.94; d6L2C: 12.74; d5L2: 4.13; d4L: 3.23; d3: 0.91; d6L3: 0.80; d7L3C: 0.65; d7L4: 0.03
44  -3.511  0.045808           d5L2: 39.18; d5LC: 20.76; d4L: 12.96; d4C: 10.69; d6L3: 10.03; d6L2C: 3.78; d3: 1.91; d7L4: 0.53; d7L3C: 0.17
45  -3.306  0.018980                       d5LC: 62.51; d4C: 19.32; d6L2C: 14.58; d5L2: 1.89; d7L3C: 0.73; d4L: 0.57; d6L3: 0.39; d7L4: 0.02
46  -3.071  0.225394            d5LC: 42.55; d5L2: 16.82; d4L: 14.12; d6L2C: 11.26; d4C: 8.63; d6L3: 3.13; d3: 2.77; d7L3C: 0.59; d7L4: 0.14
47  -2.779  0.119359                        d5LC: 47.84; d5L2: 28.68; d6L2C: 8.98; d4L: 8.06; d6L3: 5.67; d7L3C: 0.36; d7L4: 0.25; d4C: 0.15
48  -2.733  0.021143                       d5LC: 59.57; d5L2: 18.63; d6L2C: 11.45; d4L: 5.39; d6L3: 3.65; d4C: 0.68; d7L3C: 0.48; d7L4: 0.16
49  -2.602  0.001088                                                                                  d5LC: 83.21; d6L2C: 16.12; d7L3C: 0.67
50  -2.273  1.362602             d5LC: 33.67; d5L2: 31.90; d4L: 20.96; d6L2C: 6.88; d6L3: 5.86; d7L3C: 0.30; d7L4: 0.26; d4C: 0.15; d3: 0.02
51  -2.140  0.608898                       d5L2: 36.40; d4L: 27.18; d5LC: 23.45; d6L3: 6.32; d6L2C: 4.92; d4C: 1.24; d7L4: 0.26; d7L3C: 0.22
52  -1.591  0.243814            d5LC: 34.82; d5L2: 25.58; d4C: 13.33; d4L: 10.61; d6L2C: 7.89; d6L3: 6.70; d7L3C: 0.41; d7L4: 0.40; d3: 0.24
53  -1.312  0.119004            d5LC: 29.18; d5L2: 25.70; d4C: 18.32; d4L: 13.47; d6L3: 6.41; d6L2C: 5.84; d3: 0.43; d7L4: 0.38; d7L3C: 0.28
54  -1.048  2.410931             d5L2: 29.67; d5LC: 27.14; d4L: 19.08; d4C: 7.97; d6L2C: 7.43; d6L3: 6.89; d3: 0.99; d7L3C: 0.45; d7L4: 0.39
55  -1.025  0.100479                                   d5LC: 56.12; d4C: 28.92; d6L2C: 12.97; d7L3C: 0.71; d5L2: 0.60; d4L: 0.59; d6L3: 0.09
56  -0.650  0.703676            d5LC: 26.37; d5L2: 25.79; d4L: 20.80; d4C: 12.11; d6L2C: 6.71; d6L3: 5.60; d3: 1.91; d7L3C: 0.40; d7L4: 0.31

# Addition transitions
    E        I        comp                                                                                        
0   529.130  0.387827              d5: 78.08; d6L: 18.96; d4c: 1.06; d7L2: 1.06; d6C: 0.74; d7LC: 0.07; d8L3: 0.02
1   532.174  0.167915              d5: 79.75; d6L: 17.26; d4c: 1.03; d6C: 1.03; d7L2: 0.83; d7LC: 0.09; d8L3: 0.01
2   532.338  0.003402              d6C: 91.20; d7LC: 7.20; d6L: 0.65; d5: 0.37; d4c: 0.37; d8L2C: 0.15; d7L2: 0.05
3   532.786  0.004972                           d4c: 96.20; d6L: 3.09; d5: 0.27; d7L2: 0.27; d6C: 0.16; d7LC: 0.01
4   533.329  0.002576               d6L: 86.60; d7L2: 6.57; d5: 3.99; d4c: 2.25; d6C: 0.42; d8L3: 0.13; d7LC: 0.03
5   533.565  0.108726              d5: 77.04; d6L: 19.70; d6C: 1.46; d7L2: 1.07; d4c: 0.57; d7LC: 0.14; d8L3: 0.02
6   534.837  0.002240                                       d4c: 98.80; d5: 0.57; d6L: 0.50; d6C: 0.09; d7L2: 0.03
7   536.060  0.006630              d6C: 91.79; d7LC: 6.25; d6L: 1.18; d5: 0.55; d8L2C: 0.11; d7L2: 0.09; d4c: 0.03
8   536.793  0.005351              d6C: 90.47; d7LC: 6.50; d6L: 1.36; d4c: 0.79; d5: 0.64; d8L2C: 0.12; d7L2: 0.12
9   537.061  0.011268               d6L: 86.76; d7L2: 6.60; d5: 5.63; d6C: 0.53; d7LC: 0.23; d8L3: 0.13; d4c: 0.10
10  537.075  0.000840                           d4c: 97.44; d6L: 1.80; d6C: 0.45; d7L2: 0.16; d5: 0.12; d7LC: 0.03
11  537.848  0.007871  d6L: 82.95; d5: 7.90; d7L2: 6.85; d4c: 1.16; d6C: 0.69; d7LC: 0.30; d8L3: 0.15; d8L2C: 0.01
12  539.473  0.000574                          d6L: 90.13; d5: 5.08; d7L2: 4.44; d7LC: 0.27; d8L3: 0.06; d4c: 0.02
13  541.683  0.000581             d6L: 83.67; d5: 8.04; d7L2: 7.79; d7LC: 0.30; d8L3: 0.16; d4c: 0.02; d8L2C: 0.02
14  541.699  0.000710             d6L: 87.72; d7L2: 6.31; d5: 5.52; d7LC: 0.31; d8L3: 0.10; d4c: 0.02; d8L2C: 0.01
15  542.386  0.000507             d6L: 83.41; d5: 8.30; d7L2: 7.73; d7LC: 0.36; d8L3: 0.16; d4c: 0.03; d8L2C: 0.02

### Operators ###

# ORBITAL 0
# Removal d
1110000000 -> 0110000000
1110010000 -> 0110010000
1110011000 -> 0110011000
1111010000 -> 0111010000
1110110000 -> 0110110000
1110011000 -> 0110011000
1110010100 -> 0110010100
1110010010 -> 0110010010
1110010001 -> 0110010001
1110010100 -> 0110010100
1111010100 -> 0111010100
1111010100 -> 0111010100
1110110100 -> 0110110100
1111010010 -> 0111010010
1111010001 -> 0111010001
1110010011 -> 0110010011
1110111000 -> 0110111000
1110010101 -> 0110010101
1110011010 -> 0110011010
1110011001 -> 0110011001
1110010110 -> 0110010110
1110111000 -> 0110111000
1111011000 -> 0111011000
1110011100 -> 0110011100
1111110000 -> 0111110000
1110110100 -> 0110110100
1110011100 -> 0110011100
1110110010 -> 0110110010
1110110001 -> 0110110001
1110010110 -> 0110010110
1110011100 -> 0110011100
1110011010 -> 0110011010
1110011001 -> 0110011001
1110010101 -> 0110010101
1111011000 -> 0111011000
1110011011 -> 0110011011
1110110101 -> 0110110101
1110010111 -> 0110010111
1110111001 -> 0110111001
1110011110 -> 0110011110
1110110110 -> 0110110110
1110111010 -> 0110111010
1110111100 -> 0110111100
1110011110 -> 0110011110
1110011101 -> 0110011101
1111011001 -> 0111011001
1111011010 -> 0111011010
1111011100 -> 0111011100
1110010111 -> 0110010111
1111111000 -> 0111111000
1110011101 -> 0110011101
1111111000 -> 0111111000
1111010101 -> 0111010101
1111011010 -> 0111011010
1111110100 -> 0111110100
1110111001 -> 0110111001
1110111010 -> 0110111010
1110110011 -> 0110110011
1110111100 -> 0110111100
1110111100 -> 0110111100
1111011100 -> 0111011100
1111010011 -> 0111010011
1110110110 -> 0110110110
1111010101 -> 0111010101
1110011110 -> 0110011110
1111011001 -> 0111011001
1111010110 -> 0111010110
1111011100 -> 0111011100
1111110001 -> 0111110001
1111110010 -> 0111110010
1110011101 -> 0110011101
1111110100 -> 0111110100
1110011011 -> 0110011011
1111010110 -> 0111010110
1110110101 -> 0110110101
1111110101 -> 0111110101
1110111101 -> 0110111101
1110011111 -> 0110011111
1111010111 -> 0111010111
1110111110 -> 0110111110
1110110111 -> 0110110111
1111011110 -> 0111011110
1111011101 -> 0111011101
1111111001 -> 0111111001
1111111010 -> 0111111010
1110011111 -> 0110011111
1110110111 -> 0110110111
1110111011 -> 0110111011
1110111101 -> 0110111101
1110111110 -> 0110111110
1111010111 -> 0111010111
1111011011 -> 0111011011
1111011101 -> 0111011101
1111011110 -> 0111011110
1111110011 -> 0111110011
1111110101 -> 0111110101
1111110110 -> 0111110110
1111110110 -> 0111110110
1111111010 -> 0111111010
1111111100 -> 0111111100
1110011111 -> 0110011111
1110111011 -> 0110111011
1110111101 -> 0110111101
1110111110 -> 0110111110
1111011011 -> 0111011011
1111011101 -> 0111011101
1111011110 -> 0111011110
1111111001 -> 0111111001
1111111100 -> 0111111100
1111111100 -> 0111111100
# Removal c
# Removal p
1110010000 -> 1110010000
1110011000 -> 1110011000
1111010000 -> 1111010000
1110110000 -> 1110110000
1110011000 -> 1110011000
1110010100 -> 1110010100
1110010010 -> 1110010010
1110010001 -> 1110010001
1110010100 -> 1110010100
1111010100 -> 1111010100
1111010100 -> 1111010100
1110110100 -> 1110110100
1111010010 -> 1111010010
1111010001 -> 1111010001
1110010011 -> 1110010011
1110111000 -> 1110111000
1110010101 -> 1110010101
1110011010 -> 1110011010
1110011001 -> 1110011001
1110010110 -> 1110010110
1110111000 -> 1110111000
1111011000 -> 1111011000
1110011100 -> 1110011100
1111110000 -> 1111110000
1110110100 -> 1110110100
1110011100 -> 1110011100
1110110010 -> 1110110010
1110110001 -> 1110110001
1110010110 -> 1110010110
1110011100 -> 1110011100
1110011010 -> 1110011010
1110011001 -> 1110011001
1110010101 -> 1110010101
1111011000 -> 1111011000
1110011011 -> 1110011011
1110110101 -> 1110110101
1110010111 -> 1110010111
1110111001 -> 1110111001
1110011110 -> 1110011110
1110110110 -> 1110110110
1110111010 -> 1110111010
1110111100 -> 1110111100
1110011110 -> 1110011110
1110011101 -> 1110011101
1111011001 -> 1111011001
1111011010 -> 1111011010
1111011100 -> 1111011100
1110010111 -> 1110010111
1111111000 -> 1111111000
1110011101 -> 1110011101
1111111000 -> 1111111000
1111010101 -> 1111010101
1111011010 -> 1111011010
1111110100 -> 1111110100
1110111001 -> 1110111001
1110111010 -> 1110111010
1110110011 -> 1110110011
1110111100 -> 1110111100
1110111100 -> 1110111100
1111011100 -> 1111011100
1111010011 -> 1111010011
1110110110 -> 1110110110
1111010101 -> 1111010101
1110011110 -> 1110011110
1111011001 -> 1111011001
1111010110 -> 1111010110
1111011100 -> 1111011100
1111110001 -> 1111110001
1111110010 -> 1111110010
1110011101 -> 1110011101
1111110100 -> 1111110100
1110011011 -> 1110011011
1111010110 -> 1111010110
1110110101 -> 1110110101

# ORBITAL 1
# Removal d
1110000000 -> 1010000000
1110010000 -> 1010010000
1110011000 -> 1010011000
1111010000 -> 1011010000
1110110000 -> 1010110000
1110011000 -> 1010011000
1110010100 -> 1010010100
1110010010 -> 1010010010
1110010001 -> 1010010001
1110010100 -> 1010010100
1111010100 -> 1011010100
1111010100 -> 1011010100
1110110100 -> 1010110100
1111010010 -> 1011010010
1111010001 -> 1011010001
1110010011 -> 1010010011
1110111000 -> 1010111000
1110010101 -> 1010010101
1110011010 -> 1010011010
1110011001 -> 1010011001
1110010110 -> 1010010110
1110111000 -> 1010111000
1111011000 -> 1011011000
1110011100 -> 1010011100
1111110000 -> 1011110000
1110110100 -> 1010110100
1110011100 -> 1010011100
1110110010 -> 1010110010
1110110001 -> 1010110001
1110010110 -> 1010010110
1110011100 -> 1010011100
1110011010 -> 1010011010
1110011001 -> 1010011001
1110010101 -> 1010010101
1111011000 -> 1011011000
1110011011 -> 1010011011
1110110101 -> 1010110101
1110010111 -> 1010010111
1110111001 -> 1010111001
1110011110 -> 1010011110
1110110110 -> 1010110110
1110111010 -> 1010111010
1110111100 -> 1010111100
1110011110 -> 1010011110
1110011101 -> 1010011101
1111011001 -> 1011011001
1111011010 -> 1011011010
1111011100 -> 1011011100
1110010111 -> 1010010111
1111111000 -> 1011111000
1110011101 -> 1010011101
1111111000 -> 1011111000
1111010101 -> 1011010101
1111011010 -> 1011011010
1111110100 -> 1011110100
1110111001 -> 1010111001
1110111010 -> 1010111010
1110110011 -> 1010110011
1110111100 -> 1010111100
1110111100 -> 1010111100
1111011100 -> 1011011100
1111010011 -> 1011010011
1110110110 -> 1010110110
1111010101 -> 1011010101
1110011110 -> 1010011110
1111011001 -> 1011011001
1111010110 -> 1011010110
1111011100 -> 1011011100
1111110001 -> 1011110001
1111110010 -> 1011110010
1110011101 -> 1010011101
1111110100 -> 1011110100
1110011011 -> 1010011011
1111010110 -> 1011010110
1110110101 -> 1010110101
1111110101 -> 1011110101
1110111101 -> 1010111101
1110011111 -> 1010011111
1111010111 -> 1011010111
1110111110 -> 1010111110
1110110111 -> 1010110111
1111011110 -> 1011011110
1111011101 -> 1011011101
1111111001 -> 1011111001
1111111010 -> 1011111010
1110011111 -> 1010011111
1110110111 -> 1010110111
1110111011 -> 1010111011
1110111101 -> 1010111101
1110111110 -> 1010111110
1111010111 -> 1011010111
1111011011 -> 1011011011
1111011101 -> 1011011101
1111011110 -> 1011011110
1111110011 -> 1011110011
1111110101 -> 1011110101
1111110110 -> 1011110110
1111110110 -> 1011110110
1111111010 -> 1011111010
1111111100 -> 1011111100
1110011111 -> 1010011111
1110111011 -> 1010111011
1110111101 -> 1010111101
1110111110 -> 1010111110
1111011011 -> 1011011011
1111011101 -> 1011011101
1111011110 -> 1011011110
1111111001 -> 1011111001
1111111100 -> 1011111100
1111111100 -> 1011111100
# Removal c
# Removal p
1110010000 -> 1110010000
1110011000 -> 1110011000
1111010000 -> 1111010000
1110110000 -> 1110110000
1110011000 -> 1110011000
1110010100 -> 1110010100
1110010010 -> 1110010010
1110010001 -> 1110010001
1110010100 -> 1110010100
1111010100 -> 1111010100
1111010100 -> 1111010100
1110110100 -> 1110110100
1111010010 -> 1111010010
1111010001 -> 1111010001
1110010011 -> 1110010011
1110111000 -> 1110111000
1110010101 -> 1110010101
1110011010 -> 1110011010
1110011001 -> 1110011001
1110010110 -> 1110010110
1110111000 -> 1110111000
1111011000 -> 1111011000
1110011100 -> 1110011100
1111110000 -> 1111110000
1110110100 -> 1110110100
1110011100 -> 1110011100
1110110010 -> 1110110010
1110110001 -> 1110110001
1110010110 -> 1110010110
1110011100 -> 1110011100
1110011010 -> 1110011010
1110011001 -> 1110011001
1110010101 -> 1110010101
1111011000 -> 1111011000
1110011011 -> 1110011011
1110110101 -> 1110110101
1110010111 -> 1110010111
1110111001 -> 1110111001
1110011110 -> 1110011110
1110110110 -> 1110110110
1110111010 -> 1110111010
1110111100 -> 1110111100
1110011110 -> 1110011110
1110011101 -> 1110011101
1111011001 -> 1111011001
1111011010 -> 1111011010
1111011100 -> 1111011100
1110010111 -> 1110010111
1111111000 -> 1111111000
1110011101 -> 1110011101
1111111000 -> 1111111000
1111010101 -> 1111010101
1111011010 -> 1111011010
1111110100 -> 1111110100
1110111001 -> 1110111001
1110111010 -> 1110111010
1110110011 -> 1110110011
1110111100 -> 1110111100
1110111100 -> 1110111100
1111011100 -> 1111011100
1111010011 -> 1111010011
1110110110 -> 1110110110
1111010101 -> 1111010101
1110011110 -> 1110011110
1111011001 -> 1111011001
1111010110 -> 1111010110
1111011100 -> 1111011100
1111110001 -> 1111110001
1111110010 -> 1111110010
1110011101 -> 1110011101
1111110100 -> 1111110100
1110011011 -> 1110011011
1111010110 -> 1111010110
1110110101 -> 1110110101

# ORBITAL 2
# Removal d
1110000000 -> 1100000000
1110010000 -> 1100010000
1110011000 -> 1100011000
1111010000 -> 1101010000
1110110000 -> 1100110000
1110011000 -> 1100011000
1110010100 -> 1100010100
1110010010 -> 1100010010
1110010001 -> 1100010001
1110010100 -> 1100010100
1111010100 -> 1101010100
1111010100 -> 1101010100
1110110100 -> 1100110100
1111010010 -> 1101010010
1111010001 -> 1101010001
1110010011 -> 1100010011
1110111000 -> 1100111000
1110010101 -> 1100010101
1110011010 -> 1100011010
1110011001 -> 1100011001
1110010110 -> 1100010110
1110111000 -> 1100111000
1111011000 -> 1101011000
1110011100 -> 1100011100
1111110000 -> 1101110000
1110110100 -> 1100110100
1110011100 -> 1100011100
1110110010 -> 1100110010
1110110001 -> 1100110001
1110010110 -> 1100010110
1110011100 -> 1100011100
1110011010 -> 1100011010
1110011001 -> 1100011001
1110010101 -> 1100010101
1111011000 -> 1101011000
1110011011 -> 1100011011
1110110101 -> 1100110101
1110010111 -> 1100010111
1110111001 -> 1100111001
1110011110 -> 1100011110
1110110110 -> 1100110110
1110111010 -> 1100111010
1110111100 -> 1100111100
1110011110 -> 1100011110
1110011101 -> 1100011101
1111011001 -> 1101011001
1111011010 -> 1101011010
1111011100 -> 1101011100
1110010111 -> 1100010111
1111111000 -> 1101111000
1110011101 -> 1100011101
1111111000 -> 1101111000
1111010101 -> 1101010101
1111011010 -> 1101011010
1111110100 -> 1101110100
1110111001 -> 1100111001
1110111010 -> 1100111010
1110110011 -> 1100110011
1110111100 -> 1100111100
1110111100 -> 1100111100
1111011100 -> 1101011100
1111010011 -> 1101010011
1110110110 -> 1100110110
1111010101 -> 1101010101
1110011110 -> 1100011110
1111011001 -> 1101011001
1111010110 -> 1101010110
1111011100 -> 1101011100
1111110001 -> 1101110001
1111110010 -> 1101110010
1110011101 -> 1100011101
1111110100 -> 1101110100
1110011011 -> 1100011011
1111010110 -> 1101010110
1110110101 -> 1100110101
1111110101 -> 1101110101
1110111101 -> 1100111101
1110011111 -> 1100011111
1111010111 -> 1101010111
1110111110 -> 1100111110
1110110111 -> 1100110111
1111011110 -> 1101011110
1111011101 -> 1101011101
1111111001 -> 1101111001
1111111010 -> 1101111010
1110011111 -> 1100011111
1110110111 -> 1100110111
1110111011 -> 1100111011
1110111101 -> 1100111101
1110111110 -> 1100111110
1111010111 -> 1101010111
1111011011 -> 1101011011
1111011101 -> 1101011101
1111011110 -> 1101011110
1111110011 -> 1101110011
1111110101 -> 1101110101
1111110110 -> 1101110110
1111110110 -> 1101110110
1111111010 -> 1101111010
1111111100 -> 1101111100
1110011111 -> 1100011111
1110111011 -> 1100111011
1110111101 -> 1100111101
1110111110 -> 1100111110
1111011011 -> 1101011011
1111011101 -> 1101011101
1111011110 -> 1101011110
1111111001 -> 1101111001
1111111100 -> 1101111100
1111111100 -> 1101111100
# Removal c
# Removal p
1110010000 -> 1110010000
1110011000 -> 1110011000
1111010000 -> 1111010000
1110110000 -> 1110110000
1110011000 -> 1110011000
1110010100 -> 1110010100
1110010010 -> 1110010010
1110010001 -> 1110010001
1110010100 -> 1110010100
1111010100 -> 1111010100
1111010100 -> 1111010100
1110110100 -> 1110110100
1111010010 -> 1111010010
1111010001 -> 1111010001
1110010011 -> 1110010011
1110111000 -> 1110111000
1110010101 -> 1110010101
1110011010 -> 1110011010
1110011001 -> 1110011001
1110010110 -> 1110010110
1110111000 -> 1110111000
1111011000 -> 1111011000
1110011100 -> 1110011100
1111110000 -> 1111110000
1110110100 -> 1110110100
1110011100 -> 1110011100
1110110010 -> 1110110010
1110110001 -> 1110110001
1110010110 -> 1110010110
1110011100 -> 1110011100
1110011010 -> 1110011010
1110011001 -> 1110011001
1110010101 -> 1110010101
1111011000 -> 1111011000
1110011011 -> 1110011011
1110110101 -> 1110110101
1110010111 -> 1110010111
1110111001 -> 1110111001
1110011110 -> 1110011110
1110110110 -> 1110110110
1110111010 -> 1110111010
1110111100 -> 1110111100
1110011110 -> 1110011110
1110011101 -> 1110011101
1111011001 -> 1111011001
1111011010 -> 1111011010
1111011100 -> 1111011100
1110010111 -> 1110010111
1111111000 -> 1111111000
1110011101 -> 1110011101
1111111000 -> 1111111000
1111010101 -> 1111010101
1111011010 -> 1111011010
1111110100 -> 1111110100
1110111001 -> 1110111001
1110111010 -> 1110111010
1110110011 -> 1110110011
1110111100 -> 1110111100
1110111100 -> 1110111100
1111011100 -> 1111011100
1111010011 -> 1111010011
1110110110 -> 1110110110
1111010101 -> 1111010101
1110011110 -> 1110011110
1111011001 -> 1111011001
1111010110 -> 1111010110
1111011100 -> 1111011100
1111110001 -> 1111110001
1111110010 -> 1111110010
1110011101 -> 1110011101
1111110100 -> 1111110100
1110011011 -> 1110011011
1111010110 -> 1111010110
1110110101 -> 1110110101

# ORBITAL 5
# Removal d
1110010000 -> 1110000000
1110011000 -> 1110001000
1111010000 -> 1111000000
1110110000 -> 1110100000
1110011000 -> 1110001000
1110010100 -> 1110000100
1110010010 -> 1110000010
1110010001 -> 1110000001
1110010100 -> 1110000100
1111010100 -> 1111000100
1111010100 -> 1111000100
1110110100 -> 1110100100
1111010010 -> 1111000010
1111010001 -> 1111000001
1110010011 -> 1110000011
1110111000 -> 1110101000
1110010101 -> 1110000101
1110011010 -> 1110001010
1110011001 -> 1110001001
1110010110 -> 1110000110
1110111000 -> 1110101000
1111011000 -> 1111001000
1110011100 -> 1110001100
1111110000 -> 1111100000
1110110100 -> 1110100100
1110011100 -> 1110001100
1110110010 -> 1110100010
1110110001 -> 1110100001
1110010110 -> 1110000110
1110011100 -> 1110001100
1110011010 -> 1110001010
1110011001 -> 1110001001
1110010101 -> 1110000101
1111011000 -> 1111001000
1110011011 -> 1110001011
1110110101 -> 1110100101
1110010111 -> 1110000111
1110111001 -> 1110101001
1110011110 -> 1110001110
1110110110 -> 1110100110
1110111010 -> 1110101010
1110111100 -> 1110101100
1110011110 -> 1110001110
1110011101 -> 1110001101
1111011001 -> 1111001001
1111011010 -> 1111001010
1111011100 -> 1111001100
1110010111 -> 1110000111
1111111000 -> 1111101000
1110011101 -> 1110001101
1111111000 -> 1111101000
1111010101 -> 1111000101
1111011010 -> 1111001010
1111110100 -> 1111100100
1110111001 -> 1110101001
1110111010 -> 1110101010
1110110011 -> 1110100011
1110111100 -> 1110101100
1110111100 -> 1110101100
1111011100 -> 1111001100
1111010011 -> 1111000011
1110110110 -> 1110100110
1111010101 -> 1111000101
1110011110 -> 1110001110
1111011001 -> 1111001001
1111010110 -> 1111000110
1111011100 -> 1111001100
1111110001 -> 1111100001
1111110010 -> 1111100010
1110011101 -> 1110001101
1111110100 -> 1111100100
1110011011 -> 1110001011
1111010110 -> 1111000110
1110110101 -> 1110100101
1111110101 -> 1111100101
1110111101 -> 1110101101
1110011111 -> 1110001111
1111010111 -> 1111000111
1110111110 -> 1110101110
1110110111 -> 1110100111
1111011110 -> 1111001110
1111011101 -> 1111001101
1111111001 -> 1111101001
1111111010 -> 1111101010
1110011111 -> 1110001111
1110110111 -> 1110100111
1110111011 -> 1110101011
1110111101 -> 1110101101
1110111110 -> 1110101110
1111010111 -> 1111000111
1111011011 -> 1111001011
1111011101 -> 1111001101
1111011110 -> 1111001110
1111110011 -> 1111100011
1111110101 -> 1111100101
1111110110 -> 1111100110
1111110110 -> 1111100110
1111111010 -> 1111101010
1111111100 -> 1111101100
1110011111 -> 1110001111
1110111011 -> 1110101011
1110111101 -> 1110101101
1110111110 -> 1110101110
1111011011 -> 1111001011
1111011101 -> 1111001101
1111011110 -> 1111001110
1111111001 -> 1111101001
1111111100 -> 1111101100
1111111100 -> 1111101100
# Removal c
1110011000 -> 1110010000
1110111000 -> 1110110000
1110011010 -> 1110010010
1110011001 -> 1110010001
1111011000 -> 1111010000
1110011100 -> 1110010100
1110011011 -> 1110010011
1110111001 -> 1110110001
1110011110 -> 1110010110
1110111010 -> 1110110010
1110111100 -> 1110110100
1111011001 -> 1111010001
1111011010 -> 1111010010
1111011100 -> 1111010100
1111111000 -> 1111110000
1110011101 -> 1110010101
1111111010 -> 1111110010
1110011111 -> 1110010111
1110111011 -> 1110110011
1110111101 -> 1110110101
1110111110 -> 1110110110
1111011011 -> 1111010011
1111011101 -> 1111010101
1111011110 -> 1111010110
1111111001 -> 1111110001
1111111100 -> 1111110100
# Removal p
1110010000 -> 1110010000
1110011000 -> 1110011000
1111010000 -> 1111010000
1110110000 -> 1110110000
1110011000 -> 1110011000
1110010100 -> 1110010100
1110010010 -> 1110010010
1110010001 -> 1110010001
1110010100 -> 1110010100
1111010100 -> 1111010100
1111010100 -> 1111010100
1110110100 -> 1110110100
1111010010 -> 1111010010
1111010001 -> 1111010001
1110010011 -> 1110010011
1110111000 -> 1110111000
1110010101 -> 1110010101
1110011010 -> 1110011010
1110011001 -> 1110011001
1110010110 -> 1110010110
1110111000 -> 1110111000
1111011000 -> 1111011000
1110011100 -> 1110011100
1111110000 -> 1111110000
1110110100 -> 1110110100
1110011100 -> 1110011100
1110110010 -> 1110110010
1110110001 -> 1110110001
1110010110 -> 1110010110
1110011100 -> 1110011100
1110011010 -> 1110011010
1110011001 -> 1110011001
1110010101 -> 1110010101
1111011000 -> 1111011000
1110011011 -> 1110011011
1110110101 -> 1110110101
1110010111 -> 1110010111
1110111001 -> 1110111001
1110011110 -> 1110011110
1110110110 -> 1110110110
1110111010 -> 1110111010
1110111100 -> 1110111100
1110011110 -> 1110011110
1110011101 -> 1110011101
1111011001 -> 1111011001
1111011010 -> 1111011010
1111011100 -> 1111011100
1110010111 -> 1110010111
1111111000 -> 1111111000
1110011101 -> 1110011101
1111111000 -> 1111111000
1111010101 -> 1111010101
1111011010 -> 1111011010
1111110100 -> 1111110100
1110111001 -> 1110111001
1110111010 -> 1110111010
1110110011 -> 1110110011
1110111100 -> 1110111100
1110111100 -> 1110111100
1111011100 -> 1111011100
1111010011 -> 1111010011
1110110110 -> 1110110110
1111010101 -> 1111010101
1110011110 -> 1110011110
1111011001 -> 1111011001
1111010110 -> 1111010110
1111011100 -> 1111011100
1111110001 -> 1111110001
1111110010 -> 1111110010
1110011101 -> 1110011101
1111110100 -> 1111110100
1110011011 -> 1110011011
1111010110 -> 1111010110
1110110101 -> 1110110101

